------Start of DE processing------ = [9/8/17 10:44:35:693 EDT]
Exception = org.springframework.web.util.NestedServletException
Source = com.ibm.ws.webcontainer.filter.FilterInstanceWrapper.doFilter
probeid = 144
Stack Dump = org.springframework.web.util.NestedServletException: Request processing failed; nested exception is java.lang.NullPointerException
	at org.springframework.web.servlet.FrameworkServlet.processRequest(FrameworkServlet.java:982)
	at org.springframework.web.servlet.FrameworkServlet.doPost(FrameworkServlet.java:872)
	at javax.servlet.http.HttpServlet.service(HttpServlet.java:595)
	at org.springframework.web.servlet.FrameworkServlet.service(FrameworkServlet.java:846)
	at javax.servlet.http.HttpServlet.service(HttpServlet.java:668)
	at com.ibm.ws.webcontainer.servlet.ServletWrapper.service(ServletWrapper.java:1290)
	at com.ibm.ws.webcontainer.servlet.ServletWrapper.handleRequest(ServletWrapper.java:778)
	at com.ibm.ws.webcontainer.servlet.ServletWrapper.handleRequest(ServletWrapper.java:475)
	at com.ibm.ws.webcontainer.filter.WebAppFilterChain.invokeTarget(WebAppFilterChain.java:152)
	at com.ibm.ws.webcontainer.filter.WebAppFilterChain.doFilter(WebAppFilterChain.java:94)
	at org.springframework.web.filter.ShallowEtagHeaderFilter.doFilterInternal(ShallowEtagHeaderFilter.java:110)
	at com.uscs.ewms.common.security.HttpCacheFilter.doFilterInternal(HttpCacheFilter.java:19)
	at org.springframework.web.filter.OncePerRequestFilter.doFilter(OncePerRequestFilter.java:107)
	at com.ibm.ws.webcontainer.filter.FilterInstanceWrapper.doFilter(FilterInstanceWrapper.java:207)
	at com.ibm.ws.webcontainer.filter.WebAppFilterChain.doFilter(WebAppFilterChain.java:91)
	at com.uscs.ewms.common.security.EWMSLog4jUsernameFilter.doFilterInternal(EWMSLog4jUsernameFilter.java:35)
	at org.springframework.web.filter.OncePerRequestFilter.doFilter(OncePerRequestFilter.java:107)
	at com.ibm.ws.webcontainer.filter.FilterInstanceWrapper.doFilter(FilterInstanceWrapper.java:207)
	at com.ibm.ws.webcontainer.filter.WebAppFilterChain.doFilter(WebAppFilterChain.java:91)
	at org.springframework.security.web.FilterChainProxy$VirtualFilterChain.doFilter(FilterChainProxy.java:317)
	at org.springframework.security.web.access.intercept.FilterSecurityInterceptor.invoke(FilterSecurityInterceptor.java:127)
	at org.springframework.security.web.access.intercept.FilterSecurityInterceptor.doFilter(FilterSecurityInterceptor.java:91)
	at org.springframework.security.web.FilterChainProxy$VirtualFilterChain.doFilter(FilterChainProxy.java:331)
	at org.springframework.security.web.access.ExceptionTranslationFilter.doFilter(ExceptionTranslationFilter.java:114)
	at org.springframework.security.web.FilterChainProxy$VirtualFilterChain.doFilter(FilterChainProxy.java:331)
	at org.springframework.security.web.session.SessionManagementFilter.doFilter(SessionManagementFilter.java:137)
	at org.springframework.security.web.FilterChainProxy$VirtualFilterChain.doFilter(FilterChainProxy.java:331)
	at org.springframework.security.web.authentication.AnonymousAuthenticationFilter.doFilter(AnonymousAuthenticationFilter.java:111)
	at org.springframework.security.web.FilterChainProxy$VirtualFilterChain.doFilter(FilterChainProxy.java:331)
	at org.springframework.security.web.servletapi.SecurityContextHolderAwareRequestFilter.doFilter(SecurityContextHolderAwareRequestFilter.java:170)
	at org.springframework.security.web.FilterChainProxy$VirtualFilterChain.doFilter(FilterChainProxy.java:331)
	at org.springframework.security.web.savedrequest.RequestCacheAwareFilter.doFilter(RequestCacheAwareFilter.java:63)
	at org.springframework.security.web.FilterChainProxy$VirtualFilterChain.doFilter(FilterChainProxy.java:331)
	at org.springframework.security.web.authentication.www.BasicAuthenticationFilter.doFilterInternal(BasicAuthenticationFilter.java:158)
	at org.springframework.web.filter.OncePerRequestFilter.doFilter(OncePerRequestFilter.java:107)
	at org.springframework.security.web.FilterChainProxy$VirtualFilterChain.doFilter(FilterChainProxy.java:331)
	at org.springframework.security.web.authentication.AbstractAuthenticationProcessingFilter.doFilter(AbstractAuthenticationProcessingFilter.java:200)
	at org.springframework.security.web.FilterChainProxy$VirtualFilterChain.doFilter(FilterChainProxy.java:331)
	at org.springframework.security.web.authentication.logout.LogoutFilter.doFilter(LogoutFilter.java:116)
	at org.springframework.security.web.FilterChainProxy$VirtualFilterChain.doFilter(FilterChainProxy.java:331)
	at org.springframework.security.web.header.HeaderWriterFilter.doFilterInternal(HeaderWriterFilter.java:64)
	at org.springframework.web.filter.OncePerRequestFilter.doFilter(OncePerRequestFilter.java:107)
	at org.springframework.security.web.FilterChainProxy$VirtualFilterChain.doFilter(FilterChainProxy.java:331)
	at org.springframework.security.web.context.request.async.WebAsyncManagerIntegrationFilter.doFilterInternal(WebAsyncManagerIntegrationFilter.java:56)
	at org.springframework.web.filter.OncePerRequestFilter.doFilter(OncePerRequestFilter.java:107)
	at org.springframework.security.web.FilterChainProxy$VirtualFilterChain.doFilter(FilterChainProxy.java:331)
	at org.springframework.security.web.session.ConcurrentSessionFilter.doFilter(ConcurrentSessionFilter.java:155)
	at org.springframework.security.web.FilterChainProxy$VirtualFilterChain.doFilter(FilterChainProxy.java:331)
	at org.springframework.security.web.context.SecurityContextPersistenceFilter.doFilter(SecurityContextPersistenceFilter.java:105)
	at org.springframework.security.web.FilterChainProxy$VirtualFilterChain.doFilter(FilterChainProxy.java:331)
	at org.springframework.security.web.FilterChainProxy.doFilterInternal(FilterChainProxy.java:214)
	at org.springframework.security.web.FilterChainProxy.doFilter(FilterChainProxy.java:177)
	at org.springframework.web.filter.DelegatingFilterProxy.invokeDelegate(DelegatingFilterProxy.java:346)
	at org.springframework.web.filter.DelegatingFilterProxy.doFilter(DelegatingFilterProxy.java:262)
	at com.ibm.ws.webcontainer.filter.FilterInstanceWrapper.doFilter(FilterInstanceWrapper.java:207)
	at com.ibm.ws.webcontainer.filter.WebAppFilterChain.doFilter(WebAppFilterChain.java:91)
	at com.ibm.ws.webcontainer.filter.WebAppFilterManager.doFilter(WebAppFilterManager.java:1021)
	at com.ibm.ws.webcontainer.filter.WebAppFilterManager.invokeFilters(WebAppFilterManager.java:1143)
	at com.ibm.ws.webcontainer.webapp.WebApp.handleRequest(WebApp.java:4983)
	at com.ibm.ws.webcontainer.osgi.DynamicVirtualHost$2.handleRequest(DynamicVirtualHost.java:315)
	at com.ibm.ws.webcontainer.WebContainer.handleRequest(WebContainer.java:1025)
	at com.ibm.ws.webcontainer.osgi.DynamicVirtualHost$2.run(DynamicVirtualHost.java:280)
	at com.ibm.ws.http.dispatcher.internal.channel.HttpDispatcherLink$TaskWrapper.run(HttpDispatcherLink.java:967)
	at com.ibm.ws.http.dispatcher.internal.channel.HttpDispatcherLink.wrapHandlerAndExecute(HttpDispatcherLink.java:359)
	at com.ibm.ws.http.dispatcher.internal.channel.HttpDispatcherLink.ready(HttpDispatcherLink.java:318)
	at com.ibm.ws.http.channel.internal.inbound.HttpInboundLink.handleDiscrimination(HttpInboundLink.java:471)
	at com.ibm.ws.http.channel.internal.inbound.HttpInboundLink.handleNewRequest(HttpInboundLink.java:405)
	at com.ibm.ws.http.channel.internal.inbound.HttpInboundLink.processRequest(HttpInboundLink.java:285)
	at com.ibm.ws.http.channel.internal.inbound.HttpICLReadCallback.complete(HttpICLReadCallback.java:66)
	at com.ibm.ws.tcpchannel.internal.WorkQueueManager.requestComplete(WorkQueueManager.java:504)
	at com.ibm.ws.tcpchannel.internal.WorkQueueManager.attemptIO(WorkQueueManager.java:574)
	at com.ibm.ws.tcpchannel.internal.WorkQueueManager.workerRun(WorkQueueManager.java:929)
	at com.ibm.ws.tcpchannel.internal.WorkQueueManager$Worker.run(WorkQueueManager.java:1018)
	at java.util.concurrent.ThreadPoolExecutor.runWorker(Unknown Source)
	at java.util.concurrent.ThreadPoolExecutor$Worker.run(Unknown Source)
	at java.lang.Thread.run(Unknown Source)
Caused by: java.lang.NullPointerException
	at com.uscs.ewms.taskmaster.controller.AbstractTaskMasterController.handleException(AbstractTaskMasterController.java:412)
	at com.uscs.ewms.taskmaster.controller.TaskMasterController.getAppointmentGridDetails(TaskMasterController.java:725)
	at com.uscs.ewms.taskmaster.controller.TaskMasterController$$FastClassBySpringCGLIB$$84396e71.invoke(<generated>)
	at org.springframework.cglib.proxy.MethodProxy.invoke(MethodProxy.java:204)
	at org.springframework.aop.framework.CglibAopProxy$CglibMethodInvocation.invokeJoinpoint(CglibAopProxy.java:738)
	at org.springframework.aop.framework.ReflectiveMethodInvocation.proceed(ReflectiveMethodInvocation.java:157)
	at org.springframework.aop.aspectj.MethodInvocationProceedingJoinPoint.proceed(MethodInvocationProceedingJoinPoint.java:85)
	at com.uscs.ewms.logging.LoggingAspect.log(LoggingAspect.java:30)
	at sun.reflect.GeneratedMethodAccessor84.invoke(Unknown Source)
	at sun.reflect.DelegatingMethodAccessorImpl.invoke(Unknown Source)
	at java.lang.reflect.Method.invoke(Unknown Source)
	at org.springframework.aop.aspectj.AbstractAspectJAdvice.invokeAdviceMethodWithGivenArgs(AbstractAspectJAdvice.java:629)
	at org.springframework.aop.aspectj.AbstractAspectJAdvice.invokeAdviceMethod(AbstractAspectJAdvice.java:618)
	at org.springframework.aop.aspectj.AspectJAroundAdvice.invoke(AspectJAroundAdvice.java:70)
	at org.springframework.aop.framework.ReflectiveMethodInvocation.proceed(ReflectiveMethodInvocation.java:168)
	at org.springframework.aop.interceptor.ExposeInvocationInterceptor.invoke(ExposeInvocationInterceptor.java:92)
	at org.springframework.aop.framework.ReflectiveMethodInvocation.proceed(ReflectiveMethodInvocation.java:179)
	at org.springframework.aop.framework.CglibAopProxy$DynamicAdvisedInterceptor.intercept(CglibAopProxy.java:673)
	at com.uscs.ewms.taskmaster.controller.TaskMasterController$$EnhancerBySpringCGLIB$$11c54a04.getAppointmentGridDetails(<generated>)
	at sun.reflect.NativeMethodAccessorImpl.invoke0(Native Method)
	at sun.reflect.NativeMethodAccessorImpl.invoke(Unknown Source)
	at sun.reflect.DelegatingMethodAccessorImpl.invoke(Unknown Source)
	at java.lang.reflect.Method.invoke(Unknown Source)
	at org.springframework.web.method.support.InvocableHandlerMethod.doInvoke(InvocableHandlerMethod.java:205)
	at org.springframework.web.method.support.InvocableHandlerMethod.invokeForRequest(InvocableHandlerMethod.java:133)
	at org.springframework.web.servlet.mvc.method.annotation.ServletInvocableHandlerMethod.invokeAndHandle(ServletInvocableHandlerMethod.java:97)
	at org.springframework.web.servlet.mvc.method.annotation.RequestMappingHandlerAdapter.invokeHandlerMethod(RequestMappingHandlerAdapter.java:827)
	at org.springframework.web.servlet.mvc.method.annotation.RequestMappingHandlerAdapter.handleInternal(RequestMappingHandlerAdapter.java:738)
	at org.springframework.web.servlet.mvc.method.AbstractHandlerMethodAdapter.handle(AbstractHandlerMethodAdapter.java:85)
	at org.springframework.web.servlet.DispatcherServlet.doDispatch(DispatcherServlet.java:967)
	at org.springframework.web.servlet.DispatcherServlet.doService(DispatcherServlet.java:901)
	at org.springframework.web.servlet.FrameworkServlet.processRequest(FrameworkServlet.java:970)
	... 75 more

Dump of callerThis
Object type = com.ibm.ws.webcontainer.filter.FilterInstanceWrapper
  FILTER_STATE_UNINITIALIZED = 0
  FILTER_STATE_INITIALIZING = 1
  FILTER_STATE_AVAILABLE = 2
  FILTER_STATE_DESTROYING = 3
  FILTER_STATE_DESTROYED = 4
  FILTER_STATE_UNAVAILABLE = 5
  _filterName = "etagFilter"
  _filterInstance = class com.uscs.ewms.common.security.HttpCacheFilter@4ba300ae
    HEADER_ETAG = "ETag"
    HEADER_IF_NONE_MATCH = "If-None-Match"
    HEADER_CACHE_CONTROL = "Cache-Control"
    DIRECTIVE_NO_STORE = "no-store"
    STREAMING_ATTRIBUTE = "org.springframework.web.filter.ShallowEtagHeaderFilter.STREAMING"
    servlet3Present = true
    writeWeakETag = false
    ALREADY_FILTERED_SUFFIX = ".FILTERED"
    logger = class org.apache.commons.logging.impl.Log4JLogger@5c44890b
      serialVersionUID = 5160705895411730424
      FQCN = "org.apache.commons.logging.impl.Log4JLogger"
      logger = class org.apache.log4j.Logger@77008b06
      name = "com.uscs.ewms.common.security.HttpCacheFilter"
      traceLevel = class org.apache.log4j.Level@3903f423
      class$org$apache$commons$logging$impl$Log4JLogger = class java.lang.Class@969d1c1
      class$org$apache$log4j$Level = class java.lang.Class@1229a1ac
      class$org$apache$log4j$Priority = class java.lang.Class@65311db2
    beanName = null
    environment = null
    servletContext = null
    filterConfig = class com.ibm.ws.webcontainer.filter.FilterConfig@1d0feb77
    requiredProperties = class java.util.HashSet@37452be4
      serialVersionUID = -5024744406713321676
      map = class java.util.HashMap@13945f69
      PRESENT = class java.lang.Object@1cc2709e
      MAX_ARRAY_SIZE = 2147483639
  _filterState = 2
  nServicing = class java.util.concurrent.atomic.AtomicInteger@5ca73651
    serialVersionUID = 6214790243416807050
    unsafe = class sun.misc.Unsafe@151d87e9
      theUnsafe = class sun.misc.Unsafe@151d87e9
      INVALID_FIELD_OFFSET = -1
      ARRAY_BOOLEAN_BASE_OFFSET = 16
      ARRAY_BYTE_BASE_OFFSET = 16
      ARRAY_SHORT_BASE_OFFSET = 16
      ARRAY_CHAR_BASE_OFFSET = 16
      ARRAY_INT_BASE_OFFSET = 16
      ARRAY_LONG_BASE_OFFSET = 16
      ARRAY_FLOAT_BASE_OFFSET = 16
      ARRAY_DOUBLE_BASE_OFFSET = 16
      ARRAY_OBJECT_BASE_OFFSET = 16
      ARRAY_BOOLEAN_INDEX_SCALE = 1
      ARRAY_BYTE_INDEX_SCALE = 1
      ARRAY_SHORT_INDEX_SCALE = 2
      ARRAY_CHAR_INDEX_SCALE = 2
      ARRAY_INT_INDEX_SCALE = 4
      ARRAY_LONG_INDEX_SCALE = 8
      ARRAY_FLOAT_INDEX_SCALE = 4
      ARRAY_DOUBLE_INDEX_SCALE = 8
      ARRAY_OBJECT_INDEX_SCALE = 4
      ADDRESS_SIZE = 8
    valueOffset = 12
    value = 0
    serialVersionUID = -8742448824652078965
  logger = class com.ibm.ws.logging.internal.WsLogger@25d08ace
    tc = class com.ibm.websphere.ras.TraceComponent@35c5e170
      strings[0] = "TraceComponent[com.ibm.ws.logging.internal.WsLogger,class com.ibm.ws.logging.internal.WsLogger,[logging],com.ibm.ws.logging.internal.resources.LoggingMessages,null]"
    ivCachedResourceBundleName = null
    ivCachedResourceBundle = null
    ivComponent = null
    ivOrganization = null
    ivProduct = null
    ivMinimumLocalizationLevelIntValue = 625
    ivTC = class com.ibm.websphere.ras.TraceComponent@ba227db
      strings[0] = "TraceComponent[com.ibm.ws.webcontainer.filter,class com.ibm.wsspi.webcontainer.logging.LoggerFactory$1,[com.ibm.ws.webcontainer.filter],null,null]"
    loggerRegistrationComponent = class java.lang.ThreadLocal@309dbc74
      threadLocalHashCode = 1675452296
      nextHashCode = class java.util.concurrent.atomic.AtomicInteger@4b5b1a82
      HASH_INCREMENT = 1640531527
    emptyHandlers = class java.util.logging.Handler[0]
    offValue = 2147483647
    SYSTEM_LOGGER_RB_NAME = "sun.util.logging.resources.logging"
    SYSTEM_BUNDLE = class java.util.logging.Logger$LoggerBundle@7194b1ed
      resourceBundleName = "sun.util.logging.resources.logging"
      userBundle = null
    NO_RESOURCE_BUNDLE = class java.util.logging.Logger$LoggerBundle@187313d6
      resourceBundleName = null
      userBundle = null
    manager = class com.ibm.ws.kernel.boot.logging.WsLogManager@4a517c4b
      CLASS_NAME = "com.ibm.ws.kernel.boot.logging.WsLogManager"
      CONFIGURE_BY_SERVER_PROPERTY_NAME = "java.util.logging.configureByServer"
      CONFIGURE_BY_LOGGING_PROPERTIES_FILE = "java.util.logging.configureByLoggingPropertiesFile"
      configureByServer = true
      configureByLoggingProperties = false
      wsLogger = class java.lang.reflect.Constructor@75d1cf4a
      resetEnabled = true
      manager = class com.ibm.ws.kernel.boot.logging.WsLogManager@4a517c4b
      props = class java.util.Properties@15bc07c1
      defaultLevel = class java.util.logging.Level@6f5b1627
      listenerMap = class java.util.HashMap@6660e26a
      systemContext = class java.util.logging.LogManager$SystemLoggerContext@5b76761b
      userContext = class java.util.logging.LogManager$LoggerContext@20a649a0
      rootLogger = class java.util.logging.LogManager$RootLogger@5551c07a
      readPrimordialConfiguration = true
      initializedGlobalHandlers = true
      deathImminent = false
      initializedCalled = true
      initializationDone = true
      contextsMap = null
      loggerRefQueue = class java.lang.ref.ReferenceQueue@34430b08
      MAX_ITERATIONS = 400
      controlPermission = class java.util.logging.LoggingPermission@5c6d6535
      loggingMXBean = null
      LOGGING_MXBEAN_NAME = "java.util.logging:type=Logging"
      $assertionsDisabled = true
    name = "com.ibm.ws.webcontainer.filter"
    handlers = class java.util.concurrent.CopyOnWriteArrayList@17f21769
      serialVersionUID = 8673264195747942595
      lock = class java.util.concurrent.locks.ReentrantLock@4e94dc51
      array = class java.lang.Object[0]
      UNSAFE = class sun.misc.Unsafe@151d87e9
      lockOffset = 12
    loggerBundle = class java.util.logging.Logger$LoggerBundle@43bdc7a3
      resourceBundleName = "com.ibm.ws.webcontainer.resources.Messages"
      userBundle = null
    useParentHandlers = true
    filter = null
    anonymous = false
    catalog = class com.ibm.ws.webcontainer.resources.Messages@435091a1
      resources = class [Ljava.lang.Object;[332]
      lookup = class java.util.HashMap@306d171b
      INITIAL_CACHE_SIZE = 32
      NONEXISTENT_BUNDLE = class java.util.ResourceBundle$1@61dae59f
      cacheList = class java.util.concurrent.ConcurrentHashMap@4b2cacd6
      referenceQueue = class java.lang.ref.ReferenceQueue@44891277
      parent = null
      locale = class java.util.Locale@58df708e
      name = "com.ibm.ws.webcontainer.resources.Messages"
      expired = false
      cacheKey = class java.util.ResourceBundle$CacheKey@1c040032
      keySet = null
      providers = null
      $assertionsDisabled = true
    catalogName = "com.ibm.ws.webcontainer.resources.Messages"
    catalogLocale = class java.util.Locale@2221ea4
      LOCALECACHE = class java.util.Locale$Cache@604caa55
      ENGLISH = class java.util.Locale@2cdc73fe
      FRENCH = class java.util.Locale@e9479dc
      GERMAN = class java.util.Locale@502d40a
      ITALIAN = class java.util.Locale@99d8fd
      JAPANESE = class java.util.Locale@4f151893
      KOREAN = class java.util.Locale@6262c234
      CHINESE = class java.util.Locale@7153f8f6
      SIMPLIFIED_CHINESE = class java.util.Locale@3fc39811
      TRADITIONAL_CHINESE = class java.util.Locale@5875defa
      FRANCE = class java.util.Locale@2cf2d4a2
      GERMANY = class java.util.Locale@42880d82
      ITALY = class java.util.Locale@612806d2
      JAPAN = class java.util.Locale@17dc8603
      KOREA = class java.util.Locale@2d31179e
      CHINA = class java.util.Locale@3fc39811
      PRC = class java.util.Locale@3fc39811
      TAIWAN = class java.util.Locale@5875defa
      UK = class java.util.Locale@2f57fba7
      US = class java.util.Locale@2221ea4
      CANADA = class java.util.Locale@e687609
      CANADA_FRENCH = class java.util.Locale@7d770559
      ROOT = class java.util.Locale@58df708e
      PRIVATE_USE_EXTENSION = x
      UNICODE_LOCALE_EXTENSION = u
      serialVersionUID = 9149081749638150636
      DISPLAY_LANGUAGE = 0
      DISPLAY_COUNTRY = 1
      DISPLAY_VARIANT = 2
      DISPLAY_SCRIPT = 3
      baseLocale = class sun.util.locale.BaseLocale@550cdde
      localeExtensions = null
      hashCodeValue = 96636889
      defaultLocale = class java.util.Locale@2221ea4
      defaultDisplayLocale = null
      defaultFormatLocale = class java.util.Locale@2221ea4
      languageTag = "en-US"
      serialPersistentFields = class java.io.ObjectStreamField[6]
      isoLanguages = null
      isoCountries = null
      $assertionsDisabled = true
    treeLock = class java.lang.Object@56c08d6
    parent = class com.ibm.ws.logging.internal.WsLogger@28c15707
      tc = class com.ibm.websphere.ras.TraceComponent@35c5e170
      ivCachedResourceBundleName = "com.ibm.ws.webcontainer.resources.Messages"
      ivCachedResourceBundle = class com.ibm.ws.webcontainer.resources.Messages@6f5bdf5c
      ivComponent = null
      ivOrganization = null
      ivProduct = null
      ivMinimumLocalizationLevelIntValue = 625
      ivTC = class com.ibm.websphere.ras.TraceComponent@6bf42466
      loggerRegistrationComponent = class java.lang.ThreadLocal@309dbc74
      emptyHandlers = class java.util.logging.Handler[0]
      offValue = 2147483647
      SYSTEM_LOGGER_RB_NAME = "sun.util.logging.resources.logging"
      SYSTEM_BUNDLE = class java.util.logging.Logger$LoggerBundle@7194b1ed
      NO_RESOURCE_BUNDLE = class java.util.logging.Logger$LoggerBundle@187313d6
      manager = class com.ibm.ws.kernel.boot.logging.WsLogManager@4a517c4b
      name = "com.ibm.ws.webcontainer"
      handlers = class java.util.concurrent.CopyOnWriteArrayList@399cfd98
      loggerBundle = class java.util.logging.Logger$LoggerBundle@30f61797
      useParentHandlers = true
      filter = null
      anonymous = false
      catalog = class com.ibm.ws.webcontainer.resources.Messages@6f5bdf5c
      catalogName = "com.ibm.ws.webcontainer.resources.Messages"
      catalogLocale = class java.util.Locale@2221ea4
      treeLock = class java.lang.Object@56c08d6
      parent = class java.util.logging.Logger@236a9401
      kids = class java.util.ArrayList@12fa0e0f
      levelObject = class java.util.logging.Level@6f5b1627
      levelValue = 800
      callersClassLoaderRef = class java.lang.ref.WeakReference@4c5441f5
      isSystemLogger = false
      GLOBAL_LOGGER_NAME = "global"
      global = class java.util.logging.Logger@3a8a7af9
      $assertionsDisabled = true
    kids = null
    levelObject = class java.util.logging.Level@6f5b1627
      defaultBundle = "sun.util.logging.resources.logging"
      name = "INFO"
      value = 800
      resourceBundleName = "sun.util.logging.resources.logging"
      localizedLevelName = "INFO"
      cachedLocale = class java.util.Locale@2221ea4
      OFF = class java.util.logging.Level@c40cece
      SEVERE = class java.util.logging.Level@d50b00c
      WARNING = class java.util.logging.Level@2be7407e
      INFO = class java.util.logging.Level@6f5b1627
      CONFIG = class java.util.logging.Level@7a694f96
      FINE = class java.util.logging.Level@70d5d8ab
      FINER = class java.util.logging.Level@788dd66d
      FINEST = class java.util.logging.Level@69f89db2
      ALL = class java.util.logging.Level@595d7ae4
      serialVersionUID = -8176160795706313070
    levelValue = 800
    callersClassLoaderRef = class java.lang.ref.WeakReference@18d16f8b
      referent = class org.eclipse.osgi.internal.loader.EquinoxClassLoader@6e8ff877
      queue = class java.lang.ref.ReferenceQueue$Null@2b86d0c0
      next = null
      discovered = null
      lock = class java.lang.ref.Reference$Lock@4919a449
      pending = null
    isSystemLogger = false
    GLOBAL_LOGGER_NAME = "global"
    global = class java.util.logging.Logger@3a8a7af9
      emptyHandlers = class java.util.logging.Handler[0]
      offValue = 2147483647
      SYSTEM_LOGGER_RB_NAME = "sun.util.logging.resources.logging"
      SYSTEM_BUNDLE = class java.util.logging.Logger$LoggerBundle@7194b1ed
      NO_RESOURCE_BUNDLE = class java.util.logging.Logger$LoggerBundle@187313d6
      manager = class com.ibm.ws.kernel.boot.logging.WsLogManager@4a517c4b
      name = "global"
      handlers = class java.util.concurrent.CopyOnWriteArrayList@348f9f5f
      loggerBundle = class java.util.logging.Logger$LoggerBundle@187313d6
      useParentHandlers = true
      filter = null
      anonymous = false
      catalog = null
      catalogName = null
      catalogLocale = null
      treeLock = class java.lang.Object@56c08d6
      parent = class java.util.logging.LogManager$RootLogger@5551c07a
      kids = null
      levelObject = null
      levelValue = 800
      callersClassLoaderRef = null
      isSystemLogger = true
      GLOBAL_LOGGER_NAME = "global"
      global = class java.util.logging.Logger@3a8a7af9
      $assertionsDisabled = true
    $assertionsDisabled = true
  CLASS_NAME = "com.ibm.ws.webcontainer.filter.FilterInstanceWrapper"
  _filterEvent = null
  _filterConfig = class com.ibm.ws.webcontainer.filter.FilterConfig@1d0feb77
    tc = class com.ibm.websphere.ras.TraceComponent@1767ee91
      strings[0] = "TraceComponent[com.ibm.ws.webcontainer.filter.FilterConfig,class com.ibm.ws.webcontainer.filter.FilterConfig,[webcontainer],com.ibm.ws.webcontainer.resources.LShimMessages,null]"
    dispatchMode = null
    filterClassLoader = null
    isInternal = false
    webAppConfig = class com.ibm.ws.webcontainer.osgi.webapp.WebAppConfiguration@45c8733d
      webModuleMetaData = class com.ibm.ws.webcontainer.osgi.metadata.WebModuleMetaDataImpl@4d77ca63
      webComponentMetaData = class com.ibm.ws.webcontainer.osgi.metadata.WebComponentMetaDataImpl@23660f35
      dVirtualHost = class com.ibm.ws.webcontainer.osgi.DynamicVirtualHost@287c1a8f
      orderedLibPaths = class java.util.Collections$UnmodifiableRandomAccessList@5b044096
      bundleHeaders = null
      cdiEnabled = false
      CLASS_NAME = "com.ibm.ws.webcontainer.webapp.WebAppConfiguration"
      logger = class com.ibm.ws.logging.internal.WsLogger@f18f5f3
      tc = class com.ibm.websphere.ras.TraceComponent@3a4e07d4
      nls = class com.ibm.ejs.ras.TraceNLS@39077496
      version = 30
      contextRoot = "/web"
      sessionTimeout = 120
      moduleSessionTimeoutSet = true
      moduleSessionTrackingModeSet = false
      sessionCookieConfig = class com.ibm.ws.session.SessionCookieConfigImpl@387ba5bf
      hasProgrammaticCookieConfig = false
      sessionDefaultTrackingModeSet = class java.util.RegularEnumSet@2a1808
      sessionManagerConfig = class com.ibm.ws.session.SessionManagerConfig@634b2994
      displayName = "USCS.eWMS"
      description = null
      reloadInterval = 0
      distributable = true
      denyUncoveredHttpMethods = false
      reloadingEnabled = false
      serveServletsByClassnameEnabled = false
      defaultErrorPage = null
      additionalClassPath = null
      fileServingEnabled = null
      directoryBrowsingEnabled = false
      autoRequestEncoding = false
      autoResponseEncoding = false
      autoLoadFilters = false
      requestListeners = null
      requestAttributeListeners = null
      sessionListeners = null
      localeMap = null
      moduleName = "web"
      j2eeModuleName = "web.war"
      moduleId = null
      isSyncToThreadEnabled = false
      encodeDispatchedRequestURI = false
      isSystemApp = false
      ardEnabled = false
      ardDispatchType = null
      listeners = class java.util.ArrayList@48171a35
      welcomeFileList = class java.util.ArrayList@4ab66465
      servletMappings = class java.util.HashMap@2f0576d1
      lastIndexBeforeDeclaredFilters = 0
      filterMappings = class java.util.ArrayList@7f3fc161
      servletInfo = class java.util.HashMap@f89aa01
      filterInfo = class java.util.HashMap@766562d9
      mimeMappings = class java.util.HashMap@72d2313a
      mimeFilters = null
      isMimeFilteringEnabled = false
      theWebGroup = null
      jspAttributes = class java.util.HashMap@73e7d2c8
      fileServingAttributes = class java.util.HashMap@31fcb717
      invokerAttributes = class java.util.HashMap@6c52685b
      contextParams = class java.util.HashMap@f6acf0a
      virtualHost = "default_host"
      exceptionErrorPages = class java.util.HashMap@42d63dbd
      codeErrorPages = class java.util.HashMap@16467eff
      tagLibList = null
      precompileJsps = false
      webApp = class com.ibm.ws.webcontainer.osgi.webapp.WebApp@18d938a3
      virtualHostList = class java.util.Collections$EmptyList@6929ccdc
      appStartupWeight = 0
      moduleStartupWeight = 0
      metaDataComplete = false
      classesToScan = class java.util.ArrayList@30e25c6c
      uriFilterMappingInfos = class java.util.ArrayList@432ab418
      servletFilterMappingInfos = null
      dynamicServletRegistrationMap = null
      applicationName = "web"
      libBinPathList = class java.util.ArrayList@663e9b04
      webXmlDefinedListeners = class java.util.HashSet@41d6f433
      allRefs = class java.util.EnumMap@63f5d159
      allRefBindings = class java.util.EnumMap@75e9334b
      envEntryValues = class java.util.HashMap@679d6049
      resourceRefConfigList = null
      disallowAllFileServingProp = "false"
      disallowServeServletsByClassnameProp = "true"
      disableStaticMappingCache = false
      jspCachedLocations = class java.util.HashMap@119c67e5
      primedSTSHeader = "NoValue"
      enablemultireadofpostdata = false
      _id = "WebAppGeneratedId1"
      _attributes = null
      serialVersionUID = 7511545662945734886
      $$$tc$$$ = class com.ibm.websphere.ras.TraceComponent@33478bc4
    filter = null
    filterClass = null
    urlPatternMappings = class java.util.ArrayList@3d87bb9
      serialVersionUID = 8683452581122892189
      DEFAULT_CAPACITY = 10
      EMPTY_ELEMENTDATA = class java.lang.Object[0]
      DEFAULTCAPACITY_EMPTY_ELEMENTDATA = class java.lang.Object[0]
      elementData = class java.lang.Object[10]
      size = 1
      MAX_ARRAY_SIZE = 2147483639
      modCount = 1
      MAX_ARRAY_SIZE = 2147483639
    servletNameMappings = null
    nls = class com.ibm.ejs.ras.TraceNLS@6c0e0e4f
      resolver = class com.ibm.ws.logging.internal.TraceNLSResolver@59f0c285
      finder = class com.ibm.ws.logging.internal.StackFinder@1e764b92
      ivBundleName = "com.ibm.ws.webcontainer.resources.Messages"
      caller = class java.lang.Class@1d630cbc
    logger = class com.ibm.ws.logging.internal.WsLogger@4d713524
      tc = class com.ibm.websphere.ras.TraceComponent@35c5e170
      ivCachedResourceBundleName = "com.ibm.ws.webcontainer.resources.Messages"
      ivCachedResourceBundle = class com.ibm.ws.webcontainer.resources.Messages@6f5bdf5c
      ivComponent = null
      ivOrganization = null
      ivProduct = null
      ivMinimumLocalizationLevelIntValue = 625
      ivTC = class com.ibm.websphere.ras.TraceComponent@1c80e00e
      loggerRegistrationComponent = class java.lang.ThreadLocal@309dbc74
      emptyHandlers = class java.util.logging.Handler[0]
      offValue = 2147483647
      SYSTEM_LOGGER_RB_NAME = "sun.util.logging.resources.logging"
      SYSTEM_BUNDLE = class java.util.logging.Logger$LoggerBundle@7194b1ed
      NO_RESOURCE_BUNDLE = class java.util.logging.Logger$LoggerBundle@187313d6
      manager = class com.ibm.ws.kernel.boot.logging.WsLogManager@4a517c4b
      name = "com.ibm.ws.webcontainer.servlet"
      handlers = class java.util.concurrent.CopyOnWriteArrayList@175eb465
      loggerBundle = class java.util.logging.Logger$LoggerBundle@2e93574c
      useParentHandlers = true
      filter = null
      anonymous = false
      catalog = class com.ibm.ws.webcontainer.resources.Messages@6f5bdf5c
      catalogName = "com.ibm.ws.webcontainer.resources.Messages"
      catalogLocale = class java.util.Locale@2221ea4
      treeLock = class java.lang.Object@56c08d6
      parent = class com.ibm.ws.logging.internal.WsLogger@28c15707
      kids = null
      levelObject = class java.util.logging.Level@6f5b1627
      levelValue = 800
      callersClassLoaderRef = class java.lang.ref.WeakReference@a86c97d
      isSystemLogger = false
      GLOBAL_LOGGER_NAME = "global"
      global = class java.util.logging.Logger@3a8a7af9
      $assertionsDisabled = true
    CLASS_NAME = "com.ibm.ws.webcontainer.servlet.TargetConfig"
    initParams = null
    fileName = null
    displayName = "FilterGeneratedId4"
    name = "etagFilter"
    description = null
    smallIcon = null
    largeIcon = null
    context = class com.ibm.wsspi.webcontainer.facade.ServletContextFacade@5d2fb09d
      context = class com.ibm.ws.webcontainer.osgi.webapp.WebApp@18d938a3
    className = "com.uscs.ewms.common.security.HttpCacheFilter"
    asyncSupported = false
    _id = "FilterGeneratedId4"
    _attributes = null
    serialVersionUID = 7511545662945734886
    $$$tc$$$ = class com.ibm.websphere.ras.TraceComponent@33478bc4
      strings[0] = "TraceComponent[com.ibm.ws.container.BaseConfiguration,class com.ibm.ws.container.BaseConfiguration,[],null,null]"
  _eventSource = class com.ibm.ws.webcontainer.webapp.WebAppEventSource@15cc3bdf
    _invocationListeners = class com.ibm.ws.webcontainer.util.EventListeners@6faa2e9c
      EMPTY_LISTENERS = interface java.util.EventListener[0]
      logger = class com.ibm.ws.logging.internal.WsLogger@3ce9f8c4
      CLASS_NAME = "com.ibm.ws.webcontainer.util.EventListeners"
      listeners = interface java.util.EventListener[0]
    _servletListeners = class com.ibm.ws.webcontainer.util.EventListeners@65c42bf8
      EMPTY_LISTENERS = interface java.util.EventListener[0]
      logger = class com.ibm.ws.logging.internal.WsLogger@3ce9f8c4
      CLASS_NAME = "com.ibm.ws.webcontainer.util.EventListeners"
      listeners = interface java.util.EventListener[0]
    _errorListeners = class com.ibm.ws.webcontainer.util.EventListeners@49e7c863
      EMPTY_LISTENERS = interface java.util.EventListener[0]
      logger = class com.ibm.ws.logging.internal.WsLogger@3ce9f8c4
      CLASS_NAME = "com.ibm.ws.webcontainer.util.EventListeners"
      listeners = interface java.util.EventListener[0]
    _applicationListeners = class com.ibm.ws.webcontainer.util.EventListeners@9eefb9c
      EMPTY_LISTENERS = interface java.util.EventListener[0]
      logger = class com.ibm.ws.logging.internal.WsLogger@3ce9f8c4
      CLASS_NAME = "com.ibm.ws.webcontainer.util.EventListeners"
      listeners = interface java.util.EventListener[0]
    _filterInvocationListeners = class com.ibm.ws.webcontainer.util.EventListeners@370eeaf3
      EMPTY_LISTENERS = interface java.util.EventListener[0]
      logger = class com.ibm.ws.logging.internal.WsLogger@3ce9f8c4
      CLASS_NAME = "com.ibm.ws.webcontainer.util.EventListeners"
      listeners = interface java.util.EventListener[0]
    _filterListeners = class com.ibm.ws.webcontainer.util.EventListeners@73d19c01
      EMPTY_LISTENERS = interface java.util.EventListener[0]
      logger = class com.ibm.ws.logging.internal.WsLogger@3ce9f8c4
      CLASS_NAME = "com.ibm.ws.webcontainer.util.EventListeners"
      listeners = interface java.util.EventListener[0]
    _filterErrorListeners = class com.ibm.ws.webcontainer.util.EventListeners@482e6c8
      EMPTY_LISTENERS = interface java.util.EventListener[0]
      logger = class com.ibm.ws.logging.internal.WsLogger@3ce9f8c4
      CLASS_NAME = "com.ibm.ws.webcontainer.util.EventListeners"
      listeners = interface java.util.EventListener[0]
  _managedObject = class com.ibm.ws.managedobject.internal.ManagedObjectImpl@704d3538
    object = "<sensitive com.uscs.ewms.common.security.HttpCacheFilter@4ba300ae>"
    serialVersionUID = -5603642874755101089
    $$$tc$$$ = class com.ibm.websphere.ras.TraceComponent@134ff116
      strings[0] = "TraceComponent[com.ibm.ws.managedobject.internal.ManagedObjectImpl,class com.ibm.ws.managedobject.internal.ManagedObjectImpl,[],null,null]"

