------Start of DE processing------ = [9/7/17 21:02:10:591 EDT]
Exception = javax.transaction.xa.XAException
Source = com.ibm.tx.jta.impl.JTAXAResourceImpl.start
probeid = 307
Stack Dump = javax.transaction.xa.XAException
	at com.ibm.as400.access.AS400JDBCXAResource.throwXAException(AS400JDBCXAResource.java:970)
	at com.ibm.as400.access.AS400JDBCXAResource.start(AS400JDBCXAResource.java:938)
	at com.ibm.ws.rsadapter.impl.WSRdbXaResourceImpl.start(WSRdbXaResourceImpl.java:1087)
	at com.ibm.ejs.j2c.XATransactionWrapper.start(XATransactionWrapper.java:976)
	at com.ibm.ws.Transaction.JTA.JTAResourceBase.start(JTAResourceBase.java:157)
	at com.ibm.tx.jta.impl.RegisteredResources.startRes(RegisteredResources.java:1000)
	at com.ibm.tx.jta.impl.RegisteredResources.enlistResource(RegisteredResources.java:642)
	at com.ibm.tx.jta.impl.TransactionImpl.enlistResource(TransactionImpl.java:2362)
	at com.ibm.tx.jta.embeddable.impl.EmbeddableTranManagerSet.enlist(EmbeddableTranManagerSet.java:157)
	at com.ibm.ws.transaction.services.TransactionManagerService.enlist(TransactionManagerService.java:357)
	at com.ibm.ejs.j2c.XATransactionWrapper.enlist(XATransactionWrapper.java:464)
	at com.ibm.ejs.j2c.ConnectionManager.lazyEnlist(ConnectionManager.java:1256)
	at com.ibm.ws.rsadapter.impl.WSRdbManagedConnectionImpl.lazyEnlist(WSRdbManagedConnectionImpl.java:1820)
	at com.ibm.ws.rsadapter.jdbc.WSJdbcConnection.beginTransactionIfNecessary(WSJdbcConnection.java:394)
	at com.ibm.ws.rsadapter.jdbc.WSJdbcConnection.prepareStatement(WSJdbcConnection.java:2184)
	at com.ibm.ws.rsadapter.jdbc.WSJdbcConnection.prepareStatement(WSJdbcConnection.java:2154)
	at org.hibernate.engine.jdbc.internal.StatementPreparerImpl$1.doPrepare(StatementPreparerImpl.java:98)
	at org.hibernate.engine.jdbc.internal.StatementPreparerImpl$StatementPreparationTemplate.prepareStatement(StatementPreparerImpl.java:182)
	at org.hibernate.engine.jdbc.internal.StatementPreparerImpl.prepareStatement(StatementPreparerImpl.java:91)
	at org.hibernate.hql.internal.ast.exec.BasicExecutor.execute(BasicExecutor.java:90)
	at org.hibernate.hql.internal.ast.QueryTranslatorImpl.executeUpdate(QueryTranslatorImpl.java:413)
	at org.hibernate.engine.query.spi.HQLQueryPlan.performExecuteUpdate(HQLQueryPlan.java:282)
	at org.hibernate.internal.SessionImpl.executeUpdate(SessionImpl.java:1290)
	at org.hibernate.internal.QueryImpl.executeUpdate(QueryImpl.java:116)
	at com.uscs.ewms.mdm.dao.LockingInterceptorDAOImpl.removeAllOldLocks(LockingInterceptorDAOImpl.java:127)
	at com.uscs.ewms.common.locking.service.LockInterceptorServiceImpl.unclokRecordTimed(LockInterceptorServiceImpl.java:101)
	at sun.reflect.GeneratedMethodAccessor161.invoke(Unknown Source)
	at sun.reflect.DelegatingMethodAccessorImpl.invoke(Unknown Source)
	at java.lang.reflect.Method.invoke(Unknown Source)
	at org.springframework.aop.support.AopUtils.invokeJoinpointUsingReflection(AopUtils.java:333)
	at org.springframework.aop.framework.ReflectiveMethodInvocation.invokeJoinpoint(ReflectiveMethodInvocation.java:190)
	at org.springframework.aop.framework.ReflectiveMethodInvocation.proceed(ReflectiveMethodInvocation.java:157)
	at org.springframework.transaction.interceptor.TransactionInterceptor$1.proceedWithInvocation(TransactionInterceptor.java:99)
	at org.springframework.transaction.interceptor.TransactionAspectSupport$1.doInTransaction(TransactionAspectSupport.java:305)
	at org.springframework.transaction.jta.WebSphereUowTransactionManager$UOWActionAdapter.run(WebSphereUowTransactionManager.java:347)
	at com.ibm.ws.uow.embeddable.EmbeddableUOWManagerImpl.runUnderNewUOW(EmbeddableUOWManagerImpl.java:775)
	at com.ibm.ws.uow.embeddable.EmbeddableUOWManagerImpl.runUnderUOW(EmbeddableUOWManagerImpl.java:368)
	at org.springframework.transaction.jta.WebSphereUowTransactionManager.execute(WebSphereUowTransactionManager.java:290)
	at org.springframework.transaction.interceptor.TransactionAspectSupport.invokeWithinTransaction(TransactionAspectSupport.java:299)
	at org.springframework.transaction.interceptor.TransactionInterceptor.invoke(TransactionInterceptor.java:96)
	at org.springframework.aop.framework.ReflectiveMethodInvocation.proceed(ReflectiveMethodInvocation.java:168)
	at org.springframework.aop.aspectj.MethodInvocationProceedingJoinPoint.proceed(MethodInvocationProceedingJoinPoint.java:85)
	at com.uscs.ewms.logging.LoggingAspect.log(LoggingAspect.java:30)
	at sun.reflect.GeneratedMethodAccessor117.invoke(Unknown Source)
	at sun.reflect.DelegatingMethodAccessorImpl.invoke(Unknown Source)
	at java.lang.reflect.Method.invoke(Unknown Source)
	at org.springframework.aop.aspectj.AbstractAspectJAdvice.invokeAdviceMethodWithGivenArgs(AbstractAspectJAdvice.java:629)
	at org.springframework.aop.aspectj.AbstractAspectJAdvice.invokeAdviceMethod(AbstractAspectJAdvice.java:618)
	at org.springframework.aop.aspectj.AspectJAroundAdvice.invoke(AspectJAroundAdvice.java:70)
	at org.springframework.aop.framework.ReflectiveMethodInvocation.proceed(ReflectiveMethodInvocation.java:168)
	at org.springframework.aop.interceptor.ExposeInvocationInterceptor.invoke(ExposeInvocationInterceptor.java:92)
	at org.springframework.aop.framework.ReflectiveMethodInvocation.proceed(ReflectiveMethodInvocation.java:179)
	at org.springframework.aop.framework.JdkDynamicAopProxy.invoke(JdkDynamicAopProxy.java:213)
	at com.sun.proxy.$Proxy102.unclokRecordTimed(Unknown Source)
	at com.uscs.ewms.scheduler.service.AppLockScheduleBean.clearLocks(AppLockScheduleBean.java:30)
	at sun.reflect.NativeMethodAccessorImpl.invoke0(Native Method)
	at sun.reflect.NativeMethodAccessorImpl.invoke(Unknown Source)
	at sun.reflect.DelegatingMethodAccessorImpl.invoke(Unknown Source)
	at java.lang.reflect.Method.invoke(Unknown Source)
	at org.springframework.scheduling.support.ScheduledMethodRunnable.run(ScheduledMethodRunnable.java:65)
	at org.springframework.scheduling.support.DelegatingErrorHandlingRunnable.run(DelegatingErrorHandlingRunnable.java:54)
	at org.springframework.scheduling.concurrent.ReschedulingRunnable.run(ReschedulingRunnable.java:81)
	at java.util.concurrent.Executors$RunnableAdapter.call(Unknown Source)
	at java.util.concurrent.FutureTask.run(Unknown Source)
	at java.util.concurrent.ScheduledThreadPoolExecutor$ScheduledFutureTask.access$201(Unknown Source)
	at java.util.concurrent.ScheduledThreadPoolExecutor$ScheduledFutureTask.run(Unknown Source)
	at java.util.concurrent.ThreadPoolExecutor.runWorker(Unknown Source)
	at java.util.concurrent.ThreadPoolExecutor$Worker.run(Unknown Source)
	at java.lang.Thread.run(Unknown Source)

Dump of callerThis
Object type = com.ibm.tx.jta.impl.JTAXAResourceImpl
  _completed = false
  _recoveredRM = null
  _recoveryData = class com.ibm.tx.jta.impl.XARecoveryData@53f8e092
    tc = class com.ibm.ws.tx.util.logging.WASTraceComponent@2b4e8be8
      _tc = class com.ibm.ejs.ras.TraceComponent@757f8267
    _supportsIsSameRM = false
    _recoveryClassLoader = null
    _wrapperData = null
    _extDirs = null
    _priority = 0
    auditRecovery = false
    _continuePropagatingXAResourceTimeout = false
    _propagateXAResourceTransactionTimeout = false
    tc = class com.ibm.ws.tx.util.logging.WASTraceComponent@1aaa6c1f
      _tc = class com.ibm.ejs.ras.TraceComponent@30ab3702
    _serializedLogData = {0,-84,-19,0,5,115,114,0,37,99,111,109,46,105,98,109,46,116,120,46,106,116,97,46,105,109,112,108,46,88,65,82,101,99,111,118,101,114,121,87,114,97,112,112,101,114,-58,-77,-104,-47,104,-61,-5,-4,2,0,2,76,0,22,95,120,97,82,101,115,70,97,99,116,111,114,121,67,108,97,115,115,78,97,109,101,116,0,18,76,106,97,118,97,47,108,97,110,103,47,83,116,114,105,110,103,59,76,0,10,95,120,97,82,101,115,73,110,102,111,116,0,22,76,106,97,118,97,47,105,111,47,83,101,114,105,97,108,105,122,97,98,108,101,59,120,112,116,0,20,40,106,110,100,105,78,97,109,101,61,106,100,98,99,47,101,119,109,115,41,115,114,0,19,106,97,118,97,46,117,116,105,108,46,65,114,114,97,121,76,105,115,116,120,-127,-46,29,-103,-57,97,-99,3,0,1,73,0,4,115,105,122,101,120,112,0,0,1,-41,119,4,0,0,1,-41,115,114,0,14,106,97,118,97,46,108,97,110,103,46,66,121,116,101,-100,78,96,-124,-18,80,-11,28,2,0,1,66,0,5,118,97,108,117,101,120,114,0,16,106,97,118,97,46,108,97,110,103,46,78,117,109,98,101,114,-122,-84,-107,29,11,-108,-32,-117,2,0,0,120,112,-84,115,113,0,126,0,7,-19,115,113,0,126,0,7,0,115,113,0,126,0,7,5,115,113,0,126,0,7,115,115,113,0,126,0,7,114,113,0,126,0,11,115,113,0,126,0,7,32,115,113,0,126,0,7,99,115,113,0,126,0,7,111,115,113,0,126,0,7,109,115,113,0,126,0,7,46,115,113,0,126,0,7,105,115,113,0,126,0,7,98,113,0,126,0,18,113,0,126,0,19,115,113,0,126,0,7,101,115,113,0,126,0,7,106,113,0,126,0,13,113,0,126,0,19,113,0,126,0,23,115,113,0,126,0,7,50,113,0,126,0,16,113,0,126,0,19,115,113,0,126,0,7,67,115,113,0,126,0,7,77,113,0,126,0,25,113,0,126,0,17,115,113,0,126,0,7,110,115,113,0,126,0,7,102,113,0,126,0,20,115,113,0,126,0,7,103,115,113,0,126,0,7,68,115,113,0,126,0,7,97,115,113,0,126,0,7,116,113,0,126,0,31,115,113,0,126,0,7,73,113,0,126,0,18,115,113,0,126,0,7,112,115,113,0,126,0,7,108,115,113,0,126,0,7,28,115,113,0,126,0,7,61,115,113,0,126,0,7,-103,115,113,0,126,0,7,-127,115,113,0,126,0,7,-83,115,113,0,126,0,7,-16,113,0,126,0,16,115,113,0,126,0,7,-42,115,113,0,126,0,7,3,113,0,126,0,11,115,113,0,126,0,7,13,113,0,126,0,33,113,0,126,0,11,115,113,0,126,0,7,15,115,113,0,126,0,7,95,113,0,126,0,21,113,0,126,0,14,113,0,126,0,31,113,0,126,0,27,113,0,126,0,16,115,113,0,126,0,7,104,113,0,126,0,25,113,0,126,0,17,115,113,0,126,0,7,117,113,0,126,0,34,113,0,126,0,35,113,0,126,0,20,113,0,126,0,27,113,0,126,0,29,113,0,126,0,33,113,0,126,0,11,113,0,126,0,45,113,0,126,0,46,113,0,126,0,16,113,0,126,0,17,113,0,126,0,18,113,0,126,0,18,113,0,126,0,20,113,0,126,0,32,115,113,0,126,0,7,80,113,0,126,0,14,113,0,126,0,20,113,0,126,0,17,113,0,126,0,14,113,0,126,0,20,113,0,126,0,32,115,113,0,126,0,7,121,113,0,126,0,33,113,0,126,0,11,115,113,0,126,0,7,8,113,0,126,0,14,113,0,126,0,22,113,0,126,0,13,113,0,126,0,46,113,0,126,0,31,113,0,126,0,48,113,0,126,0,32,113,0,126,0,47,113,0,126,0,33,113,0,126,0,11,115,113,0,126,0,7,19,113,0,126,0,14,113,0,126,0,22,113,0,126,0,13,113,0,126,0,46,113,0,126,0,20,113,0,126,0,13,113,0,126,0,17,113,0,126,0,35,113,0,126,0,31,113,0,126,0,32,113,0,126,0,20,113,0,126,0,17,113,0,126,0,27,113,0,126,0,46,113,0,126,0,35,113,0,126,0,22,115,113,0,126,0,7,118,113,0,126,0,22,113,0,126,0,35,113,0,126,0,33,113,0,126,0,11,115,113,0,126,0,7,22,113,0,126,0,14,113,0,126,0,22,113,0,126,0,13,113,0,126,0,46,113,0,126,0,14,113,0,126,0,22,113,0,126,0,...} /* array length = 2797*/
    _logData = class com.ibm.tx.jta.impl.XARecoveryWrapper@5efa4e5b
      tc = class com.ibm.ws.tx.util.logging.WASTraceComponent@51cdea3e
      serialVersionUID = -4128788408195351556
      _xaResFactoryClassName = "(jndiName=jdbc/ewms)"
      _xaResInfo = class java.util.ArrayList@2ac9a670
      _xaResFactoryClasspath = null
      _xaPriority = 0
    _recoveryId = 2
    _index = 1
    _recovered = true
    _terminating = false
    _logEarly = false
    _loggedToDisk = true
    _fsc = class com.ibm.tx.jta.embeddable.impl.EmbeddableFailureScopeController@4119b831
      tc = class com.ibm.websphere.ras.TraceComponent@109d47af
      tc = class com.ibm.ws.tx.util.logging.WASTraceComponent@7166cd9b
      _failureScope = class com.ibm.ws.recoverylog.spi.FileFailureScope@2ed2d732
      _serverName = "defaultServer"
      _tranLog = class com.ibm.ws.recoverylog.spi.RecoveryLogImpl@6d19e081
      _xaLog = class com.ibm.ws.recoverylog.spi.RecoveryLogImpl@3a5b576f
      _recoverXaLog = null
      _partnerLogTable = class com.ibm.tx.jta.impl.PartnerLogTable@7d164faa
      _localFailureScope = true
      _recoveryManager = class com.ibm.tx.jta.embeddable.impl.EmbeddableRecoveryManager@74a5a3f0
      _fslc = class com.ibm.ws.Transaction.JTA.FailureScopeLifeCycle@45456c7d
      _transactions = class java.util.HashSet@67fa91bc
      SMP_THRESH = 4
      isConcurrent = false
    _partnerLog = class com.ibm.ws.recoverylog.spi.RecoveryLogImpl@3a5b576f
      tc = class com.ibm.ws.tx.util.logging.WASTraceComponent@763f8d7b
      _recoveryLog = class com.ibm.ws.recoverylog.spi.MultiScopeRecoveryLog@2971599f
      _failureScope = class com.ibm.ws.recoverylog.spi.FileFailureScope@2ed2d732
      serialVersionUID = -7485750048828183043
      $$$tc$$$ = class com.ibm.websphere.ras.TraceComponent@20c29b5
    _recoveredInUseCount = 1
    _sectionId = 34
  _recovery = false
  _priority = null
  tc = class com.ibm.ws.tx.util.logging.WASTraceComponent@16a186b2
    _tc = class com.ibm.ejs.ras.TraceComponent@3fa42303
      strings[0] = "TraceComponent[com.ibm.tx.jta.impl.JTAXAResourceImpl,class com.ibm.tx.jta.impl.JTAXAResourceImpl,[Transaction],com.ibm.ws.Transaction.resources.TransactionMsgs,null]"
  tcSummary = class com.ibm.ws.tx.util.logging.WASTraceComponent@3a68068d
    _tc = class com.ibm.ejs.ras.TraceComponent@3219dee0
      strings[0] = "TraceComponent[com.ibm.ws.tx.util.logging.WASTr,class com.ibm.ws.tx.util.logging.WASTr,[TransactionSummary],null,null]"
  _state = 0
  _xid = class com.ibm.tx.jta.impl.XidImpl@4e5d9c53
    tc = class com.ibm.ws.tx.util.logging.WASTraceComponent@45662e43
      _tc = class com.ibm.ejs.ras.TraceComponent@1a8d9971
    serialVersionUID = -4291259441393350686
    nl = "
"
    _formatId = 1463898948
    _gtrid = {0,0,1,94,95,2,40,61,0,0,0,5,118,-118,-97,92,53,102,92,59,70,-97,-124,-28,-99,-21,-75,36,60,60,125,-38,26,64,-19,-46} /* array length = 36*/
    _bqual = {0,0,1,94,95,2,40,61,0,0,0,5,118,-118,-97,92,53,102,92,59,70,-97,-124,-28,-99,-21,-75,36,60,60,125,-38,26,64,-19,-46,0,0,0,1,0,0,0,0,0,0,0,0,0,0,0,0,0,1} /* array length = 54*/
    _otid = null
    _primaryKey = null
    ZOS_FID_CB390 = -1010695802
    ZOS_FID_CBLT = -1010641949
    ZOS_FID_WASZ = -423501079
    WAS_FID_WASC = 1463898947
    WAS_FID_WASD = 1463898948
    WAS_FID_WASZ = 1463898970
    WAS_FORMAT_ID = 1463898948
    _configProvider = class com.ibm.ws.transaction.services.JTMConfigurationProvider@136ce776
      tc = class com.ibm.websphere.ras.TraceComponent@e0babad
      locationService = class com.ibm.ws.kernel.service.location.internal.WsLocationAdminImpl@6c5d6f4
      _runtimeMetaDataProvider = class com.ibm.ws.transaction.services.LibertyRuntimeMetaDataProvider@3881a7d8
      _props = class org.apache.felix.scr.impl.helper.ReadOnlyDictionary@27a71fc6
      _cc = class org.apache.felix.scr.impl.manager.ComponentContextImpl@78820c8f
      logDir = "/C:/EWM_/EWM-BE-SERVER/usr/servers/defaultServer/tranlog/"
      defaultLogDir = "$(server.output.dir)/tranlog"
      _transactionSettingsProviders = class com.ibm.wsspi.kernel.service.utils.ConcurrentServiceReferenceSet@5058071d
      dataSourceFactoryRef = class com.ibm.wsspi.kernel.service.utils.AtomicServiceReference@65d2c5a9
      _isSQLRecoveryLog = false
      theDataSourceFactory = null
      _recoveryIdentity = ""
      _recoveryGroup = ""
      tmsRef = class com.ibm.ws.transaction.services.TransactionManagerService@70f0d38f
      _applId = {54,34,-22,44,53,-51,123,-106,-4,55,-93,-84,-44,-16,-58,34,18,100,-99,-68} /* array length = 20*/
      serialVersionUID = -1973730376829975847
      _alarmManager = class com.ibm.tx.jta.util.alarm.AlarmManagerImpl@55894608
      _applId = null
      _runtimeMetaDataProvider = class com.ibm.tx.jta.config.DefaultConfigurationProvider$1@7a14affa
      _heuristicCompletionDirction = 1
      _heuristicRetryInterval = 0
      _heuristicRetryLimit = 0
      _totalTransactionLifetimeTimeout = 120
      _logDir = "logs/recovery"
      _logSize = 1024
      _logForHeuristicReporting = false
      _level = class java.util.logging.Level@6afad78f
      _defaultMaximumShutdownDelay = 2
      _acceptHeuristicHazard = true
      _auditRecovery = false
      _recoverOnStartup = false
      _waitForRecovery = false
      _propagateXAResourceTransactionTimeout = false
    digits = "0123456789ABCDEF"
    BQUAL_PKEY_OFFSET = 0
    BQUAL_PKEY_LENGTH = 16
    BQUAL_UUID_OFFSET = 16
    BQUAL_UUID_LENGTH = 20
    GTRID_JTA_GTRID_LENGTH = 36
    BQUAL_BRANCH_INDEX_OFFSET = 39
    BQUAL_JTA_GTRID_LENGTH = 40
    BQUAL_STOKEN_OFFSET = 40
    BQUAL_STOKEN_LENGTH = 8
    BQUAL_RECOVERY_ID_OFFSET_UNUSED = 48
    BQUAL_RECOVERY_ID_LENGTH_UNUSED = 4
    BQUAL_RM_SEQ_OFFSET = 52
    BQUAL_RM_SEQ_LENGTH = 2
    BQUAL_JTA_BQUAL_LENGTH = 54
  _resource = class com.ibm.ejs.j2c.XATransactionWrapper@3f4183f0
    mcWrapper = class com.ibm.ejs.j2c.MCWrapper@2ca6d7ea
      mcwHandleList = class java.util.HashMap@584506d5
      fatalErrorValue = 1
      connectionSynchronizationProvider = false
      _managedConnectionFactory = class com.ibm.ws.rsadapter.impl.WSManagedConnectionFactoryImpl@1c5e89fe
      serialVersionUID = -861999777608926414
      mcConnectionCount = 1
      STATE_NEW = 0
      STATE_ACTIVE_FREE = 1
      STATE_ACTIVE_INUSE = 2
      STATE_TRAN_WRAPPER_INUSE = 3
      STATE_INACTIVE = 4
      state = 3
      STATESTRINGS = class java.lang.String[5]
      NONE = 0
      XATXWRAPPER = 1
      LOCALTXWRAPPER = 2
      NOTXWRAPPER = 3
      RRSGLOBALTXWRAPPER = 4
      RRSLOCALTXWRAPPER = 5
      tranWrapperInUse = 1
      TRANWRAPPERSTRINGS = class java.lang.String[6]
      mc = class com.ibm.ws.rsadapter.impl.WSRdbManagedConnectionImpl@524b6866
      eventListener = class com.ibm.ejs.j2c.ConnectionEventListener@75a31f6e
      xaTranWrapper = class com.ibm.ejs.j2c.XATransactionWrapper@3f4183f0
      localTranWrapper = class com.ibm.ejs.j2c.LocalTransactionWrapper@ca19d63
      noTranWrapper = null
      rrsGlobalTranWrapper = null
      rrsLocalTranWrapper = null
      uowCoord = class com.ibm.tx.jta.embeddable.impl.EmbeddableTransactionImpl@72d78732
      pm = class com.ibm.ejs.j2c.PoolManager@2cb5e273
      _supportsReAuth = false
      hashMapBucket = 0
      sharedPoolCoordinator = class com.ibm.tx.jta.embeddable.impl.EmbeddableTransactionImpl@72d78732
      mcWrapperList = class com.ibm.ejs.j2c.MCWrapperList@9a5d6db
      currentSharedPool = class com.ibm.ejs.j2c.SharedPool@1001855b
      isParkedWrapper = false
      _hashMapBucketReAuth = 0
      _subject = null
      _cri = class com.ibm.ws.rsadapter.impl.WSConnectionRequestInfoImpl@2d44413
      cm = class com.ibm.ejs.j2c.ConnectionManager@17d4e2c
      createdTimeStamp = 1504809769502
      unusedTimeStamp = 1504830600490
      subjectCRIHashCode = 0
      poolState = class java.util.concurrent.atomic.AtomicInteger@26d80613
      alreadyBeingReleased = class java.util.concurrent.atomic.AtomicBoolean@49891d2f
      destroyState = false
      purgeState = false
      stale = true
      do_not_reuse_mcw = false
      inSharedPool = true
      recoveryToken = 1
      mcWrapperObject_hexString = "2ca6d7ea"
      tc = class com.ibm.websphere.ras.TraceComponent@772b6696
      nl = "
"
      initialRequestStackTrace = class java.lang.Throwable@729ed3b
      threadId = "0000014f"
      lastAllocationTime = 1504832530497
      threadName = "pool-3-thread-1"
      logWriterSet = false
      recoverableXAResource = false
      _transactionErrorOccurred = true
      holdTimeStart = 1504832530497
      gConfigProps = class com.ibm.ejs.j2c.J2CGlobalConfigProperties@6e24e9ff
      currentUseStartTime = 0
      useStartTimeSet = false
      holdStartTimeSet = true
      totalUseTime = 0
      totalHoldTime = 0
      pretestThisConnection = false
      aborted = false
    xaResource = class com.ibm.ws.rsadapter.impl.WSRdbXaResourceImpl@73ce4fbe
      strings[0] = "_______________________________________________________________________"
      strings[1] = ""
      strings[2] = "    First Failure Data Capture information for"
      strings[3] = "          com.ibm.ws.rsadapter.impl.WSRdbManagedConnectionImpl@524b6866"
      strings[4] = "_______________________________________________________________________"
      strings[5] = ""
      strings[6] = "TWO PHASE ENABLED
"
      strings[7] = "Connection sharing: "
      strings[8] = "  MatchOriginalRequest
"
      strings[9] = "Transaction State:"
      strings[10] = "  NO_TRANSACTION_ACTIVE
"
      strings[11] = "Key:"
      strings[12] = "  [B@521329b6
"
      strings[13] = "Log Writer:"
      strings[14] = "  null
"
      strings[15] = "Subject:"
      strings[16] = "  null
"
      strings[17] = "ManagedConnection:"
      strings[18] = "  WSRdbManagedConnectionImpl@524b6866
"
      strings[19] = "Counter of fatal connection errors for the ManagedConnectionFactory as of the most recent getConnection on this ManagedConnection:"
      strings[20] = "  0
"
      strings[21] = "Default AutoCommit:"
      strings[22] = "  true
"
      strings[23] = "Current AutoCommit:"
      strings[24] = "  true
"
      strings[25] = "Current Isolation:"
      strings[26] = "  READ COMMITTED (2)
"
      strings[27] = "Isolation level has changed? :"
      strings[28] = "  false
"
      strings[29] = "Support isolation level switching: "
      strings[30] = "  false
"
      strings[31] = "The gssCredential is: 
"
      strings[32] = "null
"
      strings[33] = "The gssName is: 
"
      strings[34] = "null
"
      strings[35] = "Catalog, IsReadOnly, TypeMap, Schema, or NetworkTimeout has changed? :"
      strings[36] = "  false
"
      strings[37] = "Default Holdability:"
      strings[38] = "  CLOSE CURSORS AT COMMIT (2)
"
      strings[39] = "Current Holdability:"
      strings[40] = "  CLOSE CURSORS AT COMMIT (2)
"
      strings[41] = "Holdability value has changed? :"
      strings[42] = "  false
"
      strings[43] = "Thread ID:"
      strings[44] = "  null
"
      strings[45] = "Lazily enlisted in the current transaction? :"
      strings[46] = "  false
"
      strings[47] = "Underlying Connection Object: com.ibm.as400.access.AS400JDBCConnectionHandle@765b78c1"
      strings[48] = "  DEVDB2
"
      strings[49] = "Underlying PooledConnection Object: com.ibm.as400.access.AS400JDBCXAConnection@123422c5"
      strings[50] = "  com.ibm.as400.access.AS400JDBCXAConnection@6452dc64
"
      strings[51] = "SQLJ Default Context: null"
      strings[52] = "  null
"
      strings[53] = "Fatal connection error was detected? :"
      strings[54] = "  true
"
      strings[55] = "Currently cleaning up handles? :"
      strings[56] = "  false
"
      strings[57] = "Last ConnectionEvent sent for this ManagedConnection:
"
      strings[58] = "  com.ibm.ws.rsadapter.impl.WSConnectionEvent@13862c82"
      strings[59] = "  Connection Handle: null"
      strings[60] = "  Event ID: CONNECTION ERROR OCCURRED (5)"
      strings[61] = "  Exception: javax.transaction.xa.XAException"
      strings[62] = ""
      strings[63] = "Connection Event Listeners:
"
      strings[64] = "  com.ibm.ejs.j2c.ConnectionEventListener@75a31f6e"
      strings[65] = ""
      strings[66] = "Maximum Handle List Size: 15
"
      strings[67] = "Handle Count: 0
"
      strings[68] = "Handles:
"
      strings[69] = "  null"
      strings[70] = "  null"
      strings[71] = "  null"
      strings[72] = "  null"
      strings[73] = "  null"
      strings[74] = "  null"
      strings[75] = "  null"
      strings[76] = "  null"
      strings[77] = "  null"
      strings[78] = "  null"
      strings[79] = "  null"
      strings[80] = "  null"
      strings[81] = "  null"
      strings[82] = "  null"
      strings[83] = "  null"
      strings[84] = ""
      strings[85] = "State Manager:"
      strings[86] = "  com.ibm.ws.rsadapter.impl.WSStateManager@64f2ff6d
"
      strings[87] = "_______________________________________________________________________"
      strings[88] = ""
      strings[89] = "    First Failure Data Capture information for"
      strings[90] = "          com.ibm.ws.rsadapter.impl.WSRdbXaResourceImpl@73ce4fbe"
      strings[91] = "_______________________________________________________________________"
      strings[92] = ""
      strings[93] = "ManagedConnection:"
      strings[94] = "  WSRdbManagedConnectionImpl@524b6866
"
      strings[95] = "Underlying XAResource Object: com.ibm.as400.access.AS400JDBCXAResource@23e8af2f"
      strings[96] = "  DEVDB2-XA:RMID#49155
"
      strings[97] = "Xid: "
      strings[98] = "  com.ibm.tx.jta.impl.XidImpl@4e5d9c53
                                 {XidImpl: formatId(57415344), gtrid_length(36), bqual_length(54),
data(0000015e5f02283d00000005768a9f5c35665c3b469f84e49debb5243c3c7dda1a40edd20000015e5f02283d00000005768a9f5c35665c3b469f84e49debb5243c3c7dda1a40edd2000000010000000000000000000000000001)}
                                 Global Transaction ID: 00 00 01 5e 5f 02 28 3d 00 00 00 05 76 8a 9f 5c 35 66 5c 3b 46 9f 84 e4 9d eb b5 24 3c 3c 7d da 1a 40 ed d2 
                                 Branch Qualifier:      00 00 01 5e 5f 02 28 3d 00 00 00 05 76 8a 9f 5c 35 66 5c 3b 46 9f 84 e4 9d eb b5 24 3c 3c 7d da 1a 40 ed d2 00 00 00 01 00 00 00 00 00 00 00 00 00 00 00 00 00 01 
                                 Format ID:             1463898948
"
      strings[99] = "_______________________________________________________________________"
      strings[100] = ""
      strings[101] = "    First Failure Data Capture information for"
      strings[102] = "          com.ibm.ws.rsadapter.impl.WSRdbSpiLocalTransactionImpl@19f07e0c"
      strings[103] = "_______________________________________________________________________"
      strings[104] = ""
      strings[105] = "Connection:"
      strings[106] = "  com.ibm.as400.access.AS400JDBCConnectionHandle@765b78c1
"
      strings[107] = "ManagedConnection:"
      strings[108] = "  WSRdbManagedConnectionImpl@524b6866
"
      strings[109] = "Statement Cache:"
        
com.ibm.ws.rsadapter.impl.CacheMap@6a0ae3c8
Number of entries:   10
Maximum entries:     10
Number of buckets:   13
Maximum bucket size: 5
Number of discards:  11

BUCKET SIZE PREV NEXT
  000  001  010  004
                      cfdb871 PSTMT: select userinterf1_.USER_INTRFC_SYSID as col_0_0_, userinterf1_.USER_INTRFC_GRID_SYSID as col_1_0_ from MIGSRCINN.USER_INTRFC userinterf0_, MIGSRCINN.USER_INTRFC_GRID userinterf1_ where userinterf0_.USER_INTRFC_SYSID=userinterf1_.USER_INTRFC_SYSID and userinterf0_.USER_INTRFC_TECH_NAME=? and userinterf1_.GRID_NAME=? 1003 1007 2 0 2
  001  001  011  006
                      2e6012b9 PSTMT: SELECT FILTERSRC.*, COUNT(DISTINCT taskNo) over() as totalRecordCounts FROM ( SELECT DISTINCT  CASE WHEN NOTES_FLAG = "1 AND DISPLAY_RF_EXISTANCE = 1 AND RF_TYPE_EXISTANCE = 1 AND RF_TYPE_EXISTANCE = 1 THEN 1 else 0 end   as taskNote ,taskNo,taskNoSysId,  CASE WHEN COUNT( DISTINCT coalesce (SHIPDATE,CURRENT TIMESTAMP) ) OVER (PARTITION BY TASKNO)>1 then null else SHIPDATE END as shipDate ,  SUM(CUBE) OVER (PARTITION BY TASKNO) as cube ,  CASE WHEN COUNT( DISTINCT coalesce (CUSTSYSID,0) ) OVER (PARTITION BY TASKNO)>1 then null else CUSTSYSID END as custSysId ,  CASE WHEN COUNT( DISTINCT coalesce (varchar(CUSTNO),'') ) OVER (PARTITION BY TASKNO)>1 then null else CUSTNO END as custNo ,  CASE WHEN COUNT( DISTINCT coalesce (DTORRECIEPTNO,0) ) OVER (PARTITION BY TASKNO)>1 then null else DTORRECIEPTNO END as dtORRecieptNo ,  CASE WHEN COUNT( DISTINCT coalesce (DLVRYTICKETSYSID,0) ) OVER (PARTITION BY TASKNO)>1 then null else DLVRYTICKETSYSID END as dlvryTicketSysId ,  CASE WHEN COUNT( DISTINCT coalesce (varchar(TASKTYPE),'') ) OVER (PARTITION BY TASKNO)>1 then null else TASKTYPE END as taskType ,  CASE WHEN COUNT( DISTINCT coalesce (varchar(QTY),'')) OVER (PARTITION BY TASKNO)>1 then sum(CAST(Coalesce(NullIf(rtrim(QTY),''),'0') As int)) OVER (PARTITION BY TASKNO) else varchar(NullIf(rtrim(QTY),'')) END as qty ,  CASE WHEN COUNT( DISTINCT coalesce (varchar(STATUS),'')) OVER (PARTITION BY TASKNO)>1 then null else STATUS END as status ,  CASE WHEN COUNT( DISTINCT coalesce (varchar(TASKSTATUSDESC),'') ) OVER (PARTITION BY TASKNO)>1 then null else TASKSTATUSDESC END as taskStatusDesc ,  CASE WHEN COUNT( DISTINCT coalesce (varchar(TASKTYPEDESC),'')) OVER (PARTITION BY TASKNO)>1 then null else TASKTYPEDESC END as taskTypeDesc ,  CASE WHEN COUNT( DISTINCT coalesce (USERID,0)) OVER (PARTITION BY TASKNO)>1 then null else USERID END as userId ,  CASE WHEN COUNT( DISTINCT coalesce (varchar(USERNAME),'')) OVER (PARTITION BY TASKNO)>1 then null else USERNAME END as userName ,  CASE WHEN COUNT( DISTINCT coalesce (varchar(TASKPRIORITY),'')) OVER (PARTITION BY TASKNO)>1 then null else TASKPRIORITY END as taskPriority ,  CASE WHEN COUNT( DISTINCT coalesce (DOCKSYSID,0)) OVER (PARTITION BY TASKNO)>1 then null else DOCKSYSID END as dockSysId ,  CASE WHEN COUNT( DISTINCT coalesce (varchar(DOCKID),'')) OVER (PARTITION BY TASKNO)>1 then null else DOCKID END as dockId ,  CASE WHEN COUNT( DISTINCT coalesce (varchar(DOORLANE),'')) OVER (PARTITION BY TASKNO)>1 then null else DOORLANE END as doorLane ,  CASE WHEN COUNT( DISTINCT coalesce (varchar(WORKORDERNO),'')) OVER (PARTITION BY TASKNO)>1 then null else WORKORDERNO END as workOrderNo ,  CASE WHEN COUNT( DISTINCT coalesce (varchar(FROMLOC),'')) OVER (PARTITION BY TASKNO)>1 then null else FROMLOC END as fromLoc ,  CASE WHEN COUNT( DISTINCT coalesce (varchar(toLoc),'')) OVER (PARTITION BY TASKNO)>1 then null else toLoc END as toLoc ,  CASE WHEN COUNT( DISTINCT coalesce (PRODSYSID,0)) OVER (PARTITION BY TASKNO)>1 then null else PRODSYSID END as prodSysId ,  CASE WHEN COUNT( DISTINCT coalesce (varchar(PRODCODE),'')) OVER (PARTITION BY TASKNO)>1 then null else PRODCODE END as prodCode ,  CASE WHEN COUNT( DISTINCT coalesce (varchar(PRODDESC),'')) OVER (PARTITION BY TASKNO)>1 then null else PRODDESC END as prodDesc ,  CASE WHEN COUNT( DISTINCT coalesce (varchar(prodIdName),'')) OVER (PARTITION BY TASKNO)>1 then null else prodIdName END as prodIdName ,  CASE WHEN COUNT( DISTINCT coalesce (varchar(OUTBOUNDLPN),'')) OVER (PARTITION BY TASKNO)>1 then null else OUTBOUNDLPN END as outboundLPN ,  CASE WHEN COUNT( DISTINCT coalesce (varchar(OUTBOUNDPALLETLABEL),'')) OVER (PARTITION BY TASKNO)>1 then null else OUTBOUNDPALLETLABEL END as outboundPalletLabel ,  projectionTask ,bkOnHold,  CASE WHEN COUNT( DISTINCT coalesce (varchar(POOLID),'')) OVER (PARTITION BY TASKNO)>1 then null else POOLID END as poolId ,  CASE WHEN COUNT( DISTINCT coalesce (varchar(STOPNO),'')) OVER (PARTITION BY TASKNO)>1 then null else STOPNO END as stopNo ,  CASE WHEN COUNT( DISTINCT coalesce (varchar(CUSTNAME),'')) OVER (PARTITION BY TASKNO)>1 then null else CUSTNAME END as custName ,  CASE WHEN COUNT( DISTINCT coalesce (varchar(custIdName),'')) OVER (PARTITION BY TASKNO)>1 then null else custIdName END as custIdName ,  CASE WHEN COUNT( DISTINCT coalesce (varchar(TASKLINES),'')) OVER (PARTITION BY TASKNO)>1 then null else TASKLINES END as taskLines ,  CASE WHEN COUNT( DISTINCT coalesce (varchar(ACTUALPRIORITY),'') ) OVER (PARTITION BY TASKNO)>1 then null else ACTUALPRIORITY END as actualPriority ,  CASE WHEN COUNT( DISTINCT coalesce (varchar(palletId),'') ) OVER (PARTITION BY TASKNO)>1 then null else palletId END as palletId ,  CASE WHEN COUNT( DISTINCT coalesce (varchar(licence),'') ) OVER (PARTITION BY TASKNO)>1 then null else licence END as licence   FROM (  SELECT DISTINCT 0 NOTES_FLAG,0 DISPLAY_RF_EXISTANCE,0 RF_TYPE_EXISTANCE, TH.TASK_NUMBER as taskNo,TH.TASK_NUMBER_SYSID as taskNoSysId,TO_CHAR(RCVD_DT,'MM/dd/yyyy') AS shipDate,0 as cube, coalesce(REC.CUST_SYSID,0) as custSysId,CUST_DT.ACCT_NUMBER AS custNo ,REC.REC_NUMBER as dtORRecieptNo, REC.REC_NUMBER_SYSID as dlvryTicketSysId,DC_TSK_TYP.DTL_CODE AS taskType,TSKS.QTY as qty, DC_TSK_STS.DTL_CODE as status,DC_TSK_STS.CODE_DESC as taskStatusDesc,DC_TSK_TYP.CODE_DESC as taskTypeDesc, TH.USERID as userId,trim(coalesce(USR.USER_FIRST_NAME,'')||' '||coalesce(USR.USER_LAST_NAME,'')) AS userName , case when TH.TASK_PRIRTY is not null then   COALESCE(SUBSTR(LPAD(TH.TASK_PRIRTY,12,0),1,2)||'/'||SUBSTR(LPAD(TH.TASK_PRIRTY ,12,0),11,12),'') else '' end as taskPriority  , DK.DOCK_SYSID as dockSysId,DK.DOCK_ID as dockId, case when DK_DR_LN.DOOR_LANE_ID is not null then DK_DR_LN.DOOR_LANE_ID ELSE DK_DR.DOOR_NUMBER END as doorLane, WO.WORK_ORDER_NUMBER  as workOrderNo ,'' AS fromLoc  ,'' AS toLoc  ,REC_DTL.PROD_SYSID AS prodSysId  , EP.PROD_CODE  AS  prodCode,WP.PROD_DESC AS  prodDesc, case  when EP.PROD_CODE is not null then COALESCE(varchar(EP.PROD_CODE),'')||'-'|| COALESCE(WP.PROD_DESC,'')  else '' end  AS prodIdName,  '' as outboundLPN  ,'' as outboundPalletLabel  , 0 as projectionTask,0  as bkOnHold  ,'' AS poolId  ,0 AS stopNo,EC.CUST_NAME as custName, case  when CUST_DT.ACCT_NUMBER is not null then COALESCE(varchar(CUST_DT.ACCT_NUMBER),'')||'-'|| COALESCE(EC.CUST_NAME,'')  else '' end  AS custIdName, 0 AS taskLines,TH.TASK_PRIRTY as actualPriority,0 AS FROM_LOC_CNT,0 AS TO_LOC_CNT,COUNT(DISTINCT  REC_DTL.PROD_SYSID) OVER (PARTITION BY TSKS.TASK_NUMBER_SYSID) AS PROD_CNT,COALESCE(varchar(IPD.INB_CPID),'') AS palletId,COALESCE(varchar(IPD.INB_LPN),'') as licence   FROM (SELECT TASK_NUMBER_SYSID, 0  AS REC_NUMBER_SYSID,WHSE_SYSID,INB_LPN, COALESCE(varchar(RECIEVED_QTY),'') AS QTY,0 as doorLaneId,DOCK_DOOR_SYSID dockDoorSysId  FROM   MIGSRCINN.RECEIVING_TASK_DTL   UNION ALL  SELECT TASK_NUMBER_SYSID, REC_NUMBER_SYSID,WHSE_SYSID,LPN AS INB_LPN, COALESCE(varchar(PALLET_COUNT),'') AS QTY,TO_DOCK_DOOR_LANE_SYSID as doorLaneId,0 as dockDoorSysId  FROM MIGSRCINN.INBOUND_TASK_DETAIL  UNION ALL  SELECT TASK_NUMBER_SYSID, REC_NUMBER_SYSID,WHSE_SYSID,INB_LPN, COALESCE(varchar(PALLET_QTY),'') AS QTY, 0 as doorLaneId,0 as dockDoorSysId   FROM MIGSRCINN.PUTAWAY_RUNNING_TASK_DTL) TSKS  JOIN MIGSRCINN.TASK_HEADER TH ON TSKS.TASK_NUMBER_SYSID = TH.TASK_NUMBER_SYSID AND TH.WHSE_SYSID = TSKS.WHSE_SYSID   JOIN MIGSRCINN.DTL_CODE DC_TSK_TYP ON DC_TSK_TYP.DTL_CODE_SYSID = TH.TASK_TYPE_SYSID  AND DC_TSK_TYP.DTL_CODE IN ('RE','IR','PW','CI')  JOIN MIGSRCINN.MASTER_CODE MC_TSK_TYP ON DC_TSK_TYP.MASTER_CODE_SYSID = MC_TSK_TYP.MASTER_CODE_SYSID  AND MC_TSK_TYP.MASTER_CODE = 'TSKTYP'  JOIN MIGSRCINN.DTL_CODE DC_TSK_STS ON DC_TSK_STS.DTL_CODE_SYSID = TH.TASK_STATUS_SYSID   JOIN MIGSRCINN.MASTER_CODE MC_TSK_STS ON DC_TSK_STS.MASTER_CODE_SYSID = MC_TSK_STS.MASTER_CODE_SYSID  AND MC_TSK_STS.MASTER_CODE = 'TSKSTS'  LEFT JOIN MIGSRCINN.REC REC ON TSKS.REC_NUMBER_SYSID = REC.REC_NUMBER_SYSID AND REC.WHSE_SYSID = TSKS.WHSE_SYSID  LEFT JOIN MIGSRCINN.REC_DTL REC_DTL ON REC_DTL.REC_NUMBER_SYSID = REC.REC_NUMBER_SYSID AND REC.WHSE_SYSID = REC_DTL.WHSE_SYSID AND REC_DTL.CUST_SYSID = REC.CUST_SYSID  LEFT JOIN MIGSRCINN.INVTRY_PALLET_DTL IPD ON IPD.INB_LPN = TSKS.INB_LPN AND IPD.WHSE_SYSID = TSKS.WHSE_SYSID  LEFT JOIN MIGSRCINN.LOT_HEADER LH ON IPD.USCS_LOT_NUMBER_SYSID = LH.USCS_LOT_NUMBER_SYSID AND LH.WHSE_SYSID = IPD.WHSE_SYSID AND LH.CUST_SYSID = IPD.CUST_SYSID  LEFT JOIN MIGSRCINN.APPT APPT ON REC.APPT_SYSID = APPT.APPT_SYSID   AND REC.WHSE_SYSID = APPT.WHSE_SYSID  AND APPT.I_O_FLAG='I'  LEFT JOIN MIGSRCINN.DTL_CODE APPT_STS  ON APPT.APPT_STATUS_SYSID = APPT_STS.DTL_CODE_SYSID  LEFT JOIN MIGSRCINN.MASTER_CODE MC ON APPT_STS.MASTER_CODE_SYSID = MC.MASTER_CODE_SYSID AND MC.MASTER_CODE = 'APTSTS'  LEFT JOIN MIGSRCINN.ACCT_TYPE CUST_DT ON REC.CUST_SYSID = CUST_DT.ACCT_SYSID  LEFT JOIN MIGSRCINN.REF_TABLE CUST_REF ON CUST_DT.ACCT_TYPE_SYSID = CUST_REF.REF_SYSID AND CUST_REF.REF_CODE = 'CUS'  LEFT JOIN MIGSRCINN.ENT_CUST EC ON EC.CUST_SYSID = REC.CUST_SYSID    LEFT JOIN MIGSRCINN.USER USR ON TH.USERID = USR.USERID   LEFT JOIN MIGSRCINN.WHSE_CUST WC ON TSKS.WHSE_SYSID = WC.WHSE_SYSID  AND REC.CUST_SYSID = WC.CUST_SYSID   LEFT JOIN MIGSRCINN.DOCK_DOOR DK_DR ON (TSKS.dockDoorSysId = DK_DR.DOCK_DOOR_SYSID OR TH.DOCK_DOOR_SYSID=DK_DR.DOCK_DOOR_SYSID)   LEFT JOIN MIGSRCINN.DOCK DK ON ((TH.DOCK_SYSID = DK.DOCK_SYSID AND TH.WHSE_SYSID = DK.WHSE_SYSID) OR (DK.DOCK_SYSID = DK_DR.DOCK_SYSID))  LEFT JOIN MIGSRCINN.DOCK_DOOR_LANE DK_DR_LN ON TSKS.doorLaneId = DK_DR_LN.DOCK_DOOR_LANE_SYSID   LEFT JOIN  ( SELECT DISTINCT   CASE WHEN REPEATED_WO_CNT_FOR_DT = 1 THEN WORK_ORDER_NUMBER ELSE NULL END AS WORK_ORDER_NUMBER, REF_TYPE_VALUE,WHSE_SYSID,REPEATED_WO_CNT_FOR_DT FROM ( SELECT DISTINCT WO.WORK_ORDER_NUMBER,WO.REF_TYPE_VALUE,WO.WHSE_SYSID,  COUNT(DISTINCT WO.WORK_ORDER_NUMBER) OVER (PARTITION BY WO.REF_TYPE_VALUE) AS REPEATED_WO_CNT_FOR_DT FROM MIGSRCINN.WORK_ORDER WO  )SUB ) AS WO ON REC.REC_NUMBER = WO.REF_TYPE_VALUE AND REC.WHSE_SYSID = WO.WHSE_SYSID  LEFT JOIN MIGSRCINN.ENT_PROD EP ON REC_DTL.PROD_SYSID = EP.PROD_SYSID   LEFT JOIN MIGSRCINN.WHSE_PROD WP ON EP.PROD_SYSID = WP.PROD_SYSID  and TH.WHSE_SYSID=WP.WHSE_SYSID   WHERE TH.WHSE_SYSID=? AND  APPT.APPT_TS between  '2017-09-07 01:43:00' and '2017-09-08 13:43:00'  AND  REC.REC_NUMBER=?  AND REC.CUST_SYSID =?  AND (REC.APPT_SYSID IS  NULL OR (APPT_STS.DTL_CODE  IN('0','1','2','3') AND APPT.APPT_GATE_DEPART_TS IS NULL ))   UNION ALL  SELECT DISTINCT  MAX(CASE WHEN (O.NOTES_SYSID IS NOT NULL OR ORD.NOTES_SYSID  IS NOT NULL OR TH.TASK_ACCEPTED_NOTES_SYSID IS NOT NULL )   THEN 1 ELSE 0 END) OVER (PARTITION BY TSKS.TASK_NUMBER_SYSID) as NOTES_FLAG,  MAX(CASE WHEN RF_DSPLY.TRNSCT_NOTE_DTL_SYSID IS NOT NULL THEN 1 ELSE 0 END )  OVER (PARTITION BY TSKS.TASK_NUMBER_SYSID) AS DISPLAY_RF_EXISTANCE,  MAX(CASE WHEN RF_DSPLY.RF_TYPE_SYSID IS NOT NULL  THEN 1 ELSE 0 END) OVER (PARTITION BY TSKS.TASK_NUMBER_SYSID) AS RF_TYPE_EXISTANCE,  TH.TASK_NUMBER as taskNo,TH.TASK_NUMBER_SYSID as taskNoSysId,TO_CHAR(O.XPCTD_SHIP_DATE,'MM/dd/yyyy') AS shipDate,  coalesce(TSKS.PICKED_CUBE,0) as cube,O.CUST_SYSID as custSysId,CUST_DT.ACCT_NUMBER AS custNo ,O.DLVRY_TICKET_NUMBER as dtORRecieptNo,  O.DLVRY_TICKET_SYSID as dlvryTicketSysId,DC_TSK_TYP.DTL_CODE AS taskType,TSKS.QTY as qty,DC_TSK_STS.DTL_CODE as status,DC_TSK_STS.CODE_DESC as taskStatusDesc,DC_TSK_TYP.CODE_DESC as taskTypeDesc, TH.USERID as userId,trim(coalesce(USR.USER_FIRST_NAME,'')||' '||coalesce(USR.USER_LAST_NAME,'')) AS userName , case when TH.TASK_PRIRTY is not null then   COALESCE(SUBSTR(LPAD(TH.TASK_PRIRTY,12,0),1,2)||'/'||SUBSTR(LPAD(TH.TASK_PRIRTY ,12,0),11,12),'') else '' end as taskPriority  ,  DK.DOCK_SYSID as dockSysId,DK.DOCK_ID as dockId,  case when DK_DR_LN.DOOR_LANE_ID is not null then DK_DR_LN.DOOR_LANE_ID ELSE DK_DR.DOOR_NUMBER END as doorLane, WO.WORK_ORDER_NUMBER as workOrderNo ,COALESCE(fromLoc.LOC_ID, '') AS fromLoc,COALESCE(toLoc.LOC_ID, '') AS toLoc,  ORD.PROD_SYSID AS prodSysId  ,EP.PROD_CODE  AS  prodCode, WP.PROD_DESC AS  prodDesc,EP.PROD_CODE|| '-' || WP.PROD_DESC  as prodIdName,  coalesce(cast( CASE WHEN IPS.INB_LPN IS NOT NULL THEN IPS.MASTER_INB_LPN 	ELSE TSKS.OB_LPN  END as varchar(50)),'') as outboundLPN,  coalesce(TSKS.CUST_PALLET_LBL,'') as outboundPalletLabel  ,MAX(CASE WHEN PROJECTION_FLAG = 'Y' THEN 1 ELSE 0 END) OVER (PARTITION BY TSKS.TASK_NUMBER_SYSID)  as projectionTask,  case when TH.TASK_HOLD_FLAG= 'Y' then 1 else 0  end as bkOnHold ,COALESCE(O.POOL_ID,'') AS poolId  ,O.STOP_NUMBER AS stopNo,EC.CUST_NAME as custName, case  when CUST_DT.ACCT_NUMBER is not null then COALESCE(varchar(CUST_DT.ACCT_NUMBER),'')||'-'|| COALESCE(EC.CUST_NAME,'')  else '' end  AS custIdName, SUM(TASK_LN) OVER (PARTITION BY TSKS.TASK_NUMBER_SYSID ) AS taskLines,TH.TASK_PRIRTY as actualPriority,    COUNT(DISTINCT  COALESCE(TSKS.FROM_LOC_SYSID,0)) OVER (PARTITION BY TSKS.TASK_NUMBER_SYSID) AS FROM_LOC_CNT,  COUNT(DISTINCT  COALESCE(TSKS.TO_LOC_SYSID,0)) OVER (PARTITION BY TSKS.TASK_NUMBER_SYSID) AS TO_LOC_CNT,  COUNT(DISTINCT  COALESCE(ORD.PROD_SYSID,0)) OVER (PARTITION BY TSKS.TASK_NUMBER_SYSID) AS PROD_CNT,COALESCE(varchar(TSKS.OB_CPID),'') AS palletId,COALESCE(varchar(TSKS.OB_LPN),'') AS licence   FROM ( SELECT LD.TASK_NUMBER_SYSID,LD.WHSE_SYSID,LD.DLVRY_TICKET_SYSID,varchar(LD.LOAD_QTY) AS QTY,LD.FROM_LOC_SYSID ,0 AS TO_LOC_SYSID,  0 PICKED_CUBE,LD.OB_LPN,'' OB_CPID,'' CUST_PALLET_LBL,'N' PROJECTION_FLAG,0 AS TASK_LN,0 ORDER_DTL_SYSID,DOCK_DOOR_LANE_SYSID as doorLaneId,DOCK_DOOR_SYSID AS dockDoorSysId   FROM MIGSRCINN.LOADING_TASK_DTL LD  UNION ALL  SELECT OBR.TASK_NUMBER_SYSID,WHSE_SYSID,OBR.DLVRY_TICKET_SYSID,'' QTY,0 AS FROM_LOC_SYSID ,0 AS TO_LOC_SYSID,  0 PICKED_CUBE,OBR.OB_LPN,OBR.OB_CPID,'' CUST_PALLET_LBL,'N' PROJECTION_FLAG,0 AS TASK_LN,0 ORDER_DTL_SYSID,DROP_DOCK_DOOR_LANE_SYSID as doorLaneId,DROP_DOCK_DOOR_SYSID AS dockDoorSysId  FROM  MIGSRCINN.OUBND_RUNNING_TASK_DTL  OBR  UNION ALL  SELECT  CH_UL.TASK_NUMBER_SYSID,CH_UL.WHSE_SYSID, CH_UL.DLVRY_TICKET_SYSID, '' QTY, CH_UL.FROM_LOC_SYSID , TO_LOC_SYSID,   0 PICKED_CUBE, CH_UL.OB_LPN,'' OB_CPID,'' CUST_PALLET_LBL,'N' PROJECTION_FLAG,0 AS TASK_LN,0 ORDER_DTL_SYSID,TO_DOCK_DOOR_LANE_SYSID AS doorLaneId,TO_DOCK_DOOR_SYSID as dockDoorSysId   FROM  MIGSRCINN.CHECKING_OU_PT_TASK_DTL  CH_UL   UNION ALL  SELECT PB.TASK_NUMBER_SYSID,0 WHSE_SYSID, PB.DLVRY_TICKET_SYSID,varchar(SUM(PB.PUT_BACK_QTY) OVER (PARTITION BY TASK_NUMBER_SYSID)) as QTY,PB.FROM_LOC_SYSID , PB.TO_LOC_SYSID,  0 PICKED_CUBE, PB.OB_LPN,PB.OB_CPID,'' CUST_PALLET_LBL,'N' PROJECTION_FLAG,0 AS TASK_LN,0 ORDER_DTL_SYSID,-999 AS doorLaneId,-999 as dockDoorSysId  FROM  MIGSRCINN.PB_TASK_DTL PB  UNION ALL  SELECT PTD.TASK_NUMBER_SYSID,PTD.WHSE_SYSID, PTD.DLVRY_TICKET_SYSID,varchar(SUM(COALESCE(QTY_TO_PICK ,0))   OVER (PARTITION BY PTD.TASK_NUMBER_SYSID)) AS QTY,FROM_LOC_SYSID ,TH.TO_LOC_SYSID,PICKED_CUBE,OB_LPN,OB_CPID,CUST_PALLET_LBL,PROJECTION_FLAG,  CASE WHEN  DC_TSK_TYP.DTL_CODE IN ('BP','PL') THEN 1 ELSE 0 END  AS TASK_LN,ORDER_DTL_SYSID,TH.DOCK_DOOR_LANE_SYSID AS doorLaneId , TH.DOCK_DOOR_SYSID AS dockDoorSysId  FROM  MIGSRCINN.PICK_TASK_DTL PTD  JOIN MIGSRCINN.TASK_HEADER TH ON PTD.TASK_NUMBER_SYSID = TH.TASK_NUMBER_SYSID AND TH.WHSE_SYSID = PTD.WHSE_SYSID  JOIN MIGSRCINN.DTL_CODE DC_TSK_TYP ON DC_TSK_TYP.DTL_CODE_SYSID = TH.TASK_TYPE_SYSID  AND DC_TSK_TYP.DTL_CODE IN ('BK', 'BP', 'PL', 'TK')  ) TSKS  JOIN MIGSRCINN.TASK_HEADER TH ON TSKS.TASK_NUMBER_SYSID = TH.TASK_NUMBER_SYSID   JOIN MIGSRCINN.DTL_CODE DC_TSK_TYP ON DC_TSK_TYP.DTL_CODE_SYSID = TH.TASK_TYPE_SYSID  AND DC_TSK_TYP.DTL_CODE IN ('BK', 'BP', 'PL', 'OR','TK','CH','OU', 'LD','PB')  JOIN MIGSRCINN.MASTER_CODE MC_TSK_TYP ON DC_TSK_TYP.MASTER_CODE_SYSID = MC_TSK_TYP.MASTER_CODE_SYSID  AND MC_TSK_TYP.MASTER_CODE = 'TSKTYP'  JOIN MIGSRCINN.DTL_CODE DC_TSK_STS ON DC_TSK_STS.DTL_CODE_SYSID = TH.TASK_STATUS_SYSID   JOIN MIGSRCINN.MASTER_CODE MC_TSK_STS ON DC_TSK_STS.MASTER_CODE_SYSID = MC_TSK_STS.MASTER_CODE_SYSID  AND MC_TSK_STS.MASTER_CODE = 'TSKSTS'   LEFT JOIN MIGSRCINN.ORDER O ON TSKS.DLVRY_TICKET_SYSID = O.DLVRY_TICKET_SYSID AND O.WHSE_SYSID = TH.WHSE_SYSID  LEFT JOIN MIGSRCINN.ORDER_DTL ORD ON ORD.DLVRY_TICKET_SYSID = O.DLVRY_TICKET_SYSID AND O.WHSE_SYSID = ORD.WHSE_SYSID AND ORD.CUST_SYSID = O.CUST_SYSID  AND TSKS.ORDER_DTL_SYSID=ORD.ORDER_DTL_SYSID LEFT JOIN MIGSRCINN.APPT APPT ON O.APPT_SYSID = APPT.APPT_SYSID   AND O.WHSE_SYSID = APPT.WHSE_SYSID  AND APPT.I_O_FLAG='O'  LEFT JOIN MIGSRCINN.DTL_CODE APPT_STS  ON APPT.APPT_STATUS_SYSID = APPT_STS.DTL_CODE_SYSID   LEFT JOIN MIGSRCINN.MASTER_CODE MC ON APPT_STS.MASTER_CODE_SYSID = MC.MASTER_CODE_SYSID AND MC.MASTER_CODE = 'APTSTS'  LEFT JOIN MIGSRCINN.ACCT_TYPE CUST_DT ON O.CUST_SYSID = CUST_DT.ACCT_SYSID   LEFT JOIN MIGSRCINN.REF_TABLE CUST_REF ON CUST_DT.ACCT_TYPE_SYSID = CUST_REF.REF_SYSID AND CUST_REF.REF_CODE = 'CUS'  LEFT JOIN MIGSRCINN.ENT_CUST EC ON EC.CUST_SYSID = O.CUST_SYSID   LEFT JOIN MIGSRCINN.USER USR ON TH.USERID = USR.USERID   LEFT JOIN MIGSRCINN.WHSE_CUST WC ON TH.WHSE_SYSID = WC.WHSE_SYSID  AND O.CUST_SYSID = WC.CUST_SYSID  LEFT JOIN MIGSRCINN.DOCK_DOOR DK_DR ON (TSKS.dockDoorSysId = DK_DR.DOCK_DOOR_SYSID)   LEFT JOIN MIGSRCINN.DOCK DK ON ((TH.DOCK_SYSID = DK.DOCK_SYSID AND TH.WHSE_SYSID = DK.WHSE_SYSID) OR (DK.DOCK_SYSID = DK_DR.DOCK_SYSID) OR (O.DOCK_SYSID=DK.DOCK_SYSID))   LEFT JOIN MIGSRCINN.DOCK_DOOR_LANE DK_DR_LN ON TSKS.doorLaneId = DK_DR_LN.DOCK_DOOR_LANE_SYSID   LEFT JOIN  ( SELECT DISTINCT  CASE WHEN REPEATED_WO_CNT_FOR_DT = 1 THEN WORK_ORDER_NUMBER ELSE NULL END AS WORK_ORDER_NUMBER, REF_TYPE_VALUE,WHSE_SYSID,REPEATED_WO_CNT_FOR_DT FROM ( SELECT DISTINCT WO.WORK_ORDER_NUMBER,WO.REF_TYPE_VALUE,WO.WHSE_SYSID,  COUNT(DISTINCT WO.WORK_ORDER_NUMBER) OVER (PARTITION BY WO.REF_TYPE_VALUE) AS REPEATED_WO_CNT_FOR_DT FROM MIGSRCINN.WORK_ORDER WO  )SUB ) AS WO ON O.DLVRY_TICKET_NUMBER = WO.REF_TYPE_VALUE AND O.WHSE_SYSID = WO.WHSE_SYSID  LEFT JOIN MIGSRCINN.ENT_PROD EP ON ORD.PROD_SYSID = EP.PROD_SYSID   LEFT JOIN MIGSRCINN.WHSE_PROD WP ON EP.PROD_SYSID = WP.PROD_SYSID and TH.WHSE_SYSID=WP.WHSE_SYSID  LEFT JOIN MIGSRCINN.LOC fromLoc on TSKS.FROM_LOC_SYSID = fromLoc.LOC_SYSID  LEFT JOIN MIGSRCINN.LOC toLoc on TSKS.TO_LOC_SYSID = toLoc.LOC_SYSID  LEFT JOIN MIGSRCINN.INVTRY_PALLET_STACK ips on TSKS.OB_LPN = ips.INB_LPN  LEFT JOIN MIGSRCINN.GENERIC_SYSID GS ON (O.NOTES_SYSID = GS.GENERIC_SYSID OR ORD.NOTES_SYSID = GS.GENERIC_SYSID)  LEFT JOIN  (  SELECT TRNSCT_NOTE_DTL_SYSID, MIN(RF_TYPE_SYSID) AS RF_TYPE_SYSID, MAX(CASE WHEN DC.DTL_CODE IN ('P','L','C') THEN 1  ELSE 0 END) AS RF_TYPE_EXISTANCE  FROM MIGSRCINN.TRNSCT_NOTE_RF_DSPLY TND  JOIN MIGSRCINN.DTL_CODE DC ON TND.RF_TYPE_SYSID = DC.DTL_CODE_SYSID  JOIN MIGSRCINN.MASTER_CODE MC ON DC.MASTER_CODE_SYSID = MC.MASTER_CODE_SYSID  AND MASTER_CODE = 'NOTEDSPRF'  GROUP BY TRNSCT_NOTE_DTL_SYSID )  RF_DSPLY ON GS.GENERIC_SYSID = RF_DSPLY.TRNSCT_NOTE_DTL_SYSID  LEFT JOIN (SELECT  TRNSCT_NOTE_DTL_SYSID,MIN(NOTE_TYPE_SYSID) AS NOTE_TYPE_SYSID_EXISTANCE  FROM MIGSRCINN.TRNSCT_NOTE_DTL TND  JOIN MIGSRCINN.DTL_CODE DC ON TND.NOTE_TYPE_SYSID = DC.DTL_CODE_SYSID  JOIN MIGSRCINN.MASTER_CODE MC ON DC.MASTER_CODE_SYSID = MC.MASTER_CODE_SYSID AND MASTER_CODE = 'KEYWORDS' GROUP BY TRNSCT_NOTE_DTL_SYSID ) TRNSCT_NOTE ON GS.GENERIC_SYSID = TRNSCT_NOTE.TRNSCT_NOTE_DTL_SYSID  WHERE TH.WHSE_SYSID=? AND  APPT.APPT_TS between  '2017-09-07 01:43:00' and '2017-09-08 13:43:00'  AND  O.DLVRY_TICKET_NUMBER=?  AND O.CUST_SYSID =?  AND (O.APPT_SYSID IS  NULL OR  (APPT_STS.DTL_CODE  IN('0','1','2','3') AND APPT.APPT_GATE_DEPART_TS IS NULL) )    ) SRC  )FILTERSRC    ORDER BY FILTERSRC.taskNo  ASC   fetch first 20 rows only  1003 1007 2 0 2
  002  000  013  013
  003  001  006  014
                      34fa1967 PSTMT: delete from MIGSRCINN.APP_LOCK where CREATE_TS<? 1003 1007 2 0 2
  004  002  000  011
                      953a893 PSTMT: select this_.USER_TMPLT_SYSID as USER1_336_0_, this_.CREATE_TS as CREATE2_336_0_, this_.CREATE_USERID as CREATE3_336_0_, this_.UPDATE_TS as UPDATE4_336_0_, this_.UPDATE_USERID as UPDATE5_336_0_, this_.VER_NUMBER as VER6_336_0_, this_.DATABASE_COLUMN_MTADTA as DATABASE7_336_0_, this_.DB_COLUMN_VALUE as DB8_336_0_, this_.TMPLT_MTADTA as TMPLT9_336_0_, this_.TMPLT_NAME as TMPLT10_336_0_, this_.USERID as USERID14_336_0_, this_.USER_INTRFC_SYSID as USER11_336_0_, this_.USER_INTRFC_GRID_SYSID as USER12_336_0_, this_.USER_TMPLT_DFT_FLAG as USER13_336_0_ from MIGSRCINN.USER_TMPLT this_ where this_.USERID=? and this_.USER_INTRFC_SYSID=? and this_.USER_INTRFC_GRID_SYSID=? 1003 1007 2 0 2
                      680cb7f8 PSTMT: select this_.USER_TMPLT_SYSID as USER1_336_0_, this_.CREATE_TS as CREATE2_336_0_, this_.CREATE_USERID as CREATE3_336_0_, this_.UPDATE_TS as UPDATE4_336_0_, this_.UPDATE_USERID as UPDATE5_336_0_, this_.VER_NUMBER as VER6_336_0_, this_.DATABASE_COLUMN_MTADTA as DATABASE7_336_0_, this_.DB_COLUMN_VALUE as DB8_336_0_, this_.TMPLT_MTADTA as TMPLT9_336_0_, this_.TMPLT_NAME as TMPLT10_336_0_, this_.USERID as USERID14_336_0_, this_.USER_INTRFC_SYSID as USER11_336_0_, this_.USER_INTRFC_GRID_SYSID as USER12_336_0_, this_.USER_TMPLT_DFT_FLAG as USER13_336_0_ from MIGSRCINN.USER_TMPLT this_ where this_.USERID=? and this_.USER_INTRFC_SYSID=? and this_.USER_INTRFC_GRID_SYSID=? and this_.TMPLT_NAME=? 1003 1007 2 0 2
  005  000  013  013
  006  001  001  003
                      4657859a PSTMT: delete from MIGSRCINN.APP_LOCK where USERID=? 1003 1007 2 0 2
  007  000  013  013
  008  000  013  013
  009  000  013  013
  010  002  013  000
                      22829d16 CSTMT: {call MIGSRCINN.TM_APPT_GRID(?,?,?,?,?,103272,NULL,NULL,NULL,NULL,13295,'2017-09-07 01:43:00','2017-09-08 13:43:00',NULL,NULL,101332,NULL,NULL,NULL,NULL,NULL,NULL,1,1,0,0,0,0,20,' AND  STATUS <> ^CLS^ ','ORDER BY APPTTIME ASC')} 1003 1007 2 2
                      3681aee5 CSTMT: {call MIGSRCINN.TM_ORDER_GRID(?,?,?,?,?,103272,NULL,NULL,NULL,NULL,13295,'2017-09-07 01:43:00','2017-09-08 13:43:00',NULL,NULL,101332,NULL,NULL,NULL,NULL,NULL,NULL,1,1,0,0,0,0,20,' AND  APPTSTATUS <> ^CLS^ ','ORDER BY SHIPDATE ASC')} 1003 1007 2 2
  011  002  004  001
                      3bbf7cba PSTMT: select a.ACCT_SYSID, a.ACCT_NUMBER, e.CUST_NAME, w.cust_group  from MIGSRCINN.WHSE_CUST w, MIGSRCINN.ACCT_TYPE a, MIGSRCINN.ENT_CUST e  where a.ACCT_SYSID = w.CUST_GROUP and e.CUST_SYSID=a.ACCT_SYSID and w.WHSE_SYSID =? group by a.ACCT_SYSID, a.ACCT_NUMBER, e.CUST_NAME, w.cust_group  1003 1007 2 0 2
                      413e5502 CSTMT: {call MIGSRCINN.TM_SUMMARY(?,?,?,?,?,103272,NULL,NULL,NULL,NULL,13295,'2017-09-07 01:43:00','2017-09-08 13:43:00',NULL,NULL,101332,NULL,NULL,NULL,NULL,NULL,NULL,1,1,0,0,0)} 1003 1007 2 2
  012  000  013  013
  013  LRU       010
  014  MRU  003

"
      strings[111] = "_______________________________________________________________________"
      strings[112] = ""
      strings[113] = "    First Failure Data Capture information for"
      strings[114] = "          com.ibm.ws.rsadapter.impl.WSConnectionRequestInfoImpl@77e20a1e"
      strings[115] = "_______________________________________________________________________"
      strings[116] = ""
      changable CRI = ""
      strings[118] = "  true
"
      strings[119] = "User Name:"
      strings[120] = "  null
"
      strings[121] = "Password:"
      strings[122] = "  null
"
      strings[123] = "Isolation Level:"
      strings[124] = "  READ COMMITTED (2)
"
      strings[125] = "Catalog:"
      strings[126] = "  null
"
      strings[127] = "Schema:"
      strings[128] = "  null
"
      strings[129] = "Is Read Only?"
      strings[130] = "  null
"
      strings[131] = "Type Map:"
      strings[132] = "  null
"
      strings[133] = "Cursor Holdability:"
      strings[134] = "  DEFAULT CURSOR HOLDABILITY VALUE (0)
"
      strings[135] = "Config ID: 1
"
      strings[136] = "Hash Code:"
      strings[137] = "  1
"
      strings[138] = "Support isolation switching on connection:"
      strings[139] = "  false
"
      gssName = "
"
      strings[141] = "null
"
      gssCredential = "
"
      strings[143] = "null
"
      oracle properties = "
"
      strings[145] = "null
"
      strings[146] = "_______________________________________________________________________"
      strings[147] = ""
      strings[148] = "    First Failure Data Capture information for"
      strings[149] = "          com.ibm.ws.rsadapter.impl.WSManagedConnectionFactoryImpl@1c5e89fe"
      strings[150] = "_______________________________________________________________________"
      strings[151] = ""
      strings[152] = "com.ibm.ws.rsadapter.DSConfig@4b21cbcb"
      strings[153] = "[beginTranForResultSetScrollingAPIs, false, beginTranForVendorAPIs, true, commitOrRollbackOnCleanup, null, connectionSharing, MatchOriginalRequest, isolationLevel, 2, jndiName, jdbc/ewms, enableConnectionCasting, false, queryTimeout, null, statementCacheSize, 10, supplementalJDBCTrace, null, syncQueryTimeoutWithTransactionTimeout, false, transactional, true]"
      strings[154] = "[com.ibm.ws.classloading.internal.AppClassLoader@26a09139, true, false, interface javax.sql.XADataSource]"
      strings[155] = "{extendedDynamic=false, cursorHold=false, secure=false, password=******, translateHex=character, packageCriteria=default, lazyClose=false, translateBinary=false, queryOptimizeGoal=0, maximumScale=31, rollbackCursorHold=false, fullOpen=true, sort=hex, blockSize=32, holdStatements=false, driver=toolbox, packageCCSID=13488, naming=sql, threadUsed=true, metaDataSource=1, errors=basic, savePasswordWhenSerialized=******, cursorSensitivity=asensitive, access=all, packageAdd=true, dataTruncation=true, prefetch=true, serverName=DEVDB2.USCOLD.COM, xaLooselyCoupledSupport=0, packageCache=false, packageError=warning, minimumDivideScale=0, translateBoolean=true, extendedMetaData=false, trueAutoCommit=false, isolationLevelSwitchingSupport=false, bigDecimal=true, packageLibrary=QGPL, lobThreshold=0, bidiImplicitReordering=true, serverTraceCategories=0, dataCompression=true, maximumPrecision=31, blockCriteria=2, holdInputLocators=true, bidiNumericOrdering=false, user=EWMDEVDB2, prompt=true, remarks=system}"
      strings[156] = "DataSource Implementation Class:"
      strings[157] = "  class com.ibm.as400.access.AS400JDBCXADataSource
"
      strings[158] = "Underlying DataSource Object: com.ibm.as400.access.AS400JDBCXADataSource@42c23151"
      strings[159] = "  
"
      strings[160] = "Log Writer:"
      strings[161] = "  null
"
      strings[162] = "Counter of fatal connection errors on ManagedConnections created by this MCF:"
      strings[163] = "  1
"
    enlisted = false
    hasRollbackOccured = false
    tc = class com.ibm.websphere.ras.TraceComponent@38f026cf
      strings[0] = "TraceComponent[com.ibm.ejs.j2c.XATransactionWrapper,class com.ibm.ejs.j2c.XATransactionWrapper,[WAS.j2c],com.ibm.ws.j2c.resources.J2CAMessages,null]"
  _supportSuspend = true
  _supportResume = true
  _vote = class com.ibm.ws.Transaction.JTA.JTAResource$JTAResourceVote@32c9882d
    commit = class com.ibm.ws.Transaction.JTA.JTAResource$JTAResourceVote@38ffc18c
      commit = class com.ibm.ws.Transaction.JTA.JTAResource$JTAResourceVote@38ffc18c
      rollback = class com.ibm.ws.Transaction.JTA.JTAResource$JTAResourceVote@16e4d1b7
      readonly = class com.ibm.ws.Transaction.JTA.JTAResource$JTAResourceVote@56acff29
      heuristic = class com.ibm.ws.Transaction.JTA.JTAResource$JTAResourceVote@5da2d1cd
      none = class com.ibm.ws.Transaction.JTA.JTAResource$JTAResourceVote@32c9882d
      $VALUES = class com.ibm.ws.Transaction.JTA.JTAResource$JTAResourceVote[5]
      name = "commit"
      ordinal = 0
    rollback = class com.ibm.ws.Transaction.JTA.JTAResource$JTAResourceVote@16e4d1b7
      commit = class com.ibm.ws.Transaction.JTA.JTAResource$JTAResourceVote@38ffc18c
      rollback = class com.ibm.ws.Transaction.JTA.JTAResource$JTAResourceVote@16e4d1b7
      readonly = class com.ibm.ws.Transaction.JTA.JTAResource$JTAResourceVote@56acff29
      heuristic = class com.ibm.ws.Transaction.JTA.JTAResource$JTAResourceVote@5da2d1cd
      none = class com.ibm.ws.Transaction.JTA.JTAResource$JTAResourceVote@32c9882d
      $VALUES = class com.ibm.ws.Transaction.JTA.JTAResource$JTAResourceVote[5]
      name = "rollback"
      ordinal = 1
    readonly = class com.ibm.ws.Transaction.JTA.JTAResource$JTAResourceVote@56acff29
      commit = class com.ibm.ws.Transaction.JTA.JTAResource$JTAResourceVote@38ffc18c
      rollback = class com.ibm.ws.Transaction.JTA.JTAResource$JTAResourceVote@16e4d1b7
      readonly = class com.ibm.ws.Transaction.JTA.JTAResource$JTAResourceVote@56acff29
      heuristic = class com.ibm.ws.Transaction.JTA.JTAResource$JTAResourceVote@5da2d1cd
      none = class com.ibm.ws.Transaction.JTA.JTAResource$JTAResourceVote@32c9882d
      $VALUES = class com.ibm.ws.Transaction.JTA.JTAResource$JTAResourceVote[5]
      name = "readonly"
      ordinal = 2
    heuristic = class com.ibm.ws.Transaction.JTA.JTAResource$JTAResourceVote@5da2d1cd
      commit = class com.ibm.ws.Transaction.JTA.JTAResource$JTAResourceVote@38ffc18c
      rollback = class com.ibm.ws.Transaction.JTA.JTAResource$JTAResourceVote@16e4d1b7
      readonly = class com.ibm.ws.Transaction.JTA.JTAResource$JTAResourceVote@56acff29
      heuristic = class com.ibm.ws.Transaction.JTA.JTAResource$JTAResourceVote@5da2d1cd
      none = class com.ibm.ws.Transaction.JTA.JTAResource$JTAResourceVote@32c9882d
      $VALUES = class com.ibm.ws.Transaction.JTA.JTAResource$JTAResourceVote[5]
      name = "heuristic"
      ordinal = 3
    none = class com.ibm.ws.Transaction.JTA.JTAResource$JTAResourceVote@32c9882d
    $VALUES = class com.ibm.ws.Transaction.JTA.JTAResource$JTAResourceVote[5]
      $VALUES[0] = class com.ibm.ws.Transaction.JTA.JTAResource$JTAResourceVote@38ffc18c
      $VALUES[1] = class com.ibm.ws.Transaction.JTA.JTAResource$JTAResourceVote@16e4d1b7
      $VALUES[2] = class com.ibm.ws.Transaction.JTA.JTAResource$JTAResourceVote@56acff29
      $VALUES[3] = class com.ibm.ws.Transaction.JTA.JTAResource$JTAResourceVote@5da2d1cd
      $VALUES[4] = class com.ibm.ws.Transaction.JTA.JTAResource$JTAResourceVote@32c9882d
    name = "none"
    ordinal = 4
  _prepareXARC = 0
  _completionXARC = 0
  _completedCommit = false
  _startFlag = 0
  OUTCOME_DIAGNOSTICS = 0
  PREPARE_DIAGNOSTICS = 1
  tc = class com.ibm.ws.tx.util.logging.WASTraceComponent@26a10296
    _tc = class com.ibm.ejs.ras.TraceComponent@79b75dae
      strings[0] = "TraceComponent[com.ibm.ws.Transaction.JTA.JTAResourceBase,class com.ibm.ws.Transaction.JTA.JTAResourceBase,[Transaction],com.ibm.ws.Transaction.resources.TransactionMsgs,null]"
  tcSummary = class com.ibm.ws.tx.util.logging.WASTraceComponent@3c2f94e6
    _tc = class com.ibm.ejs.ras.TraceComponent@133ce4b
      strings[0] = "TraceComponent[com.ibm.ws.tx.util.logging.WASTr,class com.ibm.ws.tx.util.logging.WASTr,[TransactionSummary],null,null]"
  tc = class com.ibm.ws.tx.util.logging.WASTraceComponent@4609b180
    _tc = class com.ibm.ejs.ras.TraceComponent@3c2622dd
      strings[0] = "TraceComponent[com.ibm.ws.Transaction.JTA.ResourceWrapper,class com.ibm.ws.Transaction.JTA.ResourceWrapper,[Transaction],com.ibm.ws.Transaction.resources.TransactionMsgs,null]"
  _resourceStatus = 0

