------Start of DE processing------ = [9/6/17 11:37:41:081 EDT]
Exception = org.springframework.beans.factory.BeanDefinitionStoreException
Source = com.ibm.ws.webcontainer.filter.FilterInstanceWrapper.init
probeid = 111
Stack Dump = org.springframework.beans.factory.BeanDefinitionStoreException: IOException parsing XML document from class path resource [context/ApplicationContext.xml]; nested exception is java.io.FileNotFoundException: class path resource [context/ApplicationContext.xml] cannot be opened because it does not exist
	at org.springframework.beans.factory.xml.XmlBeanDefinitionReader.loadBeanDefinitions(XmlBeanDefinitionReader.java:344)
	at org.springframework.beans.factory.xml.XmlBeanDefinitionReader.loadBeanDefinitions(XmlBeanDefinitionReader.java:304)
	at org.springframework.beans.factory.support.AbstractBeanDefinitionReader.loadBeanDefinitions(AbstractBeanDefinitionReader.java:181)
	at org.springframework.beans.factory.support.AbstractBeanDefinitionReader.loadBeanDefinitions(AbstractBeanDefinitionReader.java:217)
	at org.springframework.beans.factory.support.AbstractBeanDefinitionReader.loadBeanDefinitions(AbstractBeanDefinitionReader.java:188)
	at org.springframework.web.context.support.XmlWebApplicationContext.loadBeanDefinitions(XmlWebApplicationContext.java:125)
	at org.springframework.web.context.support.XmlWebApplicationContext.loadBeanDefinitions(XmlWebApplicationContext.java:94)
	at org.springframework.context.support.AbstractRefreshableApplicationContext.refreshBeanFactory(AbstractRefreshableApplicationContext.java:129)
	at org.springframework.context.support.AbstractApplicationContext.obtainFreshBeanFactory(AbstractApplicationContext.java:614)
	at org.springframework.context.support.AbstractApplicationContext.refresh(AbstractApplicationContext.java:515)
	at org.springframework.web.context.ContextLoader.configureAndRefreshWebApplicationContext(ContextLoader.java:443)
	at org.springframework.web.context.ContextLoader.initWebApplicationContext(ContextLoader.java:325)
	at org.springframework.web.context.ContextLoaderListener.contextInitialized(ContextLoaderListener.java:107)
	at com.ibm.ws.webcontainer.webapp.WebApp.notifyServletContextCreated(WebApp.java:2428)
	at com.ibm.ws.webcontainer.webapp.WebApp.initialize(WebApp.java:1065)
	at com.ibm.ws.webcontainer.webapp.WebApp.initialize(WebApp.java:6595)
	at com.ibm.ws.webcontainer.osgi.DynamicVirtualHost.startWebApp(DynamicVirtualHost.java:468)
	at com.ibm.ws.webcontainer.osgi.DynamicVirtualHost.startWebApplication(DynamicVirtualHost.java:463)
	at com.ibm.ws.webcontainer.osgi.WebContainer.startWebApplication(WebContainer.java:1120)
	at com.ibm.ws.webcontainer.osgi.WebContainer.access$000(WebContainer.java:104)
	at com.ibm.ws.webcontainer.osgi.WebContainer$2.run(WebContainer.java:932)
	at java.util.concurrent.Executors$RunnableAdapter.call(Unknown Source)
	at java.util.concurrent.FutureTask.run(Unknown Source)
	at java.util.concurrent.ThreadPoolExecutor.runWorker(Unknown Source)
	at java.util.concurrent.ThreadPoolExecutor$Worker.run(Unknown Source)
	at java.lang.Thread.run(Unknown Source)
Caused by: java.io.FileNotFoundException: class path resource [context/ApplicationContext.xml] cannot be opened because it does not exist
	at org.springframework.core.io.ClassPathResource.getInputStream(ClassPathResource.java:172)
	at org.springframework.beans.factory.xml.XmlBeanDefinitionReader.loadBeanDefinitions(XmlBeanDefinitionReader.java:330)
	... 25 more

Dump of callerThis
Object type = com.ibm.ws.webcontainer.filter.FilterInstanceWrapper
  FILTER_STATE_UNINITIALIZED = 0
  FILTER_STATE_INITIALIZING = 1
  FILTER_STATE_AVAILABLE = 2
  FILTER_STATE_DESTROYING = 3
  FILTER_STATE_DESTROYED = 4
  FILTER_STATE_UNAVAILABLE = 5
  _filterName = "springSecurityFilterChain"
  _filterInstance = class org.springframework.web.filter.DelegatingFilterProxy@3260fe2c
    contextAttribute = null
    webApplicationContext = null
    targetBeanName = "springSecurityFilterChain"
    targetFilterLifecycle = false
    delegate = null
    delegateMonitor = class java.lang.Object@241407d2
    logger = class org.apache.commons.logging.impl.Log4JLogger@5d22e9f6
      serialVersionUID = 5160705895411730424
      FQCN = "org.apache.commons.logging.impl.Log4JLogger"
      logger = class org.apache.log4j.Logger@48f7d0b7
      name = "org.springframework.web.filter.DelegatingFilterProxy"
      traceLevel = class org.apache.log4j.Level@1642f84b
      class$org$apache$commons$logging$impl$Log4JLogger = class java.lang.Class@b33f26d
      class$org$apache$log4j$Level = class java.lang.Class@3136ee1a
      class$org$apache$log4j$Priority = class java.lang.Class@433944c4
    beanName = null
    environment = null
    servletContext = null
    filterConfig = class com.ibm.ws.webcontainer.filter.FilterConfig@44a7bd03
    requiredProperties = class java.util.HashSet@34e02b0d
      serialVersionUID = -5024744406713321676
      map = class java.util.HashMap@4c5964ec
      PRESENT = class java.lang.Object@3678d990
      MAX_ARRAY_SIZE = 2147483639
  _filterState = 1
  nServicing = class java.util.concurrent.atomic.AtomicInteger@14139aab
    serialVersionUID = 6214790243416807050
    unsafe = class sun.misc.Unsafe@2b306b96
      theUnsafe = class sun.misc.Unsafe@2b306b96
      INVALID_FIELD_OFFSET = -1
      ARRAY_BOOLEAN_BASE_OFFSET = 16
      ARRAY_BYTE_BASE_OFFSET = 16
      ARRAY_SHORT_BASE_OFFSET = 16
      ARRAY_CHAR_BASE_OFFSET = 16
      ARRAY_INT_BASE_OFFSET = 16
      ARRAY_LONG_BASE_OFFSET = 16
      ARRAY_FLOAT_BASE_OFFSET = 16
      ARRAY_DOUBLE_BASE_OFFSET = 16
      ARRAY_OBJECT_BASE_OFFSET = 16
      ARRAY_BOOLEAN_INDEX_SCALE = 1
      ARRAY_BYTE_INDEX_SCALE = 1
      ARRAY_SHORT_INDEX_SCALE = 2
      ARRAY_CHAR_INDEX_SCALE = 2
      ARRAY_INT_INDEX_SCALE = 4
      ARRAY_LONG_INDEX_SCALE = 8
      ARRAY_FLOAT_INDEX_SCALE = 4
      ARRAY_DOUBLE_INDEX_SCALE = 8
      ARRAY_OBJECT_INDEX_SCALE = 4
      ADDRESS_SIZE = 8
    valueOffset = 12
    value = 0
    serialVersionUID = -8742448824652078965
  logger = class com.ibm.ws.logging.internal.WsLogger@7bda73ae
    tc = class com.ibm.websphere.ras.TraceComponent@72e12ea2
      strings[0] = "TraceComponent[com.ibm.ws.logging.internal.WsLogger,class com.ibm.ws.logging.internal.WsLogger,[logging],com.ibm.ws.logging.internal.resources.LoggingMessages,null]"
    ivCachedResourceBundleName = null
    ivCachedResourceBundle = null
    ivComponent = null
    ivOrganization = null
    ivProduct = null
    ivMinimumLocalizationLevelIntValue = 625
    ivTC = class com.ibm.websphere.ras.TraceComponent@48b16c46
      strings[0] = "TraceComponent[com.ibm.ws.webcontainer.filter,class com.ibm.wsspi.webcontainer.logging.LoggerFactory$1,[com.ibm.ws.webcontainer.filter],null,null]"
    loggerRegistrationComponent = class java.lang.ThreadLocal@35c222e4
      threadLocalHashCode = 1675452296
      nextHashCode = class java.util.concurrent.atomic.AtomicInteger@6b1f1ce4
      HASH_INCREMENT = 1640531527
    emptyHandlers = class java.util.logging.Handler[0]
    offValue = 2147483647
    SYSTEM_LOGGER_RB_NAME = "sun.util.logging.resources.logging"
    SYSTEM_BUNDLE = class java.util.logging.Logger$LoggerBundle@3595306d
      resourceBundleName = "sun.util.logging.resources.logging"
      userBundle = null
    NO_RESOURCE_BUNDLE = class java.util.logging.Logger$LoggerBundle@39261fa0
      resourceBundleName = null
      userBundle = null
    manager = class com.ibm.ws.kernel.boot.logging.WsLogManager@777435a8
      CLASS_NAME = "com.ibm.ws.kernel.boot.logging.WsLogManager"
      CONFIGURE_BY_SERVER_PROPERTY_NAME = "java.util.logging.configureByServer"
      CONFIGURE_BY_LOGGING_PROPERTIES_FILE = "java.util.logging.configureByLoggingPropertiesFile"
      configureByServer = true
      configureByLoggingProperties = false
      wsLogger = class java.lang.reflect.Constructor@68123b7a
      resetEnabled = true
      manager = class com.ibm.ws.kernel.boot.logging.WsLogManager@777435a8
      props = class java.util.Properties@f8d7020
      defaultLevel = class java.util.logging.Level@5eb48a87
      listenerMap = class java.util.HashMap@3df20bba
      systemContext = class java.util.logging.LogManager$SystemLoggerContext@1f25a7e3
      userContext = class java.util.logging.LogManager$LoggerContext@66159696
      rootLogger = class java.util.logging.LogManager$RootLogger@756103b5
      readPrimordialConfiguration = true
      initializedGlobalHandlers = true
      deathImminent = false
      initializedCalled = true
      initializationDone = true
      contextsMap = null
      loggerRefQueue = class java.lang.ref.ReferenceQueue@27de604
      MAX_ITERATIONS = 400
      controlPermission = class java.util.logging.LoggingPermission@2f7f922a
      loggingMXBean = null
      LOGGING_MXBEAN_NAME = "java.util.logging:type=Logging"
      $assertionsDisabled = true
    name = "com.ibm.ws.webcontainer.filter"
    handlers = class java.util.concurrent.CopyOnWriteArrayList@6b82ece1
      serialVersionUID = 8673264195747942595
      lock = class java.util.concurrent.locks.ReentrantLock@1c3a8f4e
      array = class java.lang.Object[0]
      UNSAFE = class sun.misc.Unsafe@2b306b96
      lockOffset = 12
    loggerBundle = class java.util.logging.Logger$LoggerBundle@436da53c
      resourceBundleName = "com.ibm.ws.webcontainer.resources.Messages"
      userBundle = null
    useParentHandlers = true
    filter = null
    anonymous = false
    catalog = class com.ibm.ws.webcontainer.resources.Messages@33d57968
      resources = class [Ljava.lang.Object;[332]
      lookup = class java.util.HashMap@470d07c1
      INITIAL_CACHE_SIZE = 32
      NONEXISTENT_BUNDLE = class java.util.ResourceBundle$1@3df976c
      cacheList = class java.util.concurrent.ConcurrentHashMap@48674311
      referenceQueue = class java.lang.ref.ReferenceQueue@4fd885ae
      parent = null
      locale = class java.util.Locale@3c945d1e
      name = "com.ibm.ws.webcontainer.resources.Messages"
      expired = false
      cacheKey = class java.util.ResourceBundle$CacheKey@38b75efb
      keySet = null
      providers = null
      $assertionsDisabled = true
    catalogName = "com.ibm.ws.webcontainer.resources.Messages"
    catalogLocale = class java.util.Locale@465d65ab
      LOCALECACHE = class java.util.Locale$Cache@3417536d
      ENGLISH = class java.util.Locale@3cca8ec
      FRENCH = class java.util.Locale@25282385
      GERMAN = class java.util.Locale@3100b4fa
      ITALIAN = class java.util.Locale@3f02158c
      JAPANESE = class java.util.Locale@596f5148
      KOREAN = class java.util.Locale@3d3f75eb
      CHINESE = class java.util.Locale@92ca1d2
      SIMPLIFIED_CHINESE = class java.util.Locale@26ad7b0e
      TRADITIONAL_CHINESE = class java.util.Locale@5eb8b82
      FRANCE = class java.util.Locale@433d26f9
      GERMANY = class java.util.Locale@2f732d7d
      ITALY = class java.util.Locale@624b4696
      JAPAN = class java.util.Locale@3b2576c6
      KOREA = class java.util.Locale@110595b5
      CHINA = class java.util.Locale@26ad7b0e
      PRC = class java.util.Locale@26ad7b0e
      TAIWAN = class java.util.Locale@5eb8b82
      UK = class java.util.Locale@272b4a2d
      US = class java.util.Locale@465d65ab
      CANADA = class java.util.Locale@1fecc7a8
      CANADA_FRENCH = class java.util.Locale@f6f01d5
      ROOT = class java.util.Locale@3c945d1e
      PRIVATE_USE_EXTENSION = x
      UNICODE_LOCALE_EXTENSION = u
      serialVersionUID = 9149081749638150636
      DISPLAY_LANGUAGE = 0
      DISPLAY_COUNTRY = 1
      DISPLAY_VARIANT = 2
      DISPLAY_SCRIPT = 3
      baseLocale = class sun.util.locale.BaseLocale@4ffdcbe0
      localeExtensions = null
      hashCodeValue = 96636889
      defaultLocale = class java.util.Locale@465d65ab
      defaultDisplayLocale = null
      defaultFormatLocale = class java.util.Locale@465d65ab
      languageTag = "en-US"
      serialPersistentFields = class java.io.ObjectStreamField[6]
      isoLanguages = null
      isoCountries = null
      $assertionsDisabled = true
    treeLock = class java.lang.Object@1052c1bd
    parent = class com.ibm.ws.logging.internal.WsLogger@6cce5ffb
      tc = class com.ibm.websphere.ras.TraceComponent@72e12ea2
      ivCachedResourceBundleName = "com.ibm.ws.webcontainer.resources.Messages"
      ivCachedResourceBundle = class com.ibm.ws.webcontainer.resources.Messages@48d0c98d
      ivComponent = null
      ivOrganization = null
      ivProduct = null
      ivMinimumLocalizationLevelIntValue = 625
      ivTC = class com.ibm.websphere.ras.TraceComponent@4aef04c1
      loggerRegistrationComponent = class java.lang.ThreadLocal@35c222e4
      emptyHandlers = class java.util.logging.Handler[0]
      offValue = 2147483647
      SYSTEM_LOGGER_RB_NAME = "sun.util.logging.resources.logging"
      SYSTEM_BUNDLE = class java.util.logging.Logger$LoggerBundle@3595306d
      NO_RESOURCE_BUNDLE = class java.util.logging.Logger$LoggerBundle@39261fa0
      manager = class com.ibm.ws.kernel.boot.logging.WsLogManager@777435a8
      name = "com.ibm.ws.webcontainer"
      handlers = class java.util.concurrent.CopyOnWriteArrayList@64e16f67
      loggerBundle = class java.util.logging.Logger$LoggerBundle@c291ab2
      useParentHandlers = true
      filter = null
      anonymous = false
      catalog = class com.ibm.ws.webcontainer.resources.Messages@48d0c98d
      catalogName = "com.ibm.ws.webcontainer.resources.Messages"
      catalogLocale = class java.util.Locale@465d65ab
      treeLock = class java.lang.Object@1052c1bd
      parent = class java.util.logging.Logger@255c100d
      kids = class java.util.ArrayList@5ae37851
      levelObject = class java.util.logging.Level@5eb48a87
      levelValue = 800
      callersClassLoaderRef = class java.lang.ref.WeakReference@3596be3d
      isSystemLogger = false
      GLOBAL_LOGGER_NAME = "global"
      global = class java.util.logging.Logger@7530a43e
      $assertionsDisabled = true
    kids = null
    levelObject = class java.util.logging.Level@5eb48a87
      defaultBundle = "sun.util.logging.resources.logging"
      name = "INFO"
      value = 800
      resourceBundleName = "sun.util.logging.resources.logging"
      localizedLevelName = "INFO"
      cachedLocale = class java.util.Locale@465d65ab
      OFF = class java.util.logging.Level@73497d19
      SEVERE = class java.util.logging.Level@639be914
      WARNING = class java.util.logging.Level@32e50696
      INFO = class java.util.logging.Level@5eb48a87
      CONFIG = class java.util.logging.Level@a9a4062
      FINE = class java.util.logging.Level@3203559d
      FINER = class java.util.logging.Level@eecc980
      FINEST = class java.util.logging.Level@1427af7d
      ALL = class java.util.logging.Level@4c6664cb
      serialVersionUID = -8176160795706313070
    levelValue = 800
    callersClassLoaderRef = class java.lang.ref.WeakReference@7d912b00
      referent = class org.eclipse.osgi.internal.loader.EquinoxClassLoader@3413f887
      queue = class java.lang.ref.ReferenceQueue$Null@5d800efb
      next = null
      discovered = null
      lock = class java.lang.ref.Reference$Lock@75506c2
      pending = null
    isSystemLogger = false
    GLOBAL_LOGGER_NAME = "global"
    global = class java.util.logging.Logger@7530a43e
      emptyHandlers = class java.util.logging.Handler[0]
      offValue = 2147483647
      SYSTEM_LOGGER_RB_NAME = "sun.util.logging.resources.logging"
      SYSTEM_BUNDLE = class java.util.logging.Logger$LoggerBundle@3595306d
      NO_RESOURCE_BUNDLE = class java.util.logging.Logger$LoggerBundle@39261fa0
      manager = class com.ibm.ws.kernel.boot.logging.WsLogManager@777435a8
      name = "global"
      handlers = class java.util.concurrent.CopyOnWriteArrayList@63db7e7e
      loggerBundle = class java.util.logging.Logger$LoggerBundle@39261fa0
      useParentHandlers = true
      filter = null
      anonymous = false
      catalog = null
      catalogName = null
      catalogLocale = null
      treeLock = class java.lang.Object@1052c1bd
      parent = class java.util.logging.LogManager$RootLogger@756103b5
      kids = null
      levelObject = null
      levelValue = 800
      callersClassLoaderRef = null
      isSystemLogger = true
      GLOBAL_LOGGER_NAME = "global"
      global = class java.util.logging.Logger@7530a43e
      $assertionsDisabled = true
    $assertionsDisabled = true
  CLASS_NAME = "com.ibm.ws.webcontainer.filter.FilterInstanceWrapper"
  _filterEvent = null
  _filterConfig = class com.ibm.ws.webcontainer.filter.FilterConfig@44a7bd03
    tc = class com.ibm.websphere.ras.TraceComponent@2a07d808
      strings[0] = "TraceComponent[com.ibm.ws.webcontainer.filter.FilterConfig,class com.ibm.ws.webcontainer.filter.FilterConfig,[webcontainer],com.ibm.ws.webcontainer.resources.LShimMessages,null]"
    dispatchMode = null
    filterClassLoader = null
    isInternal = false
    webAppConfig = class com.ibm.ws.webcontainer.osgi.webapp.WebAppConfiguration@35f4e69b
      webModuleMetaData = class com.ibm.ws.webcontainer.osgi.metadata.WebModuleMetaDataImpl@6f04bbb7
      webComponentMetaData = class com.ibm.ws.webcontainer.osgi.metadata.WebComponentMetaDataImpl@4db1b4fc
      dVirtualHost = class com.ibm.ws.webcontainer.osgi.DynamicVirtualHost@ba1cf4e
      orderedLibPaths = class java.util.Collections$UnmodifiableRandomAccessList@5a4d8006
      bundleHeaders = null
      cdiEnabled = false
      CLASS_NAME = "com.ibm.ws.webcontainer.webapp.WebAppConfiguration"
      logger = class com.ibm.ws.logging.internal.WsLogger@73185ef9
      tc = class com.ibm.websphere.ras.TraceComponent@12aed54e
      nls = class com.ibm.ejs.ras.TraceNLS@7ea1668d
      version = 30
      contextRoot = "/web"
      sessionTimeout = 120
      moduleSessionTimeoutSet = true
      moduleSessionTrackingModeSet = false
      sessionCookieConfig = class com.ibm.ws.session.SessionCookieConfigImpl@5146718b
      hasProgrammaticCookieConfig = false
      sessionDefaultTrackingModeSet = class java.util.RegularEnumSet@421327a6
      sessionManagerConfig = class com.ibm.ws.session.SessionManagerConfig@4eb9ce39
      displayName = "USCS.eWMS"
      description = null
      reloadInterval = 0
      distributable = true
      denyUncoveredHttpMethods = false
      reloadingEnabled = false
      serveServletsByClassnameEnabled = false
      defaultErrorPage = null
      additionalClassPath = null
      fileServingEnabled = null
      directoryBrowsingEnabled = false
      autoRequestEncoding = false
      autoResponseEncoding = false
      autoLoadFilters = false
      requestListeners = null
      requestAttributeListeners = null
      sessionListeners = null
      localeMap = null
      moduleName = "web"
      j2eeModuleName = "web.war"
      moduleId = null
      isSyncToThreadEnabled = false
      encodeDispatchedRequestURI = false
      isSystemApp = false
      ardEnabled = false
      ardDispatchType = null
      listeners = class java.util.ArrayList@6a462d21
      welcomeFileList = class java.util.ArrayList@2a1062c1
      servletMappings = class java.util.HashMap@48388421
      lastIndexBeforeDeclaredFilters = 0
      filterMappings = class java.util.ArrayList@13cda497
      servletInfo = class java.util.HashMap@48b9acea
      filterInfo = class java.util.HashMap@6116c956
      mimeMappings = class java.util.HashMap@6d0340d9
      mimeFilters = null
      isMimeFilteringEnabled = false
      theWebGroup = null
      jspAttributes = class java.util.HashMap@1394a8f2
      fileServingAttributes = class java.util.HashMap@16cf9896
      invokerAttributes = class java.util.HashMap@41c4bf60
      contextParams = class java.util.HashMap@36363a09
      virtualHost = "default_host"
      exceptionErrorPages = class java.util.HashMap@d3c705
      codeErrorPages = class java.util.HashMap@6ab2f4a1
      tagLibList = null
      precompileJsps = false
      webApp = class com.ibm.ws.webcontainer.osgi.webapp.WebApp@431b39c0
      virtualHostList = class java.util.Collections$EmptyList@57f4932b
      appStartupWeight = 0
      moduleStartupWeight = 0
      metaDataComplete = false
      classesToScan = class java.util.ArrayList@ee96928
      uriFilterMappingInfos = class java.util.ArrayList@67e49c8
      servletFilterMappingInfos = null
      dynamicServletRegistrationMap = null
      applicationName = "web"
      libBinPathList = null
      webXmlDefinedListeners = class java.util.HashSet@908ec8e
      allRefs = class java.util.EnumMap@17fdf945
      allRefBindings = class java.util.EnumMap@6a9700e7
      envEntryValues = class java.util.HashMap@2ff294b4
      resourceRefConfigList = null
      disallowAllFileServingProp = "false"
      disallowServeServletsByClassnameProp = "true"
      disableStaticMappingCache = false
      jspCachedLocations = class java.util.HashMap@61506158
      primedSTSHeader = "NoValue"
      enablemultireadofpostdata = false
      _id = "WebAppGeneratedId2"
      _attributes = null
      serialVersionUID = 7511545662945734886
      $$$tc$$$ = class com.ibm.websphere.ras.TraceComponent@66672f0d
    filter = null
    filterClass = null
    urlPatternMappings = class java.util.ArrayList@2cda0620
      serialVersionUID = 8683452581122892189
      DEFAULT_CAPACITY = 10
      EMPTY_ELEMENTDATA = class java.lang.Object[0]
      DEFAULTCAPACITY_EMPTY_ELEMENTDATA = class java.lang.Object[0]
      elementData = class java.lang.Object[10]
      size = 1
      MAX_ARRAY_SIZE = 2147483639
      modCount = 1
      MAX_ARRAY_SIZE = 2147483639
    servletNameMappings = null
    nls = class com.ibm.ejs.ras.TraceNLS@5bb5d7c3
      resolver = class com.ibm.ws.logging.internal.TraceNLSResolver@6a87bbbf
      finder = class com.ibm.ws.logging.internal.StackFinder@76f8142e
      ivBundleName = "com.ibm.ws.webcontainer.resources.Messages"
      caller = class java.lang.Class@2ca1ce9e
    logger = class com.ibm.ws.logging.internal.WsLogger@50b4ffed
      tc = class com.ibm.websphere.ras.TraceComponent@72e12ea2
      ivCachedResourceBundleName = "com.ibm.ws.webcontainer.resources.Messages"
      ivCachedResourceBundle = class com.ibm.ws.webcontainer.resources.Messages@48d0c98d
      ivComponent = null
      ivOrganization = null
      ivProduct = null
      ivMinimumLocalizationLevelIntValue = 625
      ivTC = class com.ibm.websphere.ras.TraceComponent@147201f8
      loggerRegistrationComponent = class java.lang.ThreadLocal@35c222e4
      emptyHandlers = class java.util.logging.Handler[0]
      offValue = 2147483647
      SYSTEM_LOGGER_RB_NAME = "sun.util.logging.resources.logging"
      SYSTEM_BUNDLE = class java.util.logging.Logger$LoggerBundle@3595306d
      NO_RESOURCE_BUNDLE = class java.util.logging.Logger$LoggerBundle@39261fa0
      manager = class com.ibm.ws.kernel.boot.logging.WsLogManager@777435a8
      name = "com.ibm.ws.webcontainer.servlet"
      handlers = class java.util.concurrent.CopyOnWriteArrayList@3b7885c3
      loggerBundle = class java.util.logging.Logger$LoggerBundle@4b6a343e
      useParentHandlers = true
      filter = null
      anonymous = false
      catalog = class com.ibm.ws.webcontainer.resources.Messages@48d0c98d
      catalogName = "com.ibm.ws.webcontainer.resources.Messages"
      catalogLocale = class java.util.Locale@465d65ab
      treeLock = class java.lang.Object@1052c1bd
      parent = class com.ibm.ws.logging.internal.WsLogger@6cce5ffb
      kids = null
      levelObject = class java.util.logging.Level@5eb48a87
      levelValue = 800
      callersClassLoaderRef = class java.lang.ref.WeakReference@3a619808
      isSystemLogger = false
      GLOBAL_LOGGER_NAME = "global"
      global = class java.util.logging.Logger@7530a43e
      $assertionsDisabled = true
    CLASS_NAME = "com.ibm.ws.webcontainer.servlet.TargetConfig"
    initParams = null
    fileName = null
    displayName = "FilterGeneratedId2"
    name = "springSecurityFilterChain"
    description = null
    smallIcon = null
    largeIcon = null
    context = class com.ibm.wsspi.webcontainer.facade.ServletContextFacade@489f65ea
      context = class com.ibm.ws.webcontainer.osgi.webapp.WebApp@431b39c0
    className = "org.springframework.web.filter.DelegatingFilterProxy"
    asyncSupported = false
    _id = "FilterGeneratedId2"
    _attributes = null
    serialVersionUID = 7511545662945734886
    $$$tc$$$ = class com.ibm.websphere.ras.TraceComponent@66672f0d
      strings[0] = "TraceComponent[com.ibm.ws.container.BaseConfiguration,class com.ibm.ws.container.BaseConfiguration,[],null,null]"
  _eventSource = class com.ibm.ws.webcontainer.webapp.WebAppEventSource@45734694
    _invocationListeners = class com.ibm.ws.webcontainer.util.EventListeners@144448c5
      EMPTY_LISTENERS = interface java.util.EventListener[0]
      logger = class com.ibm.ws.logging.internal.WsLogger@2f9472d9
      CLASS_NAME = "com.ibm.ws.webcontainer.util.EventListeners"
      listeners = interface java.util.EventListener[0]
    _servletListeners = class com.ibm.ws.webcontainer.util.EventListeners@55c06ea7
      EMPTY_LISTENERS = interface java.util.EventListener[0]
      logger = class com.ibm.ws.logging.internal.WsLogger@2f9472d9
      CLASS_NAME = "com.ibm.ws.webcontainer.util.EventListeners"
      listeners = interface java.util.EventListener[0]
    _errorListeners = class com.ibm.ws.webcontainer.util.EventListeners@28820042
      EMPTY_LISTENERS = interface java.util.EventListener[0]
      logger = class com.ibm.ws.logging.internal.WsLogger@2f9472d9
      CLASS_NAME = "com.ibm.ws.webcontainer.util.EventListeners"
      listeners = interface java.util.EventListener[0]
    _applicationListeners = class com.ibm.ws.webcontainer.util.EventListeners@603b803b
      EMPTY_LISTENERS = interface java.util.EventListener[0]
      logger = class com.ibm.ws.logging.internal.WsLogger@2f9472d9
      CLASS_NAME = "com.ibm.ws.webcontainer.util.EventListeners"
      listeners = interface java.util.EventListener[0]
    _filterInvocationListeners = class com.ibm.ws.webcontainer.util.EventListeners@560fee99
      EMPTY_LISTENERS = interface java.util.EventListener[0]
      logger = class com.ibm.ws.logging.internal.WsLogger@2f9472d9
      CLASS_NAME = "com.ibm.ws.webcontainer.util.EventListeners"
      listeners = interface java.util.EventListener[0]
    _filterListeners = class com.ibm.ws.webcontainer.util.EventListeners@6c07a9
      EMPTY_LISTENERS = interface java.util.EventListener[0]
      logger = class com.ibm.ws.logging.internal.WsLogger@2f9472d9
      CLASS_NAME = "com.ibm.ws.webcontainer.util.EventListeners"
      listeners = interface java.util.EventListener[0]
    _filterErrorListeners = class com.ibm.ws.webcontainer.util.EventListeners@38d487f6
      EMPTY_LISTENERS = interface java.util.EventListener[0]
      logger = class com.ibm.ws.logging.internal.WsLogger@2f9472d9
      CLASS_NAME = "com.ibm.ws.webcontainer.util.EventListeners"
      listeners = interface java.util.EventListener[0]
  _managedObject = class com.ibm.ws.managedobject.internal.ManagedObjectImpl@197e0abd
    object = "<sensitive org.springframework.web.filter.DelegatingFilterProxy@3260fe2c>"
    serialVersionUID = -5603642874755101089
    $$$tc$$$ = class com.ibm.websphere.ras.TraceComponent@1c0c30fc
      strings[0] = "TraceComponent[com.ibm.ws.managedobject.internal.ManagedObjectImpl,class com.ibm.ws.managedobject.internal.ManagedObjectImpl,[],null,null]"

