------Start of DE processing------ = [9/8/17 13:34:59:786 EDT]
Exception = org.springframework.beans.factory.BeanCreationException
Source = com.ibm.ws.webcontainer.servlet.ServletWrapper.init
probeid = 181
Stack Dump = org.springframework.beans.factory.BeanCreationException: Error creating bean with name 'EWMSUserDetailsServiceImpl': Failed to introspect bean class [com.uscs.ewms.usermgmnt.security.service.EWMSUserDetailsServiceImpl] for lookup method metadata: could not find class that it depends on; nested exception is java.lang.NoClassDefFoundError: com/uscs/ewms/usermgmnt/model/User
	at org.springframework.beans.factory.annotation.AutowiredAnnotationBeanPostProcessor.determineCandidateConstructors(AutowiredAnnotationBeanPostProcessor.java:269)
	at org.springframework.beans.factory.support.AbstractAutowireCapableBeanFactory.determineConstructorsFromBeanPostProcessors(AbstractAutowireCapableBeanFactory.java:1118)
	at org.springframework.beans.factory.support.AbstractAutowireCapableBeanFactory.createBeanInstance(AbstractAutowireCapableBeanFactory.java:1091)
	at org.springframework.beans.factory.support.AbstractAutowireCapableBeanFactory.doCreateBean(AbstractAutowireCapableBeanFactory.java:513)
	at org.springframework.beans.factory.support.AbstractAutowireCapableBeanFactory.createBean(AbstractAutowireCapableBeanFactory.java:483)
	at org.springframework.beans.factory.support.AbstractBeanFactory$1.getObject(AbstractBeanFactory.java:306)
	at org.springframework.beans.factory.support.DefaultSingletonBeanRegistry.getSingleton(DefaultSingletonBeanRegistry.java:230)
	at org.springframework.beans.factory.support.AbstractBeanFactory.doGetBean(AbstractBeanFactory.java:302)
	at org.springframework.beans.factory.support.AbstractBeanFactory.getBean(AbstractBeanFactory.java:197)
	at org.springframework.beans.factory.support.DefaultListableBeanFactory.preInstantiateSingletons(DefaultListableBeanFactory.java:761)
	at org.springframework.context.support.AbstractApplicationContext.finishBeanFactoryInitialization(AbstractApplicationContext.java:867)
	at org.springframework.context.support.AbstractApplicationContext.refresh(AbstractApplicationContext.java:543)
	at org.springframework.web.context.ContextLoader.configureAndRefreshWebApplicationContext(ContextLoader.java:443)
	at org.springframework.web.context.ContextLoader.initWebApplicationContext(ContextLoader.java:325)
	at org.springframework.web.context.ContextLoaderListener.contextInitialized(ContextLoaderListener.java:107)
	at com.ibm.ws.webcontainer.webapp.WebApp.notifyServletContextCreated(WebApp.java:2428)
	at com.ibm.ws.webcontainer.webapp.WebApp.initialize(WebApp.java:1065)
	at com.ibm.ws.webcontainer.webapp.WebApp.initialize(WebApp.java:6595)
	at com.ibm.ws.webcontainer.osgi.DynamicVirtualHost.startWebApp(DynamicVirtualHost.java:468)
	at com.ibm.ws.webcontainer.osgi.DynamicVirtualHost.startWebApplication(DynamicVirtualHost.java:463)
	at com.ibm.ws.webcontainer.osgi.WebContainer.startWebApplication(WebContainer.java:1120)
	at com.ibm.ws.webcontainer.osgi.WebContainer.access$000(WebContainer.java:104)
	at com.ibm.ws.webcontainer.osgi.WebContainer$2.run(WebContainer.java:932)
	at java.util.concurrent.Executors$RunnableAdapter.call(Unknown Source)
	at java.util.concurrent.FutureTask.run(Unknown Source)
	at java.util.concurrent.ThreadPoolExecutor.runWorker(Unknown Source)
	at java.util.concurrent.ThreadPoolExecutor$Worker.run(Unknown Source)
	at java.lang.Thread.run(Unknown Source)
Caused by: java.lang.NoClassDefFoundError: com/uscs/ewms/usermgmnt/model/User
	at java.lang.Class.getDeclaredMethods0(Native Method)
	at java.lang.Class.privateGetDeclaredMethods(Unknown Source)
	at java.lang.Class.getDeclaredMethods(Unknown Source)
	at org.springframework.util.ReflectionUtils.getDeclaredMethods(ReflectionUtils.java:613)
	at org.springframework.util.ReflectionUtils.doWithMethods(ReflectionUtils.java:524)
	at org.springframework.util.ReflectionUtils.doWithMethods(ReflectionUtils.java:510)
	at org.springframework.beans.factory.annotation.AutowiredAnnotationBeanPostProcessor.determineCandidateConstructors(AutowiredAnnotationBeanPostProcessor.java:247)
	... 27 more
Caused by: java.lang.ClassNotFoundException: com.uscs.ewms.usermgmnt.model.User
	at java.net.URLClassLoader.findClass(Unknown Source)
	at java.lang.ClassLoader.loadClass(Unknown Source)
	at sun.misc.Launcher$AppClassLoader.loadClass(Unknown Source)
	at java.lang.ClassLoader.loadClass(Unknown Source)
	at java.lang.ClassLoader.findSystemClass(Unknown Source)
	at com.ibm.ws.classloading.internal.GatewayClassLoader.loadClass(GatewayClassLoader.java:179)
	at java.lang.ClassLoader.loadClass(Unknown Source)
	at com.ibm.ws.classloading.internal.ParentLastClassLoader.findOrDelegateLoadClass(ParentLastClassLoader.java:87)
	at com.ibm.ws.classloading.internal.AppClassLoader.loadClass(AppClassLoader.java:449)
	at com.ibm.ws.classloading.internal.ParentLastClassLoader.loadClass(ParentLastClassLoader.java:51)
	... 34 more

Dump of callerThis
Object type = com.ibm.ws.webcontainer.osgi.servlet.ServletWrapper
  serialVersionUID = 1
  _mo = class com.ibm.ws.managedobject.internal.ManagedObjectImpl@7f81a348
    object = "<sensitive org.springframework.web.servlet.DispatcherServlet@4b5a315a>"
    serialVersionUID = -5603642874755101089
    $$$tc$$$ = class com.ibm.websphere.ras.TraceComponent@5bfea3bc
      strings[0] = "TraceComponent[com.ibm.ws.managedobject.internal.ManagedObjectImpl,class com.ibm.ws.managedobject.internal.ManagedObjectImpl,[],null,null]"
  serialVersionUID = -4479626085298397598
  notifyInvocationListeners = false
  UNINITIALIZED_STATE = -1
  AVAILABLE_STATE = 0
  UNAVAILABLE_STATE = 1
  UNAVAILABLE_PERMANENTLY_STATE = 2
  collabHelper = class com.ibm.ws.webcontainer.osgi.collaborator.CollaboratorHelperImpl@76bdf562
    webAppInvCollabs = class java.util.Collections$UnmodifiableSet@45b8d42c
      serialVersionUID = -9215047833775013803
      serialVersionUID = 1820017752578914078
      c = class java.util.concurrent.CopyOnWriteArraySet@614c3995
    securityDomainForApp = null
    logger = class com.ibm.ws.logging.internal.WsLogger@3f571613
      tc = class com.ibm.websphere.ras.TraceComponent@17e896ac
      ivCachedResourceBundleName = null
      ivCachedResourceBundle = null
      ivComponent = null
      ivOrganization = null
      ivProduct = null
      ivMinimumLocalizationLevelIntValue = 625
      ivTC = class com.ibm.websphere.ras.TraceComponent@2269eb7f
      loggerRegistrationComponent = class java.lang.ThreadLocal@7ed67553
      emptyHandlers = class java.util.logging.Handler[0]
      offValue = 2147483647
      SYSTEM_LOGGER_RB_NAME = "sun.util.logging.resources.logging"
      SYSTEM_BUNDLE = class java.util.logging.Logger$LoggerBundle@42765569
      NO_RESOURCE_BUNDLE = class java.util.logging.Logger$LoggerBundle@3ad0e41c
      manager = class com.ibm.ws.kernel.boot.logging.WsLogManager@56859d73
      name = "com.ibm.ws.webcontainer.collaborator"
      handlers = class java.util.concurrent.CopyOnWriteArrayList@2de5323b
      loggerBundle = class java.util.logging.Logger$LoggerBundle@7f4a6f29
      useParentHandlers = true
      filter = null
      anonymous = false
      catalog = class com.ibm.ws.webcontainer.resources.Messages@7384359
      catalogName = "com.ibm.ws.webcontainer.resources.Messages"
      catalogLocale = class java.util.Locale@56543c64
      treeLock = class java.lang.Object@2c404dd8
      parent = class com.ibm.ws.logging.internal.WsLogger@177f32a3
      kids = null
      levelObject = class java.util.logging.Level@32eb3c6e
      levelValue = 800
      callersClassLoaderRef = class java.lang.ref.WeakReference@63e14eec
      isSystemLogger = false
      GLOBAL_LOGGER_NAME = "global"
      global = class java.util.logging.Logger@5aff747
      $assertionsDisabled = true
    staticDefaultSecurityCollaborator = class com.ibm.ws.webcontainer.collaborator.WebAppSecurityCollaborator@340e600a
    logger = class com.ibm.ws.logging.internal.WsLogger@611b280e
      tc = class com.ibm.websphere.ras.TraceComponent@17e896ac
      ivCachedResourceBundleName = null
      ivCachedResourceBundle = null
      ivComponent = null
      ivOrganization = null
      ivProduct = null
      ivMinimumLocalizationLevelIntValue = 625
      ivTC = class com.ibm.websphere.ras.TraceComponent@fd9fec
      loggerRegistrationComponent = class java.lang.ThreadLocal@7ed67553
      emptyHandlers = class java.util.logging.Handler[0]
      offValue = 2147483647
      SYSTEM_LOGGER_RB_NAME = "sun.util.logging.resources.logging"
      SYSTEM_BUNDLE = class java.util.logging.Logger$LoggerBundle@42765569
      NO_RESOURCE_BUNDLE = class java.util.logging.Logger$LoggerBundle@3ad0e41c
      manager = class com.ibm.ws.kernel.boot.logging.WsLogManager@56859d73
      name = "com.ibm.wsspi.webcontainer.collaborator"
      handlers = class java.util.concurrent.CopyOnWriteArrayList@7f7f4537
      loggerBundle = class java.util.logging.Logger$LoggerBundle@18c65903
      useParentHandlers = true
      filter = null
      anonymous = false
      catalog = class com.ibm.ws.webcontainer.resources.Messages@7384359
      catalogName = "com.ibm.ws.webcontainer.resources.Messages"
      catalogLocale = class java.util.Locale@56543c64
      treeLock = class java.lang.Object@2c404dd8
      parent = class java.util.logging.Logger@36091db0
      kids = null
      levelObject = class java.util.logging.Level@32eb3c6e
      levelValue = 800
      callersClassLoaderRef = class java.lang.ref.WeakReference@335ab0bb
      isSystemLogger = false
      GLOBAL_LOGGER_NAME = "global"
      global = class java.util.logging.Logger@5aff747
      $assertionsDisabled = true
    CLASS_NAME = "com.ibm.wsspi.webcontainer.collaborator.CollaboratorHelper"
    webApp = class com.ibm.ws.webcontainer.osgi.webapp.WebApp@2ac1a01c
    securityCollaborator = class com.ibm.ws.webcontainer.collaborator.WebAppSecurityCollaborator@340e600a
    nameSpaceCollaborator = class com.ibm.ws.webcontainer.osgi.collaborator.WebAppNameSpaceCollaboratorImpl@19d27aa7
    transactionCollaborator = class com.ibm.ws.transaction.services.WebAppTransactionCollaboratorImpl@14f5c117
    connectionCollaborator = class com.ibm.ws.webcontainer.collaborator.ConnectionCollaborator@620189b5
    allCollabEnum = class java.util.RegularEnumSet@6561ec68
      serialVersionUID = 3411599620347842686
      elements = 511
      elementType = class java.lang.Class@44d63cda
      universe = class com.ibm.wsspi.webcontainer.collaborator.CollaboratorInvocationEnum[9]
      ZERO_LENGTH_ENUM_ARRAY = class java.lang.Enum[0]
      MAX_ARRAY_SIZE = 2147483639
    servlet_23_or_greater = true
    DEFER_SERVLET_REQUEST_LISTENER_DESTROY_ON_ERROR = false
  nServicing = class java.util.concurrent.atomic.AtomicInteger@16b4c839
    serialVersionUID = 6214790243416807050
    unsafe = class sun.misc.Unsafe@4a4e00d5
      theUnsafe = class sun.misc.Unsafe@4a4e00d5
      INVALID_FIELD_OFFSET = -1
      ARRAY_BOOLEAN_BASE_OFFSET = 16
      ARRAY_BYTE_BASE_OFFSET = 16
      ARRAY_SHORT_BASE_OFFSET = 16
      ARRAY_CHAR_BASE_OFFSET = 16
      ARRAY_INT_BASE_OFFSET = 16
      ARRAY_LONG_BASE_OFFSET = 16
      ARRAY_FLOAT_BASE_OFFSET = 16
      ARRAY_DOUBLE_BASE_OFFSET = 16
      ARRAY_OBJECT_BASE_OFFSET = 16
      ARRAY_BOOLEAN_INDEX_SCALE = 1
      ARRAY_BYTE_INDEX_SCALE = 1
      ARRAY_SHORT_INDEX_SCALE = 2
      ARRAY_CHAR_INDEX_SCALE = 2
      ARRAY_INT_INDEX_SCALE = 4
      ARRAY_LONG_INDEX_SCALE = 8
      ARRAY_FLOAT_INDEX_SCALE = 4
      ARRAY_DOUBLE_INDEX_SCALE = 8
      ARRAY_OBJECT_INDEX_SCALE = 4
      ADDRESS_SIZE = 8
    valueOffset = 12
    value = 0
    serialVersionUID = -8742448824652078965
  lastAccessTime = 1504892095612
  state = -1
  logger = class com.ibm.ws.logging.internal.WsLogger@207935b3
    tc = class com.ibm.websphere.ras.TraceComponent@17e896ac
      strings[0] = "TraceComponent[com.ibm.ws.logging.internal.WsLogger,class com.ibm.ws.logging.internal.WsLogger,[logging],com.ibm.ws.logging.internal.resources.LoggingMessages,null]"
    ivCachedResourceBundleName = null
    ivCachedResourceBundle = null
    ivComponent = null
    ivOrganization = null
    ivProduct = null
    ivMinimumLocalizationLevelIntValue = 625
    ivTC = class com.ibm.websphere.ras.TraceComponent@6fe3b77f
      strings[0] = "TraceComponent[com.ibm.ws.webcontainer.servlet,class com.ibm.wsspi.webcontainer.logging.LoggerFactory$1,[com.ibm.ws.webcontainer.servlet],null,null]"
    loggerRegistrationComponent = class java.lang.ThreadLocal@7ed67553
      threadLocalHashCode = 1675452296
      nextHashCode = class java.util.concurrent.atomic.AtomicInteger@62f1f03d
      HASH_INCREMENT = 1640531527
    emptyHandlers = class java.util.logging.Handler[0]
    offValue = 2147483647
    SYSTEM_LOGGER_RB_NAME = "sun.util.logging.resources.logging"
    SYSTEM_BUNDLE = class java.util.logging.Logger$LoggerBundle@42765569
      resourceBundleName = "sun.util.logging.resources.logging"
      userBundle = null
    NO_RESOURCE_BUNDLE = class java.util.logging.Logger$LoggerBundle@3ad0e41c
      resourceBundleName = null
      userBundle = null
    manager = class com.ibm.ws.kernel.boot.logging.WsLogManager@56859d73
      CLASS_NAME = "com.ibm.ws.kernel.boot.logging.WsLogManager"
      CONFIGURE_BY_SERVER_PROPERTY_NAME = "java.util.logging.configureByServer"
      CONFIGURE_BY_LOGGING_PROPERTIES_FILE = "java.util.logging.configureByLoggingPropertiesFile"
      configureByServer = true
      configureByLoggingProperties = false
      wsLogger = class java.lang.reflect.Constructor@39577b73
      resetEnabled = true
      manager = class com.ibm.ws.kernel.boot.logging.WsLogManager@56859d73
      props = class java.util.Properties@5e79fbb1
      defaultLevel = class java.util.logging.Level@32eb3c6e
      listenerMap = class java.util.HashMap@284b6681
      systemContext = class java.util.logging.LogManager$SystemLoggerContext@14bf1fd8
      userContext = class java.util.logging.LogManager$LoggerContext@16b162df
      rootLogger = class java.util.logging.LogManager$RootLogger@784b7cb
      readPrimordialConfiguration = true
      initializedGlobalHandlers = true
      deathImminent = false
      initializedCalled = true
      initializationDone = true
      contextsMap = null
      loggerRefQueue = class java.lang.ref.ReferenceQueue@7488b6d4
      MAX_ITERATIONS = 400
      controlPermission = class java.util.logging.LoggingPermission@18a53642
      loggingMXBean = null
      LOGGING_MXBEAN_NAME = "java.util.logging:type=Logging"
      $assertionsDisabled = true
    name = "com.ibm.ws.webcontainer.servlet"
    handlers = class java.util.concurrent.CopyOnWriteArrayList@7e2684f1
      serialVersionUID = 8673264195747942595
      lock = class java.util.concurrent.locks.ReentrantLock@7f900313
      array = class java.lang.Object[0]
      UNSAFE = class sun.misc.Unsafe@4a4e00d5
      lockOffset = 12
    loggerBundle = class java.util.logging.Logger$LoggerBundle@388ec69c
      resourceBundleName = "com.ibm.ws.webcontainer.resources.Messages"
      userBundle = null
    useParentHandlers = true
    filter = null
    anonymous = false
    catalog = class com.ibm.ws.webcontainer.resources.Messages@7a82d772
      resources = class [Ljava.lang.Object;[332]
      lookup = class java.util.HashMap@274d0fd3
      INITIAL_CACHE_SIZE = 32
      NONEXISTENT_BUNDLE = class java.util.ResourceBundle$1@1745344c
      cacheList = class java.util.concurrent.ConcurrentHashMap@7c266a55
      referenceQueue = class java.lang.ref.ReferenceQueue@5061cd9b
      parent = null
      locale = class java.util.Locale@70169c10
      name = "com.ibm.ws.webcontainer.resources.Messages"
      expired = false
      cacheKey = class java.util.ResourceBundle$CacheKey@1f1d63d3
      keySet = null
      providers = null
      $assertionsDisabled = true
    catalogName = "com.ibm.ws.webcontainer.resources.Messages"
    catalogLocale = class java.util.Locale@56543c64
      LOCALECACHE = class java.util.Locale$Cache@6bd815ab
      ENGLISH = class java.util.Locale@4dd696cb
      FRENCH = class java.util.Locale@5dad05b8
      GERMAN = class java.util.Locale@74584fc7
      ITALIAN = class java.util.Locale@5f0679aa
      JAPANESE = class java.util.Locale@261fdc4f
      KOREAN = class java.util.Locale@13aa9df1
      CHINESE = class java.util.Locale@253ace34
      SIMPLIFIED_CHINESE = class java.util.Locale@499d3810
      TRADITIONAL_CHINESE = class java.util.Locale@11b878c8
      FRANCE = class java.util.Locale@56ba2a1b
      GERMANY = class java.util.Locale@25820596
      ITALY = class java.util.Locale@5ffe48e
      JAPAN = class java.util.Locale@5753a2c1
      KOREA = class java.util.Locale@503ea0c2
      CHINA = class java.util.Locale@499d3810
      PRC = class java.util.Locale@499d3810
      TAIWAN = class java.util.Locale@11b878c8
      UK = class java.util.Locale@65a5b1e6
      US = class java.util.Locale@56543c64
      CANADA = class java.util.Locale@1f84f248
      CANADA_FRENCH = class java.util.Locale@558b0ed3
      ROOT = class java.util.Locale@70169c10
      PRIVATE_USE_EXTENSION = x
      UNICODE_LOCALE_EXTENSION = u
      serialVersionUID = 9149081749638150636
      DISPLAY_LANGUAGE = 0
      DISPLAY_COUNTRY = 1
      DISPLAY_VARIANT = 2
      DISPLAY_SCRIPT = 3
      baseLocale = class sun.util.locale.BaseLocale@da9a81
      localeExtensions = null
      hashCodeValue = 96636889
      defaultLocale = class java.util.Locale@56543c64
      defaultDisplayLocale = null
      defaultFormatLocale = class java.util.Locale@56543c64
      languageTag = "en-US"
      serialPersistentFields = class java.io.ObjectStreamField[6]
      isoLanguages = null
      isoCountries = null
      $assertionsDisabled = true
    treeLock = class java.lang.Object@2c404dd8
    parent = class com.ibm.ws.logging.internal.WsLogger@177f32a3
      tc = class com.ibm.websphere.ras.TraceComponent@17e896ac
      ivCachedResourceBundleName = "com.ibm.ws.webcontainer.resources.Messages"
      ivCachedResourceBundle = class com.ibm.ws.webcontainer.resources.Messages@7a82d772
      ivComponent = null
      ivOrganization = null
      ivProduct = null
      ivMinimumLocalizationLevelIntValue = 625
      ivTC = class com.ibm.websphere.ras.TraceComponent@75b63a7b
      loggerRegistrationComponent = class java.lang.ThreadLocal@7ed67553
      emptyHandlers = class java.util.logging.Handler[0]
      offValue = 2147483647
      SYSTEM_LOGGER_RB_NAME = "sun.util.logging.resources.logging"
      SYSTEM_BUNDLE = class java.util.logging.Logger$LoggerBundle@42765569
      NO_RESOURCE_BUNDLE = class java.util.logging.Logger$LoggerBundle@3ad0e41c
      manager = class com.ibm.ws.kernel.boot.logging.WsLogManager@56859d73
      name = "com.ibm.ws.webcontainer"
      handlers = class java.util.concurrent.CopyOnWriteArrayList@6c667d0
      loggerBundle = class java.util.logging.Logger$LoggerBundle@782baa42
      useParentHandlers = true
      filter = null
      anonymous = false
      catalog = class com.ibm.ws.webcontainer.resources.Messages@7a82d772
      catalogName = "com.ibm.ws.webcontainer.resources.Messages"
      catalogLocale = class java.util.Locale@56543c64
      treeLock = class java.lang.Object@2c404dd8
      parent = class java.util.logging.Logger@36091db0
      kids = class java.util.ArrayList@32e17225
      levelObject = class java.util.logging.Level@32eb3c6e
      levelValue = 800
      callersClassLoaderRef = class java.lang.ref.WeakReference@59f6e8d7
      isSystemLogger = false
      GLOBAL_LOGGER_NAME = "global"
      global = class java.util.logging.Logger@5aff747
      $assertionsDisabled = true
    kids = null
    levelObject = class java.util.logging.Level@32eb3c6e
      defaultBundle = "sun.util.logging.resources.logging"
      name = "INFO"
      value = 800
      resourceBundleName = "sun.util.logging.resources.logging"
      localizedLevelName = "INFO"
      cachedLocale = class java.util.Locale@56543c64
      OFF = class java.util.logging.Level@e371fd4
      SEVERE = class java.util.logging.Level@76131afa
      WARNING = class java.util.logging.Level@23558bcf
      INFO = class java.util.logging.Level@32eb3c6e
      CONFIG = class java.util.logging.Level@b051baa
      FINE = class java.util.logging.Level@3d7a7ca1
      FINER = class java.util.logging.Level@5350753e
      FINEST = class java.util.logging.Level@5cd49768
      ALL = class java.util.logging.Level@7faf0f13
      serialVersionUID = -8176160795706313070
    levelValue = 800
    callersClassLoaderRef = class java.lang.ref.WeakReference@21753fa3
      referent = class org.eclipse.osgi.internal.loader.EquinoxClassLoader@9257237
      queue = class java.lang.ref.ReferenceQueue$Null@7cb9179b
      next = null
      discovered = null
      lock = class java.lang.ref.Reference$Lock@2320d0dd
      pending = null
    isSystemLogger = false
    GLOBAL_LOGGER_NAME = "global"
    global = class java.util.logging.Logger@5aff747
      emptyHandlers = class java.util.logging.Handler[0]
      offValue = 2147483647
      SYSTEM_LOGGER_RB_NAME = "sun.util.logging.resources.logging"
      SYSTEM_BUNDLE = class java.util.logging.Logger$LoggerBundle@42765569
      NO_RESOURCE_BUNDLE = class java.util.logging.Logger$LoggerBundle@3ad0e41c
      manager = class com.ibm.ws.kernel.boot.logging.WsLogManager@56859d73
      name = "global"
      handlers = class java.util.concurrent.CopyOnWriteArrayList@2469fc25
      loggerBundle = class java.util.logging.Logger$LoggerBundle@3ad0e41c
      useParentHandlers = true
      filter = null
      anonymous = false
      catalog = null
      catalogName = null
      catalogLocale = null
      treeLock = class java.lang.Object@2c404dd8
      parent = class java.util.logging.Logger@36091db0
      kids = null
      levelObject = null
      levelValue = 800
      callersClassLoaderRef = null
      isSystemLogger = true
      GLOBAL_LOGGER_NAME = "global"
      global = class java.util.logging.Logger@5aff747
      $assertionsDisabled = true
    $assertionsDisabled = true
  CLASS_NAME = "com.ibm.ws.webcontainer.servlet.ServletWrapper"
  nls = class com.ibm.ejs.ras.TraceNLS@42eef0fa
    resolver = class com.ibm.ws.logging.internal.TraceNLSResolver@31eb2124
      tc = class com.ibm.websphere.ras.TraceComponent@587d1d39
      DEBUG_TRACE_NLS_PROPERTY = "com.ibm.ejs.ras.debugTraceNLSResolver"
      debugTraceNLSResolver = false
      makeNoise = false
      nullKey = "null"
      svNullBundleName = "Resource Bundle name is null, key = {0}"
      svBundleNotLoaded = "Unable to load ResourceBundle {0}"
      svNullKeyMessage = "Null key passed while using ResourceBundle {0}"
      svMalformedMessage = "No message text associated with key {0} in bundle {1}"
    finder = class com.ibm.ws.logging.internal.StackFinder@31687ff4
      inCheck = false
      initialized = true
      rootGroup = class java.lang.ThreadGroup@3a7f8cea
      packageAccessValid = false
      packageAccess = null
      packageAccessLock = class java.lang.Object@127c8575
      packageDefinitionValid = false
      packageDefinition = null
      packageDefinitionLock = class java.lang.Object@127c863e
    ivBundleName = "com.ibm.ws.webcontainer.resources.Messages"
    caller = class java.lang.Class@4c4f4ef1
      ANNOTATION = 8192
      ENUM = 16384
      SYNTHETIC = 4096
      cachedConstructor = null
      newInstanceCallerCache = null
      name = "com.ibm.ws.webcontainer.servlet.ServletWrapper"
      allPermDomain = class java.security.ProtectionDomain@484c1d84
      useCaches = true
      reflectionData = class java.lang.ref.SoftReference@2a592eae
      classRedefinedCount = 1
      genericInfo = null
      serialVersionUID = 3206093459760846163
      serialPersistentFields = class java.io.ObjectStreamField[0]
      reflectionFactory = class sun.reflect.ReflectionFactory@5c99536f
      initted = true
      enumConstants = null
      enumConstantDirectory = null
      annotationData = class java.lang.Class$AnnotationData@5c309f80
      annotationType = null
      classValueMap = null
  servletConfig = class com.ibm.ws.webcontainer.servlet.ServletConfig@17330334
    logger = class com.ibm.ws.logging.internal.WsLogger@207935b3
    CLASS_NAME = "com.ibm.ws.webcontainer.servlet.ServletConfig"
    nls = class com.ibm.ejs.ras.TraceNLS@2f076cdb
      resolver = class com.ibm.ws.logging.internal.TraceNLSResolver@31eb2124
      finder = class com.ibm.ws.logging.internal.StackFinder@31687ff4
      ivBundleName = "com.ibm.ws.webcontainer.resources.Messages"
      caller = class java.lang.Class@2d9f4a96
    liberty_nls = class com.ibm.ejs.ras.TraceNLS@bfe7d49
      resolver = class com.ibm.ws.logging.internal.TraceNLSResolver@31eb2124
      finder = class com.ibm.ws.logging.internal.StackFinder@31687ff4
      ivBundleName = "com.ibm.ws.webcontainer.resources.LShimMessages"
      caller = class java.lang.Class@2d9f4a96
    enabled = true
    servletName = "ewms"
    className = "org.springframework.web.servlet.DispatcherServlet"
    mappings = class java.util.ArrayList@17cc2252
      serialVersionUID = 8683452581122892189
      DEFAULT_CAPACITY = 10
      EMPTY_ELEMENTDATA = class java.lang.Object[0]
      DEFAULTCAPACITY_EMPTY_ELEMENTDATA = class java.lang.Object[0]
      elementData = class java.lang.Object[10]
      size = 1
      MAX_ARRAY_SIZE = 2147483639
      modCount = 1
      MAX_ARRAY_SIZE = 2147483639
    startUpWeight = 1
    DEFAULT_STARTUP = -1
    isCachingEnabled = true
    isStatisticsEnabled = true
    isInternal = false
    metaData = class com.ibm.ws.webcontainer.osgi.metadata.WebComponentMetaDataImpl@7ef149b5
      j2eeName = class com.ibm.ws.container.service.metadata.internal.J2EENameImpl@28a1cc0a
      webModuleMetaData = class com.ibm.ws.webcontainer.osgi.metadata.WebModuleMetaDataImpl@4bf95f3a
      mBeanServiceReg = null
      tc = class com.ibm.websphere.ras.TraceComponent@94c2669
      NUM_STATIC_SLOTS = 4
      ID_UNINITIALIZED = -1
      id = 2
      metaDataInterface = class java.lang.Class@9d27de
      staticSlots = class java.lang.Object[4]
      dynamicSlots = null
    singleThreadModelServlet = false
    isJsp = false
    webAppConfig = class com.ibm.ws.webcontainer.osgi.webapp.WebAppConfiguration@520ac87a
      webModuleMetaData = class com.ibm.ws.webcontainer.osgi.metadata.WebModuleMetaDataImpl@4bf95f3a
      webComponentMetaData = class com.ibm.ws.webcontainer.osgi.metadata.WebComponentMetaDataImpl@21bc7e8
      dVirtualHost = class com.ibm.ws.webcontainer.osgi.DynamicVirtualHost@56b8fe60
      orderedLibPaths = class java.util.Collections$UnmodifiableRandomAccessList@4b07165f
      bundleHeaders = null
      cdiEnabled = false
      CLASS_NAME = "com.ibm.ws.webcontainer.webapp.WebAppConfiguration"
      logger = class com.ibm.ws.logging.internal.WsLogger@1798df43
      tc = class com.ibm.websphere.ras.TraceComponent@2c877136
      nls = class com.ibm.ejs.ras.TraceNLS@7f7aff60
      version = 30
      contextRoot = "/web"
      sessionTimeout = 120
      moduleSessionTimeoutSet = true
      moduleSessionTrackingModeSet = false
      sessionCookieConfig = class com.ibm.ws.session.SessionCookieConfigImpl@6d697267
      hasProgrammaticCookieConfig = false
      sessionDefaultTrackingModeSet = class java.util.RegularEnumSet@571b8fb7
      sessionManagerConfig = class com.ibm.ws.session.SessionManagerConfig@2a416b3c
      displayName = "USCS.eWMS"
      description = null
      reloadInterval = 0
      distributable = true
      denyUncoveredHttpMethods = false
      reloadingEnabled = false
      serveServletsByClassnameEnabled = null
      defaultErrorPage = null
      additionalClassPath = null
      fileServingEnabled = null
      directoryBrowsingEnabled = null
      autoRequestEncoding = false
      autoResponseEncoding = false
      autoLoadFilters = false
      requestListeners = null
      requestAttributeListeners = null
      sessionListeners = null
      localeMap = null
      moduleName = "web"
      j2eeModuleName = "web.war"
      moduleId = null
      isSyncToThreadEnabled = false
      encodeDispatchedRequestURI = false
      isSystemApp = false
      ardEnabled = false
      ardDispatchType = null
      listeners = class java.util.ArrayList@b63363b
      welcomeFileList = class java.util.ArrayList@23ca59c8
      servletMappings = class java.util.HashMap@596fd9c
      lastIndexBeforeDeclaredFilters = 0
      filterMappings = class java.util.ArrayList@efbacae
      servletInfo = class java.util.HashMap@1cbb91a4
      filterInfo = class java.util.HashMap@6d4e9fe2
      mimeMappings = class java.util.HashMap@5f86f5ca
      mimeFilters = null
      isMimeFilteringEnabled = false
      theWebGroup = null
      jspAttributes = class java.util.HashMap@ccbac48
      fileServingAttributes = class java.util.HashMap@4cbd2ac4
      invokerAttributes = class java.util.HashMap@55151d3e
      contextParams = class java.util.HashMap@3dd59af3
      virtualHost = "default_host"
      exceptionErrorPages = class java.util.HashMap@6c2dc8ed
      codeErrorPages = class java.util.HashMap@496334a6
      tagLibList = null
      precompileJsps = false
      webApp = class com.ibm.ws.webcontainer.osgi.webapp.WebApp@2ac1a01c
      virtualHostList = class java.util.Collections$EmptyList@34622c59
      appStartupWeight = 0
      moduleStartupWeight = 0
      metaDataComplete = false
      classesToScan = class java.util.ArrayList@25713a24
      uriFilterMappingInfos = null
      servletFilterMappingInfos = null
      dynamicServletRegistrationMap = null
      applicationName = "web"
      libBinPathList = null
      webXmlDefinedListeners = class java.util.HashSet@2799e4c7
      allRefs = class java.util.EnumMap@770f2296
      allRefBindings = class java.util.EnumMap@52aac8ca
      envEntryValues = class java.util.HashMap@7e2668a1
      resourceRefConfigList = null
      disallowAllFileServingProp = null
      disallowServeServletsByClassnameProp = null
      disableStaticMappingCache = false
      jspCachedLocations = class java.util.HashMap@1671147e
      primedSTSHeader = "NoValue"
      enablemultireadofpostdata = false
      _id = "WebAppGeneratedId1"
      _attributes = null
      serialVersionUID = 7511545662945734886
      $$$tc$$$ = class com.ibm.websphere.ras.TraceComponent@4d27bc7c
    servletWrapper = class com.ibm.ws.webcontainer.osgi.servlet.ServletWrapper@6a049304
    servletClass = null
    servlet = null
    addedToLoadOnStartup = true
    previousWeight = null
    multipartConfig = null
    multipartConfigBaseLocation = null
    runAsRole = null
    servletSecurityElement = null
    declareRolesAnnotation = null
    logger = class com.ibm.ws.logging.internal.WsLogger@207935b3
    CLASS_NAME = "com.ibm.ws.webcontainer.servlet.TargetConfig"
    initParams = class java.util.HashMap@12e8af38
      serialVersionUID = 362498820763181265
      DEFAULT_INITIAL_CAPACITY = 16
      MAXIMUM_CAPACITY = 1073741824
      DEFAULT_LOAD_FACTOR = 0.75
      TREEIFY_THRESHOLD = 8
      UNTREEIFY_THRESHOLD = 6
      MIN_TREEIFY_CAPACITY = 64
      table = class java.util.HashMap$Node[16]
      entrySet = null
      size = 1
      modCount = 1
      threshold = 12
      loadFactor = 0.75
      keySet = class java.util.HashMap$KeySet@1cdf7278
      values = null
    fileName = null
    displayName = null
    name = "ewms"
    description = null
    smallIcon = null
    largeIcon = null
    context = class com.ibm.wsspi.webcontainer.facade.ServletContextFacade@2f55e40e
      context = class com.ibm.ws.webcontainer.osgi.webapp.WebApp@2ac1a01c
    className = null
    asyncSupported = false
    _id = "ServletGeneratedId1"
    _attributes = null
    serialVersionUID = 7511545662945734886
    $$$tc$$$ = class com.ibm.websphere.ras.TraceComponent@4d27bc7c
      strings[0] = "TraceComponent[com.ibm.ws.container.BaseConfiguration,class com.ibm.ws.container.BaseConfiguration,[],null,null]"
  context = class com.ibm.ws.webcontainer.osgi.webapp.WebApp@2ac1a01c
    tc = class com.ibm.websphere.ras.TraceComponent@6db2c60
      strings[0] = "TraceComponent[com.ibm.ws.webcontainer.osgi.webapp.WebApp,class com.ibm.ws.webcontainer.osgi.webapp.WebApp,[webcontainer],com.ibm.ws.webcontainer.resources.LShimMessages,null]"
    CLASS_NAME = "com.ibm.ws.webcontainer.osgi.webapp.WebApp"
    metaDataService = class com.ibm.ws.container.service.metadata.internal.MetaDataServiceImpl@4949fde
      applicationMetaDataManager = class com.ibm.ws.container.service.metadata.internal.ApplicationMetaDataManager@4799db32
      moduleMetaDataManager = class com.ibm.ws.container.service.metadata.internal.ModuleMetaDataManager@6ac3cf4e
      componentMetaDataManager = class com.ibm.ws.container.service.metadata.internal.ComponentMetaDataManager@3a6e30a7
      methodMetaDataManager = class com.ibm.ws.container.service.metadata.internal.MethodMetaDataManager@32bdd3ac
      appModuleNameToModuleContainer = class java.util.concurrent.ConcurrentHashMap@3b74ce82
      jeeNameToComponentMetaData = class java.util.concurrent.ConcurrentHashMap@4f39cf1d
      deferredMetaDataFactories = class com.ibm.wsspi.kernel.service.utils.ConcurrentServiceReferenceSet@4993555
      deferredMetaDataInitializers = class com.ibm.wsspi.kernel.service.utils.ConcurrentServiceReferenceMap@58e5b6d9
      serialVersionUID = -2494605732980966097
      $$$tc$$$ = class com.ibm.websphere.ras.TraceComponent@52c43cb2
    namespacePopulated = false
    referenceContext = class com.ibm.ws.injectionengine.osgi.internal.OSGiReferenceContextImpl@22af1db0
      scopeData = class com.ibm.ws.injectionengine.osgi.internal.OSGiInjectionScopeData@18df7339
      serialVersionUID = 521511923892134915
      $$$tc$$$ = class com.ibm.websphere.ras.TraceComponent@1b7da3a3
      CLASS_NAME = "com.ibm.ws.injectionengine.ReferenceContextImpl"
      tc = class com.ibm.websphere.ras.TraceComponent@6b149778
      ivInjectionEngine = class com.ibm.ws.injectionengine.osgi.internal.OSGiInjectionEngineImpl@52032f12
      ivProviders = class java.util.ArrayList@41a757fe
      ivComponentJavaContext = null
      ivComponentNameSpace = null
      ivJavaColonCompEnvMap = class java.util.LinkedHashMap@38bce29a
      ivEjbContext10 = class java.util.Properties@42b88308
      ivResourceRefConfigList = null
      isAlreadyProcessed = true
      ivProcessFailure = null
      ivInjectionTargetMap = class java.util.concurrent.ConcurrentHashMap@78805b0a
      svInjTarMapCacheSize = 256
      ivDeclaredInjectionTargets = class java.util.HashMap@3e3fb43
      ivProcessedInjectionClasses = class java.util.HashSet@5c947197
      ivProcessedInjectionBindings = class java.util.ArrayList@5a3219ce
      ivAnyProcessDynamic = false
      ivCheckAppConfig = false
    j2eeNameFactory = class com.ibm.ws.container.service.metadata.internal.J2EENameFactoryImpl@7df12633
      serialVersionUID = 3486344295038028821
      $$$tc$$$ = class com.ibm.websphere.ras.TraceComponent@4425f80b
    moduleLoader = class com.ibm.ws.classloading.internal.ParentLastClassLoader@14aa1c98
    webAppConfig = class com.ibm.ws.webcontainer.osgi.webapp.WebAppConfiguration@520ac87a
    extensionProcessingDisabled = false
    managedObjectService = class com.ibm.ws.managedobject.internal.ManagedObjectServiceImpl@6ae38180
      serialVersionUID = 2287241231190391755
      $$$tc$$$ = class com.ibm.websphere.ras.TraceComponent@39e5f45a
    GenPluginCfgMB = null
    internalServletMetaData = interface com.ibm.wsspi.webcontainer.metadata.WebComponentMetaData[2]
      internalServletMetaData[0] = null
      internalServletMetaData[1] = null
    loginProcessor = null
    logoutProcessor = null
    collabHelper = class com.ibm.ws.webcontainer.osgi.collaborator.CollaboratorHelperImpl@76bdf562
    envObject = class com.ibm.ws.util.WSThreadLocal@a165c72
      tc = class com.ibm.ejs.ras.TraceComponent@31bfceac
      count = 5
      index = 1
      SUSPECTED_MISUSAGE_THRESHOLD = 200
      threadLocalHashCode = -164413735
      nextHashCode = class java.util.concurrent.atomic.AtomicInteger@62f1f03d
      HASH_INCREMENT = 1640531527
    orderedLibPaths = class java.util.Collections$UnmodifiableRandomAccessList@4b07165f
      serialVersionUID = -2542308836966382001
      serialVersionUID = -283967356065247728
      list = class java.util.ArrayList@7ce097cc
      serialVersionUID = 1820017752578914078
      c = class java.util.ArrayList@7ce097cc
    perm = class com.ibm.websphere.security.WebSphereRuntimePermission@e972d16
      serialVersionUID = -3306242789188168337
      $$$tc$$$ = class com.ibm.websphere.ras.TraceComponent@61df2c62
      serialVersionUID = 6279438298436773498
      wildcard = false
      path = "accessServletContext"
      exitVM = false
      serialVersionUID = -5636570222231596674
      name = "accessServletContext"
    WELCOME_FILE_LIST = "com.ibm.ws.webcontainer.config.WelcomeFileList"
    DIR_BROWSING_MAPPING = "__dirBrowsing__1504892089570"
    FILTER_PROXY_MAPPING = "/__filterProxy__1504892089570"
    logger = class com.ibm.ws.logging.internal.WsLogger@1798df43
      tc = class com.ibm.websphere.ras.TraceComponent@17e896ac
      ivCachedResourceBundleName = "com.ibm.ws.webcontainer.resources.Messages"
      ivCachedResourceBundle = class com.ibm.ws.webcontainer.resources.Messages@7a82d772
      ivComponent = null
      ivOrganization = null
      ivProduct = null
      ivMinimumLocalizationLevelIntValue = 625
      ivTC = class com.ibm.websphere.ras.TraceComponent@59e8d907
      loggerRegistrationComponent = class java.lang.ThreadLocal@7ed67553
      emptyHandlers = class java.util.logging.Handler[0]
      offValue = 2147483647
      SYSTEM_LOGGER_RB_NAME = "sun.util.logging.resources.logging"
      SYSTEM_BUNDLE = class java.util.logging.Logger$LoggerBundle@42765569
      NO_RESOURCE_BUNDLE = class java.util.logging.Logger$LoggerBundle@3ad0e41c
      manager = class com.ibm.ws.kernel.boot.logging.WsLogManager@56859d73
      name = "com.ibm.ws.webcontainer.webapp"
      handlers = class java.util.concurrent.CopyOnWriteArrayList@1bb4061d
      loggerBundle = class java.util.logging.Logger$LoggerBundle@6b19c51f
      useParentHandlers = true
      filter = null
      anonymous = false
      catalog = class com.ibm.ws.webcontainer.resources.Messages@7a82d772
      catalogName = "com.ibm.ws.webcontainer.resources.Messages"
      catalogLocale = class java.util.Locale@56543c64
      treeLock = class java.lang.Object@2c404dd8
      parent = class com.ibm.ws.logging.internal.WsLogger@177f32a3
      kids = null
      levelObject = class java.util.logging.Level@32eb3c6e
      levelValue = 800
      callersClassLoaderRef = class java.lang.ref.WeakReference@6bab3abb
      isSystemLogger = false
      GLOBAL_LOGGER_NAME = "global"
      global = class java.util.logging.Logger@5aff747
      $assertionsDisabled = true
    CLASS_NAME = "com.ibm.ws.webcontainer.webapp.WebApp"
    loader = class com.ibm.ws.classloading.internal.ThreadContextClassLoader@7cce21ac
    facade = class com.ibm.wsspi.webcontainer.facade.ServletContextFacade@2f55e40e
    features = class java.util.ArrayList@5c13ba55
      serialVersionUID = 8683452581122892189
      DEFAULT_CAPACITY = 10
      EMPTY_ELEMENTDATA = class java.lang.Object[0]
      DEFAULTCAPACITY_EMPTY_ELEMENTDATA = class java.lang.Object[0]
      elementData = class java.lang.Object[0]
      size = 0
      MAX_ARRAY_SIZE = 2147483639
      modCount = 0
      MAX_ARRAY_SIZE = 2147483639
    applicationName = "web"
    config = class com.ibm.ws.webcontainer.osgi.webapp.WebAppConfiguration@520ac87a
    securityEnabledForApp = null
    webExtensionProcessor = class com.ibm.ws.webcontainer.osgi.extension.WebExtensionProcessor@6b5bc35c
      webApp = class com.ibm.ws.webcontainer.osgi.webapp.WebApp@2ac1a01c
      extensionContext = class com.ibm.ws.webcontainer.osgi.webapp.WebApp@2ac1a01c
    production = true
    isServlet23 = true
    contextPath = "/web"
    internalServletList = class [Ljava.lang.String;[2]
      internalServletList[0] = class java.lang.String[2]
      internalServletList[1] = class java.lang.String[2]
    BY_NAME_ONLY = "/_1504892089570_/"
    filterManager = null
    documentRoot = null
    SERVLET_API_VERSION = "Servlet 2.5"
    disableServletAuditLogging = 0
    serverInfo = "SMF WebContainer"
    sessionCtx = class com.ibm.ws.webcontainer.session.impl.HttpSessionContextImpl@7b9d4970
      methodClassName = "HttpSessionContextImpl"
      _smc = class com.ibm.ws.session.SessionManagerConfig@2a416b3c
      sessionStoreService = null
      _sap = class com.ibm.ws.session.SessionApplicationParameters@132cbe3
      _coreHttpSessionManager = class com.ibm.ws.session.SessionManager@546f1eea
      _coreHttpAppSessionManager = null
      _sam = class com.ibm.ws.webcontainer.session.impl.SessionAffinityManagerImpl@734b0c8e
      isSIPApplication = false
      sessionAttributeListener = false
      sessionListener = true
      mHttpSessionAttributeListeners = class java.util.ArrayList@52728150
      mHttpSessionListeners = class java.util.ArrayList@4508252e
      mHttpSessionIdListeners = class java.util.ArrayList@693ceb2b
      mHttpSessionAttributeListenersJ2eeNames = class java.util.ArrayList@42b8b5fe
      mHttpSessionListenersJ2eeNames = class java.util.ArrayList@486d4f8
      mHttpSessionIdListenersJ2eeNames = class java.util.ArrayList@23b013
      mLocalHost = null
      _refCount = 1
      currentThreadSacHashtable = null
      methodClassName = "SessionContext"
      ANONYMOUS_USER = "anonymous"
      wasHttpSessionObserver = class com.ibm.ws.session.WasHttpSessionObserver@ec8668f
      wasHttpSessionAttributeObserver = null
      _invalidator = class com.ibm.ws.session.SessionInvalidatorWithThreadPool@9d825ed
      _storer = class com.ibm.ws.session.EOSSessionStorer@3b4b013a
      wasHttpAppSessionObserver = null
      mHttpAppSessionListeners = null
      cmvcInfo = "CMVC Version 1.9 6/24/07 11:12:24"
      _loggedVersion = true
      CREATE_CORE_SESSION_MANAGER = 0
      GET_REQUESTED_SESSION_ID = 1
      GET_IHTTP_SESSION = 2
      SESSION_PRE_INVOKE = 3
      SESSION_POST_INVOKE = 4
      STOP = 5
      STOP_LISTENERS = 6
      IS_VALID = 7
      ENCODE_URL = 8
      SHOULD_ENCODE_URL = 9
      IS_PROTOCOL_SWITCH = 10
      GET_LOCAL_HOST = 11
      ADD_HTTP_SESSION_ATTRIBUTE_LISTENER = 12
      ADD_HTTP_SESSION_LISTENER = 13
      GET_SESSION_AFFINITY_CONTEXT = 14
      CHECK_SECURITY = 15
      INVALIDATE = 16
      CHECK_SESSSIONID_IS_RIGHT_LENGTH = 17
      LOCK_SESSION = 18
      UNLOCK_SESSION = 19
      ADD_HTTP_SESSION_ID_LISTENER = 20
      methodNames = class java.lang.String[21]
    eventSource = class com.ibm.ws.webcontainer.webapp.WebAppEventSource@4e69247c
    nls = class com.ibm.ejs.ras.TraceNLS@37257bf1
      resolver = class com.ibm.ws.logging.internal.TraceNLSResolver@31eb2124
      finder = class com.ibm.ws.logging.internal.StackFinder@31687ff4
      ivBundleName = "com.ibm.ws.webcontainer.resources.Messages"
      caller = class java.lang.Class@4e5b417
    liberty_nls = class com.ibm.ejs.ras.TraceNLS@6105b65c
      resolver = class com.ibm.ws.logging.internal.TraceNLSResolver@31eb2124
      finder = class com.ibm.ws.logging.internal.StackFinder@31687ff4
      ivBundleName = "com.ibm.ws.webcontainer.resources.LShimMessages"
      caller = class java.lang.Class@4e5b417
    error_nls = class com.ibm.ejs.ras.TraceNLS@7042b5c5
      resolver = class com.ibm.ws.logging.internal.TraceNLSResolver@31eb2124
      finder = class com.ibm.ws.logging.internal.StackFinder@31687ff4
      ivBundleName = "com.ibm.ws.webcontainer.resources.ErrorPage"
      caller = class java.lang.Class@4e5b417
    sessionListeners = class java.util.ArrayList@778f3575
      serialVersionUID = 8683452581122892189
      DEFAULT_CAPACITY = 10
      EMPTY_ELEMENTDATA = class java.lang.Object[0]
      DEFAULTCAPACITY_EMPTY_ELEMENTDATA = class java.lang.Object[0]
      elementData = class java.lang.Object[10]
      size = 1
      MAX_ARRAY_SIZE = 2147483639
      modCount = 2
      MAX_ARRAY_SIZE = 2147483639
    sessionIdListeners = class java.util.ArrayList@6b692286
      serialVersionUID = 8683452581122892189
      DEFAULT_CAPACITY = 10
      EMPTY_ELEMENTDATA = class java.lang.Object[0]
      DEFAULTCAPACITY_EMPTY_ELEMENTDATA = class java.lang.Object[0]
      elementData = class java.lang.Object[0]
      size = 0
      MAX_ARRAY_SIZE = 2147483639
      modCount = 0
      MAX_ARRAY_SIZE = 2147483639
    sessionAttrListeners = class java.util.ArrayList@2712dee1
      serialVersionUID = 8683452581122892189
      DEFAULT_CAPACITY = 10
      EMPTY_ELEMENTDATA = class java.lang.Object[0]
      DEFAULTCAPACITY_EMPTY_ELEMENTDATA = class java.lang.Object[0]
      elementData = class java.lang.Object[0]
      size = 0
      MAX_ARRAY_SIZE = 2147483639
      modCount = 1
      MAX_ARRAY_SIZE = 2147483639
    addedSessionListeners = class java.util.ArrayList@429bab5b
      serialVersionUID = 8683452581122892189
      DEFAULT_CAPACITY = 10
      EMPTY_ELEMENTDATA = class java.lang.Object[0]
      DEFAULTCAPACITY_EMPTY_ELEMENTDATA = class java.lang.Object[0]
      elementData = class java.lang.Object[0]
      size = 0
      MAX_ARRAY_SIZE = 2147483639
      modCount = 0
      MAX_ARRAY_SIZE = 2147483639
    addedSessionAttrListeners = class java.util.ArrayList@4c311ae0
      serialVersionUID = 8683452581122892189
      DEFAULT_CAPACITY = 10
      EMPTY_ELEMENTDATA = class java.lang.Object[0]
      DEFAULTCAPACITY_EMPTY_ELEMENTDATA = class java.lang.Object[0]
      elementData = class java.lang.Object[0]
      size = 0
      MAX_ARRAY_SIZE = 2147483639
      modCount = 0
      MAX_ARRAY_SIZE = 2147483639
    servletContextListeners = class java.util.ArrayList@6eee6cf2
      serialVersionUID = 8683452581122892189
      DEFAULT_CAPACITY = 10
      EMPTY_ELEMENTDATA = class java.lang.Object[0]
      DEFAULTCAPACITY_EMPTY_ELEMENTDATA = class java.lang.Object[0]
      elementData = class java.lang.Object[10]
      size = 2
      MAX_ARRAY_SIZE = 2147483639
      modCount = 3
      MAX_ARRAY_SIZE = 2147483639
    servletContextLAttrListeners = class java.util.ArrayList@5fba5218
      serialVersionUID = 8683452581122892189
      DEFAULT_CAPACITY = 10
      EMPTY_ELEMENTDATA = class java.lang.Object[0]
      DEFAULTCAPACITY_EMPTY_ELEMENTDATA = class java.lang.Object[0]
      elementData = class java.lang.Object[0]
      size = 0
      MAX_ARRAY_SIZE = 2147483639
      modCount = 1
      MAX_ARRAY_SIZE = 2147483639
    servletRequestListeners = class java.util.ArrayList@40e4fbc7
      serialVersionUID = 8683452581122892189
      DEFAULT_CAPACITY = 10
      EMPTY_ELEMENTDATA = class java.lang.Object[0]
      DEFAULTCAPACITY_EMPTY_ELEMENTDATA = class java.lang.Object[0]
      elementData = class java.lang.Object[0]
      size = 0
      MAX_ARRAY_SIZE = 2147483639
      modCount = 1
      MAX_ARRAY_SIZE = 2147483639
    servletRequestLAttrListeners = class java.util.ArrayList@4460f21
      serialVersionUID = 8683452581122892189
      DEFAULT_CAPACITY = 10
      EMPTY_ELEMENTDATA = class java.lang.Object[0]
      DEFAULTCAPACITY_EMPTY_ELEMENTDATA = class java.lang.Object[0]
      elementData = class java.lang.Object[0]
      size = 0
      MAX_ARRAY_SIZE = 2147483639
      modCount = 1
      MAX_ARRAY_SIZE = 2147483639
    prependSlashToResource = false
    destroyed = false
    webAppNameSpaceCollab = class com.ibm.ws.webcontainer.osgi.collaborator.WebAppNameSpaceCollaboratorImpl@19d27aa7
    txCollab = class com.ibm.ws.transaction.services.WebAppTransactionCollaboratorImpl@14f5c117
    sessionActivationListeners = class java.util.ArrayList@73a83a8d
      serialVersionUID = 8683452581122892189
      DEFAULT_CAPACITY = 10
      EMPTY_ELEMENTDATA = class java.lang.Object[0]
      DEFAULTCAPACITY_EMPTY_ELEMENTDATA = class java.lang.Object[0]
      elementData = class java.lang.Object[0]
      size = 0
      MAX_ARRAY_SIZE = 2147483639
      modCount = 1
      MAX_ARRAY_SIZE = 2147483639
    sessionBindingListeners = class java.util.ArrayList@47a30cde
      serialVersionUID = 8683452581122892189
      DEFAULT_CAPACITY = 10
      EMPTY_ELEMENTDATA = class java.lang.Object[0]
      DEFAULTCAPACITY_EMPTY_ELEMENTDATA = class java.lang.Object[0]
      elementData = class java.lang.Object[0]
      size = 0
      MAX_ARRAY_SIZE = 2147483639
      modCount = 1
      MAX_ARRAY_SIZE = 2147483639
    scratchdir = null
    jspClassLoaderLimit = 0
    jspClassLoaderExclusionList = null
    jspClassLoadersMap = null
    jspClassLoaderLimitTrackIF = false
    defaultExtProc = null
    directoryBrowsingServlet = null
    cdiContexts = class java.util.concurrent.ConcurrentHashMap@7769dc04
      serialVersionUID = 7249069246763182397
      MAXIMUM_CAPACITY = 1073741824
      DEFAULT_CAPACITY = 16
      MAX_ARRAY_SIZE = 2147483639
      DEFAULT_CONCURRENCY_LEVEL = 16
      LOAD_FACTOR = 0.75
      TREEIFY_THRESHOLD = 8
      UNTREEIFY_THRESHOLD = 6
      MIN_TREEIFY_CAPACITY = 64
      MIN_TRANSFER_STRIDE = 16
      RESIZE_STAMP_BITS = 16
      MAX_RESIZERS = 65535
      RESIZE_STAMP_SHIFT = 16
      MOVED = -1
      TREEBIN = -2
      RESERVED = -3
      HASH_BITS = 2147483647
      NCPU = 4
      serialPersistentFields = class java.io.ObjectStreamField[3]
      table = class java.util.concurrent.ConcurrentHashMap$Node[16]
      nextTable = null
      baseCount = 2
      sizeCtl = 12
      transferIndex = 0
      cellsBusy = 0
      counterCells = null
      keySet = null
      values = null
      entrySet = null
      U = class sun.misc.Unsafe@4a4e00d5
      SIZECTL = 20
      TRANSFERINDEX = 32
      BASECOUNT = 24
      CELLSBUSY = 36
      CELLVALUE = 144
      ABASE = 16
      ASHIFT = 2
      keySet = null
      values = null
    moduleConfig = class com.ibm.ws.webcontainer.osgi.container.DeployedModule@4527fc36
      tc = class com.ibm.websphere.ras.TraceComponent@4b7cbc2a
      loader = class com.ibm.ws.classloading.internal.ThreadContextClassLoader@7cce21ac
      webApp = class com.ibm.ws.webcontainer.osgi.webapp.WebApp@2ac1a01c
      webAppConfig = class com.ibm.ws.webcontainer.osgi.webapp.WebAppConfiguration@520ac87a
      contextRootAdded = null
      properContextRoot = "/web"
      mappingContextRoot = "/web/*"
      serialVersionUID = -2104814060051592457
      $$$tc$$$ = class com.ibm.websphere.ras.TraceComponent@3432e5d1
    extensionFactories = class java.util.ArrayList@1abdcdb0
      serialVersionUID = 8683452581122892189
      DEFAULT_CAPACITY = 10
      EMPTY_ELEMENTDATA = class java.lang.Object[0]
      DEFAULTCAPACITY_EMPTY_ELEMENTDATA = class java.lang.Object[0]
      elementData = class java.lang.Object[10]
      size = 1
      MAX_ARRAY_SIZE = 2147483639
      modCount = 1
      MAX_ARRAY_SIZE = 2147483639
    initialized = false
    lock = class com.ibm.ws.webcontainer.webapp.WebApp$1@2522d711
      this$0 = class com.ibm.ws.webcontainer.osgi.webapp.WebApp@2ac1a01c
    afterServletContextCreated = false
    redirectContextRoot = false
    errorExceptionTypeFirst = false
    initFilterBeforeServletInit = false
    sortedServletConfigs = class java.util.ArrayList@1c92b64d
      serialVersionUID = 8683452581122892189
      DEFAULT_CAPACITY = 10
      EMPTY_ELEMENTDATA = class java.lang.Object[0]
      DEFAULTCAPACITY_EMPTY_ELEMENTDATA = class java.lang.Object[0]
      elementData = class java.lang.Object[10]
      size = 1
      MAX_ARRAY_SIZE = 2147483639
      modCount = 1
      MAX_ARRAY_SIZE = 2147483639
    effectiveMajorVersion = 3
    effectiveMinorVersion = 0
    canAddServletContextListener = true
    withinContextInitOfProgAddListener = false
    lastProgAddListenerInitialized = "com.ibm.ws.jsp.runtime.ContextListener"
    webInfLibClassloader = null
    metaInfCache = class com.ibm.ws.webcontainer.webapp.WebApp$2@662e2fa5
      this$0 = class com.ibm.ws.webcontainer.osgi.webapp.WebApp@2ac1a01c
      serialVersionUID = 3801124242820219131
      head = null
      tail = null
      accessOrder = true
      serialVersionUID = 362498820763181265
      DEFAULT_INITIAL_CAPACITY = 16
      MAXIMUM_CAPACITY = 1073741824
      DEFAULT_LOAD_FACTOR = 0.75
      TREEIFY_THRESHOLD = 8
      UNTREEIFY_THRESHOLD = 6
      MIN_TREEIFY_CAPACITY = 64
      table = null
      entrySet = null
      size = 0
      modCount = 0
      threshold = 32
      loadFactor = 1.0
      keySet = null
      values = null
    useMetaInfCache = true
    SUN_CONFIGURE_LISTENER_CLASSNAME = "com.sun.faces.config.ConfigureListener"
    MYFACES_LIFECYCLE_LISTENER_CLASSNAME = "org.apache.myfaces.webapp.StartupServletContextListener"
    JSF_IMPL_ENABLED_PARAM = "com.ibm.ws.jsf.JSF_IMPL_ENABLED"
    JSF_IMPL_ENABLED_CUSTOM = "Custom"
    JSF_IMPL_ENABLED_NONE = "None"
    staticDocRoot = class com.ibm.ws.webcontainer.util.DocumentRootUtils@120aae9d
      logger = class com.ibm.ws.logging.internal.WsLogger@97e701d
      CLASS_NAME = "com.ibm.ws.webcontainer.util.DocumentRootUtils"
      useContentLength = false
      matchedFile = null
      matchedZipFile = null
      matchedEntry = null
      matchedURL = null
      edrRoot = null
      pfedrRoot = null
      ctxt = class com.ibm.ws.webcontainer.osgi.webapp.WebApp@2ac1a01c
      baseDir = null
      edr = null
      pfedr = null
      metaInfRes = null
      searchpfEDR = true
      searchEDR = true
      searchMetaInfRes = true
      matchFromEDR = false
      matchFromMetaInfRes = false
      matchIsADirectory = false
      appConfig = class com.ibm.ws.webcontainer.osgi.webapp.WebAppConfiguration@520ac87a
      attributeType = "staticFile"
      STATIC_FILE = "staticFile"
      JSP = "jsp"
      PFEDR = "preFragmentExtendedDocumentRoot"
      EDR = "extendedDocumentRoot"
    jspDocRoot = class com.ibm.ws.webcontainer.util.DocumentRootUtils@21236992
      logger = class com.ibm.ws.logging.internal.WsLogger@97e701d
      CLASS_NAME = "com.ibm.ws.webcontainer.util.DocumentRootUtils"
      useContentLength = false
      matchedFile = null
      matchedZipFile = null
      matchedEntry = null
      matchedURL = null
      edrRoot = null
      pfedrRoot = null
      ctxt = class com.ibm.ws.webcontainer.osgi.webapp.WebApp@2ac1a01c
      baseDir = null
      edr = null
      pfedr = null
      metaInfRes = null
      searchpfEDR = true
      searchEDR = true
      searchMetaInfRes = true
      matchFromEDR = false
      matchFromMetaInfRes = false
      matchIsADirectory = false
      appConfig = class com.ibm.ws.webcontainer.osgi.webapp.WebAppConfiguration@520ac87a
      attributeType = "jsp"
      STATIC_FILE = "staticFile"
      JSP = "jsp"
      PFEDR = "preFragmentExtendedDocumentRoot"
      EDR = "extendedDocumentRoot"
    container = class com.ibm.ws.adaptable.module.internal.AdaptableContainerImpl@1040cbd
      root = class com.ibm.ws.adaptable.module.internal.AdaptableContainerImpl@1040cbd
      rootOverlay = class com.ibm.ws.artifact.overlay.internal.DirectoryBasedOverlayContainerImpl@3e2c520d
      factoryHolder = class com.ibm.ws.adaptable.module.internal.AdaptableModuleFactoryImpl@4215d09f
      delegate = class com.ibm.ws.artifact.overlay.internal.DirectoryBasedOverlayContainerImpl@3e2c520d
      notifier = class com.ibm.ws.adaptable.module.internal.NotifierImpl@4baccb64
      serialVersionUID = -5621513278641113667
      $$$tc$$$ = class com.ibm.websphere.ras.TraceComponent@15727d7f
    metaInfResourceFinder = class com.ibm.ws.webcontainer.util.MetaInfResourceFinder@280a8325
      jarResourceContainers = class java.util.ArrayList@9e4d43e
      container = class com.ibm.ws.adaptable.module.internal.AdaptableContainerImpl@1040cbd
    postConstructMethods = class com.ibm.ws.webcontainer.webapp.WebApp$AnnotatedMethods@3fcec286
      annotationClass = class java.lang.Class@7de2c380
      noOpClassNames = class java.util.HashSet@7704ef2e
      annotatedMethodNames = class java.util.concurrent.ConcurrentHashMap@2be477f9
      EMPTY_METHODS = class java.lang.reflect.Method[0]
    preDestroyMethods = class com.ibm.ws.webcontainer.webapp.WebApp$AnnotatedMethods@78f7fda4
      annotationClass = class java.lang.Class@78eb23fc
      noOpClassNames = class java.util.HashSet@45787399
      annotatedMethodNames = class java.util.concurrent.ConcurrentHashMap@44381d0c
      EMPTY_METHODS = class java.lang.reflect.Method[0]
    OBJ_EMPTY = class java.lang.Object[0]
    CLASS_EMPTY = class java.lang.Class[0]
    DEFAULT_JSP_EXTENSIONS = class java.util.ArrayList@422264d1
      serialVersionUID = 8683452581122892189
      DEFAULT_CAPACITY = 10
      EMPTY_ELEMENTDATA = class java.lang.Object[0]
      DEFAULTCAPACITY_EMPTY_ELEMENTDATA = class java.lang.Object[0]
      elementData = class java.lang.Object[10]
      size = 4
      MAX_ARRAY_SIZE = 2147483639
      modCount = 4
      MAX_ARRAY_SIZE = 2147483639
    DEFER_SERVLET_REQUEST_LISTENER_DESTROY_ON_ERROR = false
    DO_ACCEPT_PARTIAL = true
    DO_NOT_ACCEPT_PARTIAL = false
    DO_ACCEPT_EXCLUDED = true
    DO_NOT_ACCEPT_EXCLUDED = false
    commands = class java.util.ArrayList@3ecdc41b
      serialVersionUID = 8683452581122892189
      DEFAULT_CAPACITY = 10
      EMPTY_ELEMENTDATA = class java.lang.Object[0]
      DEFAULTCAPACITY_EMPTY_ELEMENTDATA = class java.lang.Object[0]
      elementData = class java.lang.Object[3]
      size = 0
      MAX_ARRAY_SIZE = 2147483639
      modCount = 0
      MAX_ARRAY_SIZE = 2147483639
    requestMapper = class com.ibm.wsspi.webcontainer.util.URIMapper@775eebb6
      matcher = class com.ibm.wsspi.webcontainer.util.URIMatcher@12b72dea
    parent = class com.ibm.ws.webcontainer.osgi.webapp.WebGroup@30832224
      tc = class com.ibm.websphere.ras.TraceComponent@6b4ae513
      logger = class com.ibm.ws.logging.internal.WsLogger@1798df43
      CLASS_NAME = "com.ibm.ws.webcontainer.webapp.WebGroup"
      sessUrlRewritePrefix = ";jsessionid="
      qMark = "?"
      config = class com.ibm.ws.webcontainer.osgi.webapp.WebGroupConfiguration@20904189
      webApp = class com.ibm.ws.webcontainer.osgi.webapp.WebApp@2ac1a01c
      commands = class java.util.ArrayList@3c358f3b
      requestMapper = null
      parent = class com.ibm.ws.webcontainer.osgi.DynamicVirtualHost@56b8fe60
      name = "/web/*"
      isAlive = true
      subElements = class java.util.HashMap@43d259e3
      attributes = null
      config = null
      serialVersionUID = -8271459000149267764
      $$$tc$$$ = class com.ibm.websphere.ras.TraceComponent@3a08b88d
    name = "web"
    isAlive = true
    subElements = null
    attributes = class java.util.Collections$SynchronizedMap@6156dc09
      serialVersionUID = 1978198479659022715
      m = class java.util.HashMap@1acbd9ed
      mutex = class java.util.Collections$SynchronizedMap@6156dc09
      keySet = null
      entrySet = class java.util.Collections$SynchronizedSet@74e9b720
      values = null
    config = null
    serialVersionUID = -8271459000149267764
    $$$tc$$$ = class com.ibm.websphere.ras.TraceComponent@3a08b88d
      strings[0] = "TraceComponent[com.ibm.ws.container.AbstractContainer,class com.ibm.ws.container.AbstractContainer,[],null,null]"
  target = class org.springframework.web.servlet.DispatcherServlet@4b5a315a
    MULTIPART_RESOLVER_BEAN_NAME = "multipartResolver"
    LOCALE_RESOLVER_BEAN_NAME = "localeResolver"
    THEME_RESOLVER_BEAN_NAME = "themeResolver"
    HANDLER_MAPPING_BEAN_NAME = "handlerMapping"
    HANDLER_ADAPTER_BEAN_NAME = "handlerAdapter"
    HANDLER_EXCEPTION_RESOLVER_BEAN_NAME = "handlerExceptionResolver"
    REQUEST_TO_VIEW_NAME_TRANSLATOR_BEAN_NAME = "viewNameTranslator"
    VIEW_RESOLVER_BEAN_NAME = "viewResolver"
    FLASH_MAP_MANAGER_BEAN_NAME = "flashMapManager"
    WEB_APPLICATION_CONTEXT_ATTRIBUTE = "org.springframework.web.servlet.DispatcherServlet.CONTEXT"
    LOCALE_RESOLVER_ATTRIBUTE = "org.springframework.web.servlet.DispatcherServlet.LOCALE_RESOLVER"
    THEME_RESOLVER_ATTRIBUTE = "org.springframework.web.servlet.DispatcherServlet.THEME_RESOLVER"
    THEME_SOURCE_ATTRIBUTE = "org.springframework.web.servlet.DispatcherServlet.THEME_SOURCE"
    INPUT_FLASH_MAP_ATTRIBUTE = "org.springframework.web.servlet.DispatcherServlet.INPUT_FLASH_MAP"
    OUTPUT_FLASH_MAP_ATTRIBUTE = "org.springframework.web.servlet.DispatcherServlet.OUTPUT_FLASH_MAP"
    FLASH_MAP_MANAGER_ATTRIBUTE = "org.springframework.web.servlet.DispatcherServlet.FLASH_MAP_MANAGER"
    EXCEPTION_ATTRIBUTE = "org.springframework.web.servlet.DispatcherServlet.EXCEPTION"
    PAGE_NOT_FOUND_LOG_CATEGORY = "org.springframework.web.servlet.PageNotFound"
    DEFAULT_STRATEGIES_PATH = "DispatcherServlet.properties"
    DEFAULT_STRATEGIES_PREFIX = "org.springframework.web.servlet"
    pageNotFoundLogger = class org.apache.commons.logging.impl.Log4JLogger@315a49d8
      serialVersionUID = 5160705895411730424
      FQCN = "org.apache.commons.logging.impl.Log4JLogger"
      logger = class org.apache.log4j.Logger@4c972e7c
      name = "org.springframework.web.servlet.PageNotFound"
      traceLevel = class org.apache.log4j.Level@26a8efa3
      class$org$apache$commons$logging$impl$Log4JLogger = class java.lang.Class@48978c0a
      class$org$apache$log4j$Level = class java.lang.Class@12bb2305
      class$org$apache$log4j$Priority = class java.lang.Class@4bec0146
    defaultStrategies = class java.util.Properties@3428b566
      serialVersionUID = 4112578634029874840
      defaults = null
      hexDigit = {0123456789ABCDEF} /* array length = 16*/
      table = class java.util.Hashtable$Entry[11]
      count = 8
      threshold = 8
      loadFactor = 0.75
      modCount = 8
      serialVersionUID = 1421746759512286392
      MAX_ARRAY_SIZE = 2147483639
      keySet = null
      entrySet = null
      values = null
      KEYS = 0
      VALUES = 1
      ENTRIES = 2
    detectAllHandlerMappings = true
    detectAllHandlerAdapters = true
    detectAllHandlerExceptionResolvers = true
    detectAllViewResolvers = true
    throwExceptionIfNoHandlerFound = false
    cleanupAfterInclude = true
    multipartResolver = null
    localeResolver = null
    themeResolver = null
    handlerMappings = null
    handlerAdapters = null
    handlerExceptionResolvers = null
    viewNameTranslator = null
    flashMapManager = null
    viewResolvers = null
    DEFAULT_NAMESPACE_SUFFIX = "-servlet"
    DEFAULT_CONTEXT_CLASS = class java.lang.Class@5165ea57
      ANNOTATION = 8192
      ENUM = 16384
      SYNTHETIC = 4096
      cachedConstructor = null
      newInstanceCallerCache = null
      name = "org.springframework.web.context.support.XmlWebApplicationContext"
      allPermDomain = class java.security.ProtectionDomain@484c1d84
      useCaches = true
      reflectionData = class java.lang.ref.SoftReference@66554c7a
      classRedefinedCount = 0
      genericInfo = null
      serialVersionUID = 3206093459760846163
      serialPersistentFields = class java.io.ObjectStreamField[0]
      reflectionFactory = class sun.reflect.ReflectionFactory@5c99536f
      initted = true
      enumConstants = null
      enumConstantDirectory = null
      annotationData = null
      annotationType = null
      classValueMap = null
    SERVLET_CONTEXT_PREFIX = "org.springframework.web.servlet.FrameworkServlet.CONTEXT."
    INIT_PARAM_DELIMITERS = ",; 	
"
    responseGetStatusAvailable = true
    contextAttribute = null
    contextClass = class java.lang.Class@5165ea57
    contextId = null
    namespace = null
    contextConfigLocation = "classpath:/context/ewms-servlet.xml"
    contextInitializers = class java.util.ArrayList@4ba37056
      serialVersionUID = 8683452581122892189
      DEFAULT_CAPACITY = 10
      EMPTY_ELEMENTDATA = class java.lang.Object[0]
      DEFAULTCAPACITY_EMPTY_ELEMENTDATA = class java.lang.Object[0]
      elementData = class java.lang.Object[0]
      size = 0
      MAX_ARRAY_SIZE = 2147483639
      modCount = 0
      MAX_ARRAY_SIZE = 2147483639
    contextInitializerClasses = null
    publishContext = true
    publishEvents = true
    threadContextInheritable = false
    dispatchOptionsRequest = true
    dispatchTraceRequest = false
    webApplicationContext = null
    webApplicationContextInjected = false
    refreshEventReceived = false
    logger = class org.apache.commons.logging.impl.Log4JLogger@637364d6
      serialVersionUID = 5160705895411730424
      FQCN = "org.apache.commons.logging.impl.Log4JLogger"
      logger = class org.apache.log4j.Logger@7c414bde
      name = "org.springframework.web.servlet.DispatcherServlet"
      traceLevel = class org.apache.log4j.Level@26a8efa3
      class$org$apache$commons$logging$impl$Log4JLogger = class java.lang.Class@48978c0a
      class$org$apache$log4j$Level = class java.lang.Class@12bb2305
      class$org$apache$log4j$Priority = class java.lang.Class@4bec0146
    environment = class org.springframework.web.context.support.StandardServletEnvironment@4f5e9
      SERVLET_CONTEXT_PROPERTY_SOURCE_NAME = "servletContextInitParams"
      SERVLET_CONFIG_PROPERTY_SOURCE_NAME = "servletConfigInitParams"
      JNDI_PROPERTY_SOURCE_NAME = "jndiProperties"
      SYSTEM_ENVIRONMENT_PROPERTY_SOURCE_NAME = "systemEnvironment"
      SYSTEM_PROPERTIES_PROPERTY_SOURCE_NAME = "systemProperties"
      IGNORE_GETENV_PROPERTY_NAME = "spring.getenv.ignore"
      ACTIVE_PROFILES_PROPERTY_NAME = "spring.profiles.active"
      DEFAULT_PROFILES_PROPERTY_NAME = "spring.profiles.default"
      RESERVED_DEFAULT_PROFILE_NAME = "default"
      logger = class org.apache.commons.logging.impl.Log4JLogger@27045ffe
      activeProfiles = class java.util.LinkedHashSet@1e4da63f
      defaultProfiles = class java.util.LinkedHashSet@79e65b3c
      propertySources = class org.springframework.core.env.MutablePropertySources@6915788
      propertyResolver = class org.springframework.core.env.PropertySourcesPropertyResolver@36f030b
    requiredProperties = class java.util.HashSet@7176f30a
      serialVersionUID = -5024744406713321676
      map = class java.util.HashMap@3fe267b6
      PRESENT = class java.lang.Object@8fb9649
      MAX_ARRAY_SIZE = 2147483639
    METHOD_DELETE = "DELETE"
    METHOD_HEAD = "HEAD"
    METHOD_GET = "GET"
    METHOD_OPTIONS = "OPTIONS"
    METHOD_POST = "POST"
    METHOD_PUT = "PUT"
    METHOD_TRACE = "TRACE"
    HEADER_IFMODSINCE = "If-Modified-Since"
    HEADER_LASTMOD = "Last-Modified"
    LSTRING_FILE = "javax.servlet.http.LocalStrings"
    lStrings = class java.util.PropertyResourceBundle@21070cb2
      lookup = class java.util.HashMap@9506ee4
      INITIAL_CACHE_SIZE = 32
      NONEXISTENT_BUNDLE = class java.util.ResourceBundle$1@1745344c
      cacheList = class java.util.concurrent.ConcurrentHashMap@7c266a55
      referenceQueue = class java.lang.ref.ReferenceQueue@5061cd9b
      parent = null
      locale = class java.util.Locale@70169c10
      name = "javax.servlet.http.LocalStrings"
      expired = false
      cacheKey = class java.util.ResourceBundle$CacheKey@68e45d9a
      keySet = null
      providers = null
      $assertionsDisabled = true
    config = class com.ibm.ws.webcontainer.servlet.ServletConfig@17330334
  cacheWrappers = null
  targetLoader = class com.ibm.ws.classloading.internal.ThreadContextClassLoader@7cce21ac
    tc = class com.ibm.websphere.ras.TraceComponent@600dff22
      strings[0] = "TraceComponent[com.ibm.ws.classloading.internal.ThreadContextClassLoader,class com.ibm.ws.classloading.internal.ThreadContextClassLoader,[ClassLoadingService],com.ibm.ws.classloading.internal.resources.ClassLoadingServiceMessages,null]"
    bundle = class java.util.concurrent.atomic.AtomicReference@1e011779
      serialVersionUID = -1848883965231344442
      unsafe = class sun.misc.Unsafe@4a4e00d5
      valueOffset = 12
      value = class org.eclipse.osgi.internal.framework.EquinoxBundle@5808db1d
    key = "WebModule:web#web.war"
    refCount = class java.util.concurrent.atomic.AtomicInteger@7aba6579
      serialVersionUID = 6214790243416807050
      unsafe = class sun.misc.Unsafe@4a4e00d5
      valueOffset = 12
      value = 1
      serialVersionUID = -8742448824652078965
    appLoader = class com.ibm.ws.classloading.internal.ParentLastClassLoader@14aa1c98
      PARENT_LAST_SEARCH_ORDER = class java.util.Collections$UnmodifiableRandomAccessList@2b5a4082
      serialVersionUID = -3850996510660656235
      $$$tc$$$ = class com.ibm.websphere.ras.TraceComponent@c1fa377
      tc = class com.ibm.websphere.ras.TraceComponent@ec28857
      PARENT_FIRST_SEARCH_ORDER = class java.util.Collections$UnmodifiableRandomAccessList@3b865e85
      CLASS_LOADING_TRACE_PREFIX = "com.ibm.ws.class.load."
      DEFAULT_PACKAGE = "default.package"
      perPackageClassLoadingTraceComponents = class java.util.concurrent.ConcurrentHashMap@6aca1557
      config = class com.ibm.ws.classloading.internal.ClassLoaderConfigurationImpl@45a06914
      privateLibraries = null
      delegateLoaders = class com.ibm.ws.classloading.internal.util.CompositeIterable@3c077f72
      nativeLibraryFiles = class java.util.ArrayList@35fc7c01
      transformers = class java.util.ArrayList@f26a744
      apiAccess = class com.ibm.ws.classloading.internal.GatewayClassLoader@3c720d83
      generator = class com.ibm.ws.classloading.internal.ClassGeneratorManager@4908877d
      protectionDomains = class java.util.concurrent.ConcurrentHashMap@4ef38dc1
      parent = class com.ibm.ws.classloading.internal.GatewayClassLoader@3c720d83
      serialVersionUID = -2240525179349384666
      tc = class com.ibm.websphere.ras.TraceComponent@42cce70b
      EMPTY_URL_ARRAY = class java.net.URL[0]
      smartClassPath = class com.ibm.ws.classloading.internal.ContainerClassLoader$SmartClassPathImpl@18b9fc6a
      nativeLibraryContainers = class java.util.ArrayList@229f74be
      redefiner = class com.ibm.ws.classloading.internal.util.ClassRedefiner@2f213cff
      mapCreationQueue = class java.util.concurrent.Executors$FinalizableDelegatedExecutorService@7dee215f
      serialVersionUID = 7249739282446266343
      serialVersionUID = -7411549862368381758
      $$$tc$$$ = class com.ibm.websphere.ras.TraceComponent@667ff8aa
      serialVersionUID = -4868702105808481416
      $$$tc$$$ = class com.ibm.websphere.ras.TraceComponent@125821e4
      serialVersionUID = 2596921220292114344
      $$$tc$$$ = class com.ibm.websphere.ras.TraceComponent@2e86cfaa
      initialized = true
      pdcache = class java.util.HashMap@2ae3d824
      debug = null
      parent = class com.ibm.ws.classloading.internal.GatewayClassLoader@3c720d83
      parallelLockMap = null
      package2certs = class java.util.Hashtable@73806342
      nocerts = class java.security.cert.Certificate[0]
      classes = class java.util.Vector@55606f09
      defaultDomain = class java.security.ProtectionDomain@59885823
      domains = class java.util.HashSet@6d9e89ce
      packages = class java.util.HashMap@1d746d4c
      scl = class sun.misc.Launcher$AppClassLoader@18b4aac2
      sclSet = true
      loadedLibraryNames = class java.util.Vector@4b3a51cc
      systemNativeLibraries = class java.util.Vector@506851c8
      nativeLibraries = class java.util.Vector@492172f2
      nativeLibraryContext = class java.util.Stack@77817897
      usr_paths = class java.lang.String[38]
      sys_paths = class java.lang.String[1]
      assertionLock = class com.ibm.ws.classloading.internal.ParentLastClassLoader@14aa1c98
      defaultAssertionStatus = false
      packageAssertionStatus = null
      classAssertionStatus = null
    serialVersionUID = 7093379526360135425
    followOnClassLoaders = class java.util.ArrayList@3efadf72
      serialVersionUID = 8683452581122892189
      DEFAULT_CAPACITY = 10
      EMPTY_ELEMENTDATA = class java.lang.Object[0]
      DEFAULTCAPACITY_EMPTY_ELEMENTDATA = class java.lang.Object[0]
      elementData = class java.lang.Object[10]
      size = 1
      MAX_ARRAY_SIZE = 2147483639
      modCount = 1
      MAX_ARRAY_SIZE = 2147483639
    serialVersionUID = -5107316606107305512
    $$$tc$$$ = class com.ibm.websphere.ras.TraceComponent@5dfad615
      strings[0] = "TraceComponent[com.ibm.ws.classloading.internal.UnifiedClassLoader,class com.ibm.ws.classloading.internal.UnifiedClassLoader,[ClassLoadingService],com.ibm.ws.classloading.internal.resources.ClassLoadingServiceMessages,null]"
    serialVersionUID = -4868702105808481416
    $$$tc$$$ = class com.ibm.websphere.ras.TraceComponent@125821e4
      strings[0] = "TraceComponent[com.ibm.ws.classloading.internal.LibertyLoader,class com.ibm.ws.classloading.internal.LibertyLoader,[ClassLoadingService],com.ibm.ws.classloading.internal.resources.ClassLoadingServiceMessages,null]"
    serialVersionUID = 2596921220292114344
    $$$tc$$$ = class com.ibm.websphere.ras.TraceComponent@2e86cfaa
      strings[0] = "TraceComponent[com.ibm.ws.classloading.LibertyClassLoader,class com.ibm.ws.classloading.LibertyClassLoader,[ClassLoadingService],com.ibm.ws.classloading.internal.resources.ClassLoadingServiceMessages,null]"
    initialized = true
    pdcache = class java.util.HashMap@7933f3a
      serialVersionUID = 362498820763181265
      DEFAULT_INITIAL_CAPACITY = 16
      MAXIMUM_CAPACITY = 1073741824
      DEFAULT_LOAD_FACTOR = 0.75
      TREEIFY_THRESHOLD = 8
      UNTREEIFY_THRESHOLD = 6
      MIN_TREEIFY_CAPACITY = 64
      table = null
      entrySet = null
      size = 0
      modCount = 0
      threshold = 16
      loadFactor = 0.75
      keySet = null
      values = null
    debug = null
    parent = class com.ibm.ws.classloading.internal.ParentLastClassLoader@14aa1c98
    parallelLockMap = null
    package2certs = class java.util.Hashtable@11bf5a6e
      table = class java.util.Hashtable$Entry[11]
      count = 0
      threshold = 8
      loadFactor = 0.75
      modCount = 0
      serialVersionUID = 1421746759512286392
      MAX_ARRAY_SIZE = 2147483639
      keySet = null
      entrySet = null
      values = null
      KEYS = 0
      VALUES = 1
      ENTRIES = 2
    nocerts = class java.security.cert.Certificate[0]
    classes = class java.util.Vector@3887748d
      elementData = class java.lang.Object[10]
      elementCount = 0
      capacityIncrement = 0
      serialVersionUID = -2767605614048989439
      MAX_ARRAY_SIZE = 2147483639
      modCount = 0
      MAX_ARRAY_SIZE = 2147483639
    defaultDomain = class java.security.ProtectionDomain@506e3da0
      codesource = class java.security.CodeSource@76023639
      classloader = class com.ibm.ws.classloading.internal.ThreadContextClassLoader@7cce21ac
      principals = interface java.security.Principal[0]
      permissions = null
      hasAllPerm = false
      staticPermissions = false
      key = class java.security.ProtectionDomain$Key@292652e2
      debug = null
    domains = class java.util.HashSet@4e9aa278
      serialVersionUID = -5024744406713321676
      map = class java.util.HashMap@702e01e2
      PRESENT = class java.lang.Object@8fb9649
      MAX_ARRAY_SIZE = 2147483639
    packages = class java.util.HashMap@259dedef
      serialVersionUID = 362498820763181265
      DEFAULT_INITIAL_CAPACITY = 16
      MAXIMUM_CAPACITY = 1073741824
      DEFAULT_LOAD_FACTOR = 0.75
      TREEIFY_THRESHOLD = 8
      UNTREEIFY_THRESHOLD = 6
      MIN_TREEIFY_CAPACITY = 64
      table = null
      entrySet = null
      size = 0
      modCount = 0
      threshold = 0
      loadFactor = 0.75
      keySet = null
      values = null
    scl = class sun.misc.Launcher$AppClassLoader@18b4aac2
      ucp = class sun.misc.URLClassPath@7d244919
      $assertionsDisabled = true
      ucp = class sun.misc.URLClassPath@7d244919
      acc = class java.security.AccessControlContext@19b59d14
      closeables = class java.util.WeakHashMap@651ddcce
      initialized = true
      pdcache = class java.util.HashMap@2a294268
      debug = null
      parent = class sun.misc.Launcher$ExtClassLoader@751aaab5
      parallelLockMap = class java.util.concurrent.ConcurrentHashMap@40f2c43f
      package2certs = class java.util.concurrent.ConcurrentHashMap@4b028b43
      nocerts = class java.security.cert.Certificate[0]
      classes = class java.util.Vector@2b58aa49
      defaultDomain = class java.security.ProtectionDomain@bb7f295
      domains = class java.util.Collections$SynchronizedSet@5d321ce0
      packages = class java.util.HashMap@2b5dc96
      scl = class sun.misc.Launcher$AppClassLoader@18b4aac2
      sclSet = true
      loadedLibraryNames = class java.util.Vector@4b3a51cc
      systemNativeLibraries = class java.util.Vector@506851c8
      nativeLibraries = class java.util.Vector@6cd1246b
      nativeLibraryContext = class java.util.Stack@77817897
      usr_paths = class java.lang.String[38]
      sys_paths = class java.lang.String[1]
      assertionLock = class java.lang.Object@5846403e
      defaultAssertionStatus = false
      packageAssertionStatus = null
      classAssertionStatus = null
    sclSet = true
    loadedLibraryNames = class java.util.Vector@4b3a51cc
      elementData = class java.lang.Object[10]
      elementCount = 5
      capacityIncrement = 0
      serialVersionUID = -2767605614048989439
      MAX_ARRAY_SIZE = 2147483639
      modCount = 5
      MAX_ARRAY_SIZE = 2147483639
    systemNativeLibraries = class java.util.Vector@506851c8
      elementData = class java.lang.Object[10]
      elementCount = 5
      capacityIncrement = 0
      serialVersionUID = -2767605614048989439
      MAX_ARRAY_SIZE = 2147483639
      modCount = 5
      MAX_ARRAY_SIZE = 2147483639
    nativeLibraries = class java.util.Vector@26bdd6cd
      elementData = class java.lang.Object[10]
      elementCount = 0
      capacityIncrement = 0
      serialVersionUID = -2767605614048989439
      MAX_ARRAY_SIZE = 2147483639
      modCount = 0
      MAX_ARRAY_SIZE = 2147483639
    nativeLibraryContext = class java.util.Stack@77817897
      serialVersionUID = 1224463164541339165
      elementData = class java.lang.Object[10]
      elementCount = 0
      capacityIncrement = 0
      serialVersionUID = -2767605614048989439
      MAX_ARRAY_SIZE = 2147483639
      modCount = 10
      MAX_ARRAY_SIZE = 2147483639
    usr_paths = class java.lang.String[38]
      usr_paths[0] = "C:\Program Files\Java\jre1.8.0_144\bin"
      usr_paths[1] = "C:\WINDOWS\Sun\Java\bin"
      usr_paths[2] = "C:\WINDOWS\system32"
      usr_paths[3] = "C:\WINDOWS"
      usr_paths[4] = "C:/Program Files/Java/jre1.8.0_144/bin/server"
      usr_paths[5] = "C:/Program Files/Java/jre1.8.0_144/bin"
      usr_paths[6] = "C:/Program Files/Java/jre1.8.0_144/lib/amd64"
      usr_paths[7] = "C:\ProgramData\Oracle\Java\javapath"
      usr_paths[8] = "C:\Program Files (x86)\IBM\WebSphere MQ\java\lib"
      usr_paths[9] = "C:\Program Files (x86)\IBM\WebSphere MQ\java\lib64"
      usr_paths[10] = "C:\WINDOWS\system32"
      usr_paths[11] = "C:\WINDOWS"
      usr_paths[12] = "C:\WINDOWS\System32\Wbem"
      usr_paths[13] = "C:\WINDOWS\System32\WindowsPowerShell\v1.0\"
      usr_paths[14] = "C:\Program Files (x86)\IBM\Client Access\Emulator"
      usr_paths[15] = "C:\Program Files (x86)\IBM\Client Access\Shared"
      usr_paths[16] = "C:\Program Files (x86)\IBM\Client Access\"
      usr_paths[17] = "C:\Program Files\TortoiseSVN\bin"
      usr_paths[18] = "C:\Program Files (x86)\IBM\WebSphere MQ\bin64"
      usr_paths[19] = "C:\Program Files (x86)\IBM\WebSphere MQ\bin"
      usr_paths[20] = "C:\Program Files (x86)\WinMerge"
      usr_paths[21] = "C:\Program Files (x86)\Heroku\bin"
      usr_paths[22] = "C:\Program Files (x86)\git\cmd"
      usr_paths[23] = "C:\Program Files (x86)\Lua\5.1"
      usr_paths[24] = "C:\Program Files (x86)\Lua\5.1\clibs"
      usr_paths[25] = "C:\Program Files (x86)\TimeStored.com\JPad\bin"
      usr_paths[26] = "C:\Program Files\PuTTY\"
      usr_paths[27] = "C:\Program Files\nodejs\"
      usr_paths[28] = "C:\Program Files (x86)\Skype\Phone\"
      usr_paths[29] = "C:\Program Files (x86)\Git\cmd"
      usr_paths[30] = "c:\DblibC:\Program Files\Java\jdk1.8.0_144\bin"
      usr_paths[31] = "C:\apache-maven-3.3.9\bin"
      usr_paths[32] = "."
      usr_paths[33] = "C:\Program Files (x86)\Microsoft VS Code\bin"
      usr_paths[34] = "C:\Users\hqmmande\AppData\Roaming\npm"
      usr_paths[35] = "C:\Users\hqmmande\Desktop\eclipse"
      usr_paths[36] = "."
      usr_paths[37] = "."
    sys_paths = class java.lang.String[1]
      sys_paths[0] = "C:\Program Files\Java\jre1.8.0_144\bin"
    assertionLock = class com.ibm.ws.classloading.internal.ThreadContextClassLoader@7cce21ac
    defaultAssertionStatus = false
    packageAssertionStatus = null
    classAssertionStatus = null
  evtSource = class com.ibm.ws.webcontainer.webapp.WebAppEventSource@4e69247c
    _invocationListeners = class com.ibm.ws.webcontainer.util.EventListeners@55dd7e77
      EMPTY_LISTENERS = interface java.util.EventListener[0]
      logger = class com.ibm.ws.logging.internal.WsLogger@97e701d
      CLASS_NAME = "com.ibm.ws.webcontainer.util.EventListeners"
      listeners = interface java.util.EventListener[0]
    _servletListeners = class com.ibm.ws.webcontainer.util.EventListeners@52c6e932
      EMPTY_LISTENERS = interface java.util.EventListener[0]
      logger = class com.ibm.ws.logging.internal.WsLogger@97e701d
      CLASS_NAME = "com.ibm.ws.webcontainer.util.EventListeners"
      listeners = interface java.util.EventListener[0]
    _errorListeners = class com.ibm.ws.webcontainer.util.EventListeners@b6e9a9a
      EMPTY_LISTENERS = interface java.util.EventListener[0]
      logger = class com.ibm.ws.logging.internal.WsLogger@97e701d
      CLASS_NAME = "com.ibm.ws.webcontainer.util.EventListeners"
      listeners = interface java.util.EventListener[0]
    _applicationListeners = class com.ibm.ws.webcontainer.util.EventListeners@6da55c26
      EMPTY_LISTENERS = interface java.util.EventListener[0]
      logger = class com.ibm.ws.logging.internal.WsLogger@97e701d
      CLASS_NAME = "com.ibm.ws.webcontainer.util.EventListeners"
      listeners = interface java.util.EventListener[0]
    _filterInvocationListeners = class com.ibm.ws.webcontainer.util.EventListeners@5335a923
      EMPTY_LISTENERS = interface java.util.EventListener[0]
      logger = class com.ibm.ws.logging.internal.WsLogger@97e701d
      CLASS_NAME = "com.ibm.ws.webcontainer.util.EventListeners"
      listeners = interface java.util.EventListener[0]
    _filterListeners = class com.ibm.ws.webcontainer.util.EventListeners@365f550e
      EMPTY_LISTENERS = interface java.util.EventListener[0]
      logger = class com.ibm.ws.logging.internal.WsLogger@97e701d
      CLASS_NAME = "com.ibm.ws.webcontainer.util.EventListeners"
      listeners = interface java.util.EventListener[0]
    _filterErrorListeners = class com.ibm.ws.webcontainer.util.EventListeners@491ab315
      EMPTY_LISTENERS = interface java.util.EventListener[0]
      logger = class com.ibm.ws.logging.internal.WsLogger@97e701d
      CLASS_NAME = "com.ibm.ws.webcontainer.util.EventListeners"
      listeners = interface java.util.EventListener[0]
  event = class com.ibm.websphere.servlet.event.ServletEvent@7b9fdd08
    serialVersionUID = 3906650803920713522
    _servletName = "ewms"
    _servletClassName = "org.springframework.web.servlet.DispatcherServlet"
    $$$tc$$$ = class com.ibm.websphere.ras.TraceComponent@bde254e
      strings[0] = "TraceComponent[com.ibm.websphere.servlet.event.ServletEvent,class com.ibm.websphere.servlet.event.ServletEvent,[],null,null]"
    serialVersionUID = 3546927969739289392
    _context = class com.ibm.wsspi.webcontainer.facade.ServletContextFacade@2f55e40e
    _servletNames = class com.ibm.ws.webcontainer.util.EmptyEnumeration@2c1e5404
      serialVersionUID = 3546642126931963953
      _instance = class com.ibm.ws.webcontainer.util.EmptyEnumeration@2c1e5404
    $$$tc$$$ = class com.ibm.websphere.ras.TraceComponent@21a68fc6
      strings[0] = "TraceComponent[com.ibm.websphere.servlet.event.ApplicationEvent,class com.ibm.websphere.servlet.event.ApplicationEvent,[],null,null]"
    serialVersionUID = 5516075349620653480
    source = class com.ibm.ws.webcontainer.osgi.servlet.ServletWrapper@6a049304
  unavailableMessage = null
  unavailableUntil = -1
  isSTM = false
  internalServlet = false
  webAppInvocationCollaborators = null
  platformHelper = class com.ibm.ws.webcontainer.PlatformHelper@92f3579
  webAppNameSpaceCollab = class com.ibm.ws.webcontainer.osgi.collaborator.WebAppNameSpaceCollaboratorImpl@19d27aa7
    cmdai = class com.ibm.ws.threadContext.ComponentMetaDataAccessorImpl@1c0ce8ea
      tc = class com.ibm.websphere.ras.TraceComponent@7c4aa0b0
      cmdai = class com.ibm.ws.threadContext.ComponentMetaDataAccessorImpl@1c0ce8ea
      threadContext = class com.ibm.ws.threadContext.ThreadContextImpl@2c438f71
      defaultCMD = null
  txCollab = class com.ibm.ws.transaction.services.WebAppTransactionCollaboratorImpl@14f5c117
    tc = class com.ibm.websphere.ras.TraceComponent@20e9be17
      strings[0] = "TraceComponent[com.ibm.ws.transaction.services.WebAppTransactionCollaboratorImpl,class com.ibm.ws.transaction.services.WebAppTransactionCollaboratorImpl,[transaction],com.ibm.ws.transaction.services.TransactionMessages,null]"
    ltCurrentRef = class com.ibm.wsspi.kernel.service.utils.AtomicServiceReference@79f6c87
      referenceName = "ltCurrent"
      tuple = class java.util.concurrent.atomic.AtomicReference@220331d1
      serialVersionUID = 2226592364007985000
      $$$tc$$$ = class com.ibm.websphere.ras.TraceComponent@729986e1
    tranMgrRef = class com.ibm.wsspi.kernel.service.utils.AtomicServiceReference@1c8d976e
      referenceName = "tranMgr"
      tuple = class java.util.concurrent.atomic.AtomicReference@1e70ef60
      serialVersionUID = 2226592364007985000
      $$$tc$$$ = class com.ibm.websphere.ras.TraceComponent@729986e1
    userTranRef = class com.ibm.wsspi.kernel.service.utils.AtomicServiceReference@56b5f385
      referenceName = "userTran"
      tuple = class java.util.concurrent.atomic.AtomicReference@49980a66
      serialVersionUID = 2226592364007985000
      $$$tc$$$ = class com.ibm.websphere.ras.TraceComponent@729986e1
    uowCallbackRef = class com.ibm.wsspi.kernel.service.utils.AtomicServiceReference@1e765c20
      referenceName = "uowCallback"
      tuple = class java.util.concurrent.atomic.AtomicReference@7e446f1
      serialVersionUID = 2226592364007985000
      $$$tc$$$ = class com.ibm.websphere.ras.TraceComponent@729986e1
    serialVersionUID = -8319003162899973281
  connCollab = class com.ibm.ws.webcontainer.collaborator.ConnectionCollaborator@620189b5
  suppressServletExceptionLogging = false
  throwExceptionEnum = class java.util.RegularEnumSet@1ecc3712
    serialVersionUID = 3411599620347842686
    elements = 256
    elementType = class java.lang.Class@44d63cda
      ANNOTATION = 8192
      ENUM = 16384
      SYNTHETIC = 4096
      cachedConstructor = null
      newInstanceCallerCache = null
      name = "com.ibm.wsspi.webcontainer.collaborator.CollaboratorInvocationEnum"
      allPermDomain = class java.security.ProtectionDomain@484c1d84
      useCaches = true
      reflectionData = class java.lang.ref.SoftReference@3452540c
      classRedefinedCount = 0
      genericInfo = null
      serialVersionUID = 3206093459760846163
      serialPersistentFields = class java.io.ObjectStreamField[0]
      reflectionFactory = class sun.reflect.ReflectionFactory@5c99536f
      initted = true
      enumConstants = class com.ibm.wsspi.webcontainer.collaborator.CollaboratorInvocationEnum[9]
      enumConstantDirectory = null
      annotationData = null
      annotationType = null
      classValueMap = null
    universe = class com.ibm.wsspi.webcontainer.collaborator.CollaboratorInvocationEnum[9]
      universe[0] = class com.ibm.wsspi.webcontainer.collaborator.CollaboratorInvocationEnum@273ba693
      universe[1] = class com.ibm.wsspi.webcontainer.collaborator.CollaboratorInvocationEnum@54bdc6a9
      universe[2] = class com.ibm.wsspi.webcontainer.collaborator.CollaboratorInvocationEnum@1937bdec
      universe[3] = class com.ibm.wsspi.webcontainer.collaborator.CollaboratorInvocationEnum@6e4c7af
      universe[4] = class com.ibm.wsspi.webcontainer.collaborator.CollaboratorInvocationEnum@7c91e6de
      universe[5] = class com.ibm.wsspi.webcontainer.collaborator.CollaboratorInvocationEnum@46a3ff6b
      universe[6] = class com.ibm.wsspi.webcontainer.collaborator.CollaboratorInvocationEnum@625ff28e
      universe[7] = class com.ibm.wsspi.webcontainer.collaborator.CollaboratorInvocationEnum@422698d5
      universe[8] = class com.ibm.wsspi.webcontainer.collaborator.CollaboratorInvocationEnum@31f23159
    ZERO_LENGTH_ENUM_ARRAY = class java.lang.Enum[0]
    MAX_ARRAY_SIZE = 2147483639
  discernUnavailableServlet = false
  reInitServletonInitUnavailableException = true
  destroyServletonServiceUnavailableException = false
  servlet23 = true
  PARAMS_HEAD_TRACE = class java.lang.Class[2]
    PARAMS_HEAD_TRACE[0] = class java.lang.Class@7a8c44ee
      ANNOTATION = 8192
      ENUM = 16384
      SYNTHETIC = 4096
      cachedConstructor = null
      newInstanceCallerCache = null
      name = "javax.servlet.http.HttpServletRequest"
      allPermDomain = class java.security.ProtectionDomain@484c1d84
      useCaches = true
      reflectionData = class java.lang.ref.SoftReference@14dc5611
      classRedefinedCount = 0
      genericInfo = null
      serialVersionUID = 3206093459760846163
      serialPersistentFields = class java.io.ObjectStreamField[0]
      reflectionFactory = class sun.reflect.ReflectionFactory@5c99536f
      initted = true
      enumConstants = null
      enumConstantDirectory = null
      annotationData = null
      annotationType = null
      classValueMap = null
    PARAMS_HEAD_TRACE[1] = class java.lang.Class@139e80ff
      ANNOTATION = 8192
      ENUM = 16384
      SYNTHETIC = 4096
      cachedConstructor = null
      newInstanceCallerCache = null
      name = "javax.servlet.http.HttpServletResponse"
      allPermDomain = class java.security.ProtectionDomain@484c1d84
      useCaches = true
      reflectionData = class java.lang.ref.SoftReference@32bb1dd0
      classRedefinedCount = 0
      genericInfo = null
      serialVersionUID = 3206093459760846163
      serialPersistentFields = class java.io.ObjectStreamField[0]
      reflectionFactory = class sun.reflect.ReflectionFactory@5c99536f
      initted = true
      enumConstants = null
      enumConstantDirectory = null
      annotationData = null
      annotationType = null
      classValueMap = null
  defaultHeadMethodInUse = false
  defaultTraceMethodInUse = false
  checkedForDefaultMethods = null
  defaultTraceRequestBehavior = false
  defaultHeadRequestBehavior = false
  useOriginalRequestState = false
  warningStatusSet = false
  config = null

