------Start of DE processing------ = [9/6/17 11:37:17:522 EDT]
Exception = org.springframework.beans.factory.BeanInitializationException
Source = com.ibm.ws.webcontainer.servlet.ServletWrapper.init
probeid = 181
Stack Dump = org.springframework.beans.factory.BeanInitializationException: Could not load properties; nested exception is java.io.FileNotFoundException: Could not open ServletContext resource [/${ewms.system.properties.path}]
	at org.springframework.beans.factory.config.PropertyResourceConfigurer.postProcessBeanFactory(PropertyResourceConfigurer.java:89)
	at org.springframework.context.support.PostProcessorRegistrationDelegate.invokeBeanFactoryPostProcessors(PostProcessorRegistrationDelegate.java:281)
	at org.springframework.context.support.PostProcessorRegistrationDelegate.invokeBeanFactoryPostProcessors(PostProcessorRegistrationDelegate.java:161)
	at org.springframework.context.support.AbstractApplicationContext.invokeBeanFactoryPostProcessors(AbstractApplicationContext.java:687)
	at org.springframework.context.support.AbstractApplicationContext.refresh(AbstractApplicationContext.java:525)
	at org.springframework.web.context.ContextLoader.configureAndRefreshWebApplicationContext(ContextLoader.java:443)
	at org.springframework.web.context.ContextLoader.initWebApplicationContext(ContextLoader.java:325)
	at org.springframework.web.context.ContextLoaderListener.contextInitialized(ContextLoaderListener.java:107)
	at com.ibm.ws.webcontainer.webapp.WebApp.notifyServletContextCreated(WebApp.java:2428)
	at com.ibm.ws.webcontainer.webapp.WebApp.initialize(WebApp.java:1065)
	at com.ibm.ws.webcontainer.webapp.WebApp.initialize(WebApp.java:6595)
	at com.ibm.ws.webcontainer.osgi.DynamicVirtualHost.startWebApp(DynamicVirtualHost.java:468)
	at com.ibm.ws.webcontainer.osgi.DynamicVirtualHost.startWebApplication(DynamicVirtualHost.java:463)
	at com.ibm.ws.webcontainer.osgi.WebContainer.startWebApplication(WebContainer.java:1120)
	at com.ibm.ws.webcontainer.osgi.WebContainer.access$000(WebContainer.java:104)
	at com.ibm.ws.webcontainer.osgi.WebContainer$2.run(WebContainer.java:932)
	at java.util.concurrent.Executors$RunnableAdapter.call(Unknown Source)
	at java.util.concurrent.FutureTask.run(Unknown Source)
	at java.util.concurrent.ThreadPoolExecutor.runWorker(Unknown Source)
	at java.util.concurrent.ThreadPoolExecutor$Worker.run(Unknown Source)
	at java.lang.Thread.run(Unknown Source)
Caused by: java.io.FileNotFoundException: Could not open ServletContext resource [/${ewms.system.properties.path}]
	at org.springframework.web.context.support.ServletContextResource.getInputStream(ServletContextResource.java:141)
	at org.springframework.core.io.support.EncodedResource.getInputStream(EncodedResource.java:154)
	at org.springframework.core.io.support.PropertiesLoaderUtils.fillProperties(PropertiesLoaderUtils.java:98)
	at org.springframework.core.io.support.PropertiesLoaderSupport.loadProperties(PropertiesLoaderSupport.java:177)
	at org.springframework.core.io.support.PropertiesLoaderSupport.mergeProperties(PropertiesLoaderSupport.java:158)
	at org.springframework.beans.factory.config.PropertyResourceConfigurer.postProcessBeanFactory(PropertyResourceConfigurer.java:80)
	... 20 more

Dump of callerThis
Object type = com.ibm.ws.webcontainer.osgi.servlet.ServletWrapper
  serialVersionUID = 1
  _mo = class com.ibm.ws.managedobject.internal.ManagedObjectImpl@4bb8ec4c
    object = "<sensitive org.springframework.web.servlet.DispatcherServlet@6d985412>"
    serialVersionUID = -5603642874755101089
    $$$tc$$$ = class com.ibm.websphere.ras.TraceComponent@1c0c30fc
      strings[0] = "TraceComponent[com.ibm.ws.managedobject.internal.ManagedObjectImpl,class com.ibm.ws.managedobject.internal.ManagedObjectImpl,[],null,null]"
  serialVersionUID = -4479626085298397598
  notifyInvocationListeners = false
  UNINITIALIZED_STATE = -1
  AVAILABLE_STATE = 0
  UNAVAILABLE_STATE = 1
  UNAVAILABLE_PERMANENTLY_STATE = 2
  collabHelper = class com.ibm.ws.webcontainer.osgi.collaborator.CollaboratorHelperImpl@fac8631
    webAppInvCollabs = class java.util.Collections$UnmodifiableSet@72cd5e8b
      serialVersionUID = -9215047833775013803
      serialVersionUID = 1820017752578914078
      c = class java.util.concurrent.CopyOnWriteArraySet@5c89b2a3
    securityDomainForApp = null
    logger = class com.ibm.ws.logging.internal.WsLogger@4cce639
      tc = class com.ibm.websphere.ras.TraceComponent@72e12ea2
      ivCachedResourceBundleName = null
      ivCachedResourceBundle = null
      ivComponent = null
      ivOrganization = null
      ivProduct = null
      ivMinimumLocalizationLevelIntValue = 625
      ivTC = class com.ibm.websphere.ras.TraceComponent@66d2bf8c
      loggerRegistrationComponent = class java.lang.ThreadLocal@35c222e4
      emptyHandlers = class java.util.logging.Handler[0]
      offValue = 2147483647
      SYSTEM_LOGGER_RB_NAME = "sun.util.logging.resources.logging"
      SYSTEM_BUNDLE = class java.util.logging.Logger$LoggerBundle@3595306d
      NO_RESOURCE_BUNDLE = class java.util.logging.Logger$LoggerBundle@39261fa0
      manager = class com.ibm.ws.kernel.boot.logging.WsLogManager@777435a8
      name = "com.ibm.ws.webcontainer.collaborator"
      handlers = class java.util.concurrent.CopyOnWriteArrayList@37600192
      loggerBundle = class java.util.logging.Logger$LoggerBundle@42cc91c9
      useParentHandlers = true
      filter = null
      anonymous = false
      catalog = class com.ibm.ws.webcontainer.resources.Messages@33d57968
      catalogName = "com.ibm.ws.webcontainer.resources.Messages"
      catalogLocale = class java.util.Locale@465d65ab
      treeLock = class java.lang.Object@1052c1bd
      parent = class com.ibm.ws.logging.internal.WsLogger@6cce5ffb
      kids = null
      levelObject = class java.util.logging.Level@5eb48a87
      levelValue = 800
      callersClassLoaderRef = class java.lang.ref.WeakReference@88387f5
      isSystemLogger = false
      GLOBAL_LOGGER_NAME = "global"
      global = class java.util.logging.Logger@7530a43e
      $assertionsDisabled = true
    staticDefaultSecurityCollaborator = class com.ibm.ws.webcontainer.collaborator.WebAppSecurityCollaborator@66b66842
    logger = class com.ibm.ws.logging.internal.WsLogger@5d839729
      tc = class com.ibm.websphere.ras.TraceComponent@72e12ea2
      ivCachedResourceBundleName = null
      ivCachedResourceBundle = null
      ivComponent = null
      ivOrganization = null
      ivProduct = null
      ivMinimumLocalizationLevelIntValue = 625
      ivTC = class com.ibm.websphere.ras.TraceComponent@744db586
      loggerRegistrationComponent = class java.lang.ThreadLocal@35c222e4
      emptyHandlers = class java.util.logging.Handler[0]
      offValue = 2147483647
      SYSTEM_LOGGER_RB_NAME = "sun.util.logging.resources.logging"
      SYSTEM_BUNDLE = class java.util.logging.Logger$LoggerBundle@3595306d
      NO_RESOURCE_BUNDLE = class java.util.logging.Logger$LoggerBundle@39261fa0
      manager = class com.ibm.ws.kernel.boot.logging.WsLogManager@777435a8
      name = "com.ibm.wsspi.webcontainer.collaborator"
      handlers = class java.util.concurrent.CopyOnWriteArrayList@1c38d0d7
      loggerBundle = class java.util.logging.Logger$LoggerBundle@57f4313a
      useParentHandlers = true
      filter = null
      anonymous = false
      catalog = class com.ibm.ws.webcontainer.resources.Messages@33d57968
      catalogName = "com.ibm.ws.webcontainer.resources.Messages"
      catalogLocale = class java.util.Locale@465d65ab
      treeLock = class java.lang.Object@1052c1bd
      parent = class java.util.logging.Logger@255c100d
      kids = null
      levelObject = class java.util.logging.Level@5eb48a87
      levelValue = 800
      callersClassLoaderRef = class java.lang.ref.WeakReference@2457f156
      isSystemLogger = false
      GLOBAL_LOGGER_NAME = "global"
      global = class java.util.logging.Logger@7530a43e
      $assertionsDisabled = true
    CLASS_NAME = "com.ibm.wsspi.webcontainer.collaborator.CollaboratorHelper"
    webApp = class com.ibm.ws.webcontainer.osgi.webapp.WebApp@10d60ec3
    securityCollaborator = class com.ibm.ws.webcontainer.collaborator.WebAppSecurityCollaborator@66b66842
    nameSpaceCollaborator = class com.ibm.ws.webcontainer.osgi.collaborator.WebAppNameSpaceCollaboratorImpl@6756625d
    transactionCollaborator = class com.ibm.ws.transaction.services.WebAppTransactionCollaboratorImpl@59bcfa05
    connectionCollaborator = class com.ibm.ws.webcontainer.collaborator.ConnectionCollaborator@45a2a314
    allCollabEnum = class java.util.RegularEnumSet@263c78b7
      serialVersionUID = 3411599620347842686
      elements = 511
      elementType = class java.lang.Class@2070121f
      universe = class com.ibm.wsspi.webcontainer.collaborator.CollaboratorInvocationEnum[9]
      ZERO_LENGTH_ENUM_ARRAY = class java.lang.Enum[0]
      MAX_ARRAY_SIZE = 2147483639
    servlet_23_or_greater = true
    DEFER_SERVLET_REQUEST_LISTENER_DESTROY_ON_ERROR = false
  nServicing = class java.util.concurrent.atomic.AtomicInteger@1d116521
    serialVersionUID = 6214790243416807050
    unsafe = class sun.misc.Unsafe@2b306b96
      theUnsafe = class sun.misc.Unsafe@2b306b96
      INVALID_FIELD_OFFSET = -1
      ARRAY_BOOLEAN_BASE_OFFSET = 16
      ARRAY_BYTE_BASE_OFFSET = 16
      ARRAY_SHORT_BASE_OFFSET = 16
      ARRAY_CHAR_BASE_OFFSET = 16
      ARRAY_INT_BASE_OFFSET = 16
      ARRAY_LONG_BASE_OFFSET = 16
      ARRAY_FLOAT_BASE_OFFSET = 16
      ARRAY_DOUBLE_BASE_OFFSET = 16
      ARRAY_OBJECT_BASE_OFFSET = 16
      ARRAY_BOOLEAN_INDEX_SCALE = 1
      ARRAY_BYTE_INDEX_SCALE = 1
      ARRAY_SHORT_INDEX_SCALE = 2
      ARRAY_CHAR_INDEX_SCALE = 2
      ARRAY_INT_INDEX_SCALE = 4
      ARRAY_LONG_INDEX_SCALE = 8
      ARRAY_FLOAT_INDEX_SCALE = 4
      ARRAY_DOUBLE_INDEX_SCALE = 8
      ARRAY_OBJECT_INDEX_SCALE = 4
      ADDRESS_SIZE = 8
    valueOffset = 12
    value = 0
    serialVersionUID = -8742448824652078965
  lastAccessTime = 1504712234280
  state = -1
  logger = class com.ibm.ws.logging.internal.WsLogger@50b4ffed
    tc = class com.ibm.websphere.ras.TraceComponent@72e12ea2
      strings[0] = "TraceComponent[com.ibm.ws.logging.internal.WsLogger,class com.ibm.ws.logging.internal.WsLogger,[logging],com.ibm.ws.logging.internal.resources.LoggingMessages,null]"
    ivCachedResourceBundleName = null
    ivCachedResourceBundle = null
    ivComponent = null
    ivOrganization = null
    ivProduct = null
    ivMinimumLocalizationLevelIntValue = 625
    ivTC = class com.ibm.websphere.ras.TraceComponent@147201f8
      strings[0] = "TraceComponent[com.ibm.ws.webcontainer.servlet,class com.ibm.wsspi.webcontainer.logging.LoggerFactory$1,[com.ibm.ws.webcontainer.servlet],null,null]"
    loggerRegistrationComponent = class java.lang.ThreadLocal@35c222e4
      threadLocalHashCode = 1675452296
      nextHashCode = class java.util.concurrent.atomic.AtomicInteger@6b1f1ce4
      HASH_INCREMENT = 1640531527
    emptyHandlers = class java.util.logging.Handler[0]
    offValue = 2147483647
    SYSTEM_LOGGER_RB_NAME = "sun.util.logging.resources.logging"
    SYSTEM_BUNDLE = class java.util.logging.Logger$LoggerBundle@3595306d
      resourceBundleName = "sun.util.logging.resources.logging"
      userBundle = null
    NO_RESOURCE_BUNDLE = class java.util.logging.Logger$LoggerBundle@39261fa0
      resourceBundleName = null
      userBundle = null
    manager = class com.ibm.ws.kernel.boot.logging.WsLogManager@777435a8
      CLASS_NAME = "com.ibm.ws.kernel.boot.logging.WsLogManager"
      CONFIGURE_BY_SERVER_PROPERTY_NAME = "java.util.logging.configureByServer"
      CONFIGURE_BY_LOGGING_PROPERTIES_FILE = "java.util.logging.configureByLoggingPropertiesFile"
      configureByServer = true
      configureByLoggingProperties = false
      wsLogger = class java.lang.reflect.Constructor@68123b7a
      resetEnabled = true
      manager = class com.ibm.ws.kernel.boot.logging.WsLogManager@777435a8
      props = class java.util.Properties@f8d7020
      defaultLevel = class java.util.logging.Level@5eb48a87
      listenerMap = class java.util.HashMap@3df20bba
      systemContext = class java.util.logging.LogManager$SystemLoggerContext@1f25a7e3
      userContext = class java.util.logging.LogManager$LoggerContext@66159696
      rootLogger = class java.util.logging.LogManager$RootLogger@756103b5
      readPrimordialConfiguration = true
      initializedGlobalHandlers = true
      deathImminent = false
      initializedCalled = true
      initializationDone = true
      contextsMap = null
      loggerRefQueue = class java.lang.ref.ReferenceQueue@27de604
      MAX_ITERATIONS = 400
      controlPermission = class java.util.logging.LoggingPermission@2f7f922a
      loggingMXBean = null
      LOGGING_MXBEAN_NAME = "java.util.logging:type=Logging"
      $assertionsDisabled = true
    name = "com.ibm.ws.webcontainer.servlet"
    handlers = class java.util.concurrent.CopyOnWriteArrayList@3b7885c3
      serialVersionUID = 8673264195747942595
      lock = class java.util.concurrent.locks.ReentrantLock@61fda2ae
      array = class java.lang.Object[0]
      UNSAFE = class sun.misc.Unsafe@2b306b96
      lockOffset = 12
    loggerBundle = class java.util.logging.Logger$LoggerBundle@4b6a343e
      resourceBundleName = "com.ibm.ws.webcontainer.resources.Messages"
      userBundle = null
    useParentHandlers = true
    filter = null
    anonymous = false
    catalog = class com.ibm.ws.webcontainer.resources.Messages@48d0c98d
      resources = class [Ljava.lang.Object;[332]
      lookup = class java.util.HashMap@218a56b5
      INITIAL_CACHE_SIZE = 32
      NONEXISTENT_BUNDLE = class java.util.ResourceBundle$1@3df976c
      cacheList = class java.util.concurrent.ConcurrentHashMap@48674311
      referenceQueue = class java.lang.ref.ReferenceQueue@4fd885ae
      parent = null
      locale = class java.util.Locale@3c945d1e
      name = "com.ibm.ws.webcontainer.resources.Messages"
      expired = false
      cacheKey = class java.util.ResourceBundle$CacheKey@438fd917
      keySet = null
      providers = null
      $assertionsDisabled = true
    catalogName = "com.ibm.ws.webcontainer.resources.Messages"
    catalogLocale = class java.util.Locale@465d65ab
      LOCALECACHE = class java.util.Locale$Cache@3417536d
      ENGLISH = class java.util.Locale@3cca8ec
      FRENCH = class java.util.Locale@25282385
      GERMAN = class java.util.Locale@3100b4fa
      ITALIAN = class java.util.Locale@3f02158c
      JAPANESE = class java.util.Locale@596f5148
      KOREAN = class java.util.Locale@3d3f75eb
      CHINESE = class java.util.Locale@92ca1d2
      SIMPLIFIED_CHINESE = class java.util.Locale@26ad7b0e
      TRADITIONAL_CHINESE = class java.util.Locale@5eb8b82
      FRANCE = class java.util.Locale@433d26f9
      GERMANY = class java.util.Locale@2f732d7d
      ITALY = class java.util.Locale@624b4696
      JAPAN = class java.util.Locale@3b2576c6
      KOREA = class java.util.Locale@110595b5
      CHINA = class java.util.Locale@26ad7b0e
      PRC = class java.util.Locale@26ad7b0e
      TAIWAN = class java.util.Locale@5eb8b82
      UK = class java.util.Locale@272b4a2d
      US = class java.util.Locale@465d65ab
      CANADA = class java.util.Locale@1fecc7a8
      CANADA_FRENCH = class java.util.Locale@f6f01d5
      ROOT = class java.util.Locale@3c945d1e
      PRIVATE_USE_EXTENSION = x
      UNICODE_LOCALE_EXTENSION = u
      serialVersionUID = 9149081749638150636
      DISPLAY_LANGUAGE = 0
      DISPLAY_COUNTRY = 1
      DISPLAY_VARIANT = 2
      DISPLAY_SCRIPT = 3
      baseLocale = class sun.util.locale.BaseLocale@4ffdcbe0
      localeExtensions = null
      hashCodeValue = 96636889
      defaultLocale = class java.util.Locale@465d65ab
      defaultDisplayLocale = null
      defaultFormatLocale = class java.util.Locale@465d65ab
      languageTag = "en-US"
      serialPersistentFields = class java.io.ObjectStreamField[6]
      isoLanguages = null
      isoCountries = null
      $assertionsDisabled = true
    treeLock = class java.lang.Object@1052c1bd
    parent = class com.ibm.ws.logging.internal.WsLogger@6cce5ffb
      tc = class com.ibm.websphere.ras.TraceComponent@72e12ea2
      ivCachedResourceBundleName = "com.ibm.ws.webcontainer.resources.Messages"
      ivCachedResourceBundle = class com.ibm.ws.webcontainer.resources.Messages@48d0c98d
      ivComponent = null
      ivOrganization = null
      ivProduct = null
      ivMinimumLocalizationLevelIntValue = 625
      ivTC = class com.ibm.websphere.ras.TraceComponent@4aef04c1
      loggerRegistrationComponent = class java.lang.ThreadLocal@35c222e4
      emptyHandlers = class java.util.logging.Handler[0]
      offValue = 2147483647
      SYSTEM_LOGGER_RB_NAME = "sun.util.logging.resources.logging"
      SYSTEM_BUNDLE = class java.util.logging.Logger$LoggerBundle@3595306d
      NO_RESOURCE_BUNDLE = class java.util.logging.Logger$LoggerBundle@39261fa0
      manager = class com.ibm.ws.kernel.boot.logging.WsLogManager@777435a8
      name = "com.ibm.ws.webcontainer"
      handlers = class java.util.concurrent.CopyOnWriteArrayList@64e16f67
      loggerBundle = class java.util.logging.Logger$LoggerBundle@c291ab2
      useParentHandlers = true
      filter = null
      anonymous = false
      catalog = class com.ibm.ws.webcontainer.resources.Messages@48d0c98d
      catalogName = "com.ibm.ws.webcontainer.resources.Messages"
      catalogLocale = class java.util.Locale@465d65ab
      treeLock = class java.lang.Object@1052c1bd
      parent = class java.util.logging.Logger@255c100d
      kids = class java.util.ArrayList@5ae37851
      levelObject = class java.util.logging.Level@5eb48a87
      levelValue = 800
      callersClassLoaderRef = class java.lang.ref.WeakReference@3596be3d
      isSystemLogger = false
      GLOBAL_LOGGER_NAME = "global"
      global = class java.util.logging.Logger@7530a43e
      $assertionsDisabled = true
    kids = null
    levelObject = class java.util.logging.Level@5eb48a87
      defaultBundle = "sun.util.logging.resources.logging"
      name = "INFO"
      value = 800
      resourceBundleName = "sun.util.logging.resources.logging"
      localizedLevelName = "INFO"
      cachedLocale = class java.util.Locale@465d65ab
      OFF = class java.util.logging.Level@73497d19
      SEVERE = class java.util.logging.Level@639be914
      WARNING = class java.util.logging.Level@32e50696
      INFO = class java.util.logging.Level@5eb48a87
      CONFIG = class java.util.logging.Level@a9a4062
      FINE = class java.util.logging.Level@3203559d
      FINER = class java.util.logging.Level@eecc980
      FINEST = class java.util.logging.Level@1427af7d
      ALL = class java.util.logging.Level@4c6664cb
      serialVersionUID = -8176160795706313070
    levelValue = 800
    callersClassLoaderRef = class java.lang.ref.WeakReference@3a619808
      referent = class org.eclipse.osgi.internal.loader.EquinoxClassLoader@3413f887
      queue = class java.lang.ref.ReferenceQueue$Null@5d800efb
      next = null
      discovered = null
      lock = class java.lang.ref.Reference$Lock@75506c2
      pending = null
    isSystemLogger = false
    GLOBAL_LOGGER_NAME = "global"
    global = class java.util.logging.Logger@7530a43e
      emptyHandlers = class java.util.logging.Handler[0]
      offValue = 2147483647
      SYSTEM_LOGGER_RB_NAME = "sun.util.logging.resources.logging"
      SYSTEM_BUNDLE = class java.util.logging.Logger$LoggerBundle@3595306d
      NO_RESOURCE_BUNDLE = class java.util.logging.Logger$LoggerBundle@39261fa0
      manager = class com.ibm.ws.kernel.boot.logging.WsLogManager@777435a8
      name = "global"
      handlers = class java.util.concurrent.CopyOnWriteArrayList@63db7e7e
      loggerBundle = class java.util.logging.Logger$LoggerBundle@39261fa0
      useParentHandlers = true
      filter = null
      anonymous = false
      catalog = null
      catalogName = null
      catalogLocale = null
      treeLock = class java.lang.Object@1052c1bd
      parent = class java.util.logging.LogManager$RootLogger@756103b5
      kids = null
      levelObject = null
      levelValue = 800
      callersClassLoaderRef = null
      isSystemLogger = true
      GLOBAL_LOGGER_NAME = "global"
      global = class java.util.logging.Logger@7530a43e
      $assertionsDisabled = true
    $assertionsDisabled = true
  CLASS_NAME = "com.ibm.ws.webcontainer.servlet.ServletWrapper"
  nls = class com.ibm.ejs.ras.TraceNLS@45f9fc8d
    resolver = class com.ibm.ws.logging.internal.TraceNLSResolver@6a87bbbf
      tc = class com.ibm.websphere.ras.TraceComponent@587d1d39
      DEBUG_TRACE_NLS_PROPERTY = "com.ibm.ejs.ras.debugTraceNLSResolver"
      debugTraceNLSResolver = false
      makeNoise = false
      nullKey = "null"
      svNullBundleName = "Resource Bundle name is null, key = {0}"
      svBundleNotLoaded = "Unable to load ResourceBundle {0}"
      svNullKeyMessage = "Null key passed while using ResourceBundle {0}"
      svMalformedMessage = "No message text associated with key {0} in bundle {1}"
    finder = class com.ibm.ws.logging.internal.StackFinder@76f8142e
      inCheck = false
      initialized = true
      rootGroup = class java.lang.ThreadGroup@26f6fede
      packageAccessValid = false
      packageAccess = null
      packageAccessLock = class java.lang.Object@41c52987
      packageDefinitionValid = false
      packageDefinition = null
      packageDefinitionLock = class java.lang.Object@22beba50
    ivBundleName = "com.ibm.ws.webcontainer.resources.Messages"
    caller = class java.lang.Class@34b540f4
      ANNOTATION = 8192
      ENUM = 16384
      SYNTHETIC = 4096
      cachedConstructor = null
      newInstanceCallerCache = null
      name = "com.ibm.ws.webcontainer.servlet.ServletWrapper"
      allPermDomain = class java.security.ProtectionDomain@6546ad33
      useCaches = true
      reflectionData = class java.lang.ref.SoftReference@7008fcc2
      classRedefinedCount = 1
      genericInfo = null
      serialVersionUID = 3206093459760846163
      serialPersistentFields = class java.io.ObjectStreamField[0]
      reflectionFactory = class sun.reflect.ReflectionFactory@4c01f8f4
      initted = true
      enumConstants = null
      enumConstantDirectory = null
      annotationData = class java.lang.Class$AnnotationData@226277a2
      annotationType = null
      classValueMap = null
  servletConfig = class com.ibm.ws.webcontainer.servlet.ServletConfig@4660efcb
    logger = class com.ibm.ws.logging.internal.WsLogger@50b4ffed
    CLASS_NAME = "com.ibm.ws.webcontainer.servlet.ServletConfig"
    nls = class com.ibm.ejs.ras.TraceNLS@6ed32f53
      resolver = class com.ibm.ws.logging.internal.TraceNLSResolver@6a87bbbf
      finder = class com.ibm.ws.logging.internal.StackFinder@76f8142e
      ivBundleName = "com.ibm.ws.webcontainer.resources.Messages"
      caller = class java.lang.Class@2ca1ce9e
    liberty_nls = class com.ibm.ejs.ras.TraceNLS@1a8f7eb3
      resolver = class com.ibm.ws.logging.internal.TraceNLSResolver@6a87bbbf
      finder = class com.ibm.ws.logging.internal.StackFinder@76f8142e
      ivBundleName = "com.ibm.ws.webcontainer.resources.LShimMessages"
      caller = class java.lang.Class@2ca1ce9e
    enabled = true
    servletName = "ewms"
    className = "org.springframework.web.servlet.DispatcherServlet"
    mappings = class java.util.ArrayList@72c6fa49
      serialVersionUID = 8683452581122892189
      DEFAULT_CAPACITY = 10
      EMPTY_ELEMENTDATA = class java.lang.Object[0]
      DEFAULTCAPACITY_EMPTY_ELEMENTDATA = class java.lang.Object[0]
      elementData = class java.lang.Object[10]
      size = 1
      MAX_ARRAY_SIZE = 2147483639
      modCount = 1
      MAX_ARRAY_SIZE = 2147483639
    startUpWeight = 1
    DEFAULT_STARTUP = -1
    isCachingEnabled = true
    isStatisticsEnabled = true
    isInternal = false
    metaData = class com.ibm.ws.webcontainer.osgi.metadata.WebComponentMetaDataImpl@5fa286b
      j2eeName = class com.ibm.ws.container.service.metadata.internal.J2EENameImpl@64fd66cf
      webModuleMetaData = class com.ibm.ws.webcontainer.osgi.metadata.WebModuleMetaDataImpl@98ab41
      mBeanServiceReg = null
      tc = class com.ibm.websphere.ras.TraceComponent@3a9681cb
      NUM_STATIC_SLOTS = 4
      ID_UNINITIALIZED = -1
      id = 2
      metaDataInterface = class java.lang.Class@62daed8d
      staticSlots = class java.lang.Object[4]
      dynamicSlots = null
    singleThreadModelServlet = false
    isJsp = false
    webAppConfig = class com.ibm.ws.webcontainer.osgi.webapp.WebAppConfiguration@36e70ffd
      webModuleMetaData = class com.ibm.ws.webcontainer.osgi.metadata.WebModuleMetaDataImpl@98ab41
      webComponentMetaData = class com.ibm.ws.webcontainer.osgi.metadata.WebComponentMetaDataImpl@1a254412
      dVirtualHost = class com.ibm.ws.webcontainer.osgi.DynamicVirtualHost@7d5be103
      orderedLibPaths = class java.util.Collections$UnmodifiableRandomAccessList@5aa3b0b1
      bundleHeaders = null
      cdiEnabled = false
      CLASS_NAME = "com.ibm.ws.webcontainer.webapp.WebAppConfiguration"
      logger = class com.ibm.ws.logging.internal.WsLogger@73185ef9
      tc = class com.ibm.websphere.ras.TraceComponent@12aed54e
      nls = class com.ibm.ejs.ras.TraceNLS@7ea1668d
      version = 30
      contextRoot = "/web"
      sessionTimeout = 120
      moduleSessionTimeoutSet = true
      moduleSessionTrackingModeSet = false
      sessionCookieConfig = class com.ibm.ws.session.SessionCookieConfigImpl@25589b62
      hasProgrammaticCookieConfig = false
      sessionDefaultTrackingModeSet = class java.util.RegularEnumSet@313cb853
      sessionManagerConfig = class com.ibm.ws.session.SessionManagerConfig@1097fb2
      displayName = "USCS.eWMS"
      description = null
      reloadInterval = 0
      distributable = true
      denyUncoveredHttpMethods = false
      reloadingEnabled = false
      serveServletsByClassnameEnabled = null
      defaultErrorPage = null
      additionalClassPath = null
      fileServingEnabled = null
      directoryBrowsingEnabled = null
      autoRequestEncoding = false
      autoResponseEncoding = false
      autoLoadFilters = false
      requestListeners = null
      requestAttributeListeners = null
      sessionListeners = null
      localeMap = null
      moduleName = "web"
      j2eeModuleName = "web.war"
      moduleId = null
      isSyncToThreadEnabled = false
      encodeDispatchedRequestURI = false
      isSystemApp = false
      ardEnabled = false
      ardDispatchType = null
      listeners = class java.util.ArrayList@7469f410
      welcomeFileList = class java.util.ArrayList@158bf274
      servletMappings = class java.util.HashMap@41212eb6
      lastIndexBeforeDeclaredFilters = 0
      filterMappings = class java.util.ArrayList@b1f3dcf
      servletInfo = class java.util.HashMap@30ed91c8
      filterInfo = class java.util.HashMap@7abfcdf3
      mimeMappings = class java.util.HashMap@32a3188c
      mimeFilters = null
      isMimeFilteringEnabled = false
      theWebGroup = null
      jspAttributes = class java.util.HashMap@4020ba52
      fileServingAttributes = class java.util.HashMap@1c9f104f
      invokerAttributes = class java.util.HashMap@184b967a
      contextParams = class java.util.HashMap@32868a87
      virtualHost = "default_host"
      exceptionErrorPages = class java.util.HashMap@77b144af
      codeErrorPages = class java.util.HashMap@13483f7e
      tagLibList = null
      precompileJsps = false
      webApp = class com.ibm.ws.webcontainer.osgi.webapp.WebApp@10d60ec3
      virtualHostList = class java.util.Collections$EmptyList@57f4932b
      appStartupWeight = 0
      moduleStartupWeight = 0
      metaDataComplete = false
      classesToScan = class java.util.ArrayList@51a0e9e0
      uriFilterMappingInfos = null
      servletFilterMappingInfos = null
      dynamicServletRegistrationMap = null
      applicationName = "web"
      libBinPathList = class java.util.ArrayList@2cc94b47
      webXmlDefinedListeners = class java.util.HashSet@7ea8226f
      allRefs = class java.util.EnumMap@db68b5a
      allRefBindings = class java.util.EnumMap@5b0f8ce5
      envEntryValues = class java.util.HashMap@3d7a67b0
      resourceRefConfigList = null
      disallowAllFileServingProp = null
      disallowServeServletsByClassnameProp = null
      disableStaticMappingCache = false
      jspCachedLocations = class java.util.HashMap@2fe912a
      primedSTSHeader = "NoValue"
      enablemultireadofpostdata = false
      _id = "WebAppGeneratedId1"
      _attributes = null
      serialVersionUID = 7511545662945734886
      $$$tc$$$ = class com.ibm.websphere.ras.TraceComponent@66672f0d
    servletWrapper = class com.ibm.ws.webcontainer.osgi.servlet.ServletWrapper@6233c548
    servletClass = null
    servlet = null
    addedToLoadOnStartup = true
    previousWeight = null
    multipartConfig = null
    multipartConfigBaseLocation = null
    runAsRole = null
    servletSecurityElement = null
    declareRolesAnnotation = null
    logger = class com.ibm.ws.logging.internal.WsLogger@50b4ffed
    CLASS_NAME = "com.ibm.ws.webcontainer.servlet.TargetConfig"
    initParams = class java.util.HashMap@72a43630
      serialVersionUID = 362498820763181265
      DEFAULT_INITIAL_CAPACITY = 16
      MAXIMUM_CAPACITY = 1073741824
      DEFAULT_LOAD_FACTOR = 0.75
      TREEIFY_THRESHOLD = 8
      UNTREEIFY_THRESHOLD = 6
      MIN_TREEIFY_CAPACITY = 64
      table = class java.util.HashMap$Node[16]
      entrySet = null
      size = 1
      modCount = 1
      threshold = 12
      loadFactor = 0.75
      keySet = class java.util.HashMap$KeySet@237368b2
      values = null
    fileName = null
    displayName = null
    name = "ewms"
    description = null
    smallIcon = null
    largeIcon = null
    context = class com.ibm.wsspi.webcontainer.facade.ServletContextFacade@66b8a5df
      context = class com.ibm.ws.webcontainer.osgi.webapp.WebApp@10d60ec3
    className = null
    asyncSupported = false
    _id = "ServletGeneratedId1"
    _attributes = null
    serialVersionUID = 7511545662945734886
    $$$tc$$$ = class com.ibm.websphere.ras.TraceComponent@66672f0d
      strings[0] = "TraceComponent[com.ibm.ws.container.BaseConfiguration,class com.ibm.ws.container.BaseConfiguration,[],null,null]"
  context = class com.ibm.ws.webcontainer.osgi.webapp.WebApp@10d60ec3
    tc = class com.ibm.websphere.ras.TraceComponent@2e2a52fe
      strings[0] = "TraceComponent[com.ibm.ws.webcontainer.osgi.webapp.WebApp,class com.ibm.ws.webcontainer.osgi.webapp.WebApp,[webcontainer],com.ibm.ws.webcontainer.resources.LShimMessages,null]"
    CLASS_NAME = "com.ibm.ws.webcontainer.osgi.webapp.WebApp"
    metaDataService = class com.ibm.ws.container.service.metadata.internal.MetaDataServiceImpl@1148777c
      applicationMetaDataManager = class com.ibm.ws.container.service.metadata.internal.ApplicationMetaDataManager@32660bdf
      moduleMetaDataManager = class com.ibm.ws.container.service.metadata.internal.ModuleMetaDataManager@628ca484
      componentMetaDataManager = class com.ibm.ws.container.service.metadata.internal.ComponentMetaDataManager@27b081a2
      methodMetaDataManager = class com.ibm.ws.container.service.metadata.internal.MethodMetaDataManager@3b33babe
      appModuleNameToModuleContainer = class java.util.concurrent.ConcurrentHashMap@398976f4
      jeeNameToComponentMetaData = class java.util.concurrent.ConcurrentHashMap@3ea64dc5
      deferredMetaDataFactories = class com.ibm.wsspi.kernel.service.utils.ConcurrentServiceReferenceSet@1db86622
      deferredMetaDataInitializers = class com.ibm.wsspi.kernel.service.utils.ConcurrentServiceReferenceMap@3bf8d961
      serialVersionUID = -2494605732980966097
      $$$tc$$$ = class com.ibm.websphere.ras.TraceComponent@2fc54c34
    namespacePopulated = false
    referenceContext = class com.ibm.ws.injectionengine.osgi.internal.OSGiReferenceContextImpl@a6f2814
      scopeData = class com.ibm.ws.injectionengine.osgi.internal.OSGiInjectionScopeData@717841fc
      serialVersionUID = 521511923892134915
      $$$tc$$$ = class com.ibm.websphere.ras.TraceComponent@6b0ef6f
      CLASS_NAME = "com.ibm.ws.injectionengine.ReferenceContextImpl"
      tc = class com.ibm.websphere.ras.TraceComponent@54666420
      ivInjectionEngine = class com.ibm.ws.injectionengine.osgi.internal.OSGiInjectionEngineImpl@159123b6
      ivProviders = class java.util.ArrayList@74d9f70d
      ivComponentJavaContext = null
      ivComponentNameSpace = null
      ivJavaColonCompEnvMap = class java.util.LinkedHashMap@4e93baf5
      ivEjbContext10 = class java.util.Properties@699739aa
      ivResourceRefConfigList = null
      isAlreadyProcessed = true
      ivProcessFailure = null
      ivInjectionTargetMap = class java.util.concurrent.ConcurrentHashMap@75073bbd
      svInjTarMapCacheSize = 256
      ivDeclaredInjectionTargets = class java.util.HashMap@4e5ddb8f
      ivProcessedInjectionClasses = class java.util.HashSet@1d4a94a3
      ivProcessedInjectionBindings = class java.util.ArrayList@4d40b4c9
      ivAnyProcessDynamic = false
      ivCheckAppConfig = false
    j2eeNameFactory = class com.ibm.ws.container.service.metadata.internal.J2EENameFactoryImpl@5629a61a
      serialVersionUID = 3486344295038028821
      $$$tc$$$ = class com.ibm.websphere.ras.TraceComponent@2009c4b7
    moduleLoader = class com.ibm.ws.classloading.internal.ParentLastClassLoader@5ab2b4b7
      PARENT_LAST_SEARCH_ORDER = class java.util.Collections$UnmodifiableRandomAccessList@689a6422
      serialVersionUID = -3850996510660656235
      $$$tc$$$ = class com.ibm.websphere.ras.TraceComponent@2259da71
      tc = class com.ibm.websphere.ras.TraceComponent@8a75738
      PARENT_FIRST_SEARCH_ORDER = class java.util.Collections$UnmodifiableRandomAccessList@3e4c2ddd
      CLASS_LOADING_TRACE_PREFIX = "com.ibm.ws.class.load."
      DEFAULT_PACKAGE = "default.package"
      perPackageClassLoadingTraceComponents = class java.util.concurrent.ConcurrentHashMap@2e0037e4
      config = class com.ibm.ws.classloading.internal.ClassLoaderConfigurationImpl@1975c733
      privateLibraries = null
      delegateLoaders = class com.ibm.ws.classloading.internal.util.CompositeIterable@22f50b4b
      nativeLibraryFiles = class java.util.ArrayList@7d08e80d
      transformers = class java.util.ArrayList@52985f5f
      apiAccess = class com.ibm.ws.classloading.internal.GatewayClassLoader@17549316
      generator = class com.ibm.ws.classloading.internal.ClassGeneratorManager@65635660
      protectionDomains = class java.util.concurrent.ConcurrentHashMap@6f46a6d4
      parent = class com.ibm.ws.classloading.internal.GatewayClassLoader@17549316
      serialVersionUID = -2240525179349384666
      tc = class com.ibm.websphere.ras.TraceComponent@17aee066
      EMPTY_URL_ARRAY = class java.net.URL[0]
      smartClassPath = class com.ibm.ws.classloading.internal.ContainerClassLoader$SmartClassPathImpl@55b473b1
      nativeLibraryContainers = class java.util.ArrayList@45c6bcff
      redefiner = class com.ibm.ws.classloading.internal.util.ClassRedefiner@3a693271
      mapCreationQueue = class java.util.concurrent.Executors$FinalizableDelegatedExecutorService@60c343ee
      serialVersionUID = 7249739282446266343
      serialVersionUID = -7411549862368381758
      $$$tc$$$ = class com.ibm.websphere.ras.TraceComponent@335478bf
      serialVersionUID = -4868702105808481416
      $$$tc$$$ = class com.ibm.websphere.ras.TraceComponent@7b640797
      serialVersionUID = 2596921220292114344
      $$$tc$$$ = class com.ibm.websphere.ras.TraceComponent@5de6ba05
      initialized = true
      pdcache = class java.util.HashMap@161c8dbc
      debug = null
      parent = class com.ibm.ws.classloading.internal.GatewayClassLoader@17549316
      parallelLockMap = null
      package2certs = class java.util.Hashtable@664deac4
      nocerts = class java.security.cert.Certificate[0]
      classes = class java.util.Vector@15c4a6c6
      defaultDomain = class java.security.ProtectionDomain@6fe24ba3
      domains = class java.util.HashSet@1d614a8e
      packages = class java.util.HashMap@1473982c
      scl = class sun.misc.Launcher$AppClassLoader@18b4aac2
      sclSet = true
      loadedLibraryNames = class java.util.Vector@24b1fef2
      systemNativeLibraries = class java.util.Vector@59f31694
      nativeLibraries = class java.util.Vector@4ed1021e
      nativeLibraryContext = class java.util.Stack@46eb5110
      usr_paths = class java.lang.String[38]
      sys_paths = class java.lang.String[1]
      assertionLock = class com.ibm.ws.classloading.internal.ParentLastClassLoader@5ab2b4b7
      defaultAssertionStatus = false
      packageAssertionStatus = null
      classAssertionStatus = null
    webAppConfig = class com.ibm.ws.webcontainer.osgi.webapp.WebAppConfiguration@36e70ffd
    extensionProcessingDisabled = false
    managedObjectService = class com.ibm.ws.managedobject.internal.ManagedObjectServiceImpl@7efd94e7
      serialVersionUID = 2287241231190391755
      $$$tc$$$ = class com.ibm.websphere.ras.TraceComponent@22c77410
    GenPluginCfgMB = null
    internalServletMetaData = interface com.ibm.wsspi.webcontainer.metadata.WebComponentMetaData[2]
      internalServletMetaData[0] = null
      internalServletMetaData[1] = null
    loginProcessor = null
    logoutProcessor = null
    collabHelper = class com.ibm.ws.webcontainer.osgi.collaborator.CollaboratorHelperImpl@fac8631
    envObject = class com.ibm.ws.util.WSThreadLocal@3ef56805
      tc = class com.ibm.ejs.ras.TraceComponent@1d5f0044
      count = 5
      index = 1
      SUSPECTED_MISUSAGE_THRESHOLD = 200
      threadLocalHashCode = -1804945262
      nextHashCode = class java.util.concurrent.atomic.AtomicInteger@6b1f1ce4
      HASH_INCREMENT = 1640531527
    orderedLibPaths = class java.util.Collections$UnmodifiableRandomAccessList@5aa3b0b1
      serialVersionUID = -2542308836966382001
      serialVersionUID = -283967356065247728
      list = class java.util.ArrayList@ec919a
      serialVersionUID = 1820017752578914078
      c = class java.util.ArrayList@ec919a
    perm = class com.ibm.websphere.security.WebSphereRuntimePermission@186edecb
      serialVersionUID = -3306242789188168337
      $$$tc$$$ = class com.ibm.websphere.ras.TraceComponent@5fb07bd1
      serialVersionUID = 6279438298436773498
      wildcard = false
      path = "accessServletContext"
      exitVM = false
      serialVersionUID = -5636570222231596674
      name = "accessServletContext"
    WELCOME_FILE_LIST = "com.ibm.ws.webcontainer.config.WelcomeFileList"
    DIR_BROWSING_MAPPING = "__dirBrowsing__1504710573495"
    FILTER_PROXY_MAPPING = "/__filterProxy__1504710573495"
    logger = class com.ibm.ws.logging.internal.WsLogger@73185ef9
      tc = class com.ibm.websphere.ras.TraceComponent@72e12ea2
      ivCachedResourceBundleName = "com.ibm.ws.webcontainer.resources.Messages"
      ivCachedResourceBundle = class com.ibm.ws.webcontainer.resources.Messages@48d0c98d
      ivComponent = null
      ivOrganization = null
      ivProduct = null
      ivMinimumLocalizationLevelIntValue = 625
      ivTC = class com.ibm.websphere.ras.TraceComponent@5303a81
      loggerRegistrationComponent = class java.lang.ThreadLocal@35c222e4
      emptyHandlers = class java.util.logging.Handler[0]
      offValue = 2147483647
      SYSTEM_LOGGER_RB_NAME = "sun.util.logging.resources.logging"
      SYSTEM_BUNDLE = class java.util.logging.Logger$LoggerBundle@3595306d
      NO_RESOURCE_BUNDLE = class java.util.logging.Logger$LoggerBundle@39261fa0
      manager = class com.ibm.ws.kernel.boot.logging.WsLogManager@777435a8
      name = "com.ibm.ws.webcontainer.webapp"
      handlers = class java.util.concurrent.CopyOnWriteArrayList@5305eca0
      loggerBundle = class java.util.logging.Logger$LoggerBundle@4f0fb8f5
      useParentHandlers = true
      filter = null
      anonymous = false
      catalog = class com.ibm.ws.webcontainer.resources.Messages@48d0c98d
      catalogName = "com.ibm.ws.webcontainer.resources.Messages"
      catalogLocale = class java.util.Locale@465d65ab
      treeLock = class java.lang.Object@1052c1bd
      parent = class com.ibm.ws.logging.internal.WsLogger@6cce5ffb
      kids = null
      levelObject = class java.util.logging.Level@5eb48a87
      levelValue = 800
      callersClassLoaderRef = class java.lang.ref.WeakReference@7369dcc7
      isSystemLogger = false
      GLOBAL_LOGGER_NAME = "global"
      global = class java.util.logging.Logger@7530a43e
      $assertionsDisabled = true
    CLASS_NAME = "com.ibm.ws.webcontainer.webapp.WebApp"
    loader = class com.ibm.ws.classloading.internal.ThreadContextClassLoader@2b56aa6b
    facade = class com.ibm.wsspi.webcontainer.facade.ServletContextFacade@66b8a5df
    features = class java.util.ArrayList@21d9b781
      serialVersionUID = 8683452581122892189
      DEFAULT_CAPACITY = 10
      EMPTY_ELEMENTDATA = class java.lang.Object[0]
      DEFAULTCAPACITY_EMPTY_ELEMENTDATA = class java.lang.Object[0]
      elementData = class java.lang.Object[0]
      size = 0
      MAX_ARRAY_SIZE = 2147483639
      modCount = 0
      MAX_ARRAY_SIZE = 2147483639
    applicationName = "web"
    config = class com.ibm.ws.webcontainer.osgi.webapp.WebAppConfiguration@36e70ffd
    securityEnabledForApp = null
    webExtensionProcessor = class com.ibm.ws.webcontainer.osgi.extension.WebExtensionProcessor@4fafadf7
      webApp = class com.ibm.ws.webcontainer.osgi.webapp.WebApp@10d60ec3
      extensionContext = class com.ibm.ws.webcontainer.osgi.webapp.WebApp@10d60ec3
    production = true
    isServlet23 = true
    contextPath = "/web"
    internalServletList = class [Ljava.lang.String;[2]
      internalServletList[0] = class java.lang.String[2]
      internalServletList[1] = class java.lang.String[2]
    BY_NAME_ONLY = "/_1504710573495_/"
    filterManager = null
    documentRoot = null
    SERVLET_API_VERSION = "Servlet 2.5"
    disableServletAuditLogging = 0
    serverInfo = "SMF WebContainer"
    sessionCtx = class com.ibm.ws.webcontainer.session.impl.HttpSessionContextImpl@5dc40931
      methodClassName = "HttpSessionContextImpl"
      _smc = class com.ibm.ws.session.SessionManagerConfig@1097fb2
      sessionStoreService = null
      _sap = class com.ibm.ws.session.SessionApplicationParameters@1ffe06e8
      _coreHttpSessionManager = class com.ibm.ws.session.SessionManager@13f0bd74
      _coreHttpAppSessionManager = null
      _sam = class com.ibm.ws.webcontainer.session.impl.SessionAffinityManagerImpl@799917e2
      isSIPApplication = false
      sessionAttributeListener = false
      sessionListener = true
      mHttpSessionAttributeListeners = class java.util.ArrayList@1fc9eb34
      mHttpSessionListeners = class java.util.ArrayList@70ef7763
      mHttpSessionIdListeners = class java.util.ArrayList@66627f17
      mHttpSessionAttributeListenersJ2eeNames = class java.util.ArrayList@5775423e
      mHttpSessionListenersJ2eeNames = class java.util.ArrayList@73583af
      mHttpSessionIdListenersJ2eeNames = class java.util.ArrayList@c6ab845
      mLocalHost = null
      _refCount = 1
      currentThreadSacHashtable = null
      methodClassName = "SessionContext"
      ANONYMOUS_USER = "anonymous"
      wasHttpSessionObserver = class com.ibm.ws.session.WasHttpSessionObserver@7905e418
      wasHttpSessionAttributeObserver = null
      _invalidator = class com.ibm.ws.session.SessionInvalidatorWithThreadPool@41c2db4
      _storer = class com.ibm.ws.session.EOSSessionStorer@2f9fee63
      wasHttpAppSessionObserver = null
      mHttpAppSessionListeners = null
      cmvcInfo = "CMVC Version 1.9 6/24/07 11:12:24"
      _loggedVersion = true
      CREATE_CORE_SESSION_MANAGER = 0
      GET_REQUESTED_SESSION_ID = 1
      GET_IHTTP_SESSION = 2
      SESSION_PRE_INVOKE = 3
      SESSION_POST_INVOKE = 4
      STOP = 5
      STOP_LISTENERS = 6
      IS_VALID = 7
      ENCODE_URL = 8
      SHOULD_ENCODE_URL = 9
      IS_PROTOCOL_SWITCH = 10
      GET_LOCAL_HOST = 11
      ADD_HTTP_SESSION_ATTRIBUTE_LISTENER = 12
      ADD_HTTP_SESSION_LISTENER = 13
      GET_SESSION_AFFINITY_CONTEXT = 14
      CHECK_SECURITY = 15
      INVALIDATE = 16
      CHECK_SESSSIONID_IS_RIGHT_LENGTH = 17
      LOCK_SESSION = 18
      UNLOCK_SESSION = 19
      ADD_HTTP_SESSION_ID_LISTENER = 20
      methodNames = class java.lang.String[21]
    eventSource = class com.ibm.ws.webcontainer.webapp.WebAppEventSource@314dc8b7
    nls = class com.ibm.ejs.ras.TraceNLS@33f1b7c
      resolver = class com.ibm.ws.logging.internal.TraceNLSResolver@6a87bbbf
      finder = class com.ibm.ws.logging.internal.StackFinder@76f8142e
      ivBundleName = "com.ibm.ws.webcontainer.resources.Messages"
      caller = class java.lang.Class@351b7160
    liberty_nls = class com.ibm.ejs.ras.TraceNLS@735534d3
      resolver = class com.ibm.ws.logging.internal.TraceNLSResolver@6a87bbbf
      finder = class com.ibm.ws.logging.internal.StackFinder@76f8142e
      ivBundleName = "com.ibm.ws.webcontainer.resources.LShimMessages"
      caller = class java.lang.Class@351b7160
    error_nls = class com.ibm.ejs.ras.TraceNLS@e253609
      resolver = class com.ibm.ws.logging.internal.TraceNLSResolver@6a87bbbf
      finder = class com.ibm.ws.logging.internal.StackFinder@76f8142e
      ivBundleName = "com.ibm.ws.webcontainer.resources.ErrorPage"
      caller = class java.lang.Class@351b7160
    sessionListeners = class java.util.ArrayList@51725f0a
      serialVersionUID = 8683452581122892189
      DEFAULT_CAPACITY = 10
      EMPTY_ELEMENTDATA = class java.lang.Object[0]
      DEFAULTCAPACITY_EMPTY_ELEMENTDATA = class java.lang.Object[0]
      elementData = class java.lang.Object[10]
      size = 1
      MAX_ARRAY_SIZE = 2147483639
      modCount = 2
      MAX_ARRAY_SIZE = 2147483639
    sessionIdListeners = class java.util.ArrayList@2aed5aa3
      serialVersionUID = 8683452581122892189
      DEFAULT_CAPACITY = 10
      EMPTY_ELEMENTDATA = class java.lang.Object[0]
      DEFAULTCAPACITY_EMPTY_ELEMENTDATA = class java.lang.Object[0]
      elementData = class java.lang.Object[0]
      size = 0
      MAX_ARRAY_SIZE = 2147483639
      modCount = 0
      MAX_ARRAY_SIZE = 2147483639
    sessionAttrListeners = class java.util.ArrayList@70c41081
      serialVersionUID = 8683452581122892189
      DEFAULT_CAPACITY = 10
      EMPTY_ELEMENTDATA = class java.lang.Object[0]
      DEFAULTCAPACITY_EMPTY_ELEMENTDATA = class java.lang.Object[0]
      elementData = class java.lang.Object[0]
      size = 0
      MAX_ARRAY_SIZE = 2147483639
      modCount = 1
      MAX_ARRAY_SIZE = 2147483639
    addedSessionListeners = class java.util.ArrayList@57f6f5ee
      serialVersionUID = 8683452581122892189
      DEFAULT_CAPACITY = 10
      EMPTY_ELEMENTDATA = class java.lang.Object[0]
      DEFAULTCAPACITY_EMPTY_ELEMENTDATA = class java.lang.Object[0]
      elementData = class java.lang.Object[0]
      size = 0
      MAX_ARRAY_SIZE = 2147483639
      modCount = 0
      MAX_ARRAY_SIZE = 2147483639
    addedSessionAttrListeners = class java.util.ArrayList@143f6a15
      serialVersionUID = 8683452581122892189
      DEFAULT_CAPACITY = 10
      EMPTY_ELEMENTDATA = class java.lang.Object[0]
      DEFAULTCAPACITY_EMPTY_ELEMENTDATA = class java.lang.Object[0]
      elementData = class java.lang.Object[0]
      size = 0
      MAX_ARRAY_SIZE = 2147483639
      modCount = 0
      MAX_ARRAY_SIZE = 2147483639
    servletContextListeners = class java.util.ArrayList@54c70273
      serialVersionUID = 8683452581122892189
      DEFAULT_CAPACITY = 10
      EMPTY_ELEMENTDATA = class java.lang.Object[0]
      DEFAULTCAPACITY_EMPTY_ELEMENTDATA = class java.lang.Object[0]
      elementData = class java.lang.Object[10]
      size = 2
      MAX_ARRAY_SIZE = 2147483639
      modCount = 3
      MAX_ARRAY_SIZE = 2147483639
    servletContextLAttrListeners = class java.util.ArrayList@4d75072
      serialVersionUID = 8683452581122892189
      DEFAULT_CAPACITY = 10
      EMPTY_ELEMENTDATA = class java.lang.Object[0]
      DEFAULTCAPACITY_EMPTY_ELEMENTDATA = class java.lang.Object[0]
      elementData = class java.lang.Object[0]
      size = 0
      MAX_ARRAY_SIZE = 2147483639
      modCount = 1
      MAX_ARRAY_SIZE = 2147483639
    servletRequestListeners = class java.util.ArrayList@64ee8c83
      serialVersionUID = 8683452581122892189
      DEFAULT_CAPACITY = 10
      EMPTY_ELEMENTDATA = class java.lang.Object[0]
      DEFAULTCAPACITY_EMPTY_ELEMENTDATA = class java.lang.Object[0]
      elementData = class java.lang.Object[0]
      size = 0
      MAX_ARRAY_SIZE = 2147483639
      modCount = 1
      MAX_ARRAY_SIZE = 2147483639
    servletRequestLAttrListeners = class java.util.ArrayList@bee2dc9
      serialVersionUID = 8683452581122892189
      DEFAULT_CAPACITY = 10
      EMPTY_ELEMENTDATA = class java.lang.Object[0]
      DEFAULTCAPACITY_EMPTY_ELEMENTDATA = class java.lang.Object[0]
      elementData = class java.lang.Object[0]
      size = 0
      MAX_ARRAY_SIZE = 2147483639
      modCount = 1
      MAX_ARRAY_SIZE = 2147483639
    prependSlashToResource = false
    destroyed = false
    webAppNameSpaceCollab = class com.ibm.ws.webcontainer.osgi.collaborator.WebAppNameSpaceCollaboratorImpl@6756625d
    txCollab = class com.ibm.ws.transaction.services.WebAppTransactionCollaboratorImpl@59bcfa05
    sessionActivationListeners = class java.util.ArrayList@4926ff25
      serialVersionUID = 8683452581122892189
      DEFAULT_CAPACITY = 10
      EMPTY_ELEMENTDATA = class java.lang.Object[0]
      DEFAULTCAPACITY_EMPTY_ELEMENTDATA = class java.lang.Object[0]
      elementData = class java.lang.Object[0]
      size = 0
      MAX_ARRAY_SIZE = 2147483639
      modCount = 1
      MAX_ARRAY_SIZE = 2147483639
    sessionBindingListeners = class java.util.ArrayList@33dc03ad
      serialVersionUID = 8683452581122892189
      DEFAULT_CAPACITY = 10
      EMPTY_ELEMENTDATA = class java.lang.Object[0]
      DEFAULTCAPACITY_EMPTY_ELEMENTDATA = class java.lang.Object[0]
      elementData = class java.lang.Object[0]
      size = 0
      MAX_ARRAY_SIZE = 2147483639
      modCount = 1
      MAX_ARRAY_SIZE = 2147483639
    scratchdir = null
    jspClassLoaderLimit = 0
    jspClassLoaderExclusionList = null
    jspClassLoadersMap = null
    jspClassLoaderLimitTrackIF = false
    defaultExtProc = null
    directoryBrowsingServlet = null
    cdiContexts = class java.util.concurrent.ConcurrentHashMap@674cdb01
      serialVersionUID = 7249069246763182397
      MAXIMUM_CAPACITY = 1073741824
      DEFAULT_CAPACITY = 16
      MAX_ARRAY_SIZE = 2147483639
      DEFAULT_CONCURRENCY_LEVEL = 16
      LOAD_FACTOR = 0.75
      TREEIFY_THRESHOLD = 8
      UNTREEIFY_THRESHOLD = 6
      MIN_TREEIFY_CAPACITY = 64
      MIN_TRANSFER_STRIDE = 16
      RESIZE_STAMP_BITS = 16
      MAX_RESIZERS = 65535
      RESIZE_STAMP_SHIFT = 16
      MOVED = -1
      TREEBIN = -2
      RESERVED = -3
      HASH_BITS = 2147483647
      NCPU = 4
      serialPersistentFields = class java.io.ObjectStreamField[3]
      table = class java.util.concurrent.ConcurrentHashMap$Node[16]
      nextTable = null
      baseCount = 2
      sizeCtl = 12
      transferIndex = 0
      cellsBusy = 0
      counterCells = null
      keySet = null
      values = null
      entrySet = null
      U = class sun.misc.Unsafe@2b306b96
      SIZECTL = 20
      TRANSFERINDEX = 32
      BASECOUNT = 24
      CELLSBUSY = 36
      CELLVALUE = 144
      ABASE = 16
      ASHIFT = 2
      keySet = null
      values = null
    moduleConfig = class com.ibm.ws.webcontainer.osgi.container.DeployedModule@591e693f
      tc = class com.ibm.websphere.ras.TraceComponent@7e9e74f0
      loader = class com.ibm.ws.classloading.internal.ThreadContextClassLoader@2b56aa6b
      webApp = class com.ibm.ws.webcontainer.osgi.webapp.WebApp@10d60ec3
      webAppConfig = class com.ibm.ws.webcontainer.osgi.webapp.WebAppConfiguration@36e70ffd
      contextRootAdded = null
      properContextRoot = "/web"
      mappingContextRoot = "/web/*"
      serialVersionUID = -2104814060051592457
      $$$tc$$$ = class com.ibm.websphere.ras.TraceComponent@1bbbea16
    extensionFactories = class java.util.ArrayList@273f6aee
      serialVersionUID = 8683452581122892189
      DEFAULT_CAPACITY = 10
      EMPTY_ELEMENTDATA = class java.lang.Object[0]
      DEFAULTCAPACITY_EMPTY_ELEMENTDATA = class java.lang.Object[0]
      elementData = class java.lang.Object[10]
      size = 1
      MAX_ARRAY_SIZE = 2147483639
      modCount = 1
      MAX_ARRAY_SIZE = 2147483639
    initialized = false
    lock = class com.ibm.ws.webcontainer.webapp.WebApp$1@74add4cf
      this$0 = class com.ibm.ws.webcontainer.osgi.webapp.WebApp@10d60ec3
    afterServletContextCreated = false
    redirectContextRoot = false
    errorExceptionTypeFirst = false
    initFilterBeforeServletInit = false
    sortedServletConfigs = class java.util.ArrayList@75388d88
      serialVersionUID = 8683452581122892189
      DEFAULT_CAPACITY = 10
      EMPTY_ELEMENTDATA = class java.lang.Object[0]
      DEFAULTCAPACITY_EMPTY_ELEMENTDATA = class java.lang.Object[0]
      elementData = class java.lang.Object[10]
      size = 1
      MAX_ARRAY_SIZE = 2147483639
      modCount = 1
      MAX_ARRAY_SIZE = 2147483639
    effectiveMajorVersion = 3
    effectiveMinorVersion = 0
    canAddServletContextListener = true
    withinContextInitOfProgAddListener = false
    lastProgAddListenerInitialized = "com.ibm.ws.jsp.runtime.ContextListener"
    webInfLibClassloader = null
    metaInfCache = class com.ibm.ws.webcontainer.webapp.WebApp$2@5fc55581
      this$0 = class com.ibm.ws.webcontainer.osgi.webapp.WebApp@10d60ec3
      serialVersionUID = 3801124242820219131
      head = null
      tail = null
      accessOrder = true
      serialVersionUID = 362498820763181265
      DEFAULT_INITIAL_CAPACITY = 16
      MAXIMUM_CAPACITY = 1073741824
      DEFAULT_LOAD_FACTOR = 0.75
      TREEIFY_THRESHOLD = 8
      UNTREEIFY_THRESHOLD = 6
      MIN_TREEIFY_CAPACITY = 64
      table = null
      entrySet = null
      size = 0
      modCount = 0
      threshold = 32
      loadFactor = 1.0
      keySet = null
      values = null
    useMetaInfCache = true
    SUN_CONFIGURE_LISTENER_CLASSNAME = "com.sun.faces.config.ConfigureListener"
    MYFACES_LIFECYCLE_LISTENER_CLASSNAME = "org.apache.myfaces.webapp.StartupServletContextListener"
    JSF_IMPL_ENABLED_PARAM = "com.ibm.ws.jsf.JSF_IMPL_ENABLED"
    JSF_IMPL_ENABLED_CUSTOM = "Custom"
    JSF_IMPL_ENABLED_NONE = "None"
    staticDocRoot = class com.ibm.ws.webcontainer.util.DocumentRootUtils@3f12c8d
      logger = class com.ibm.ws.logging.internal.WsLogger@2f9472d9
      CLASS_NAME = "com.ibm.ws.webcontainer.util.DocumentRootUtils"
      useContentLength = false
      matchedFile = null
      matchedZipFile = null
      matchedEntry = null
      matchedURL = null
      edrRoot = null
      pfedrRoot = null
      ctxt = class com.ibm.ws.webcontainer.osgi.webapp.WebApp@10d60ec3
      baseDir = null
      edr = null
      pfedr = null
      metaInfRes = null
      searchpfEDR = false
      searchEDR = false
      searchMetaInfRes = true
      matchFromEDR = false
      matchFromMetaInfRes = false
      matchIsADirectory = false
      appConfig = class com.ibm.ws.webcontainer.osgi.webapp.WebAppConfiguration@36e70ffd
      attributeType = "staticFile"
      STATIC_FILE = "staticFile"
      JSP = "jsp"
      PFEDR = "preFragmentExtendedDocumentRoot"
      EDR = "extendedDocumentRoot"
    jspDocRoot = class com.ibm.ws.webcontainer.util.DocumentRootUtils@19608b90
      logger = class com.ibm.ws.logging.internal.WsLogger@2f9472d9
      CLASS_NAME = "com.ibm.ws.webcontainer.util.DocumentRootUtils"
      useContentLength = false
      matchedFile = null
      matchedZipFile = null
      matchedEntry = null
      matchedURL = null
      edrRoot = null
      pfedrRoot = null
      ctxt = class com.ibm.ws.webcontainer.osgi.webapp.WebApp@10d60ec3
      baseDir = null
      edr = null
      pfedr = null
      metaInfRes = null
      searchpfEDR = false
      searchEDR = false
      searchMetaInfRes = true
      matchFromEDR = false
      matchFromMetaInfRes = false
      matchIsADirectory = false
      appConfig = class com.ibm.ws.webcontainer.osgi.webapp.WebAppConfiguration@36e70ffd
      attributeType = "jsp"
      STATIC_FILE = "staticFile"
      JSP = "jsp"
      PFEDR = "preFragmentExtendedDocumentRoot"
      EDR = "extendedDocumentRoot"
    container = class com.ibm.ws.adaptable.module.internal.AdaptableContainerImpl@6a705c45
      root = class com.ibm.ws.adaptable.module.internal.AdaptableContainerImpl@6a705c45
      rootOverlay = class com.ibm.ws.artifact.overlay.internal.DirectoryBasedOverlayContainerImpl@e04cbb3
      factoryHolder = class com.ibm.ws.adaptable.module.internal.AdaptableModuleFactoryImpl@4fa07d9b
      delegate = class com.ibm.ws.artifact.overlay.internal.DirectoryBasedOverlayContainerImpl@e04cbb3
      notifier = class com.ibm.ws.adaptable.module.internal.NotifierImpl@6f0d9cda
      serialVersionUID = -5621513278641113667
      $$$tc$$$ = class com.ibm.websphere.ras.TraceComponent@26143d53
    metaInfResourceFinder = class com.ibm.ws.webcontainer.util.MetaInfResourceFinder@280501f9
      jarResourceContainers = class java.util.ArrayList@156a40f
      container = class com.ibm.ws.adaptable.module.internal.AdaptableContainerImpl@6a705c45
    postConstructMethods = class com.ibm.ws.webcontainer.webapp.WebApp$AnnotatedMethods@5d192025
      annotationClass = class java.lang.Class@26cdf048
      noOpClassNames = class java.util.HashSet@344fa30b
      annotatedMethodNames = class java.util.concurrent.ConcurrentHashMap@230a69e
      EMPTY_METHODS = class java.lang.reflect.Method[0]
    preDestroyMethods = class com.ibm.ws.webcontainer.webapp.WebApp$AnnotatedMethods@5706ea4f
      annotationClass = class java.lang.Class@2a01c96d
      noOpClassNames = class java.util.HashSet@78181d09
      annotatedMethodNames = class java.util.concurrent.ConcurrentHashMap@3723717b
      EMPTY_METHODS = class java.lang.reflect.Method[0]
    OBJ_EMPTY = class java.lang.Object[0]
    CLASS_EMPTY = class java.lang.Class[0]
    DEFAULT_JSP_EXTENSIONS = class java.util.ArrayList@4aa7d734
      serialVersionUID = 8683452581122892189
      DEFAULT_CAPACITY = 10
      EMPTY_ELEMENTDATA = class java.lang.Object[0]
      DEFAULTCAPACITY_EMPTY_ELEMENTDATA = class java.lang.Object[0]
      elementData = class java.lang.Object[10]
      size = 4
      MAX_ARRAY_SIZE = 2147483639
      modCount = 4
      MAX_ARRAY_SIZE = 2147483639
    DEFER_SERVLET_REQUEST_LISTENER_DESTROY_ON_ERROR = false
    DO_ACCEPT_PARTIAL = true
    DO_NOT_ACCEPT_PARTIAL = false
    DO_ACCEPT_EXCLUDED = true
    DO_NOT_ACCEPT_EXCLUDED = false
    commands = class java.util.ArrayList@4a2d0d50
      serialVersionUID = 8683452581122892189
      DEFAULT_CAPACITY = 10
      EMPTY_ELEMENTDATA = class java.lang.Object[0]
      DEFAULTCAPACITY_EMPTY_ELEMENTDATA = class java.lang.Object[0]
      elementData = class java.lang.Object[3]
      size = 0
      MAX_ARRAY_SIZE = 2147483639
      modCount = 0
      MAX_ARRAY_SIZE = 2147483639
    requestMapper = class com.ibm.wsspi.webcontainer.util.URIMapper@5e211438
      matcher = class com.ibm.wsspi.webcontainer.util.URIMatcher@610eafdd
    parent = class com.ibm.ws.webcontainer.osgi.webapp.WebGroup@3e15d921
      tc = class com.ibm.websphere.ras.TraceComponent@1b818997
      logger = class com.ibm.ws.logging.internal.WsLogger@73185ef9
      CLASS_NAME = "com.ibm.ws.webcontainer.webapp.WebGroup"
      sessUrlRewritePrefix = ";jsessionid="
      qMark = "?"
      config = class com.ibm.ws.webcontainer.osgi.webapp.WebGroupConfiguration@45f082ba
      webApp = class com.ibm.ws.webcontainer.osgi.webapp.WebApp@10d60ec3
      commands = class java.util.ArrayList@1b276550
      requestMapper = null
      parent = class com.ibm.ws.webcontainer.osgi.DynamicVirtualHost@7d5be103
      name = "/web/*"
      isAlive = true
      subElements = class java.util.HashMap@66e99484
      attributes = null
      config = null
      serialVersionUID = -8271459000149267764
      $$$tc$$$ = class com.ibm.websphere.ras.TraceComponent@468ed952
    name = "web"
    isAlive = true
    subElements = null
    attributes = class java.util.Collections$SynchronizedMap@4affb7a0
      serialVersionUID = 1978198479659022715
      m = class java.util.HashMap@624c4362
      mutex = class java.util.Collections$SynchronizedMap@4affb7a0
      keySet = null
      entrySet = class java.util.Collections$SynchronizedSet@4ec84ef9
      values = null
    config = null
    serialVersionUID = -8271459000149267764
    $$$tc$$$ = class com.ibm.websphere.ras.TraceComponent@468ed952
      strings[0] = "TraceComponent[com.ibm.ws.container.AbstractContainer,class com.ibm.ws.container.AbstractContainer,[],null,null]"
  target = class org.springframework.web.servlet.DispatcherServlet@6d985412
    MULTIPART_RESOLVER_BEAN_NAME = "multipartResolver"
    LOCALE_RESOLVER_BEAN_NAME = "localeResolver"
    THEME_RESOLVER_BEAN_NAME = "themeResolver"
    HANDLER_MAPPING_BEAN_NAME = "handlerMapping"
    HANDLER_ADAPTER_BEAN_NAME = "handlerAdapter"
    HANDLER_EXCEPTION_RESOLVER_BEAN_NAME = "handlerExceptionResolver"
    REQUEST_TO_VIEW_NAME_TRANSLATOR_BEAN_NAME = "viewNameTranslator"
    VIEW_RESOLVER_BEAN_NAME = "viewResolver"
    FLASH_MAP_MANAGER_BEAN_NAME = "flashMapManager"
    WEB_APPLICATION_CONTEXT_ATTRIBUTE = "org.springframework.web.servlet.DispatcherServlet.CONTEXT"
    LOCALE_RESOLVER_ATTRIBUTE = "org.springframework.web.servlet.DispatcherServlet.LOCALE_RESOLVER"
    THEME_RESOLVER_ATTRIBUTE = "org.springframework.web.servlet.DispatcherServlet.THEME_RESOLVER"
    THEME_SOURCE_ATTRIBUTE = "org.springframework.web.servlet.DispatcherServlet.THEME_SOURCE"
    INPUT_FLASH_MAP_ATTRIBUTE = "org.springframework.web.servlet.DispatcherServlet.INPUT_FLASH_MAP"
    OUTPUT_FLASH_MAP_ATTRIBUTE = "org.springframework.web.servlet.DispatcherServlet.OUTPUT_FLASH_MAP"
    FLASH_MAP_MANAGER_ATTRIBUTE = "org.springframework.web.servlet.DispatcherServlet.FLASH_MAP_MANAGER"
    EXCEPTION_ATTRIBUTE = "org.springframework.web.servlet.DispatcherServlet.EXCEPTION"
    PAGE_NOT_FOUND_LOG_CATEGORY = "org.springframework.web.servlet.PageNotFound"
    DEFAULT_STRATEGIES_PATH = "DispatcherServlet.properties"
    DEFAULT_STRATEGIES_PREFIX = "org.springframework.web.servlet"
    pageNotFoundLogger = class org.apache.commons.logging.impl.Log4JLogger@103eb310
      serialVersionUID = 5160705895411730424
      FQCN = "org.apache.commons.logging.impl.Log4JLogger"
      logger = class org.apache.log4j.Logger@ba1dee5
      name = "org.springframework.web.servlet.PageNotFound"
      traceLevel = class org.apache.log4j.Level@6d651b77
      class$org$apache$commons$logging$impl$Log4JLogger = class java.lang.Class@5ab322fc
      class$org$apache$log4j$Level = class java.lang.Class@29e56814
      class$org$apache$log4j$Priority = class java.lang.Class@581a5e0d
    defaultStrategies = class java.util.Properties@5b24148e
      serialVersionUID = 4112578634029874840
      defaults = null
      hexDigit = {0123456789ABCDEF} /* array length = 16*/
      table = class java.util.Hashtable$Entry[11]
      count = 8
      threshold = 8
      loadFactor = 0.75
      modCount = 8
      serialVersionUID = 1421746759512286392
      MAX_ARRAY_SIZE = 2147483639
      keySet = null
      entrySet = null
      values = null
      KEYS = 0
      VALUES = 1
      ENTRIES = 2
    detectAllHandlerMappings = true
    detectAllHandlerAdapters = true
    detectAllHandlerExceptionResolvers = true
    detectAllViewResolvers = true
    throwExceptionIfNoHandlerFound = false
    cleanupAfterInclude = true
    multipartResolver = null
    localeResolver = null
    themeResolver = null
    handlerMappings = null
    handlerAdapters = null
    handlerExceptionResolvers = null
    viewNameTranslator = null
    flashMapManager = null
    viewResolvers = null
    DEFAULT_NAMESPACE_SUFFIX = "-servlet"
    DEFAULT_CONTEXT_CLASS = class java.lang.Class@52821ade
      ANNOTATION = 8192
      ENUM = 16384
      SYNTHETIC = 4096
      cachedConstructor = null
      newInstanceCallerCache = null
      name = "org.springframework.web.context.support.XmlWebApplicationContext"
      allPermDomain = class java.security.ProtectionDomain@6546ad33
      useCaches = true
      reflectionData = class java.lang.ref.SoftReference@27b1d3fd
      classRedefinedCount = 0
      genericInfo = null
      serialVersionUID = 3206093459760846163
      serialPersistentFields = class java.io.ObjectStreamField[0]
      reflectionFactory = class sun.reflect.ReflectionFactory@4c01f8f4
      initted = true
      enumConstants = null
      enumConstantDirectory = null
      annotationData = null
      annotationType = null
      classValueMap = null
    SERVLET_CONTEXT_PREFIX = "org.springframework.web.servlet.FrameworkServlet.CONTEXT."
    INIT_PARAM_DELIMITERS = ",; 	
"
    responseGetStatusAvailable = true
    contextAttribute = null
    contextClass = class java.lang.Class@52821ade
    contextId = null
    namespace = null
    contextConfigLocation = "classpath:/context/ewms-servlet.xml"
    contextInitializers = class java.util.ArrayList@18e52258
      serialVersionUID = 8683452581122892189
      DEFAULT_CAPACITY = 10
      EMPTY_ELEMENTDATA = class java.lang.Object[0]
      DEFAULTCAPACITY_EMPTY_ELEMENTDATA = class java.lang.Object[0]
      elementData = class java.lang.Object[0]
      size = 0
      MAX_ARRAY_SIZE = 2147483639
      modCount = 0
      MAX_ARRAY_SIZE = 2147483639
    contextInitializerClasses = null
    publishContext = true
    publishEvents = true
    threadContextInheritable = false
    dispatchOptionsRequest = true
    dispatchTraceRequest = false
    webApplicationContext = null
    webApplicationContextInjected = false
    refreshEventReceived = false
    logger = class org.apache.commons.logging.impl.Log4JLogger@6df81937
      serialVersionUID = 5160705895411730424
      FQCN = "org.apache.commons.logging.impl.Log4JLogger"
      logger = class org.apache.log4j.Logger@59f370db
      name = "org.springframework.web.servlet.DispatcherServlet"
      traceLevel = class org.apache.log4j.Level@6d651b77
      class$org$apache$commons$logging$impl$Log4JLogger = class java.lang.Class@5ab322fc
      class$org$apache$log4j$Level = class java.lang.Class@29e56814
      class$org$apache$log4j$Priority = class java.lang.Class@581a5e0d
    environment = class org.springframework.web.context.support.StandardServletEnvironment@8bb81ab
      SERVLET_CONTEXT_PROPERTY_SOURCE_NAME = "servletContextInitParams"
      SERVLET_CONFIG_PROPERTY_SOURCE_NAME = "servletConfigInitParams"
      JNDI_PROPERTY_SOURCE_NAME = "jndiProperties"
      SYSTEM_ENVIRONMENT_PROPERTY_SOURCE_NAME = "systemEnvironment"
      SYSTEM_PROPERTIES_PROPERTY_SOURCE_NAME = "systemProperties"
      IGNORE_GETENV_PROPERTY_NAME = "spring.getenv.ignore"
      ACTIVE_PROFILES_PROPERTY_NAME = "spring.profiles.active"
      DEFAULT_PROFILES_PROPERTY_NAME = "spring.profiles.default"
      RESERVED_DEFAULT_PROFILE_NAME = "default"
      logger = class org.apache.commons.logging.impl.Log4JLogger@7d5093f0
      activeProfiles = class java.util.LinkedHashSet@670183a0
      defaultProfiles = class java.util.LinkedHashSet@5116f690
      propertySources = class org.springframework.core.env.MutablePropertySources@19609213
      propertyResolver = class org.springframework.core.env.PropertySourcesPropertyResolver@60d65ddc
    requiredProperties = class java.util.HashSet@73c07456
      serialVersionUID = -5024744406713321676
      map = class java.util.HashMap@480c00e0
      PRESENT = class java.lang.Object@3678d990
      MAX_ARRAY_SIZE = 2147483639
    METHOD_DELETE = "DELETE"
    METHOD_HEAD = "HEAD"
    METHOD_GET = "GET"
    METHOD_OPTIONS = "OPTIONS"
    METHOD_POST = "POST"
    METHOD_PUT = "PUT"
    METHOD_TRACE = "TRACE"
    HEADER_IFMODSINCE = "If-Modified-Since"
    HEADER_LASTMOD = "Last-Modified"
    LSTRING_FILE = "javax.servlet.http.LocalStrings"
    lStrings = class java.util.PropertyResourceBundle@42066f94
      lookup = class java.util.HashMap@79d248d4
      INITIAL_CACHE_SIZE = 32
      NONEXISTENT_BUNDLE = class java.util.ResourceBundle$1@3df976c
      cacheList = class java.util.concurrent.ConcurrentHashMap@48674311
      referenceQueue = class java.lang.ref.ReferenceQueue@4fd885ae
      parent = null
      locale = class java.util.Locale@3c945d1e
      name = "javax.servlet.http.LocalStrings"
      expired = false
      cacheKey = class java.util.ResourceBundle$CacheKey@32af65d2
      keySet = null
      providers = null
      $assertionsDisabled = true
    config = class com.ibm.ws.webcontainer.servlet.ServletConfig@4660efcb
  cacheWrappers = null
  targetLoader = class com.ibm.ws.classloading.internal.ThreadContextClassLoader@2b56aa6b
    tc = class com.ibm.websphere.ras.TraceComponent@2b1f7bc1
      strings[0] = "TraceComponent[com.ibm.ws.classloading.internal.ThreadContextClassLoader,class com.ibm.ws.classloading.internal.ThreadContextClassLoader,[ClassLoadingService],com.ibm.ws.classloading.internal.resources.ClassLoadingServiceMessages,null]"
    bundle = class java.util.concurrent.atomic.AtomicReference@7fa01d45
      serialVersionUID = -1848883965231344442
      unsafe = class sun.misc.Unsafe@2b306b96
      valueOffset = 12
      value = class org.eclipse.osgi.internal.framework.EquinoxBundle@5caf572d
    key = "WebModule:web#web.war"
    refCount = class java.util.concurrent.atomic.AtomicInteger@44034782
      serialVersionUID = 6214790243416807050
      unsafe = class sun.misc.Unsafe@2b306b96
      valueOffset = 12
      value = 1
      serialVersionUID = -8742448824652078965
    appLoader = class com.ibm.ws.classloading.internal.ParentLastClassLoader@5ab2b4b7
    serialVersionUID = 7093379526360135425
    followOnClassLoaders = class java.util.ArrayList@d9de3f2
      serialVersionUID = 8683452581122892189
      DEFAULT_CAPACITY = 10
      EMPTY_ELEMENTDATA = class java.lang.Object[0]
      DEFAULTCAPACITY_EMPTY_ELEMENTDATA = class java.lang.Object[0]
      elementData = class java.lang.Object[10]
      size = 1
      MAX_ARRAY_SIZE = 2147483639
      modCount = 1
      MAX_ARRAY_SIZE = 2147483639
    serialVersionUID = -5107316606107305512
    $$$tc$$$ = class com.ibm.websphere.ras.TraceComponent@3cdbb106
      strings[0] = "TraceComponent[com.ibm.ws.classloading.internal.UnifiedClassLoader,class com.ibm.ws.classloading.internal.UnifiedClassLoader,[ClassLoadingService],com.ibm.ws.classloading.internal.resources.ClassLoadingServiceMessages,null]"
    serialVersionUID = -4868702105808481416
    $$$tc$$$ = class com.ibm.websphere.ras.TraceComponent@7b640797
      strings[0] = "TraceComponent[com.ibm.ws.classloading.internal.LibertyLoader,class com.ibm.ws.classloading.internal.LibertyLoader,[ClassLoadingService],com.ibm.ws.classloading.internal.resources.ClassLoadingServiceMessages,null]"
    serialVersionUID = 2596921220292114344
    $$$tc$$$ = class com.ibm.websphere.ras.TraceComponent@5de6ba05
      strings[0] = "TraceComponent[com.ibm.ws.classloading.LibertyClassLoader,class com.ibm.ws.classloading.LibertyClassLoader,[ClassLoadingService],com.ibm.ws.classloading.internal.resources.ClassLoadingServiceMessages,null]"
    initialized = true
    pdcache = class java.util.HashMap@a9ea089
      serialVersionUID = 362498820763181265
      DEFAULT_INITIAL_CAPACITY = 16
      MAXIMUM_CAPACITY = 1073741824
      DEFAULT_LOAD_FACTOR = 0.75
      TREEIFY_THRESHOLD = 8
      UNTREEIFY_THRESHOLD = 6
      MIN_TREEIFY_CAPACITY = 64
      table = null
      entrySet = null
      size = 0
      modCount = 0
      threshold = 16
      loadFactor = 0.75
      keySet = null
      values = null
    debug = null
    parent = class com.ibm.ws.classloading.internal.ParentLastClassLoader@5ab2b4b7
    parallelLockMap = null
    package2certs = class java.util.Hashtable@752bceaa
      table = class java.util.Hashtable$Entry[11]
      count = 0
      threshold = 8
      loadFactor = 0.75
      modCount = 0
      serialVersionUID = 1421746759512286392
      MAX_ARRAY_SIZE = 2147483639
      keySet = null
      entrySet = null
      values = null
      KEYS = 0
      VALUES = 1
      ENTRIES = 2
    nocerts = class java.security.cert.Certificate[0]
    classes = class java.util.Vector@2b4aa8da
      elementData = class java.lang.Object[10]
      elementCount = 0
      capacityIncrement = 0
      serialVersionUID = -2767605614048989439
      MAX_ARRAY_SIZE = 2147483639
      modCount = 0
      MAX_ARRAY_SIZE = 2147483639
    defaultDomain = class java.security.ProtectionDomain@49aa5c32
      codesource = class java.security.CodeSource@7694e060
      classloader = class com.ibm.ws.classloading.internal.ThreadContextClassLoader@2b56aa6b
      principals = interface java.security.Principal[0]
      permissions = null
      hasAllPerm = false
      staticPermissions = false
      key = class java.security.ProtectionDomain$Key@5b12a844
      debug = null
    domains = class java.util.HashSet@364f2766
      serialVersionUID = -5024744406713321676
      map = class java.util.HashMap@6e8edcb5
      PRESENT = class java.lang.Object@3678d990
      MAX_ARRAY_SIZE = 2147483639
    packages = class java.util.HashMap@1d3ae19b
      serialVersionUID = 362498820763181265
      DEFAULT_INITIAL_CAPACITY = 16
      MAXIMUM_CAPACITY = 1073741824
      DEFAULT_LOAD_FACTOR = 0.75
      TREEIFY_THRESHOLD = 8
      UNTREEIFY_THRESHOLD = 6
      MIN_TREEIFY_CAPACITY = 64
      table = null
      entrySet = null
      size = 0
      modCount = 0
      threshold = 0
      loadFactor = 0.75
      keySet = null
      values = null
    scl = class sun.misc.Launcher$AppClassLoader@18b4aac2
      ucp = class sun.misc.URLClassPath@1b0beff0
      $assertionsDisabled = true
      ucp = class sun.misc.URLClassPath@1b0beff0
      acc = class java.security.AccessControlContext@ea2654d
      closeables = class java.util.WeakHashMap@2bc03f2
      initialized = true
      pdcache = class java.util.HashMap@74bef2c3
      debug = null
      parent = class sun.misc.Launcher$ExtClassLoader@6c08ce98
      parallelLockMap = class java.util.concurrent.ConcurrentHashMap@308ee7cb
      package2certs = class java.util.concurrent.ConcurrentHashMap@2d1b649a
      nocerts = class java.security.cert.Certificate[0]
      classes = class java.util.Vector@4fda5158
      defaultDomain = class java.security.ProtectionDomain@4c719a8a
      domains = class java.util.Collections$SynchronizedSet@b868c70
      packages = class java.util.HashMap@7d4f162e
      scl = class sun.misc.Launcher$AppClassLoader@18b4aac2
      sclSet = true
      loadedLibraryNames = class java.util.Vector@24b1fef2
      systemNativeLibraries = class java.util.Vector@59f31694
      nativeLibraries = class java.util.Vector@6082d84e
      nativeLibraryContext = class java.util.Stack@46eb5110
      usr_paths = class java.lang.String[38]
      sys_paths = class java.lang.String[1]
      assertionLock = class java.lang.Object@2067ab1e
      defaultAssertionStatus = false
      packageAssertionStatus = null
      classAssertionStatus = null
    sclSet = true
    loadedLibraryNames = class java.util.Vector@24b1fef2
      elementData = class java.lang.Object[10]
      elementCount = 5
      capacityIncrement = 0
      serialVersionUID = -2767605614048989439
      MAX_ARRAY_SIZE = 2147483639
      modCount = 5
      MAX_ARRAY_SIZE = 2147483639
    systemNativeLibraries = class java.util.Vector@59f31694
      elementData = class java.lang.Object[10]
      elementCount = 5
      capacityIncrement = 0
      serialVersionUID = -2767605614048989439
      MAX_ARRAY_SIZE = 2147483639
      modCount = 5
      MAX_ARRAY_SIZE = 2147483639
    nativeLibraries = class java.util.Vector@6348969e
      elementData = class java.lang.Object[10]
      elementCount = 0
      capacityIncrement = 0
      serialVersionUID = -2767605614048989439
      MAX_ARRAY_SIZE = 2147483639
      modCount = 0
      MAX_ARRAY_SIZE = 2147483639
    nativeLibraryContext = class java.util.Stack@46eb5110
      serialVersionUID = 1224463164541339165
      elementData = class java.lang.Object[10]
      elementCount = 0
      capacityIncrement = 0
      serialVersionUID = -2767605614048989439
      MAX_ARRAY_SIZE = 2147483639
      modCount = 10
      MAX_ARRAY_SIZE = 2147483639
    usr_paths = class java.lang.String[38]
      usr_paths[0] = "C:\Program Files\Java\jre1.8.0_144\bin"
      usr_paths[1] = "C:\WINDOWS\Sun\Java\bin"
      usr_paths[2] = "C:\WINDOWS\system32"
      usr_paths[3] = "C:\WINDOWS"
      usr_paths[4] = "C:/Program Files/Java/jre1.8.0_144/bin/server"
      usr_paths[5] = "C:/Program Files/Java/jre1.8.0_144/bin"
      usr_paths[6] = "C:/Program Files/Java/jre1.8.0_144/lib/amd64"
      usr_paths[7] = "C:\ProgramData\Oracle\Java\javapath"
      usr_paths[8] = "C:\Program Files (x86)\IBM\WebSphere MQ\java\lib"
      usr_paths[9] = "C:\Program Files (x86)\IBM\WebSphere MQ\java\lib64"
      usr_paths[10] = "C:\WINDOWS\system32"
      usr_paths[11] = "C:\WINDOWS"
      usr_paths[12] = "C:\WINDOWS\System32\Wbem"
      usr_paths[13] = "C:\WINDOWS\System32\WindowsPowerShell\v1.0\"
      usr_paths[14] = "C:\Program Files (x86)\IBM\Client Access\Emulator"
      usr_paths[15] = "C:\Program Files (x86)\IBM\Client Access\Shared"
      usr_paths[16] = "C:\Program Files (x86)\IBM\Client Access\"
      usr_paths[17] = "C:\Program Files\TortoiseSVN\bin"
      usr_paths[18] = "C:\Program Files (x86)\IBM\WebSphere MQ\bin64"
      usr_paths[19] = "C:\Program Files (x86)\IBM\WebSphere MQ\bin"
      usr_paths[20] = "C:\Program Files (x86)\WinMerge"
      usr_paths[21] = "C:\Program Files (x86)\Heroku\bin"
      usr_paths[22] = "C:\Program Files (x86)\git\cmd"
      usr_paths[23] = "C:\Program Files (x86)\Lua\5.1"
      usr_paths[24] = "C:\Program Files (x86)\Lua\5.1\clibs"
      usr_paths[25] = "C:\Program Files (x86)\TimeStored.com\JPad\bin"
      usr_paths[26] = "C:\Program Files\PuTTY\"
      usr_paths[27] = "C:\Program Files\nodejs\"
      usr_paths[28] = "C:\Program Files (x86)\Skype\Phone\"
      usr_paths[29] = "C:\Program Files (x86)\Git\cmd"
      usr_paths[30] = "c:\DblibC:\Program Files\Java\jdk1.8.0_144\bin"
      usr_paths[31] = "C:\apache-maven-3.3.9\bin"
      usr_paths[32] = "."
      usr_paths[33] = "C:\Program Files (x86)\Microsoft VS Code\bin"
      usr_paths[34] = "C:\Users\hqmmande\AppData\Roaming\npm"
      usr_paths[35] = "C:\Users\hqmmande\Desktop\eclipse"
      usr_paths[36] = "."
      usr_paths[37] = "."
    sys_paths = class java.lang.String[1]
      sys_paths[0] = "C:\Program Files\Java\jre1.8.0_144\bin"
    assertionLock = class com.ibm.ws.classloading.internal.ThreadContextClassLoader@2b56aa6b
    defaultAssertionStatus = false
    packageAssertionStatus = null
    classAssertionStatus = null
  evtSource = class com.ibm.ws.webcontainer.webapp.WebAppEventSource@314dc8b7
    _invocationListeners = class com.ibm.ws.webcontainer.util.EventListeners@4589349e
      EMPTY_LISTENERS = interface java.util.EventListener[0]
      logger = class com.ibm.ws.logging.internal.WsLogger@2f9472d9
      CLASS_NAME = "com.ibm.ws.webcontainer.util.EventListeners"
      listeners = interface java.util.EventListener[0]
    _servletListeners = class com.ibm.ws.webcontainer.util.EventListeners@15b536ba
      EMPTY_LISTENERS = interface java.util.EventListener[0]
      logger = class com.ibm.ws.logging.internal.WsLogger@2f9472d9
      CLASS_NAME = "com.ibm.ws.webcontainer.util.EventListeners"
      listeners = interface java.util.EventListener[0]
    _errorListeners = class com.ibm.ws.webcontainer.util.EventListeners@15413bb2
      EMPTY_LISTENERS = interface java.util.EventListener[0]
      logger = class com.ibm.ws.logging.internal.WsLogger@2f9472d9
      CLASS_NAME = "com.ibm.ws.webcontainer.util.EventListeners"
      listeners = interface java.util.EventListener[0]
    _applicationListeners = class com.ibm.ws.webcontainer.util.EventListeners@5b773dd2
      EMPTY_LISTENERS = interface java.util.EventListener[0]
      logger = class com.ibm.ws.logging.internal.WsLogger@2f9472d9
      CLASS_NAME = "com.ibm.ws.webcontainer.util.EventListeners"
      listeners = interface java.util.EventListener[0]
    _filterInvocationListeners = class com.ibm.ws.webcontainer.util.EventListeners@57d6dfe6
      EMPTY_LISTENERS = interface java.util.EventListener[0]
      logger = class com.ibm.ws.logging.internal.WsLogger@2f9472d9
      CLASS_NAME = "com.ibm.ws.webcontainer.util.EventListeners"
      listeners = interface java.util.EventListener[0]
    _filterListeners = class com.ibm.ws.webcontainer.util.EventListeners@6b6a2340
      EMPTY_LISTENERS = interface java.util.EventListener[0]
      logger = class com.ibm.ws.logging.internal.WsLogger@2f9472d9
      CLASS_NAME = "com.ibm.ws.webcontainer.util.EventListeners"
      listeners = interface java.util.EventListener[0]
    _filterErrorListeners = class com.ibm.ws.webcontainer.util.EventListeners@77ea1934
      EMPTY_LISTENERS = interface java.util.EventListener[0]
      logger = class com.ibm.ws.logging.internal.WsLogger@2f9472d9
      CLASS_NAME = "com.ibm.ws.webcontainer.util.EventListeners"
      listeners = interface java.util.EventListener[0]
  event = class com.ibm.websphere.servlet.event.ServletEvent@7b361ced
    serialVersionUID = 3906650803920713522
    _servletName = "ewms"
    _servletClassName = "org.springframework.web.servlet.DispatcherServlet"
    $$$tc$$$ = class com.ibm.websphere.ras.TraceComponent@5a488c7b
      strings[0] = "TraceComponent[com.ibm.websphere.servlet.event.ServletEvent,class com.ibm.websphere.servlet.event.ServletEvent,[],null,null]"
    serialVersionUID = 3546927969739289392
    _context = class com.ibm.wsspi.webcontainer.facade.ServletContextFacade@66b8a5df
    _servletNames = class com.ibm.ws.webcontainer.util.EmptyEnumeration@27948e1
      serialVersionUID = 3546642126931963953
      _instance = class com.ibm.ws.webcontainer.util.EmptyEnumeration@27948e1
    $$$tc$$$ = class com.ibm.websphere.ras.TraceComponent@27acc040
      strings[0] = "TraceComponent[com.ibm.websphere.servlet.event.ApplicationEvent,class com.ibm.websphere.servlet.event.ApplicationEvent,[],null,null]"
    serialVersionUID = 5516075349620653480
    source = class com.ibm.ws.webcontainer.osgi.servlet.ServletWrapper@6233c548
  unavailableMessage = null
  unavailableUntil = -1
  isSTM = false
  internalServlet = false
  webAppInvocationCollaborators = null
  platformHelper = class com.ibm.ws.webcontainer.PlatformHelper@342636d5
  webAppNameSpaceCollab = class com.ibm.ws.webcontainer.osgi.collaborator.WebAppNameSpaceCollaboratorImpl@6756625d
    cmdai = class com.ibm.ws.threadContext.ComponentMetaDataAccessorImpl@28aa7f59
      tc = class com.ibm.websphere.ras.TraceComponent@5727f879
      cmdai = class com.ibm.ws.threadContext.ComponentMetaDataAccessorImpl@28aa7f59
      threadContext = class com.ibm.ws.threadContext.ThreadContextImpl@2203c565
      defaultCMD = null
  txCollab = class com.ibm.ws.transaction.services.WebAppTransactionCollaboratorImpl@59bcfa05
    tc = class com.ibm.websphere.ras.TraceComponent@16c3ab52
      strings[0] = "TraceComponent[com.ibm.ws.transaction.services.WebAppTransactionCollaboratorImpl,class com.ibm.ws.transaction.services.WebAppTransactionCollaboratorImpl,[transaction],com.ibm.ws.transaction.services.TransactionMessages,null]"
    ltCurrentRef = class com.ibm.wsspi.kernel.service.utils.AtomicServiceReference@456a780b
      referenceName = "ltCurrent"
      tuple = class java.util.concurrent.atomic.AtomicReference@3a7c63d7
      serialVersionUID = 2226592364007985000
      $$$tc$$$ = class com.ibm.websphere.ras.TraceComponent@4fedfb6c
    tranMgrRef = class com.ibm.wsspi.kernel.service.utils.AtomicServiceReference@6d1b6a46
      referenceName = "tranMgr"
      tuple = class java.util.concurrent.atomic.AtomicReference@3a8e3fb1
      serialVersionUID = 2226592364007985000
      $$$tc$$$ = class com.ibm.websphere.ras.TraceComponent@4fedfb6c
    userTranRef = class com.ibm.wsspi.kernel.service.utils.AtomicServiceReference@211b9edb
      referenceName = "userTran"
      tuple = class java.util.concurrent.atomic.AtomicReference@62514916
      serialVersionUID = 2226592364007985000
      $$$tc$$$ = class com.ibm.websphere.ras.TraceComponent@4fedfb6c
    uowCallbackRef = class com.ibm.wsspi.kernel.service.utils.AtomicServiceReference@22732d6e
      referenceName = "uowCallback"
      tuple = class java.util.concurrent.atomic.AtomicReference@4699cb38
      serialVersionUID = 2226592364007985000
      $$$tc$$$ = class com.ibm.websphere.ras.TraceComponent@4fedfb6c
    serialVersionUID = -8319003162899973281
  connCollab = class com.ibm.ws.webcontainer.collaborator.ConnectionCollaborator@45a2a314
  suppressServletExceptionLogging = false
  throwExceptionEnum = class java.util.RegularEnumSet@353ec79d
    serialVersionUID = 3411599620347842686
    elements = 256
    elementType = class java.lang.Class@2070121f
      ANNOTATION = 8192
      ENUM = 16384
      SYNTHETIC = 4096
      cachedConstructor = null
      newInstanceCallerCache = null
      name = "com.ibm.wsspi.webcontainer.collaborator.CollaboratorInvocationEnum"
      allPermDomain = class java.security.ProtectionDomain@6546ad33
      useCaches = true
      reflectionData = class java.lang.ref.SoftReference@67c663df
      classRedefinedCount = 0
      genericInfo = null
      serialVersionUID = 3206093459760846163
      serialPersistentFields = class java.io.ObjectStreamField[0]
      reflectionFactory = class sun.reflect.ReflectionFactory@4c01f8f4
      initted = true
      enumConstants = class com.ibm.wsspi.webcontainer.collaborator.CollaboratorInvocationEnum[9]
      enumConstantDirectory = null
      annotationData = null
      annotationType = null
      classValueMap = null
    universe = class com.ibm.wsspi.webcontainer.collaborator.CollaboratorInvocationEnum[9]
      universe[0] = class com.ibm.wsspi.webcontainer.collaborator.CollaboratorInvocationEnum@69e09fe7
      universe[1] = class com.ibm.wsspi.webcontainer.collaborator.CollaboratorInvocationEnum@227742e5
      universe[2] = class com.ibm.wsspi.webcontainer.collaborator.CollaboratorInvocationEnum@25f31576
      universe[3] = class com.ibm.wsspi.webcontainer.collaborator.CollaboratorInvocationEnum@53cac7a5
      universe[4] = class com.ibm.wsspi.webcontainer.collaborator.CollaboratorInvocationEnum@3e38659c
      universe[5] = class com.ibm.wsspi.webcontainer.collaborator.CollaboratorInvocationEnum@26c068d4
      universe[6] = class com.ibm.wsspi.webcontainer.collaborator.CollaboratorInvocationEnum@1ba581df
      universe[7] = class com.ibm.wsspi.webcontainer.collaborator.CollaboratorInvocationEnum@1ed78ae1
      universe[8] = class com.ibm.wsspi.webcontainer.collaborator.CollaboratorInvocationEnum@633e1822
    ZERO_LENGTH_ENUM_ARRAY = class java.lang.Enum[0]
    MAX_ARRAY_SIZE = 2147483639
  discernUnavailableServlet = false
  reInitServletonInitUnavailableException = true
  destroyServletonServiceUnavailableException = false
  servlet23 = true
  PARAMS_HEAD_TRACE = class java.lang.Class[2]
    PARAMS_HEAD_TRACE[0] = class java.lang.Class@787a6918
      ANNOTATION = 8192
      ENUM = 16384
      SYNTHETIC = 4096
      cachedConstructor = null
      newInstanceCallerCache = null
      name = "javax.servlet.http.HttpServletRequest"
      allPermDomain = class java.security.ProtectionDomain@6546ad33
      useCaches = true
      reflectionData = class java.lang.ref.SoftReference@62cadadf
      classRedefinedCount = 0
      genericInfo = null
      serialVersionUID = 3206093459760846163
      serialPersistentFields = class java.io.ObjectStreamField[0]
      reflectionFactory = class sun.reflect.ReflectionFactory@4c01f8f4
      initted = true
      enumConstants = null
      enumConstantDirectory = null
      annotationData = null
      annotationType = null
      classValueMap = null
    PARAMS_HEAD_TRACE[1] = class java.lang.Class@51deb434
      ANNOTATION = 8192
      ENUM = 16384
      SYNTHETIC = 4096
      cachedConstructor = null
      newInstanceCallerCache = null
      name = "javax.servlet.http.HttpServletResponse"
      allPermDomain = class java.security.ProtectionDomain@6546ad33
      useCaches = true
      reflectionData = class java.lang.ref.SoftReference@71d06005
      classRedefinedCount = 0
      genericInfo = null
      serialVersionUID = 3206093459760846163
      serialPersistentFields = class java.io.ObjectStreamField[0]
      reflectionFactory = class sun.reflect.ReflectionFactory@4c01f8f4
      initted = true
      enumConstants = null
      enumConstantDirectory = null
      annotationData = null
      annotationType = null
      classValueMap = null
  defaultHeadMethodInUse = false
  defaultTraceMethodInUse = false
  checkedForDefaultMethods = null
  defaultTraceRequestBehavior = false
  defaultHeadRequestBehavior = false
  useOriginalRequestState = false
  warningStatusSet = false
  config = null

