------Start of DE processing------ = [9/6/17 11:39:28:760 EDT]
Exception = org.springframework.beans.factory.BeanInitializationException
Source = com.ibm.ws.webcontainer.filter.FilterInstanceWrapper.init
probeid = 111
Stack Dump = org.springframework.beans.factory.BeanInitializationException: Could not load properties; nested exception is java.io.FileNotFoundException: Could not open ServletContext resource [/${ewms.system.properties.path}]
	at org.springframework.beans.factory.config.PropertyResourceConfigurer.postProcessBeanFactory(PropertyResourceConfigurer.java:89)
	at org.springframework.context.support.PostProcessorRegistrationDelegate.invokeBeanFactoryPostProcessors(PostProcessorRegistrationDelegate.java:281)
	at org.springframework.context.support.PostProcessorRegistrationDelegate.invokeBeanFactoryPostProcessors(PostProcessorRegistrationDelegate.java:161)
	at org.springframework.context.support.AbstractApplicationContext.invokeBeanFactoryPostProcessors(AbstractApplicationContext.java:687)
	at org.springframework.context.support.AbstractApplicationContext.refresh(AbstractApplicationContext.java:525)
	at org.springframework.web.context.ContextLoader.configureAndRefreshWebApplicationContext(ContextLoader.java:443)
	at org.springframework.web.context.ContextLoader.initWebApplicationContext(ContextLoader.java:325)
	at org.springframework.web.context.ContextLoaderListener.contextInitialized(ContextLoaderListener.java:107)
	at com.ibm.ws.webcontainer.webapp.WebApp.notifyServletContextCreated(WebApp.java:2428)
	at com.ibm.ws.webcontainer.webapp.WebApp.initialize(WebApp.java:1065)
	at com.ibm.ws.webcontainer.webapp.WebApp.initialize(WebApp.java:6595)
	at com.ibm.ws.webcontainer.osgi.DynamicVirtualHost.startWebApp(DynamicVirtualHost.java:468)
	at com.ibm.ws.webcontainer.osgi.DynamicVirtualHost.startWebApplication(DynamicVirtualHost.java:463)
	at com.ibm.ws.webcontainer.osgi.WebContainer.startWebApplication(WebContainer.java:1120)
	at com.ibm.ws.webcontainer.osgi.WebContainer.access$000(WebContainer.java:104)
	at com.ibm.ws.webcontainer.osgi.WebContainer$2.run(WebContainer.java:932)
	at java.util.concurrent.Executors$RunnableAdapter.call(Unknown Source)
	at java.util.concurrent.FutureTask.run(Unknown Source)
	at java.util.concurrent.ThreadPoolExecutor.runWorker(Unknown Source)
	at java.util.concurrent.ThreadPoolExecutor$Worker.run(Unknown Source)
	at java.lang.Thread.run(Unknown Source)
Caused by: java.io.FileNotFoundException: Could not open ServletContext resource [/${ewms.system.properties.path}]
	at org.springframework.web.context.support.ServletContextResource.getInputStream(ServletContextResource.java:141)
	at org.springframework.core.io.support.EncodedResource.getInputStream(EncodedResource.java:154)
	at org.springframework.core.io.support.PropertiesLoaderUtils.fillProperties(PropertiesLoaderUtils.java:98)
	at org.springframework.core.io.support.PropertiesLoaderSupport.loadProperties(PropertiesLoaderSupport.java:177)
	at org.springframework.core.io.support.PropertiesLoaderSupport.mergeProperties(PropertiesLoaderSupport.java:158)
	at org.springframework.beans.factory.config.PropertyResourceConfigurer.postProcessBeanFactory(PropertyResourceConfigurer.java:80)
	... 20 more

Dump of callerThis
Object type = com.ibm.ws.webcontainer.filter.FilterInstanceWrapper
  FILTER_STATE_UNINITIALIZED = 0
  FILTER_STATE_INITIALIZING = 1
  FILTER_STATE_AVAILABLE = 2
  FILTER_STATE_DESTROYING = 3
  FILTER_STATE_DESTROYED = 4
  FILTER_STATE_UNAVAILABLE = 5
  _filterName = "springSecurityFilterChain"
  _filterInstance = class org.springframework.web.filter.DelegatingFilterProxy@2c525c5
    contextAttribute = null
    webApplicationContext = null
    targetBeanName = "springSecurityFilterChain"
    targetFilterLifecycle = false
    delegate = null
    delegateMonitor = class java.lang.Object@66468a0f
    logger = class org.apache.commons.logging.impl.Log4JLogger@15d908ea
      serialVersionUID = 5160705895411730424
      FQCN = "org.apache.commons.logging.impl.Log4JLogger"
      logger = class org.apache.log4j.Logger@454df49d
      name = "org.springframework.web.filter.DelegatingFilterProxy"
      traceLevel = class org.apache.log4j.Level@20e5a81e
      class$org$apache$commons$logging$impl$Log4JLogger = class java.lang.Class@28ceb3d3
      class$org$apache$log4j$Level = class java.lang.Class@74b57d09
      class$org$apache$log4j$Priority = class java.lang.Class@636ee5dc
    beanName = null
    environment = null
    servletContext = null
    filterConfig = class com.ibm.ws.webcontainer.filter.FilterConfig@4c5862eb
    requiredProperties = class java.util.HashSet@1a197f80
      serialVersionUID = -5024744406713321676
      map = class java.util.HashMap@67f30644
      PRESENT = class java.lang.Object@1ace83cf
      MAX_ARRAY_SIZE = 2147483639
  _filterState = 1
  nServicing = class java.util.concurrent.atomic.AtomicInteger@7b7f4400
    serialVersionUID = 6214790243416807050
    unsafe = class sun.misc.Unsafe@480049fc
      theUnsafe = class sun.misc.Unsafe@480049fc
      INVALID_FIELD_OFFSET = -1
      ARRAY_BOOLEAN_BASE_OFFSET = 16
      ARRAY_BYTE_BASE_OFFSET = 16
      ARRAY_SHORT_BASE_OFFSET = 16
      ARRAY_CHAR_BASE_OFFSET = 16
      ARRAY_INT_BASE_OFFSET = 16
      ARRAY_LONG_BASE_OFFSET = 16
      ARRAY_FLOAT_BASE_OFFSET = 16
      ARRAY_DOUBLE_BASE_OFFSET = 16
      ARRAY_OBJECT_BASE_OFFSET = 16
      ARRAY_BOOLEAN_INDEX_SCALE = 1
      ARRAY_BYTE_INDEX_SCALE = 1
      ARRAY_SHORT_INDEX_SCALE = 2
      ARRAY_CHAR_INDEX_SCALE = 2
      ARRAY_INT_INDEX_SCALE = 4
      ARRAY_LONG_INDEX_SCALE = 8
      ARRAY_FLOAT_INDEX_SCALE = 4
      ARRAY_DOUBLE_INDEX_SCALE = 8
      ARRAY_OBJECT_INDEX_SCALE = 4
      ADDRESS_SIZE = 8
    valueOffset = 12
    value = 0
    serialVersionUID = -8742448824652078965
  logger = class com.ibm.ws.logging.internal.WsLogger@233a0adf
    tc = class com.ibm.websphere.ras.TraceComponent@413bf9d2
      strings[0] = "TraceComponent[com.ibm.ws.logging.internal.WsLogger,class com.ibm.ws.logging.internal.WsLogger,[logging],com.ibm.ws.logging.internal.resources.LoggingMessages,null]"
    ivCachedResourceBundleName = null
    ivCachedResourceBundle = null
    ivComponent = null
    ivOrganization = null
    ivProduct = null
    ivMinimumLocalizationLevelIntValue = 625
    ivTC = class com.ibm.websphere.ras.TraceComponent@3a382f82
      strings[0] = "TraceComponent[com.ibm.ws.webcontainer.filter,class com.ibm.wsspi.webcontainer.logging.LoggerFactory$1,[com.ibm.ws.webcontainer.filter],null,null]"
    loggerRegistrationComponent = class java.lang.ThreadLocal@1b515dbe
      threadLocalHashCode = 661548054
      nextHashCode = class java.util.concurrent.atomic.AtomicInteger@7523748d
      HASH_INCREMENT = 1640531527
    emptyHandlers = class java.util.logging.Handler[0]
    offValue = 2147483647
    SYSTEM_LOGGER_RB_NAME = "sun.util.logging.resources.logging"
    SYSTEM_BUNDLE = class java.util.logging.Logger$LoggerBundle@3974106a
      resourceBundleName = "sun.util.logging.resources.logging"
      userBundle = null
    NO_RESOURCE_BUNDLE = class java.util.logging.Logger$LoggerBundle@1b94e007
      resourceBundleName = null
      userBundle = null
    manager = class com.ibm.ws.kernel.boot.logging.WsLogManager@254df177
      CLASS_NAME = "com.ibm.ws.kernel.boot.logging.WsLogManager"
      CONFIGURE_BY_SERVER_PROPERTY_NAME = "java.util.logging.configureByServer"
      CONFIGURE_BY_LOGGING_PROPERTIES_FILE = "java.util.logging.configureByLoggingPropertiesFile"
      configureByServer = true
      configureByLoggingProperties = false
      wsLogger = class java.lang.reflect.Constructor@2abb5e57
      resetEnabled = true
      manager = class com.ibm.ws.kernel.boot.logging.WsLogManager@254df177
      props = class java.util.Properties@66902fd3
      defaultLevel = class java.util.logging.Level@372575d6
      listenerMap = class java.util.HashMap@60290b8b
      systemContext = class java.util.logging.LogManager$SystemLoggerContext@2fecc48d
      userContext = class java.util.logging.LogManager$LoggerContext@5fd56ec1
      rootLogger = class java.util.logging.LogManager$RootLogger@385c3c5f
      readPrimordialConfiguration = true
      initializedGlobalHandlers = true
      deathImminent = false
      initializedCalled = true
      initializationDone = true
      contextsMap = null
      loggerRefQueue = class java.lang.ref.ReferenceQueue@10811d8c
      MAX_ITERATIONS = 400
      controlPermission = class java.util.logging.LoggingPermission@59006bbd
      loggingMXBean = null
      LOGGING_MXBEAN_NAME = "java.util.logging:type=Logging"
      $assertionsDisabled = true
    name = "com.ibm.ws.webcontainer.filter"
    handlers = class java.util.concurrent.CopyOnWriteArrayList@36c8ecb1
      serialVersionUID = 8673264195747942595
      lock = class java.util.concurrent.locks.ReentrantLock@5b8fda24
      array = class java.lang.Object[0]
      UNSAFE = class sun.misc.Unsafe@480049fc
      lockOffset = 12
    loggerBundle = class java.util.logging.Logger$LoggerBundle@677c6097
      resourceBundleName = "com.ibm.ws.webcontainer.resources.Messages"
      userBundle = null
    useParentHandlers = true
    filter = null
    anonymous = false
    catalog = class com.ibm.ws.webcontainer.resources.Messages@4300cacf
      resources = class [Ljava.lang.Object;[332]
      lookup = class java.util.HashMap@638fba7a
      INITIAL_CACHE_SIZE = 32
      NONEXISTENT_BUNDLE = class java.util.ResourceBundle$1@164d5286
      cacheList = class java.util.concurrent.ConcurrentHashMap@86d4a6b
      referenceQueue = class java.lang.ref.ReferenceQueue@52d24a0a
      parent = null
      locale = class java.util.Locale@3dfee583
      name = "com.ibm.ws.webcontainer.resources.Messages"
      expired = false
      cacheKey = class java.util.ResourceBundle$CacheKey@2b8901a2
      keySet = null
      providers = null
      $assertionsDisabled = true
    catalogName = "com.ibm.ws.webcontainer.resources.Messages"
    catalogLocale = class java.util.Locale@11a60c05
      LOCALECACHE = class java.util.Locale$Cache@53f9fb3c
      ENGLISH = class java.util.Locale@2e531d22
      FRENCH = class java.util.Locale@63989660
      GERMAN = class java.util.Locale@2fe4a041
      ITALIAN = class java.util.Locale@33589e9a
      JAPANESE = class java.util.Locale@5543fde
      KOREAN = class java.util.Locale@22d88282
      CHINESE = class java.util.Locale@2834d830
      SIMPLIFIED_CHINESE = class java.util.Locale@5fef2fe2
      TRADITIONAL_CHINESE = class java.util.Locale@7be1510e
      FRANCE = class java.util.Locale@1d4b0062
      GERMANY = class java.util.Locale@13b0aea3
      ITALY = class java.util.Locale@35860308
      JAPAN = class java.util.Locale@449e5d97
      KOREA = class java.util.Locale@1931d76
      CHINA = class java.util.Locale@5fef2fe2
      PRC = class java.util.Locale@5fef2fe2
      TAIWAN = class java.util.Locale@7be1510e
      UK = class java.util.Locale@17c07e51
      US = class java.util.Locale@11a60c05
      CANADA = class java.util.Locale@12dba1e2
      CANADA_FRENCH = class java.util.Locale@249f24cb
      ROOT = class java.util.Locale@3dfee583
      PRIVATE_USE_EXTENSION = x
      UNICODE_LOCALE_EXTENSION = u
      serialVersionUID = 9149081749638150636
      DISPLAY_LANGUAGE = 0
      DISPLAY_COUNTRY = 1
      DISPLAY_VARIANT = 2
      DISPLAY_SCRIPT = 3
      baseLocale = class sun.util.locale.BaseLocale@664346f3
      localeExtensions = null
      hashCodeValue = 96636889
      defaultLocale = class java.util.Locale@11a60c05
      defaultDisplayLocale = null
      defaultFormatLocale = class java.util.Locale@11a60c05
      languageTag = "en-US"
      serialPersistentFields = class java.io.ObjectStreamField[6]
      isoLanguages = null
      isoCountries = null
      $assertionsDisabled = true
    treeLock = class java.lang.Object@5baa910f
    parent = class com.ibm.ws.logging.internal.WsLogger@685f402b
      tc = class com.ibm.websphere.ras.TraceComponent@413bf9d2
      ivCachedResourceBundleName = "com.ibm.ws.webcontainer.resources.Messages"
      ivCachedResourceBundle = class com.ibm.ws.webcontainer.resources.Messages@7808dde7
      ivComponent = null
      ivOrganization = null
      ivProduct = null
      ivMinimumLocalizationLevelIntValue = 625
      ivTC = class com.ibm.websphere.ras.TraceComponent@d1be3cb
      loggerRegistrationComponent = class java.lang.ThreadLocal@1b515dbe
      emptyHandlers = class java.util.logging.Handler[0]
      offValue = 2147483647
      SYSTEM_LOGGER_RB_NAME = "sun.util.logging.resources.logging"
      SYSTEM_BUNDLE = class java.util.logging.Logger$LoggerBundle@3974106a
      NO_RESOURCE_BUNDLE = class java.util.logging.Logger$LoggerBundle@1b94e007
      manager = class com.ibm.ws.kernel.boot.logging.WsLogManager@254df177
      name = "com.ibm.ws.webcontainer"
      handlers = class java.util.concurrent.CopyOnWriteArrayList@a8ec96e
      loggerBundle = class java.util.logging.Logger$LoggerBundle@6ddc13be
      useParentHandlers = true
      filter = null
      anonymous = false
      catalog = class com.ibm.ws.webcontainer.resources.Messages@7808dde7
      catalogName = "com.ibm.ws.webcontainer.resources.Messages"
      catalogLocale = class java.util.Locale@11a60c05
      treeLock = class java.lang.Object@5baa910f
      parent = class java.util.logging.Logger@3949a10
      kids = class java.util.ArrayList@1df71769
      levelObject = class java.util.logging.Level@372575d6
      levelValue = 800
      callersClassLoaderRef = class java.lang.ref.WeakReference@5fe3d477
      isSystemLogger = false
      GLOBAL_LOGGER_NAME = "global"
      global = class java.util.logging.Logger@196f483d
      $assertionsDisabled = true
    kids = null
    levelObject = class java.util.logging.Level@372575d6
      defaultBundle = "sun.util.logging.resources.logging"
      name = "INFO"
      value = 800
      resourceBundleName = "sun.util.logging.resources.logging"
      localizedLevelName = "INFO"
      cachedLocale = class java.util.Locale@11a60c05
      OFF = class java.util.logging.Level@65d954c3
      SEVERE = class java.util.logging.Level@251bc068
      WARNING = class java.util.logging.Level@58201e9d
      INFO = class java.util.logging.Level@372575d6
      CONFIG = class java.util.logging.Level@744b7afb
      FINE = class java.util.logging.Level@5b9b47fd
      FINER = class java.util.logging.Level@2078c466
      FINEST = class java.util.logging.Level@78f4e202
      ALL = class java.util.logging.Level@5747d345
      serialVersionUID = -8176160795706313070
    levelValue = 800
    callersClassLoaderRef = class java.lang.ref.WeakReference@2051723a
      referent = class org.eclipse.osgi.internal.loader.EquinoxClassLoader@4f64cb79
      queue = class java.lang.ref.ReferenceQueue$Null@254f9603
      next = null
      discovered = null
      lock = class java.lang.ref.Reference$Lock@6f32f19f
      pending = null
    isSystemLogger = false
    GLOBAL_LOGGER_NAME = "global"
    global = class java.util.logging.Logger@196f483d
      emptyHandlers = class java.util.logging.Handler[0]
      offValue = 2147483647
      SYSTEM_LOGGER_RB_NAME = "sun.util.logging.resources.logging"
      SYSTEM_BUNDLE = class java.util.logging.Logger$LoggerBundle@3974106a
      NO_RESOURCE_BUNDLE = class java.util.logging.Logger$LoggerBundle@1b94e007
      manager = class com.ibm.ws.kernel.boot.logging.WsLogManager@254df177
      name = "global"
      handlers = class java.util.concurrent.CopyOnWriteArrayList@5ab2e0cb
      loggerBundle = class java.util.logging.Logger$LoggerBundle@1b94e007
      useParentHandlers = true
      filter = null
      anonymous = false
      catalog = null
      catalogName = null
      catalogLocale = null
      treeLock = class java.lang.Object@5baa910f
      parent = class java.util.logging.Logger@3949a10
      kids = null
      levelObject = null
      levelValue = 800
      callersClassLoaderRef = null
      isSystemLogger = true
      GLOBAL_LOGGER_NAME = "global"
      global = class java.util.logging.Logger@196f483d
      $assertionsDisabled = true
    $assertionsDisabled = true
  CLASS_NAME = "com.ibm.ws.webcontainer.filter.FilterInstanceWrapper"
  _filterEvent = null
  _filterConfig = class com.ibm.ws.webcontainer.filter.FilterConfig@4c5862eb
    tc = class com.ibm.websphere.ras.TraceComponent@1433cf67
      strings[0] = "TraceComponent[com.ibm.ws.webcontainer.filter.FilterConfig,class com.ibm.ws.webcontainer.filter.FilterConfig,[webcontainer],com.ibm.ws.webcontainer.resources.LShimMessages,null]"
    dispatchMode = null
    filterClassLoader = null
    isInternal = false
    webAppConfig = class com.ibm.ws.webcontainer.osgi.webapp.WebAppConfiguration@133bf0b0
      webModuleMetaData = class com.ibm.ws.webcontainer.osgi.metadata.WebModuleMetaDataImpl@6231e8c8
      webComponentMetaData = class com.ibm.ws.webcontainer.osgi.metadata.WebComponentMetaDataImpl@7fc41ee8
      dVirtualHost = class com.ibm.ws.webcontainer.osgi.DynamicVirtualHost@6c84c46e
      orderedLibPaths = class java.util.Collections$UnmodifiableRandomAccessList@32c2168f
      bundleHeaders = null
      cdiEnabled = false
      CLASS_NAME = "com.ibm.ws.webcontainer.webapp.WebAppConfiguration"
      logger = class com.ibm.ws.logging.internal.WsLogger@d5aa728
      tc = class com.ibm.websphere.ras.TraceComponent@5d8d213
      nls = class com.ibm.ejs.ras.TraceNLS@26af1ac4
      version = 30
      contextRoot = "/web"
      sessionTimeout = 120
      moduleSessionTimeoutSet = true
      moduleSessionTrackingModeSet = false
      sessionCookieConfig = class com.ibm.ws.session.SessionCookieConfigImpl@6d441b69
      hasProgrammaticCookieConfig = false
      sessionDefaultTrackingModeSet = class java.util.RegularEnumSet@13d32a3f
      sessionManagerConfig = class com.ibm.ws.session.SessionManagerConfig@4c3f45f3
      displayName = "USCS.eWMS"
      description = null
      reloadInterval = 0
      distributable = true
      denyUncoveredHttpMethods = false
      reloadingEnabled = false
      serveServletsByClassnameEnabled = false
      defaultErrorPage = null
      additionalClassPath = null
      fileServingEnabled = null
      directoryBrowsingEnabled = false
      autoRequestEncoding = false
      autoResponseEncoding = false
      autoLoadFilters = false
      requestListeners = null
      requestAttributeListeners = null
      sessionListeners = null
      localeMap = null
      moduleName = "web"
      j2eeModuleName = "web.war"
      moduleId = null
      isSyncToThreadEnabled = false
      encodeDispatchedRequestURI = false
      isSystemApp = false
      ardEnabled = false
      ardDispatchType = null
      listeners = class java.util.ArrayList@12181f8a
      welcomeFileList = class java.util.ArrayList@5f4ac1f3
      servletMappings = class java.util.HashMap@55429af7
      lastIndexBeforeDeclaredFilters = 0
      filterMappings = class java.util.ArrayList@63644d71
      servletInfo = class java.util.HashMap@31d2fad8
      filterInfo = class java.util.HashMap@389ef048
      mimeMappings = class java.util.HashMap@79ca508e
      mimeFilters = null
      isMimeFilteringEnabled = false
      theWebGroup = null
      jspAttributes = class java.util.HashMap@38049503
      fileServingAttributes = class java.util.HashMap@1e26bce1
      invokerAttributes = class java.util.HashMap@517503dd
      contextParams = class java.util.HashMap@7a10775d
      virtualHost = "default_host"
      exceptionErrorPages = class java.util.HashMap@66204991
      codeErrorPages = class java.util.HashMap@4d4a3000
      tagLibList = null
      precompileJsps = false
      webApp = class com.ibm.ws.webcontainer.osgi.webapp.WebApp@7b4204de
      virtualHostList = class java.util.Collections$EmptyList@3458a99f
      appStartupWeight = 0
      moduleStartupWeight = 0
      metaDataComplete = false
      classesToScan = class java.util.ArrayList@4d8b8ad6
      uriFilterMappingInfos = class java.util.ArrayList@12d371f5
      servletFilterMappingInfos = null
      dynamicServletRegistrationMap = null
      applicationName = "web"
      libBinPathList = class java.util.ArrayList@29833e37
      webXmlDefinedListeners = class java.util.HashSet@35d5d137
      allRefs = class java.util.EnumMap@44b09243
      allRefBindings = class java.util.EnumMap@55fc7d39
      envEntryValues = class java.util.HashMap@653e9337
      resourceRefConfigList = null
      disallowAllFileServingProp = "false"
      disallowServeServletsByClassnameProp = "true"
      disableStaticMappingCache = false
      jspCachedLocations = class java.util.HashMap@7ef9aace
      primedSTSHeader = "NoValue"
      enablemultireadofpostdata = false
      _id = "WebAppGeneratedId1"
      _attributes = null
      serialVersionUID = 7511545662945734886
      $$$tc$$$ = class com.ibm.websphere.ras.TraceComponent@3c06779e
    filter = null
    filterClass = null
    urlPatternMappings = class java.util.ArrayList@394fd4a6
      serialVersionUID = 8683452581122892189
      DEFAULT_CAPACITY = 10
      EMPTY_ELEMENTDATA = class java.lang.Object[0]
      DEFAULTCAPACITY_EMPTY_ELEMENTDATA = class java.lang.Object[0]
      elementData = class java.lang.Object[10]
      size = 1
      MAX_ARRAY_SIZE = 2147483639
      modCount = 1
      MAX_ARRAY_SIZE = 2147483639
    servletNameMappings = null
    nls = class com.ibm.ejs.ras.TraceNLS@6b8b2772
      resolver = class com.ibm.ws.logging.internal.TraceNLSResolver@1d4acd5d
      finder = class com.ibm.ws.logging.internal.StackFinder@5a849dbb
      ivBundleName = "com.ibm.ws.webcontainer.resources.Messages"
      caller = class java.lang.Class@3fbb20f9
    logger = class com.ibm.ws.logging.internal.WsLogger@4b03c17a
      tc = class com.ibm.websphere.ras.TraceComponent@413bf9d2
      ivCachedResourceBundleName = "com.ibm.ws.webcontainer.resources.Messages"
      ivCachedResourceBundle = class com.ibm.ws.webcontainer.resources.Messages@7808dde7
      ivComponent = null
      ivOrganization = null
      ivProduct = null
      ivMinimumLocalizationLevelIntValue = 625
      ivTC = class com.ibm.websphere.ras.TraceComponent@25c8b334
      loggerRegistrationComponent = class java.lang.ThreadLocal@1b515dbe
      emptyHandlers = class java.util.logging.Handler[0]
      offValue = 2147483647
      SYSTEM_LOGGER_RB_NAME = "sun.util.logging.resources.logging"
      SYSTEM_BUNDLE = class java.util.logging.Logger$LoggerBundle@3974106a
      NO_RESOURCE_BUNDLE = class java.util.logging.Logger$LoggerBundle@1b94e007
      manager = class com.ibm.ws.kernel.boot.logging.WsLogManager@254df177
      name = "com.ibm.ws.webcontainer.servlet"
      handlers = class java.util.concurrent.CopyOnWriteArrayList@2d5e46a1
      loggerBundle = class java.util.logging.Logger$LoggerBundle@2eb2cbbc
      useParentHandlers = true
      filter = null
      anonymous = false
      catalog = class com.ibm.ws.webcontainer.resources.Messages@7808dde7
      catalogName = "com.ibm.ws.webcontainer.resources.Messages"
      catalogLocale = class java.util.Locale@11a60c05
      treeLock = class java.lang.Object@5baa910f
      parent = class com.ibm.ws.logging.internal.WsLogger@685f402b
      kids = null
      levelObject = class java.util.logging.Level@372575d6
      levelValue = 800
      callersClassLoaderRef = class java.lang.ref.WeakReference@226896c7
      isSystemLogger = false
      GLOBAL_LOGGER_NAME = "global"
      global = class java.util.logging.Logger@196f483d
      $assertionsDisabled = true
    CLASS_NAME = "com.ibm.ws.webcontainer.servlet.TargetConfig"
    initParams = null
    fileName = null
    displayName = "FilterGeneratedId2"
    name = "springSecurityFilterChain"
    description = null
    smallIcon = null
    largeIcon = null
    context = class com.ibm.wsspi.webcontainer.facade.ServletContextFacade@18aacfb2
      context = class com.ibm.ws.webcontainer.osgi.webapp.WebApp@7b4204de
    className = "org.springframework.web.filter.DelegatingFilterProxy"
    asyncSupported = false
    _id = "FilterGeneratedId2"
    _attributes = null
    serialVersionUID = 7511545662945734886
    $$$tc$$$ = class com.ibm.websphere.ras.TraceComponent@3c06779e
      strings[0] = "TraceComponent[com.ibm.ws.container.BaseConfiguration,class com.ibm.ws.container.BaseConfiguration,[],null,null]"
  _eventSource = class com.ibm.ws.webcontainer.webapp.WebAppEventSource@31aa1189
    _invocationListeners = class com.ibm.ws.webcontainer.util.EventListeners@540786b0
      EMPTY_LISTENERS = interface java.util.EventListener[0]
      logger = class com.ibm.ws.logging.internal.WsLogger@6e849344
      CLASS_NAME = "com.ibm.ws.webcontainer.util.EventListeners"
      listeners = interface java.util.EventListener[0]
    _servletListeners = class com.ibm.ws.webcontainer.util.EventListeners@38f6200
      EMPTY_LISTENERS = interface java.util.EventListener[0]
      logger = class com.ibm.ws.logging.internal.WsLogger@6e849344
      CLASS_NAME = "com.ibm.ws.webcontainer.util.EventListeners"
      listeners = interface java.util.EventListener[0]
    _errorListeners = class com.ibm.ws.webcontainer.util.EventListeners@73271a43
      EMPTY_LISTENERS = interface java.util.EventListener[0]
      logger = class com.ibm.ws.logging.internal.WsLogger@6e849344
      CLASS_NAME = "com.ibm.ws.webcontainer.util.EventListeners"
      listeners = interface java.util.EventListener[0]
    _applicationListeners = class com.ibm.ws.webcontainer.util.EventListeners@72aafc1a
      EMPTY_LISTENERS = interface java.util.EventListener[0]
      logger = class com.ibm.ws.logging.internal.WsLogger@6e849344
      CLASS_NAME = "com.ibm.ws.webcontainer.util.EventListeners"
      listeners = interface java.util.EventListener[0]
    _filterInvocationListeners = class com.ibm.ws.webcontainer.util.EventListeners@1af0d6f9
      EMPTY_LISTENERS = interface java.util.EventListener[0]
      logger = class com.ibm.ws.logging.internal.WsLogger@6e849344
      CLASS_NAME = "com.ibm.ws.webcontainer.util.EventListeners"
      listeners = interface java.util.EventListener[0]
    _filterListeners = class com.ibm.ws.webcontainer.util.EventListeners@629738c5
      EMPTY_LISTENERS = interface java.util.EventListener[0]
      logger = class com.ibm.ws.logging.internal.WsLogger@6e849344
      CLASS_NAME = "com.ibm.ws.webcontainer.util.EventListeners"
      listeners = interface java.util.EventListener[0]
    _filterErrorListeners = class com.ibm.ws.webcontainer.util.EventListeners@29a9c3d6
      EMPTY_LISTENERS = interface java.util.EventListener[0]
      logger = class com.ibm.ws.logging.internal.WsLogger@6e849344
      CLASS_NAME = "com.ibm.ws.webcontainer.util.EventListeners"
      listeners = interface java.util.EventListener[0]
  _managedObject = class com.ibm.ws.managedobject.internal.ManagedObjectImpl@67188da8
    object = "<sensitive org.springframework.web.filter.DelegatingFilterProxy@2c525c5>"
    serialVersionUID = -5603642874755101089
    $$$tc$$$ = class com.ibm.websphere.ras.TraceComponent@55d2cb7d
      strings[0] = "TraceComponent[com.ibm.ws.managedobject.internal.ManagedObjectImpl,class com.ibm.ws.managedobject.internal.ManagedObjectImpl,[],null,null]"

