------Start of DE processing------ = [9/7/17 14:37:06:653 EDT]
Exception = com.ibm.ws.rsadapter.exceptions.DataStoreAdapterException
Source = com.ibm.ws.jdbc.DataSourceService
probeid = 328
Stack Dump = com.ibm.ws.rsadapter.exceptions.DataStoreAdapterException: DSRA8100E: Unable to get a XAConnection from the DataSource. with SQL State : 08001 SQL Code : -99999
	at com.ibm.ws.rsadapter.impl.DatabaseHelper.getPooledConnection(DatabaseHelper.java:971)
	at com.ibm.ws.rsadapter.impl.WSManagedConnectionFactoryImpl.getConnection(WSManagedConnectionFactoryImpl.java:794)
	at com.ibm.ws.rsadapter.impl.WSManagedConnectionFactoryImpl.createManagedConnection(WSManagedConnectionFactoryImpl.java:650)
	at com.ibm.ws.jca.cm.AbstractConnectionFactoryService.getXAResource(AbstractConnectionFactoryService.java:377)
	at com.ibm.tx.jta.impl.XARecoveryData.getXARminst(XARecoveryData.java:366)
	at com.ibm.tx.jta.impl.XARecoveryData.recover(XARecoveryData.java:492)
	at com.ibm.tx.jta.impl.PartnerLogTable.recover(PartnerLogTable.java:402)
	at com.ibm.tx.jta.impl.RecoveryManager.resync(RecoveryManager.java:1483)
	at com.ibm.tx.jta.impl.RecoveryManager.performResync(RecoveryManager.java:2213)
	at com.ibm.tx.jta.impl.RecoveryManager.run(RecoveryManager.java:2168)
	at java.lang.Thread.run(Unknown Source)
Caused by: java.sql.SQLException: The application requester cannot establish the connection. (DEVDB2.USCOLD.COM) DSRA0010E: SQL State = 08001, Error Code = -99,999
	at com.ibm.as400.access.JDError.createSQLExceptionSubClass(JDError.java:830)
	at com.ibm.as400.access.JDError.throwSQLException(JDError.java:559)
	at com.ibm.as400.access.AS400JDBCConnection.setProperties(AS400JDBCConnection.java:3391)
	at com.ibm.as400.access.AS400JDBCDataSource.getConnection(AS400JDBCDataSource.java:756)
	at com.ibm.as400.access.AS400JDBCDataSource.getConnection(AS400JDBCDataSource.java:614)
	at com.ibm.as400.access.AS400JDBCXADataSource.getXAConnection(AS400JDBCXADataSource.java:128)
	at com.ibm.ws.rsadapter.impl.DatabaseHelper$1.run(DatabaseHelper.java:950)
	at java.security.AccessController.doPrivileged(Native Method)
	at com.ibm.ws.rsadapter.impl.DatabaseHelper.getPooledConnection(DatabaseHelper.java:962)
	... 10 more
Caused by: java.net.UnknownHostException: DEVDB2.USCOLD.COM
	at java.net.AbstractPlainSocketImpl.connect(Unknown Source)
	at java.net.PlainSocketImpl.connect(Unknown Source)
	at java.net.SocksSocketImpl.connect(Unknown Source)
	at java.net.Socket.connect(Unknown Source)
	at sun.reflect.NativeMethodAccessorImpl.invoke0(Native Method)
	at sun.reflect.NativeMethodAccessorImpl.invoke(Unknown Source)
	at sun.reflect.DelegatingMethodAccessorImpl.invoke(Unknown Source)
	at java.lang.reflect.Method.invoke(Unknown Source)
	at com.ibm.as400.access.PortMapper.getSocketConnection(PortMapper.java:266)
	at com.ibm.as400.access.PortMapper.getServerSocket(PortMapper.java:161)
	at com.ibm.as400.access.AS400ImplRemote.signonConnect(AS400ImplRemote.java:2588)
	at com.ibm.as400.access.AS400ImplRemote.signon(AS400ImplRemote.java:2503)
	at com.ibm.as400.access.AS400.sendSignonRequest(AS400.java:3351)
	at com.ibm.as400.access.AS400.promptSignon(AS400.java:2915)
	at com.ibm.as400.access.AS400.signon(AS400.java:4246)
	at com.ibm.as400.access.AS400.connectService(AS400.java:1336)
	at com.ibm.as400.access.AS400JDBCConnection.setProperties(AS400JDBCConnection.java:3383)
	... 16 more

Dump of callerThis
Object type = com.ibm.ws.jdbc.DataSourceService
  BASE_PREFIX = "properties"
  BASE_PREFIX_LENGTH = 10
  TOTAL_PREFIX_LENGTH = 13
  tc = class com.ibm.websphere.ras.TraceComponent@5865f97
    strings[0] = "TraceComponent[com.ibm.ws.jdbc.DataSourceService,class com.ibm.ws.jdbc.DataSourceService,[RRA],com.ibm.ws.rsadapter.resources.IBMDataStoreAdapterNLS,null]"
  CONNECTION_MANAGER = "connectionManager"
  DATASOURCE = "dataSource"
  FACTORY_PID = "com.ibm.ws.jdbc.dataSource"
  JDBC_DRIVER = "driver"
  SUPPORT_EXTENSIONS = "supportExtensions"
  TARGET_CONNECTION_MANAGER = "connectionManager.target"
  TARGET_CONTAINER_AUTH_DATA = "containerAuthData.target"
  TARGET_JDBC_DRIVER = "driver.target"
  TARGET_RECOVERY_AUTH_DATA = "recoveryAuthData.target"
  UNIQUE_JNDI_NAME = "jndiName.unique"
  DECLARING_APPLICATION = "declaringApplication"
  WPROPS_TO_SKIP = class java.util.HashSet@3d5783e2
    serialVersionUID = -5024744406713321676
    map = class java.util.HashMap@f65ff2b
      serialVersionUID = 362498820763181265
      DEFAULT_INITIAL_CAPACITY = 16
      MAXIMUM_CAPACITY = 1073741824
      DEFAULT_LOAD_FACTOR = 0.75
      TREEIFY_THRESHOLD = 8
      UNTREEIFY_THRESHOLD = 6
      MIN_TREEIFY_CAPACITY = 64
      table = class java.util.HashMap$Node[16]
      entrySet = null
      size = 9
      modCount = 9
      threshold = 12
      loadFactor = 0.75
      keySet = null
      values = null
    PRESENT = class java.lang.Object@13942138
    MAX_ARRAY_SIZE = 2147483639
  componentContext = class org.apache.felix.scr.impl.manager.ComponentContextImpl@27fd984f
    m_componentManager = class org.apache.felix.scr.impl.manager.SingleComponentManager@4f37bc22
      m_useCount = class java.util.concurrent.atomic.AtomicInteger@1391af31
      m_componentContext = class org.apache.felix.scr.impl.manager.ComponentContextImpl@27fd984f
      m_configurationProperties = class java.util.HashMap@7d21b451
      m_factoryProperties = null
      m_properties = class java.util.HashMap@679d538f
      m_serviceProperties = null
      REASONS = class java.lang.String[7]
      m_container = class org.apache.felix.scr.impl.ComponentRegistry$DefaultConfigurableComponentHolder@74f7c2c2
      m_factoryInstance = false
      m_componentId = 246
      m_componentMethods = class org.apache.felix.scr.impl.inject.ComponentMethodsImpl@9885915
      m_dependencyManagers = class java.util.ArrayList@6bef6d00
      m_dependencyManagersInitialized = true
      m_trackingCount = class java.util.concurrent.atomic.AtomicInteger@2144436d
      m_stateLock = class java.util.concurrent.locks.ReentrantLock@6fea19f
      m_enabledLatchRef = class java.util.concurrent.atomic.AtomicReference@4df510a4
      state = class java.util.concurrent.atomic.AtomicReference@5de2f377
      m_floor = 5
      m_ceiling = 5
      m_missingLock = class java.util.concurrent.locks.ReentrantLock@5e3e9c8d
      m_missingCondition = class java.util.concurrent.locks.AbstractQueuedSynchronizer$ConditionObject@2d3f3c8c
      m_missing = class java.util.TreeSet@48aa69bf
      m_activationLock = class java.util.concurrent.locks.ReentrantReadWriteLock@2195296
      taskCounter = class java.util.concurrent.atomic.AtomicLong@28696cac
      registrationManager = class org.apache.felix.scr.impl.manager.AbstractComponentManager$3@7ce6ee71
    edgeInfos = class org.apache.felix.scr.impl.manager.EdgeInfo[8]
      edgeInfos[0] = class org.apache.felix.scr.impl.manager.EdgeInfo@74b90e48
      edgeInfos[1] = class org.apache.felix.scr.impl.manager.EdgeInfo@3146411b
      edgeInfos[2] = class org.apache.felix.scr.impl.manager.EdgeInfo@71bc0028
      edgeInfos[3] = class org.apache.felix.scr.impl.manager.EdgeInfo@42a3e707
      edgeInfos[4] = class org.apache.felix.scr.impl.manager.EdgeInfo@7e546a55
      edgeInfos[5] = class org.apache.felix.scr.impl.manager.EdgeInfo@7d19b21d
      edgeInfos[6] = class org.apache.felix.scr.impl.manager.EdgeInfo@6cb540d6
      edgeInfos[7] = class org.apache.felix.scr.impl.manager.EdgeInfo@31730998
    m_componentInstance = class org.apache.felix.scr.impl.manager.ComponentContextImpl$ComponentInstanceImpl@1ab1da
      m_componentContext = class org.apache.felix.scr.impl.manager.ComponentContextImpl@27fd984f
    m_usingBundle = class org.eclipse.osgi.internal.framework.EquinoxBundle@480b3edb
      equinoxContainer = class org.eclipse.osgi.internal.framework.EquinoxContainer@701be9b7
      module = class org.eclipse.osgi.internal.framework.EquinoxBundle$EquinoxModule@7a73908d
      monitor = class java.lang.Object@29652e64
      context = class org.eclipse.osgi.internal.framework.BundleContextImpl@3d70368e
      signerInfos = null
      $SWITCH_TABLE$org$eclipse$osgi$container$Module$State = {1,2,3,4,5,6,7} /* array length = 7*/
    m_serviceRegistration = class org.eclipse.osgi.internal.serviceregistry.ServiceRegistrationImpl@11991fb1
      registry = class org.eclipse.osgi.internal.serviceregistry.ServiceRegistry@743ec5fb
      context = class org.eclipse.osgi.internal.framework.BundleContextImpl@3d70368e
      bundle = class org.eclipse.osgi.internal.framework.EquinoxBundle@480b3edb
      clazzes = class java.lang.String[4]
      service = class org.apache.felix.scr.impl.manager.SingleComponentManager@4f37bc22
      reference = class org.eclipse.osgi.internal.serviceregistry.ServiceReferenceImpl@7fc5b2a8
      contextsUsing = class java.util.ArrayList@6e3ae9b
      properties = class org.eclipse.osgi.internal.serviceregistry.ServiceProperties@4f0b2a1
      serviceid = 346
      serviceranking = 0
      registrationLock = class java.lang.Object@dbddbf5
      state = 0
      REGISTERED = 0
      UNREGISTERING = 1
      UNREGISTERED = 2
      $assertionsDisabled = true
    m_implementationObject = class com.ibm.ws.jdbc.DataSourceService@15a32cb3
    m_implementationAccessible = true
    accessibleLatch = class java.util.concurrent.CountDownLatch@7812bad7
      sync = class java.util.concurrent.CountDownLatch$Sync@1f5f03a
    serviceObjectsHelper = class org.apache.felix.scr.impl.helper.ComponentServiceObjectsHelper@72ec58b8
      bundleContext = class org.eclipse.osgi.internal.framework.BundleContextImpl@3d70368e
      services = class java.util.concurrent.ConcurrentHashMap@5edefa23
      closedServices = class java.util.ArrayList@384fee8d
      prototypeInstances = class java.util.concurrent.ConcurrentHashMap@3859e1ee
  connectorSvc = class com.ibm.ejs.j2c.ConnectorServiceImpl@5e3f9769
    tc = class com.ibm.websphere.ras.TraceComponent@7183c468
      strings[0] = "TraceComponent[com.ibm.ejs.j2c.ConnectorServiceImpl,class com.ibm.ejs.j2c.ConnectorServiceImpl,[WAS.j2c],com.ibm.ws.jca.cm.internal.resources.J2CAMessages,null]"
    authDataServiceRef = class com.ibm.wsspi.kernel.service.utils.AtomicServiceReference@2afb7f47
      referenceName = "authDataService"
      tuple = class java.util.concurrent.atomic.AtomicReference@26564ca3
      serialVersionUID = 2226592364007985000
      $$$tc$$$ = class com.ibm.websphere.ras.TraceComponent@20b93aa5
    deferrableSchedXSvcRef = class com.ibm.wsspi.kernel.service.utils.AtomicServiceReference@1a426352
      referenceName = "deferrableScheduledExecutor"
      tuple = class java.util.concurrent.atomic.AtomicReference@2a64eeb6
      serialVersionUID = 2226592364007985000
      $$$tc$$$ = class com.ibm.websphere.ras.TraceComponent@20b93aa5
    execSvcRef = class com.ibm.wsspi.kernel.service.utils.AtomicServiceReference@3a7e4b96
      referenceName = "executor"
      tuple = class java.util.concurrent.atomic.AtomicReference@4d43ac8d
      serialVersionUID = 2226592364007985000
      $$$tc$$$ = class com.ibm.websphere.ras.TraceComponent@20b93aa5
    nonDeferrableSchedXSvcRef = class com.ibm.wsspi.kernel.service.utils.AtomicServiceReference@8513000
      referenceName = "nonDeferrableScheduledExecutor"
      tuple = class java.util.concurrent.atomic.AtomicReference@5c3ceb28
      serialVersionUID = 2226592364007985000
      $$$tc$$$ = class com.ibm.websphere.ras.TraceComponent@20b93aa5
    rrsXAResFactorySvcRef = class com.ibm.wsspi.kernel.service.utils.AtomicServiceReference@7921670a
      referenceName = "rRSXAResourceFactory"
      tuple = class java.util.concurrent.atomic.AtomicReference@4557458f
      serialVersionUID = 2226592364007985000
      $$$tc$$$ = class com.ibm.websphere.ras.TraceComponent@20b93aa5
    transactionManager = class com.ibm.ws.transaction.services.TransactionManagerService@70f0d38f
      tc = class com.ibm.websphere.ras.TraceComponent@2f45ed1f
      isClient = false
      xaFlowCallbacksInitialised = true
      _bundleContext = class org.eclipse.osgi.internal.framework.BundleContextImpl@2682589a
      serialVersionUID = 4736484431543418052
    variableRegistrySvcRef = class com.ibm.wsspi.kernel.service.utils.AtomicServiceReference@381a04fc
      referenceName = "variableRegistry"
      tuple = class java.util.concurrent.atomic.AtomicReference@3372a84a
      serialVersionUID = 2226592364007985000
      $$$tc$$$ = class com.ibm.websphere.ras.TraceComponent@20b93aa5
    tc = class com.ibm.websphere.ras.TraceComponent@7dc30a99
      strings[0] = "TraceComponent[com.ibm.ws.jca.cm.ConnectorService,class com.ibm.ws.jca.cm.ConnectorService,[WAS.j2c],com.ibm.ws.jca.cm.internal.resources.J2CAMessages,null]"
    NLS = class com.ibm.ejs.ras.TraceNLS@39caf2cf
      resolver = class com.ibm.ws.logging.internal.TraceNLSResolver@4ef82890
      finder = class com.ibm.ws.logging.internal.StackFinder@49ce0053
      ivBundleName = "com.ibm.ws.jca.cm.internal.resources.J2CAMessages"
      caller = class java.lang.Class@e1fd706
  dsConfigRef = class java.util.concurrent.atomic.AtomicReference@2c3e0d08
    serialVersionUID = -1848883965231344442
    unsafe = class sun.misc.Unsafe@67129899
    valueOffset = 12
    value = class com.ibm.ws.rsadapter.DSConfig@4b21cbcb
      strings[0] = "com.ibm.ws.rsadapter.DSConfig@4b21cbcb"
      strings[1] = "[beginTranForResultSetScrollingAPIs, false, beginTranForVendorAPIs, true, commitOrRollbackOnCleanup, null, connectionSharing, MatchOriginalRequest, isolationLevel, 2, jndiName, jdbc/ewms, enableConnectionCasting, false, queryTimeout, null, statementCacheSize, 10, supplementalJDBCTrace, null, syncQueryTimeoutWithTransactionTimeout, false, transactional, true]"
      strings[2] = "[com.ibm.ws.classloading.internal.AppClassLoader@26a09139, true, false, interface javax.sql.XADataSource]"
      strings[3] = "{extendedDynamic=false, cursorHold=false, secure=false, password=******, translateHex=character, packageCriteria=default, lazyClose=false, translateBinary=false, queryOptimizeGoal=0, maximumScale=31, rollbackCursorHold=false, fullOpen=true, sort=hex, blockSize=32, holdStatements=false, driver=toolbox, packageCCSID=13488, naming=sql, threadUsed=true, metaDataSource=1, errors=basic, savePasswordWhenSerialized=******, cursorSensitivity=asensitive, access=all, packageAdd=true, dataTruncation=true, prefetch=true, serverName=DEVDB2.USCOLD.COM, xaLooselyCoupledSupport=0, packageCache=false, packageError=warning, minimumDivideScale=0, translateBoolean=true, extendedMetaData=false, trueAutoCommit=false, isolationLevelSwitchingSupport=false, bigDecimal=true, packageLibrary=QGPL, lobThreshold=0, bidiImplicitReordering=true, serverTraceCategories=0, dataCompression=true, maximumPrecision=31, blockCriteria=2, holdInputLocators=true, bidiNumericOrdering=false, user=EWMDEVDB2, prompt=true, remarks=system}"
  destroyWasDeferred = false
  embDerbyRefCount = class java.util.concurrent.ConcurrentLinkedQueue@668309ff
    serialVersionUID = 196745693267521676
    head = class java.util.concurrent.ConcurrentLinkedQueue$Node@3dbb058b
      item = null
      next = null
      UNSAFE = class sun.misc.Unsafe@67129899
      itemOffset = 12
      nextOffset = 16
    tail = class java.util.concurrent.ConcurrentLinkedQueue$Node@3dbb058b
    UNSAFE = class sun.misc.Unsafe@67129899
    headOffset = 12
    tailOffset = 16
    MAX_ARRAY_SIZE = 2147483639
  id = "dataSource[EWMSDataSource]"
  isDerbyEmbedded = false
  jdbcDriverSvc = class com.ibm.ws.jdbc.internal.JDBCDriverService@44255e99
    tc = class com.ibm.websphere.ras.TraceComponent@1d49ab9
      strings[0] = "TraceComponent[com.ibm.ws.jdbc.internal.JDBCDriverService,class com.ibm.ws.jdbc.internal.JDBCDriverService,[RRA],com.ibm.ws.rsadapter.resources.IBMDataStoreAdapterNLS,null]"
    FACTORY_PID = "com.ibm.ws.jdbc.jdbcDriver"
    ID = "id"
    LIBRARY_REF = "libraryRef"
    JDBC_DRIVER = "jdbcDriver"
    TARGET_LIBRARY = "sharedLib.target"
    PROPS_FOR_XA_ONLY = class java.util.Arrays$ArrayList@55eecb24
      serialVersionUID = -2764017481108945198
      a = class java.lang.String[1]
      modCount = 0
      MAX_ARRAY_SIZE = 2147483639
    PROPS_NOT_SET_ON_DRIVER = class java.util.Arrays$ArrayList@3b5c07dc
      serialVersionUID = -2764017481108945198
      a = class java.lang.String[1]
      modCount = 0
      MAX_ARRAY_SIZE = 2147483639
    classloader = class com.ibm.ws.classloading.internal.AppClassLoader@26a09139
      tc = class com.ibm.websphere.ras.TraceComponent@9c05a7d
      PARENT_FIRST_SEARCH_ORDER = class java.util.Collections$UnmodifiableRandomAccessList@2567c5d6
      CLASS_LOADING_TRACE_PREFIX = "com.ibm.ws.class.load."
      DEFAULT_PACKAGE = "default.package"
      perPackageClassLoadingTraceComponents = class java.util.concurrent.ConcurrentHashMap@618ae7c5
      config = class com.ibm.ws.classloading.internal.ClassLoaderConfigurationImpl@732a9b0a
      privateLibraries = null
      delegateLoaders = class com.ibm.ws.classloading.internal.util.CompositeIterable@3c728454
      nativeLibraryFiles = class java.util.ArrayList@27a0bf79
      transformers = class java.util.ArrayList@1122d087
      apiAccess = class com.ibm.ws.classloading.internal.GatewayClassLoader@6143cf63
      generator = class com.ibm.ws.classloading.internal.ClassGeneratorManager@3677fb62
      protectionDomains = class java.util.concurrent.ConcurrentHashMap@1e8f89dc
      parent = class com.ibm.ws.classloading.internal.GatewayClassLoader@6143cf63
      serialVersionUID = -2240525179349384666
      tc = class com.ibm.websphere.ras.TraceComponent@431f0dad
      EMPTY_URL_ARRAY = class java.net.URL[0]
      smartClassPath = class com.ibm.ws.classloading.internal.ContainerClassLoader$SmartClassPathImpl@3c76b603
      nativeLibraryContainers = class java.util.ArrayList@3b57ffe2
      redefiner = class com.ibm.ws.classloading.internal.util.ClassRedefiner@3272af01
      mapCreationQueue = class java.util.concurrent.Executors$FinalizableDelegatedExecutorService@505101fa
      serialVersionUID = 7249739282446266343
      serialVersionUID = -7411549862368381758
      $$$tc$$$ = class com.ibm.websphere.ras.TraceComponent@7c36ff7f
      serialVersionUID = -4868702105808481416
      $$$tc$$$ = class com.ibm.websphere.ras.TraceComponent@39ed386c
      serialVersionUID = 2596921220292114344
      $$$tc$$$ = class com.ibm.websphere.ras.TraceComponent@18e04515
      initialized = true
      pdcache = class java.util.HashMap@591e735d
      debug = null
      parent = class com.ibm.ws.classloading.internal.GatewayClassLoader@6143cf63
      parallelLockMap = null
      package2certs = class java.util.Hashtable@5db23f73
      nocerts = class java.security.cert.Certificate[0]
      classes = class java.util.Vector@7a1f9963
      defaultDomain = class java.security.ProtectionDomain@2219090b
      domains = class java.util.HashSet@837028e
      packages = class java.util.HashMap@44b2ed5c
      scl = class sun.misc.Launcher$AppClassLoader@18b4aac2
      sclSet = true
      loadedLibraryNames = class java.util.Vector@4260a028
      systemNativeLibraries = class java.util.Vector@285bb83e
      nativeLibraries = class java.util.Vector@18c8fcc9
      nativeLibraryContext = class java.util.Stack@4b432a81
      usr_paths = class java.lang.String[38]
      sys_paths = class java.lang.String[1]
      assertionLock = class com.ibm.ws.classloading.internal.AppClassLoader@26a09139
      defaultAssertionStatus = false
      packageAssertionStatus = null
      classAssertionStatus = null
    connectorSvc = class com.ibm.ejs.j2c.ConnectorServiceImpl@5e3f9769
    embDerbyRefCount = class java.util.concurrent.ConcurrentLinkedQueue@7e66ecef
      serialVersionUID = 196745693267521676
      head = class java.util.concurrent.ConcurrentLinkedQueue$Node@4da47f45
      tail = class java.util.concurrent.ConcurrentLinkedQueue$Node@4da47f45
      UNSAFE = class sun.misc.Unsafe@67129899
      headOffset = 12
      tailOffset = 16
      MAX_ARRAY_SIZE = 2147483639
    introspectedClasses = class java.util.HashSet@1b9429f5
      serialVersionUID = -5024744406713321676
      map = class java.util.HashMap@1ae44d47
      PRESENT = class java.lang.Object@13942138
      MAX_ARRAY_SIZE = 2147483639
    isDerbyEmbedded = class java.util.concurrent.atomic.AtomicBoolean@38807648
      serialVersionUID = 4654671469794556979
      unsafe = class sun.misc.Unsafe@67129899
      valueOffset = 12
      value = 0
    lock = class java.util.concurrent.locks.ReentrantReadWriteLock@6339e463
      serialVersionUID = -6992448646407690164
      readerLock = class java.util.concurrent.locks.ReentrantReadWriteLock$ReadLock@7da713af
      writerLock = class java.util.concurrent.locks.ReentrantReadWriteLock$WriteLock@4a514d66
      sync = class java.util.concurrent.locks.ReentrantReadWriteLock$NonfairSync@2463d4d
      UNSAFE = class sun.misc.Unsafe@67129899
      TID_OFFSET = 40
    name = "jdbcDriver[DB2400]"
    properties = class org.apache.felix.scr.impl.helper.ReadOnlyDictionary@2a717d7f
      m_delegate = class java.util.Hashtable@25d7ee34
      m_serviceReference = null
    sharedLib = class com.ibm.ws.library.internal.SharedLibraryImpl@10102245
      tc = class com.ibm.websphere.ras.TraceComponent@5cda0ba8
      EMPTY_LIBRARY_LISTENERS = interface com.ibm.wsspi.library.LibraryChangeListener[0]
      deleted = false
      libraryListenersTracker = class org.osgi.util.tracker.ServiceTracker@3873866
      libraryReg = class org.eclipse.osgi.internal.serviceregistry.ServiceRegistrationImpl@aa574fd
      ctx = class org.eclipse.osgi.internal.framework.BundleContextImpl@5457a0a7
      classLoadingService = class com.ibm.ws.classloading.internal.ClassLoadingServiceImpl@2aa1d5d7
      configAdmin = class com.ibm.ws.config.admin.internal.ConfigurationAdminImpl@6d5d6d88
      resolvedBasePath = "C:/EWM_/EWM-BE-SERVER/usr/servers/defaultServer/"
      generationLock = class com.ibm.ws.library.internal.SharedLibraryImpl$1@1a7cb75c
      currentGeneration = class com.ibm.ws.library.internal.LibraryGeneration@2002e87d
      nextGeneration = class com.ibm.ws.library.internal.LibraryGeneration@2002e87d
      artifactContainerFactory = class com.ibm.ws.library.internal.SharedLibraryFactory$1@4299ec7
      packageExporter = class com.ibm.ws.library.internal.LibraryPackageExporter@21e92e7
      serialVersionUID = 6288237618632180389
    changed = false
    obs = class java.util.Vector@2b993439
      elementData = class java.lang.Object[10]
      elementCount = 8
      capacityIncrement = 0
      serialVersionUID = -2767605614048989439
      MAX_ARRAY_SIZE = 2147483639
      modCount = 8
      MAX_ARRAY_SIZE = 2147483639
  jdbcRuntime = class com.ibm.ws.jdbc.osgi.v40.JDBC40Runtime@182f4d58
  properties = class org.apache.felix.scr.impl.helper.ReadOnlyDictionary@b541590
    m_delegate = class java.util.Hashtable@4ae6a87f
      table = class java.util.Hashtable$Entry[191]
      count = 83
      threshold = 143
      loadFactor = 0.75
      modCount = 87
      serialVersionUID = 1421746759512286392
      MAX_ARRAY_SIZE = 2147483639
      keySet = null
      entrySet = class java.util.Collections$SynchronizedSet@5862fead
      values = null
      KEYS = 0
      VALUES = 1
      ENTRIES = 2
    m_serviceReference = null
  tc = class com.ibm.websphere.ras.TraceComponent@1e06e626
    strings[0] = "TraceComponent[com.ibm.ws.jca.cm.AbstractConnectionFactoryService,class com.ibm.ws.jca.cm.AbstractConnectionFactoryService,[WAS.j2c],com.ibm.ws.jca.cm.internal.resources.J2CAMessages,null]"
  ID = "id"
  DEFAULT_NESTED_PATTERN = class java.util.regex.Pattern@75e629f4
    UNIX_LINES = 1
    CASE_INSENSITIVE = 2
    COMMENTS = 4
    MULTILINE = 8
    LITERAL = 16
    DOTALL = 32
    UNICODE_CASE = 64
    CANON_EQ = 128
    UNICODE_CHARACTER_CLASS = 256
    serialVersionUID = 5073258162644648461
    pattern = ".*(\[default-\d*\])$"
    flags = 0
    compiled = true
    normalizedPattern = ".*(\[default-\d*\])$"
    root = class java.util.regex.Pattern$Start@1b2f301d
      minLength = 10
      next = class java.util.regex.Pattern$Curly@7686e5ad
    matchRoot = class java.util.regex.Pattern$Curly@7686e5ad
      atom = class java.util.regex.Pattern$Dot@5f3f6818
      type = 0
      cmin = 0
      cmax = 2147483647
      next = class java.util.regex.Pattern$GroupHead@44338212
    buffer = null
    namedGroups = null
    groupNodes = null
    temp = null
    capturingGroupCount = 2
    localCount = 1
    cursor = 20
    patternLength = 0
    hasSupplementary = false
    MAX_REPS = 2147483647
    GREEDY = 0
    LAZY = 1
    POSSESSIVE = 2
    INDEPENDENT = 3
    lookbehindEnd = class java.util.regex.Pattern$4@663f4a5d
      next = null
    accept = class java.util.regex.Pattern$Node@2c42b287
      next = null
    lastAccept = class java.util.regex.Pattern$LastNode@4e0fd0ca
      next = class java.util.regex.Pattern$Node@2c42b287
    $assertionsDisabled = true
  DEFAULT_PATTERN = class java.util.regex.Pattern@1b596047
    UNIX_LINES = 1
    CASE_INSENSITIVE = 2
    COMMENTS = 4
    MULTILINE = 8
    LITERAL = 16
    DOTALL = 32
    UNICODE_CASE = 64
    CANON_EQ = 128
    UNICODE_CHARACTER_CLASS = 256
    serialVersionUID = 5073258162644648461
    pattern = "(default-\d*)$"
    flags = 0
    compiled = true
    normalizedPattern = "(default-\d*)$"
    root = class java.util.regex.Pattern$Start@72fd7d5
      minLength = 8
      next = class java.util.regex.Pattern$GroupHead@2614d8ca
    matchRoot = class java.util.regex.Pattern$GroupHead@2614d8ca
      localIndex = 0
      next = class java.util.regex.Pattern$Slice@5c9105f3
    buffer = null
    namedGroups = null
    groupNodes = null
    temp = null
    capturingGroupCount = 2
    localCount = 1
    cursor = 14
    patternLength = 0
    hasSupplementary = false
    MAX_REPS = 2147483647
    GREEDY = 0
    LAZY = 1
    POSSESSIVE = 2
    INDEPENDENT = 3
    lookbehindEnd = class java.util.regex.Pattern$4@663f4a5d
    accept = class java.util.regex.Pattern$Node@2c42b287
    lastAccept = class java.util.regex.Pattern$LastNode@4e0fd0ca
    $assertionsDisabled = true
  appsToRecycle = class java.util.Collections$SetFromMap@797eabf9
    m = class java.util.concurrent.ConcurrentHashMap@763983a1
      serialVersionUID = 7249069246763182397
      MAXIMUM_CAPACITY = 1073741824
      DEFAULT_CAPACITY = 16
      MAX_ARRAY_SIZE = 2147483639
      DEFAULT_CONCURRENCY_LEVEL = 16
      LOAD_FACTOR = 0.75
      TREEIFY_THRESHOLD = 8
      UNTREEIFY_THRESHOLD = 6
      MIN_TREEIFY_CAPACITY = 64
      MIN_TRANSFER_STRIDE = 16
      RESIZE_STAMP_BITS = 16
      MAX_RESIZERS = 65535
      RESIZE_STAMP_SHIFT = 16
      MOVED = -1
      TREEBIN = -2
      RESERVED = -3
      HASH_BITS = 2147483647
      NCPU = 4
      serialPersistentFields = class java.io.ObjectStreamField[3]
      table = class java.util.concurrent.ConcurrentHashMap$Node[16]
      nextTable = null
      baseCount = 1
      sizeCtl = 12
      transferIndex = 0
      cellsBusy = 0
      counterCells = null
      keySet = class java.util.concurrent.ConcurrentHashMap$KeySetView@67f77926
      values = null
      entrySet = null
      U = class sun.misc.Unsafe@67129899
      SIZECTL = 20
      TRANSFERINDEX = 32
      BASECOUNT = 24
      CELLSBUSY = 36
      CELLVALUE = 144
      ABASE = 16
      ASHIFT = 2
      keySet = null
      values = null
    s = class java.util.concurrent.ConcurrentHashMap$KeySetView@67f77926
      serialVersionUID = 7249069246763182397
      value = null
      serialVersionUID = 7249069246763182397
      map = class java.util.concurrent.ConcurrentHashMap@763983a1
      oomeMsg = "Required array size too large"
    serialVersionUID = 2454657854757543876
    MAX_ARRAY_SIZE = 2147483639
  conMgrSvc = class com.ibm.ejs.j2c.ConnectionManagerServiceImpl@522dc9d3
    tc = class com.ibm.websphere.ras.TraceComponent@414757a9
      strings[0] = "TraceComponent[com.ibm.ejs.j2c.ConnectionManagerServiceImpl,class com.ibm.ejs.j2c.ConnectionManagerServiceImpl,[WAS.j2c],com.ibm.ws.jca.cm.internal.resources.J2CAMessages,null]"
    cfKeyToCM = class java.util.concurrent.ConcurrentHashMap@3707d447
      serialVersionUID = 7249069246763182397
      MAXIMUM_CAPACITY = 1073741824
      DEFAULT_CAPACITY = 16
      MAX_ARRAY_SIZE = 2147483639
      DEFAULT_CONCURRENCY_LEVEL = 16
      LOAD_FACTOR = 0.75
      TREEIFY_THRESHOLD = 8
      UNTREEIFY_THRESHOLD = 6
      MIN_TREEIFY_CAPACITY = 64
      MIN_TRANSFER_STRIDE = 16
      RESIZE_STAMP_BITS = 16
      MAX_RESIZERS = 65535
      RESIZE_STAMP_SHIFT = 16
      MOVED = -1
      TREEBIN = -2
      RESERVED = -3
      HASH_BITS = 2147483647
      NCPU = 4
      serialPersistentFields = class java.io.ObjectStreamField[3]
      table = class java.util.concurrent.ConcurrentHashMap$Node[16]
      nextTable = null
      baseCount = 1
      sizeCtl = 12
      transferIndex = 0
      cellsBusy = 0
      counterCells = null
      keySet = null
      values = null
      entrySet = null
      U = class sun.misc.Unsafe@67129899
      SIZECTL = 20
      TRANSFERINDEX = 32
      BASECOUNT = 24
      CELLSBUSY = 36
      CELLVALUE = 144
      ABASE = 16
      ASHIFT = 2
      keySet = null
      values = null
    connectorSvc = class com.ibm.ejs.j2c.ConnectorServiceImpl@5e3f9769
    lock = class java.util.concurrent.locks.ReentrantReadWriteLock@55dd1662
      serialVersionUID = -6992448646407690164
      readerLock = class java.util.concurrent.locks.ReentrantReadWriteLock$ReadLock@28d8fd9
      writerLock = class java.util.concurrent.locks.ReentrantReadWriteLock$WriteLock@5af6be88
      sync = class java.util.concurrent.locks.ReentrantReadWriteLock$NonfairSync@25f2f364
      UNSAFE = class sun.misc.Unsafe@67129899
      TID_OFFSET = 40
    name = "dataSource[EWMSDataSource]/connectionManager[eWMSConnectionManager]"
    pm = class com.ibm.ejs.j2c.PoolManager@2cb5e273
      tc = class com.ibm.websphere.ras.TraceComponent@6a2efe72
      alertResourceBundleName = "com.ibm.ws.j2c.resources.J2CAMessages"
      nl = "
"
      connectorSvc = class com.ibm.ejs.j2c.ConnectorServiceImpl@5e3f9769
      gConfigProps = class com.ibm.ejs.j2c.J2CGlobalConfigProperties@6e24e9ff
      reaperThreadStarted = false
      taskTimerLockObject = 0
      waitSkip = 0
      displayInfiniteWaitMessage = false
      tlsArrayLists = class java.util.concurrent.ConcurrentHashMap@4f1b47b9
      sharedPool = class com.ibm.ejs.j2c.SharedPool[200]
      freePool = class com.ibm.ejs.j2c.FreePool[100]
      mcWrapperWaiterList = class com.ibm.ejs.j2c.MCWrapperList@3ed6088
      mcToMCWMap = class java.util.HashMap@16dec9c3
      rwl = class java.util.concurrent.locks.ReentrantReadWriteLock@7f24d252
      mcToMCWMapRead = class java.util.concurrent.locks.ReentrantReadWriteLock$ReadLock@4dc0e0e2
      mcToMCWMapWrite = class java.util.concurrent.locks.ReentrantReadWriteLock$WriteLock@254120f2
      raClassLoader = null
      pmCounterLock = 0
      destroyMCWrapperListLock = 0
      totalConnectionCount = class java.util.concurrent.atomic.AtomicInteger@45316548
      poolManagerBalancePoolLock = 0
      waiterFreePoolLock = 0
      waiterCount = 0
      allowConnectionRequests = true
      connectionPoolShutDown = false
      poolManagerTestConnectionLock = 0
      _managedConnectionFactory = class com.ibm.ws.rsadapter.impl.WSManagedConnectionFactoryImpl@1c5e89fe
      collectorCount = 0
      mcWrappersToDestroy = class java.util.ArrayList@56d3bd67
      mcWrapperDoesExistInFreePool = true
      synchronizedAllReady = false
      dontNotifyWaiter = true
      dontDecrementTotalCounter = false
      unusedTimeoutEnabled = false
      connectionTimeout = 30
      maxConnections = 20
      minConnections = 1
      purgePolicy = class com.ibm.ws.jca.adapter.PurgePolicy@7ab941ff
      reapTime = 180
      unusedTimeout = 1800
      agedTimeout = 0
      agedTimeoutMillis = 0
      holdTimeLimit = 10
      maxSharedBuckets = 200
      maxFreePoolHashSize = 100
      maxNumberOfMCsAllowableInThread = 20
      throwExceptionOnMCThreadCheck = false
      waitersStartedTime = 0
      waitersEndedTime = 0
      parkedMCWrapper = null
      createParkedConnection = false
      parkedConnectionLockObject = 0
      totalPoolConnectionRequests = 0
      am = null
      amLockObject = 0
      pmQuiesced = false
      activeRequest = class java.util.concurrent.atomic.AtomicInteger@34ec70c5
      updateToPoolInProgressLockObject = 0
      updateToPoolInProgress = false
      updateToPoolInProgressSleepTime = 250
      activeTLSRequest = class java.util.concurrent.atomic.AtomicInteger@5c151edf
      updateToTLSPoolInProgressLockObject = 0
      updateToTLSPoolInProgress = class java.util.concurrent.atomic.AtomicBoolean@17e6b8bf
      updateToTLSPoolInProgressSleepTime = 250
      writer = null
      traceWriter = null
      printWriter = null
      tscdList = class java.util.Vector@27e0b505
      logSerialReuseMessage = true
      _quiesce = false
      _quiesceTime = null
      nonDeferredReaperAlarm = false
      claimedVictimPercent = 0.0
      enableInuseConnectionDestroy = true
      localConnection_ = null
      maxCapacity = 0
      isThreadLocalConnectionEnabled = false
      getConnectionMap = class java.util.concurrent.ConcurrentHashMap@44a8846
      alarmThreadCounter = class java.util.concurrent.atomic.AtomicInteger@264bfb30
      serialVersionUID = 8530905305714797854
    pmMBean = class com.ibm.ejs.j2c.PoolManagerMBeanImpl@2ce7bda7
      tc = class com.ibm.websphere.ras.TraceComponent@18b6c86c
      _pm = class com.ibm.ejs.j2c.PoolManager@2cb5e273
      obn = class javax.management.ObjectName@5f482289
      reg = class org.eclipse.osgi.internal.serviceregistry.ServiceRegistrationImpl@1d3a03d5
      nl = "
"
      descriptors = class com.sun.jmx.mbeanserver.DescriptorCache@30a5d516
      mbean = class com.sun.jmx.mbeanserver.StandardMBeanSupport@27e79b5
      cachedMBeanInfo = null
      mbeanInfoSafeMap = class java.util.WeakHashMap@1fb7d52f
    properties = class org.apache.felix.scr.impl.helper.ReadOnlyDictionary@254be190
      m_delegate = class java.util.Hashtable@6ca8cb21
      m_serviceReference = null
    bndCtx = class org.eclipse.osgi.internal.framework.BundleContextImpl@56146f16
      findHookName = "org.osgi.framework.hooks.bundle.FindHook"
      valid = true
      bundle = class org.eclipse.osgi.internal.framework.EquinoxBundle@3f1def2
      container = class org.eclipse.osgi.internal.framework.EquinoxContainer@701be9b7
      debug = class org.eclipse.osgi.internal.debug.Debug@2cb5609c
      servicesInUse = class java.util.HashMap@5deb20b7
      activator = null
      contextLock = class java.lang.Object@61012356
    raClassLoader = null
    CONNECTION_MANAGER = "connectionManager"
    FACTORY_PID = "com.ibm.ws.jca.connectionManager"
    ID = "id"
    MAX_CONNECTIONS_PER_THREAD = "maxConnectionsPerThread"
    MAX_IDLE_TIME = "maxIdleTime"
    MAX_POOL_SIZE = "maxPoolSize"
    MIN_POOL_SIZE = "minPoolSize"
    NUM_CONNECTIONS_PER_THREAD_LOCAL = "numConnectionsPerThreadLocal"
    CONNECTION_MANAGER_PROPS = class java.util.Collections$UnmodifiableRandomAccessList@18189d5d
      serialVersionUID = -2542308836966382001
      serialVersionUID = -283967356065247728
      list = class java.util.Arrays$ArrayList@1f668877
      serialVersionUID = 1820017752578914078
      c = class java.util.Arrays$ArrayList@1f668877
    changed = false
    obs = class java.util.Vector@1b3d5257
      elementData = class java.lang.Object[10]
      elementCount = 1
      capacityIncrement = 0
      serialVersionUID = -2767605614048989439
      MAX_ARRAY_SIZE = 2147483639
      modCount = 1
      MAX_ARRAY_SIZE = 2147483639
  containerAuthDataRef = null
  jaasLoginContextEntryName = null
  isInitialized = class java.util.concurrent.atomic.AtomicBoolean@16c0f3eb
    serialVersionUID = 4654671469794556979
    unsafe = class sun.misc.Unsafe@67129899
    valueOffset = 12
    value = 1
  isServerDefined = true
  lock = class java.util.concurrent.locks.ReentrantReadWriteLock@464be22c
    serialVersionUID = -6992448646407690164
    readerLock = class java.util.concurrent.locks.ReentrantReadWriteLock$ReadLock@7eb4bd76
      serialVersionUID = -5992448646407690164
      sync = class java.util.concurrent.locks.ReentrantReadWriteLock$NonfairSync@3b70f898
    writerLock = class java.util.concurrent.locks.ReentrantReadWriteLock$WriteLock@1ee578f
      serialVersionUID = -4992448646407690164
      sync = class java.util.concurrent.locks.ReentrantReadWriteLock$NonfairSync@3b70f898
    sync = class java.util.concurrent.locks.ReentrantReadWriteLock$NonfairSync@3b70f898
      serialVersionUID = -8159625535654395037
      serialVersionUID = 6317671515068378041
      SHARED_SHIFT = 16
      SHARED_UNIT = 65536
      MAX_COUNT = 65535
      EXCLUSIVE_MASK = 65535
      readHolds = class java.util.concurrent.locks.ReentrantReadWriteLock$Sync$ThreadLocalHoldCounter@19299cc6
      cachedHoldCounter = null
      firstReader = class java.lang.Thread@4f6d9ad2
      firstReaderHoldCount = 1
      serialVersionUID = 7373984972572414691
      head = null
      tail = null
      state = 65536
      spinForTimeoutThreshold = 1000
      unsafe = class sun.misc.Unsafe@67129899
      stateOffset = 16
      headOffset = 20
      tailOffset = 24
      waitStatusOffset = 12
      nextOffset = 20
      serialVersionUID = 3737899427754241961
      exclusiveOwnerThread = null
    UNSAFE = class sun.misc.Unsafe@67129899
      theUnsafe = class sun.misc.Unsafe@67129899
      INVALID_FIELD_OFFSET = -1
      ARRAY_BOOLEAN_BASE_OFFSET = 16
      ARRAY_BYTE_BASE_OFFSET = 16
      ARRAY_SHORT_BASE_OFFSET = 16
      ARRAY_CHAR_BASE_OFFSET = 16
      ARRAY_INT_BASE_OFFSET = 16
      ARRAY_LONG_BASE_OFFSET = 16
      ARRAY_FLOAT_BASE_OFFSET = 16
      ARRAY_DOUBLE_BASE_OFFSET = 16
      ARRAY_OBJECT_BASE_OFFSET = 16
      ARRAY_BOOLEAN_INDEX_SCALE = 1
      ARRAY_BYTE_INDEX_SCALE = 1
      ARRAY_SHORT_INDEX_SCALE = 2
      ARRAY_CHAR_INDEX_SCALE = 2
      ARRAY_INT_INDEX_SCALE = 4
      ARRAY_LONG_INDEX_SCALE = 8
      ARRAY_FLOAT_INDEX_SCALE = 4
      ARRAY_DOUBLE_INDEX_SCALE = 8
      ARRAY_OBJECT_INDEX_SCALE = 4
      ADDRESS_SIZE = 8
    TID_OFFSET = 40
  recoveryAuthDataRef = null

Dump of objectArray[0]
Object type = java.util.ArrayList
  serialVersionUID = 8683452581122892189
  DEFAULT_CAPACITY = 10
  EMPTY_ELEMENTDATA = class java.lang.Object[0]
  DEFAULTCAPACITY_EMPTY_ELEMENTDATA = class java.lang.Object[0]
  elementData = class java.lang.Object[471]
    elementData[0] = -84
    elementData[1] = -19
    elementData[2] = 0
    elementData[3] = 5
    elementData[4] = 115
    elementData[5] = 114
    elementData[6] = 0
    elementData[7] = 32
    elementData[8] = 99
    elementData[9] = 111
    elementData[10] = 109
    elementData[11] = 46
    elementData[12] = 105
    elementData[13] = 98
    elementData[14] = 109
    elementData[15] = 46
    elementData[16] = 101
    elementData[17] = 106
    elementData[18] = 115
    elementData[19] = 46
    elementData[20] = 106
    elementData[21] = 50
    elementData[22] = 99
    elementData[23] = 46
    elementData[24] = 67
    elementData[25] = 77
    elementData[26] = 67
    elementData[27] = 111
    elementData[28] = 110
    elementData[29] = 102
    elementData[30] = 105
    elementData[31] = 103
    elementData[32] = 68
    elementData[33] = 97
    elementData[34] = 116
    elementData[35] = 97
    elementData[36] = 73
    elementData[37] = 109
    elementData[38] = 112
    elementData[39] = 108
    elementData[40] = 28
    elementData[41] = 61
    elementData[42] = -103
    elementData[43] = -127
    elementData[44] = -83
    elementData[45] = -16
    elementData[46] = 99
    elementData[47] = -42
    elementData[48] = 3
    elementData[49] = 0
    elementData[50] = 13
    elementData[51] = 73
    elementData[52] = 0
    elementData[53] = 15
    elementData[54] = 95
    elementData[55] = 98
    elementData[56] = 114
    elementData[57] = 97
    elementData[58] = 110
    elementData[59] = 99
    elementData[60] = 104
    elementData[61] = 67
    elementData[62] = 111
    elementData[63] = 117
    elementData[64] = 112
    elementData[65] = 108
    elementData[66] = 105
    elementData[67] = 110
    elementData[68] = 103
    elementData[69] = 73
    elementData[70] = 0
    elementData[71] = 15
    elementData[72] = 95
    elementData[73] = 99
    elementData[74] = 111
    elementData[75] = 109
    elementData[76] = 109
    elementData[77] = 105
    elementData[78] = 116
    elementData[79] = 80
    elementData[80] = 114
    elementData[81] = 105
    elementData[82] = 111
    elementData[83] = 114
    elementData[84] = 105
    elementData[85] = 116
    elementData[86] = 121
    elementData[87] = 73
    elementData[88] = 0
    elementData[89] = 8
    elementData[90] = 114
    elementData[91] = 101
    elementData[92] = 115
    elementData[93] = 95
    elementData[94] = 97
    elementData[95] = 117
    elementData[96] = 116
    elementData[97] = 104
    elementData[98] = 73
    elementData[99] = 0
    elementData[100] = 19
    elementData[101] = 114
    elementData[102] = 101
    elementData[103] = 115
    elementData[104] = 95
    elementData[105] = 105
    elementData[106] = 115
    elementData[107] = 111
    elementData[108] = 108
    elementData[109] = 97
    elementData[110] = 116
    elementData[111] = 105
    elementData[112] = 111
    elementData[113] = 110
    elementData[114] = 95
    elementData[115] = 108
    elementData[116] = 101
    elementData[117] = 118
    elementData[118] = 101
    elementData[119] = 108
    elementData[120] = 73
    elementData[121] = 0
    elementData[122] = 22
    elementData[123] = 114
    elementData[124] = 101
    elementData[125] = 115
    elementData[126] = 95
    elementData[127] = 114
    elementData[128] = 101
    elementData[129] = 115
    elementData[130] = 111
    elementData[131] = 108
    elementData[132] = 117
    elementData[133] = 116
    elementData[134] = 105
    elementData[135] = 111
    elementData[136] = 110
    elementData[137] = 95
    elementData[138] = 99
    elementData[139] = 111
    elementData[140] = 110
    elementData[141] = 116
    elementData[142] = 114
    elementData[143] = 111
    elementData[144] = 108
    elementData[145] = 90
    elementData[146] = 0
    elementData[147] = 17
    elementData[148] = 114
    elementData[149] = 101
    elementData[150] = 115
    elementData[151] = 95
    elementData[152] = 115
    elementData[153] = 104
    elementData[154] = 97
    elementData[155] = 114
    elementData[156] = 105
    elementData[157] = 110
    elementData[158] = 103
    elementData[159] = 95
    elementData[160] = 115
    elementData[161] = 99
    elementData[162] = 111
    elementData[163] = 112
    elementData[164] = 101
    elementData[165] = 76
    elementData[166] = 0
    elementData[167] = 6
    elementData[168] = 95
    elementData[169] = 67
    elementData[170] = 102
    elementData[171] = 75
    elementData[172] = 101
    elementData[173] = 121
    elementData[174] = 116
    elementData[175] = 0
    elementData[176] = 18
    elementData[177] = 76
    elementData[178] = 106
    elementData[179] = 97
    elementData[180] = 118
    elementData[181] = 97
    elementData[182] = 47
    elementData[183] = 108
    elementData[184] = 97
    elementData[185] = 110
    elementData[186] = 103
    elementData[187] = 47
    elementData[188] = 83
    elementData[189] = 116
    elementData[190] = 114
    elementData[191] = 105
    elementData[192] = 110
    elementData[193] = 103
    elementData[194] = 59
    elementData[195] = 76
    elementData[196] = 0
    elementData[197] = 8
    elementData[198] = 95
    elementData[199] = 80
    elementData[200] = 109
    elementData[201] = 105
    elementData[202] = 78
    elementData[203] = 97
    elementData[204] = 109
    elementData[205] = 101
    elementData[206] = 113
    elementData[207] = 0
    elementData[208] = 126
    elementData[209] = 0
    elementData[210] = 1
    elementData[211] = 76
    elementData[212] = 0
    elementData[213] = 12
    elementData[214] = 99
    elementData[215] = 102
    elementData[216] = 68
    elementData[217] = 101
    elementData[218] = 116
    elementData[219] = 97
    elementData[220] = 105
    elementData[221] = 108
    elementData[222] = 115
    elementData[223] = 75
    elementData[224] = 101
    elementData[225] = 121
    elementData[226] = 113
    elementData[227] = 0
    elementData[228] = 126
    elementData[229] = 0
    elementData[230] = 1
    elementData[231] = 76
    elementData[232] = 0
    elementData[233] = 7
    elementData[234] = 99
    elementData[235] = 102
    elementData[236] = 95
    elementData[237] = 110
    elementData[238] = 97
    elementData[239] = 109
    elementData[240] = 101
    elementData[241] = 113
    elementData[242] = 0
    elementData[243] = 126
    elementData[244] = 0
    elementData[245] = 1
    elementData[246] = 76
    elementData[247] = 0
    elementData[248] = 21
    elementData[249] = 108
    elementData[250] = 111
    elementData[251] = 103
    elementData[252] = 105
    elementData[253] = 110
    elementData[254] = 67
    elementData[255] = 111
    elementData[256] = 110
    elementData[257] = 102
    elementData[258] = 105
    elementData[259] = 103
    elementData[260] = 80
    elementData[261] = 114
    elementData[262] = 111
    elementData[263] = 112
    elementData[264] = 101
    elementData[265] = 114
    elementData[266] = 116
    elementData[267] = 105
    elementData[268] = 101
    elementData[269] = 115
    elementData[270] = 116
    elementData[271] = 0
    elementData[272] = 19
    elementData[273] = 76
    elementData[274] = 106
    elementData[275] = 97
    elementData[276] = 118
    elementData[277] = 97
    elementData[278] = 47
    elementData[279] = 117
    elementData[280] = 116
    elementData[281] = 105
    elementData[282] = 108
    elementData[283] = 47
    elementData[284] = 72
    elementData[285] = 97
    elementData[286] = 115
    elementData[287] = 104
    elementData[288] = 77
    elementData[289] = 97
    elementData[290] = 112
    elementData[291] = 59
    elementData[292] = 76
    elementData[293] = 0
    elementData[294] = 25
    elementData[295] = 108
    elementData[296] = 111
    elementData[297] = 103
    elementData[298] = 105
    elementData[299] = 110
    elementData[300] = 67
    elementData[301] = 111
    elementData[302] = 110
    elementData[303] = 102
    elementData[304] = 105
    elementData[305] = 103
    elementData[306] = 80
    elementData[307] = 114
    elementData[308] = 111
    elementData[309] = 112
    elementData[310] = 115
    elementData[311] = 75
    elementData[312] = 101
    elementData[313] = 121
    elementData[314] = 83
    elementData[315] = 116
    elementData[316] = 114
    elementData[317] = 105
    elementData[318] = 110
    elementData[319] = 103
    elementData[320] = 113
    elementData[321] = 0
    elementData[322] = 126
    elementData[323] = 0
    elementData[324] = 1
    elementData[325] = 76
    elementData[326] = 0
    elementData[327] = 22
    elementData[328] = 108
    elementData[329] = 111
    elementData[330] = 103
    elementData[331] = 105
    elementData[332] = 110
    elementData[333] = 67
    elementData[334] = 111
    elementData[335] = 110
    elementData[336] = 102
    elementData[337] = 105
    elementData[338] = 103
    elementData[339] = 117
    elementData[340] = 114
    elementData[341] = 97
    elementData[342] = 116
    elementData[343] = 105
    elementData[344] = 111
    elementData[345] = 110
    elementData[346] = 78
    elementData[347] = 97
    elementData[348] = 109
    elementData[349] = 101
    elementData[350] = 113
    elementData[351] = 0
    elementData[352] = 126
    elementData[353] = 0
    elementData[354] = 1
    elementData[355] = 120
    elementData[356] = 112
    elementData[357] = -1
    elementData[358] = -1
    elementData[359] = -1
    elementData[360] = -1
    elementData[361] = 0
    elementData[362] = 0
    elementData[363] = 0
    elementData[364] = 0
    elementData[365] = 0
    elementData[366] = 0
    elementData[367] = 0
    elementData[368] = 1
    elementData[369] = 0
    elementData[370] = 0
    elementData[371] = 0
    elementData[372] = 0
    elementData[373] = 0
    elementData[374] = 0
    elementData[375] = 3
    elementData[376] = -25
    elementData[377] = 1
    elementData[378] = 116
    elementData[379] = 0
    elementData[380] = 26
    elementData[381] = 100
    elementData[382] = 97
    elementData[383] = 116
    elementData[384] = 97
    elementData[385] = 83
    elementData[386] = 111
    elementData[387] = 117
    elementData[388] = 114
    elementData[389] = 99
    elementData[390] = 101
    elementData[391] = 91
    elementData[392] = 69
    elementData[393] = 87
    elementData[394] = 77
    elementData[395] = 83
    elementData[396] = 68
    elementData[397] = 97
    elementData[398] = 116
    elementData[399] = 97
    elementData[400] = 83
    elementData[401] = 111
    elementData[402] = 117
    elementData[403] = 114
    elementData[404] = 99
    elementData[405] = 101
    elementData[406] = 93
    elementData[407] = 116
    elementData[408] = 0
    elementData[409] = 9
    elementData[410] = 106
    elementData[411] = 100
    elementData[412] = 98
    elementData[413] = 99
    elementData[414] = 47
    elementData[415] = 101
    elementData[416] = 119
    elementData[417] = 109
    elementData[418] = 115
    elementData[419] = 116
    elementData[420] = 0
    elementData[421] = 33
    elementData[422] = 100
    elementData[423] = 97
    elementData[424] = 116
    elementData[425] = 97
    elementData[426] = 83
    elementData[427] = 111
    elementData[428] = 117
    elementData[429] = 114
    elementData[430] = 99
    elementData[431] = 101
    elementData[432] = 91
    elementData[433] = 69
    elementData[434] = 87
    elementData[435] = 77
    elementData[436] = 83
    elementData[437] = 68
    elementData[438] = 97
    elementData[439] = 116
    elementData[440] = 97
    elementData[441] = 83
    elementData[442] = 111
    elementData[443] = 117
    elementData[444] = 114
    elementData[445] = 99
    elementData[446] = 101
    elementData[447] = 93
    elementData[448] = 48
    elementData[449] = 48
    elementData[450] = 49
    elementData[451] = 48
    elementData[452] = 48
    elementData[453] = 45
    elementData[454] = 49
    elementData[455] = 116
    elementData[456] = 0
    elementData[457] = 9
    elementData[458] = 117
    elementData[459] = 110
    elementData[460] = 100
    elementData[461] = 101
    elementData[462] = 102
    elementData[463] = 105
    elementData[464] = 110
    elementData[465] = 101
    elementData[466] = 100
    elementData[467] = 112
    elementData[468] = 112
    elementData[469] = 112
    elementData[470] = 120
  size = 471
  MAX_ARRAY_SIZE = 2147483639
  modCount = 1
  MAX_ARRAY_SIZE = 2147483639

