------Start of DE processing------ = [9/8/17 9:17:37:240 EDT]
Exception = org.springframework.web.util.NestedServletException
Source = com.ibm.ws.webcontainer.filter.WebAppFilterChain.doFilter
probeid = 82
Stack Dump = org.springframework.web.util.NestedServletException: Request processing failed; nested exception is java.lang.NullPointerException
	at org.springframework.web.servlet.FrameworkServlet.processRequest(FrameworkServlet.java:982)
	at org.springframework.web.servlet.FrameworkServlet.doPost(FrameworkServlet.java:872)
	at javax.servlet.http.HttpServlet.service(HttpServlet.java:595)
	at org.springframework.web.servlet.FrameworkServlet.service(FrameworkServlet.java:846)
	at javax.servlet.http.HttpServlet.service(HttpServlet.java:668)
	at com.ibm.ws.webcontainer.servlet.ServletWrapper.service(ServletWrapper.java:1290)
	at com.ibm.ws.webcontainer.servlet.ServletWrapper.handleRequest(ServletWrapper.java:778)
	at com.ibm.ws.webcontainer.servlet.ServletWrapper.handleRequest(ServletWrapper.java:475)
	at com.ibm.ws.webcontainer.filter.WebAppFilterChain.invokeTarget(WebAppFilterChain.java:152)
	at com.ibm.ws.webcontainer.filter.WebAppFilterChain.doFilter(WebAppFilterChain.java:94)
	at org.springframework.web.filter.ShallowEtagHeaderFilter.doFilterInternal(ShallowEtagHeaderFilter.java:110)
	at com.uscs.ewms.common.security.HttpCacheFilter.doFilterInternal(HttpCacheFilter.java:19)
	at org.springframework.web.filter.OncePerRequestFilter.doFilter(OncePerRequestFilter.java:107)
	at com.ibm.ws.webcontainer.filter.FilterInstanceWrapper.doFilter(FilterInstanceWrapper.java:207)
	at com.ibm.ws.webcontainer.filter.WebAppFilterChain.doFilter(WebAppFilterChain.java:91)
	at com.uscs.ewms.common.security.EWMSLog4jUsernameFilter.doFilterInternal(EWMSLog4jUsernameFilter.java:35)
	at org.springframework.web.filter.OncePerRequestFilter.doFilter(OncePerRequestFilter.java:107)
	at com.ibm.ws.webcontainer.filter.FilterInstanceWrapper.doFilter(FilterInstanceWrapper.java:207)
	at com.ibm.ws.webcontainer.filter.WebAppFilterChain.doFilter(WebAppFilterChain.java:91)
	at org.springframework.security.web.FilterChainProxy$VirtualFilterChain.doFilter(FilterChainProxy.java:317)
	at org.springframework.security.web.access.intercept.FilterSecurityInterceptor.invoke(FilterSecurityInterceptor.java:127)
	at org.springframework.security.web.access.intercept.FilterSecurityInterceptor.doFilter(FilterSecurityInterceptor.java:91)
	at org.springframework.security.web.FilterChainProxy$VirtualFilterChain.doFilter(FilterChainProxy.java:331)
	at org.springframework.security.web.access.ExceptionTranslationFilter.doFilter(ExceptionTranslationFilter.java:114)
	at org.springframework.security.web.FilterChainProxy$VirtualFilterChain.doFilter(FilterChainProxy.java:331)
	at org.springframework.security.web.session.SessionManagementFilter.doFilter(SessionManagementFilter.java:137)
	at org.springframework.security.web.FilterChainProxy$VirtualFilterChain.doFilter(FilterChainProxy.java:331)
	at org.springframework.security.web.authentication.AnonymousAuthenticationFilter.doFilter(AnonymousAuthenticationFilter.java:111)
	at org.springframework.security.web.FilterChainProxy$VirtualFilterChain.doFilter(FilterChainProxy.java:331)
	at org.springframework.security.web.servletapi.SecurityContextHolderAwareRequestFilter.doFilter(SecurityContextHolderAwareRequestFilter.java:170)
	at org.springframework.security.web.FilterChainProxy$VirtualFilterChain.doFilter(FilterChainProxy.java:331)
	at org.springframework.security.web.savedrequest.RequestCacheAwareFilter.doFilter(RequestCacheAwareFilter.java:63)
	at org.springframework.security.web.FilterChainProxy$VirtualFilterChain.doFilter(FilterChainProxy.java:331)
	at org.springframework.security.web.authentication.www.BasicAuthenticationFilter.doFilterInternal(BasicAuthenticationFilter.java:158)
	at org.springframework.web.filter.OncePerRequestFilter.doFilter(OncePerRequestFilter.java:107)
	at org.springframework.security.web.FilterChainProxy$VirtualFilterChain.doFilter(FilterChainProxy.java:331)
	at org.springframework.security.web.authentication.AbstractAuthenticationProcessingFilter.doFilter(AbstractAuthenticationProcessingFilter.java:200)
	at org.springframework.security.web.FilterChainProxy$VirtualFilterChain.doFilter(FilterChainProxy.java:331)
	at org.springframework.security.web.authentication.logout.LogoutFilter.doFilter(LogoutFilter.java:116)
	at org.springframework.security.web.FilterChainProxy$VirtualFilterChain.doFilter(FilterChainProxy.java:331)
	at org.springframework.security.web.header.HeaderWriterFilter.doFilterInternal(HeaderWriterFilter.java:64)
	at org.springframework.web.filter.OncePerRequestFilter.doFilter(OncePerRequestFilter.java:107)
	at org.springframework.security.web.FilterChainProxy$VirtualFilterChain.doFilter(FilterChainProxy.java:331)
	at org.springframework.security.web.context.request.async.WebAsyncManagerIntegrationFilter.doFilterInternal(WebAsyncManagerIntegrationFilter.java:56)
	at org.springframework.web.filter.OncePerRequestFilter.doFilter(OncePerRequestFilter.java:107)
	at org.springframework.security.web.FilterChainProxy$VirtualFilterChain.doFilter(FilterChainProxy.java:331)
	at org.springframework.security.web.session.ConcurrentSessionFilter.doFilter(ConcurrentSessionFilter.java:155)
	at org.springframework.security.web.FilterChainProxy$VirtualFilterChain.doFilter(FilterChainProxy.java:331)
	at org.springframework.security.web.context.SecurityContextPersistenceFilter.doFilter(SecurityContextPersistenceFilter.java:105)
	at org.springframework.security.web.FilterChainProxy$VirtualFilterChain.doFilter(FilterChainProxy.java:331)
	at org.springframework.security.web.FilterChainProxy.doFilterInternal(FilterChainProxy.java:214)
	at org.springframework.security.web.FilterChainProxy.doFilter(FilterChainProxy.java:177)
	at org.springframework.web.filter.DelegatingFilterProxy.invokeDelegate(DelegatingFilterProxy.java:346)
	at org.springframework.web.filter.DelegatingFilterProxy.doFilter(DelegatingFilterProxy.java:262)
	at com.ibm.ws.webcontainer.filter.FilterInstanceWrapper.doFilter(FilterInstanceWrapper.java:207)
	at com.ibm.ws.webcontainer.filter.WebAppFilterChain.doFilter(WebAppFilterChain.java:91)
	at com.ibm.ws.webcontainer.filter.WebAppFilterManager.doFilter(WebAppFilterManager.java:1021)
	at com.ibm.ws.webcontainer.filter.WebAppFilterManager.invokeFilters(WebAppFilterManager.java:1143)
	at com.ibm.ws.webcontainer.webapp.WebApp.handleRequest(WebApp.java:4983)
	at com.ibm.ws.webcontainer.osgi.DynamicVirtualHost$2.handleRequest(DynamicVirtualHost.java:315)
	at com.ibm.ws.webcontainer.WebContainer.handleRequest(WebContainer.java:1025)
	at com.ibm.ws.webcontainer.osgi.DynamicVirtualHost$2.run(DynamicVirtualHost.java:280)
	at com.ibm.ws.http.dispatcher.internal.channel.HttpDispatcherLink$TaskWrapper.run(HttpDispatcherLink.java:967)
	at com.ibm.ws.http.dispatcher.internal.channel.HttpDispatcherLink.wrapHandlerAndExecute(HttpDispatcherLink.java:359)
	at com.ibm.ws.http.dispatcher.internal.channel.HttpDispatcherLink.ready(HttpDispatcherLink.java:318)
	at com.ibm.ws.http.channel.internal.inbound.HttpInboundLink.handleDiscrimination(HttpInboundLink.java:471)
	at com.ibm.ws.http.channel.internal.inbound.HttpInboundLink.handleNewRequest(HttpInboundLink.java:405)
	at com.ibm.ws.http.channel.internal.inbound.HttpInboundLink.processRequest(HttpInboundLink.java:285)
	at com.ibm.ws.http.channel.internal.inbound.HttpICLReadCallback.complete(HttpICLReadCallback.java:66)
	at com.ibm.ws.tcpchannel.internal.WorkQueueManager.requestComplete(WorkQueueManager.java:504)
	at com.ibm.ws.tcpchannel.internal.WorkQueueManager.attemptIO(WorkQueueManager.java:574)
	at com.ibm.ws.tcpchannel.internal.WorkQueueManager.workerRun(WorkQueueManager.java:929)
	at com.ibm.ws.tcpchannel.internal.WorkQueueManager$Worker.run(WorkQueueManager.java:1018)
	at java.util.concurrent.ThreadPoolExecutor.runWorker(Unknown Source)
	at java.util.concurrent.ThreadPoolExecutor$Worker.run(Unknown Source)
	at java.lang.Thread.run(Unknown Source)
Caused by: java.lang.NullPointerException
	at com.uscs.ewms.taskmaster.controller.AbstractTaskMasterController.handleException(AbstractTaskMasterController.java:412)
	at com.uscs.ewms.taskmaster.controller.TaskMasterController.getAppointmentGridDetails(TaskMasterController.java:725)
	at com.uscs.ewms.taskmaster.controller.TaskMasterController$$FastClassBySpringCGLIB$$84396e71.invoke(<generated>)
	at org.springframework.cglib.proxy.MethodProxy.invoke(MethodProxy.java:204)
	at org.springframework.aop.framework.CglibAopProxy$CglibMethodInvocation.invokeJoinpoint(CglibAopProxy.java:738)
	at org.springframework.aop.framework.ReflectiveMethodInvocation.proceed(ReflectiveMethodInvocation.java:157)
	at org.springframework.aop.aspectj.MethodInvocationProceedingJoinPoint.proceed(MethodInvocationProceedingJoinPoint.java:85)
	at com.uscs.ewms.logging.LoggingAspect.log(LoggingAspect.java:30)
	at sun.reflect.GeneratedMethodAccessor84.invoke(Unknown Source)
	at sun.reflect.DelegatingMethodAccessorImpl.invoke(Unknown Source)
	at java.lang.reflect.Method.invoke(Unknown Source)
	at org.springframework.aop.aspectj.AbstractAspectJAdvice.invokeAdviceMethodWithGivenArgs(AbstractAspectJAdvice.java:629)
	at org.springframework.aop.aspectj.AbstractAspectJAdvice.invokeAdviceMethod(AbstractAspectJAdvice.java:618)
	at org.springframework.aop.aspectj.AspectJAroundAdvice.invoke(AspectJAroundAdvice.java:70)
	at org.springframework.aop.framework.ReflectiveMethodInvocation.proceed(ReflectiveMethodInvocation.java:168)
	at org.springframework.aop.interceptor.ExposeInvocationInterceptor.invoke(ExposeInvocationInterceptor.java:92)
	at org.springframework.aop.framework.ReflectiveMethodInvocation.proceed(ReflectiveMethodInvocation.java:179)
	at org.springframework.aop.framework.CglibAopProxy$DynamicAdvisedInterceptor.intercept(CglibAopProxy.java:673)
	at com.uscs.ewms.taskmaster.controller.TaskMasterController$$EnhancerBySpringCGLIB$$549e0334.getAppointmentGridDetails(<generated>)
	at sun.reflect.NativeMethodAccessorImpl.invoke0(Native Method)
	at sun.reflect.NativeMethodAccessorImpl.invoke(Unknown Source)
	at sun.reflect.DelegatingMethodAccessorImpl.invoke(Unknown Source)
	at java.lang.reflect.Method.invoke(Unknown Source)
	at org.springframework.web.method.support.InvocableHandlerMethod.doInvoke(InvocableHandlerMethod.java:205)
	at org.springframework.web.method.support.InvocableHandlerMethod.invokeForRequest(InvocableHandlerMethod.java:133)
	at org.springframework.web.servlet.mvc.method.annotation.ServletInvocableHandlerMethod.invokeAndHandle(ServletInvocableHandlerMethod.java:97)
	at org.springframework.web.servlet.mvc.method.annotation.RequestMappingHandlerAdapter.invokeHandlerMethod(RequestMappingHandlerAdapter.java:827)
	at org.springframework.web.servlet.mvc.method.annotation.RequestMappingHandlerAdapter.handleInternal(RequestMappingHandlerAdapter.java:738)
	at org.springframework.web.servlet.mvc.method.AbstractHandlerMethodAdapter.handle(AbstractHandlerMethodAdapter.java:85)
	at org.springframework.web.servlet.DispatcherServlet.doDispatch(DispatcherServlet.java:967)
	at org.springframework.web.servlet.DispatcherServlet.doService(DispatcherServlet.java:901)
	at org.springframework.web.servlet.FrameworkServlet.processRequest(FrameworkServlet.java:970)
	... 75 more

Dump of callerThis
Object type = com.ibm.ws.webcontainer.filter.WebAppFilterChain
  _filters = class java.util.ArrayList@195f23cf
    serialVersionUID = 8683452581122892189
    DEFAULT_CAPACITY = 10
    EMPTY_ELEMENTDATA = class java.lang.Object[0]
    DEFAULTCAPACITY_EMPTY_ELEMENTDATA = class java.lang.Object[0]
    elementData = class java.lang.Object[5]
      elementData[0] = class com.ibm.ws.webcontainer.filter.FilterInstanceWrapper@4efdbd07
      elementData[1] = class com.ibm.ws.webcontainer.filter.FilterInstanceWrapper@739316a7
      elementData[2] = class com.ibm.ws.webcontainer.filter.FilterInstanceWrapper@31876eab
      elementData[3] = null
      elementData[4] = null
    size = 3
    MAX_ARRAY_SIZE = 2147483639
    modCount = 3
    MAX_ARRAY_SIZE = 2147483639
  _currentFilterIndex = 3
  _numberOfFilters = 3
  requestProcessor = class com.ibm.ws.webcontainer.osgi.servlet.ServletWrapper@64b4c755
    serialVersionUID = 1
    _mo = class com.ibm.ws.managedobject.internal.ManagedObjectImpl@65af24fe
      object = "<sensitive org.springframework.web.servlet.DispatcherServlet@3f26741c>"
      serialVersionUID = -5603642874755101089
      $$$tc$$$ = class com.ibm.websphere.ras.TraceComponent@45673293
    serialVersionUID = -4479626085298397598
    notifyInvocationListeners = false
    UNINITIALIZED_STATE = -1
    AVAILABLE_STATE = 0
    UNAVAILABLE_STATE = 1
    UNAVAILABLE_PERMANENTLY_STATE = 2
    collabHelper = class com.ibm.ws.webcontainer.osgi.collaborator.CollaboratorHelperImpl@d663b65
      webAppInvCollabs = class java.util.Collections$UnmodifiableSet@3731ff03
      securityDomainForApp = null
      logger = class com.ibm.ws.logging.internal.WsLogger@6f6eb632
      staticDefaultSecurityCollaborator = class com.ibm.ws.webcontainer.collaborator.WebAppSecurityCollaborator@4acc7bef
      logger = class com.ibm.ws.logging.internal.WsLogger@f97615c
      CLASS_NAME = "com.ibm.wsspi.webcontainer.collaborator.CollaboratorHelper"
      webApp = class com.ibm.ws.webcontainer.osgi.webapp.WebApp@5ca32310
      securityCollaborator = class com.ibm.ws.webcontainer.collaborator.WebAppSecurityCollaborator@4acc7bef
      nameSpaceCollaborator = class com.ibm.ws.webcontainer.osgi.collaborator.WebAppNameSpaceCollaboratorImpl@640f811c
      transactionCollaborator = class com.ibm.ws.transaction.services.WebAppTransactionCollaboratorImpl@293200f1
      connectionCollaborator = class com.ibm.ws.webcontainer.collaborator.ConnectionCollaborator@c7a54a2
      allCollabEnum = class java.util.RegularEnumSet@37e65e4a
      servlet_23_or_greater = true
      DEFER_SERVLET_REQUEST_LISTENER_DESTROY_ON_ERROR = false
    nServicing = class java.util.concurrent.atomic.AtomicInteger@34b5c1f0
      serialVersionUID = 6214790243416807050
      unsafe = class sun.misc.Unsafe@3bcad8be
      valueOffset = 12
      value = 0
      serialVersionUID = -8742448824652078965
    lastAccessTime = 1504876326240
    state = 0
    logger = class com.ibm.ws.logging.internal.WsLogger@3d583583
      tc = class com.ibm.websphere.ras.TraceComponent@4cb0f7d4
      ivCachedResourceBundleName = "com.ibm.ws.webcontainer.resources.Messages"
      ivCachedResourceBundle = class com.ibm.ws.webcontainer.resources.Messages@62fa3d18
      ivComponent = null
      ivOrganization = null
      ivProduct = null
      ivMinimumLocalizationLevelIntValue = 625
      ivTC = class com.ibm.websphere.ras.TraceComponent@4f951d06
      loggerRegistrationComponent = class java.lang.ThreadLocal@4651d67b
      emptyHandlers = class java.util.logging.Handler[0]
      offValue = 2147483647
      SYSTEM_LOGGER_RB_NAME = "sun.util.logging.resources.logging"
      SYSTEM_BUNDLE = class java.util.logging.Logger$LoggerBundle@7f26f895
      NO_RESOURCE_BUNDLE = class java.util.logging.Logger$LoggerBundle@51e0ef91
      manager = class com.ibm.ws.kernel.boot.logging.WsLogManager@7aea5782
      name = "com.ibm.ws.webcontainer.servlet"
      handlers = class java.util.concurrent.CopyOnWriteArrayList@454f12c2
      loggerBundle = class java.util.logging.Logger$LoggerBundle@66799ae9
      useParentHandlers = true
      filter = null
      anonymous = false
      catalog = class com.ibm.ws.webcontainer.resources.Messages@62fa3d18
      catalogName = "com.ibm.ws.webcontainer.resources.Messages"
      catalogLocale = class java.util.Locale@4def0dd
      treeLock = class java.lang.Object@330c6108
      parent = class com.ibm.ws.logging.internal.WsLogger@194d24f6
      kids = null
      levelObject = class java.util.logging.Level@32e2a7c7
      levelValue = 800
      callersClassLoaderRef = class java.lang.ref.WeakReference@d348eaf
      isSystemLogger = false
      GLOBAL_LOGGER_NAME = "global"
      global = class java.util.logging.Logger@6107301f
      $assertionsDisabled = true
    CLASS_NAME = "com.ibm.ws.webcontainer.servlet.ServletWrapper"
    nls = class com.ibm.ejs.ras.TraceNLS@1599c5e
      resolver = class com.ibm.ws.logging.internal.TraceNLSResolver@474f2239
      finder = class com.ibm.ws.logging.internal.StackFinder@31802b26
      ivBundleName = "com.ibm.ws.webcontainer.resources.Messages"
      caller = class java.lang.Class@1eb836ec
    servletConfig = class com.ibm.ws.webcontainer.servlet.ServletConfig@1bf977c4
      logger = class com.ibm.ws.logging.internal.WsLogger@3d583583
      CLASS_NAME = "com.ibm.ws.webcontainer.servlet.ServletConfig"
      nls = class com.ibm.ejs.ras.TraceNLS@3b14420e
      liberty_nls = class com.ibm.ejs.ras.TraceNLS@67a975e3
      enabled = true
      servletName = "ewms"
      className = "org.springframework.web.servlet.DispatcherServlet"
      mappings = class java.util.ArrayList@5011b9e3
      startUpWeight = 1
      DEFAULT_STARTUP = -1
      isCachingEnabled = true
      isStatisticsEnabled = true
      isInternal = false
      metaData = class com.ibm.ws.webcontainer.osgi.metadata.WebComponentMetaDataImpl@4b985bbe
      singleThreadModelServlet = false
      isJsp = false
      webAppConfig = class com.ibm.ws.webcontainer.osgi.webapp.WebAppConfiguration@d390aa4
      servletWrapper = class com.ibm.ws.webcontainer.osgi.servlet.ServletWrapper@64b4c755
      servletClass = null
      servlet = null
      addedToLoadOnStartup = true
      previousWeight = null
      multipartConfig = null
      multipartConfigBaseLocation = null
      runAsRole = null
      servletSecurityElement = null
      declareRolesAnnotation = null
      logger = class com.ibm.ws.logging.internal.WsLogger@3d583583
      CLASS_NAME = "com.ibm.ws.webcontainer.servlet.TargetConfig"
      initParams = class java.util.HashMap@528564f1
      fileName = null
      displayName = null
      name = "ewms"
      description = null
      smallIcon = null
      largeIcon = null
      context = class com.ibm.wsspi.webcontainer.facade.ServletContextFacade@1f211494
      className = null
      asyncSupported = false
      _id = "ServletGeneratedId1"
      _attributes = null
      serialVersionUID = 7511545662945734886
      $$$tc$$$ = class com.ibm.websphere.ras.TraceComponent@301a0ead
    context = class com.ibm.ws.webcontainer.osgi.webapp.WebApp@5ca32310
    target = class org.springframework.web.servlet.DispatcherServlet@3f26741c
      MULTIPART_RESOLVER_BEAN_NAME = "multipartResolver"
      LOCALE_RESOLVER_BEAN_NAME = "localeResolver"
      THEME_RESOLVER_BEAN_NAME = "themeResolver"
      HANDLER_MAPPING_BEAN_NAME = "handlerMapping"
      HANDLER_ADAPTER_BEAN_NAME = "handlerAdapter"
      HANDLER_EXCEPTION_RESOLVER_BEAN_NAME = "handlerExceptionResolver"
      REQUEST_TO_VIEW_NAME_TRANSLATOR_BEAN_NAME = "viewNameTranslator"
      VIEW_RESOLVER_BEAN_NAME = "viewResolver"
      FLASH_MAP_MANAGER_BEAN_NAME = "flashMapManager"
      WEB_APPLICATION_CONTEXT_ATTRIBUTE = "org.springframework.web.servlet.DispatcherServlet.CONTEXT"
      LOCALE_RESOLVER_ATTRIBUTE = "org.springframework.web.servlet.DispatcherServlet.LOCALE_RESOLVER"
      THEME_RESOLVER_ATTRIBUTE = "org.springframework.web.servlet.DispatcherServlet.THEME_RESOLVER"
      THEME_SOURCE_ATTRIBUTE = "org.springframework.web.servlet.DispatcherServlet.THEME_SOURCE"
      INPUT_FLASH_MAP_ATTRIBUTE = "org.springframework.web.servlet.DispatcherServlet.INPUT_FLASH_MAP"
      OUTPUT_FLASH_MAP_ATTRIBUTE = "org.springframework.web.servlet.DispatcherServlet.OUTPUT_FLASH_MAP"
      FLASH_MAP_MANAGER_ATTRIBUTE = "org.springframework.web.servlet.DispatcherServlet.FLASH_MAP_MANAGER"
      EXCEPTION_ATTRIBUTE = "org.springframework.web.servlet.DispatcherServlet.EXCEPTION"
      PAGE_NOT_FOUND_LOG_CATEGORY = "org.springframework.web.servlet.PageNotFound"
      DEFAULT_STRATEGIES_PATH = "DispatcherServlet.properties"
      DEFAULT_STRATEGIES_PREFIX = "org.springframework.web.servlet"
      pageNotFoundLogger = class org.apache.commons.logging.impl.Log4JLogger@7dcf2941
      defaultStrategies = class java.util.Properties@36b40b89
      detectAllHandlerMappings = true
      detectAllHandlerAdapters = true
      detectAllHandlerExceptionResolvers = true
      detectAllViewResolvers = true
      throwExceptionIfNoHandlerFound = false
      cleanupAfterInclude = true
      multipartResolver = class org.springframework.web.multipart.commons.CommonsMultipartResolver@1383e3e8
      localeResolver = class org.springframework.web.servlet.i18n.SessionLocaleResolver@6723ec1d
      themeResolver = class org.springframework.web.servlet.theme.FixedThemeResolver@21378492
      handlerMappings = class java.util.ArrayList@56ceaccf
      handlerAdapters = class java.util.ArrayList@52cf0276
      handlerExceptionResolvers = class java.util.ArrayList@4431b3e5
      viewNameTranslator = class org.springframework.web.servlet.view.DefaultRequestToViewNameTranslator@59bface5
      flashMapManager = class org.springframework.web.servlet.support.SessionFlashMapManager@7a34dbc9
      viewResolvers = class java.util.ArrayList@5042ba4b
      DEFAULT_NAMESPACE_SUFFIX = "-servlet"
      DEFAULT_CONTEXT_CLASS = class java.lang.Class@10f58cdc
      SERVLET_CONTEXT_PREFIX = "org.springframework.web.servlet.FrameworkServlet.CONTEXT."
      INIT_PARAM_DELIMITERS = ",; 	
"
      responseGetStatusAvailable = true
      contextAttribute = null
      contextClass = class java.lang.Class@10f58cdc
      contextId = null
      namespace = null
      contextConfigLocation = "classpath:/context/ewms-servlet.xml"
      contextInitializers = class java.util.ArrayList@19a5953d
      contextInitializerClasses = null
      publishContext = true
      publishEvents = true
      threadContextInheritable = false
      dispatchOptionsRequest = true
      dispatchTraceRequest = false
      webApplicationContext = class org.springframework.web.context.support.XmlWebApplicationContext@5553304b
      webApplicationContextInjected = false
      refreshEventReceived = true
      logger = class org.apache.commons.logging.impl.Log4JLogger@3dd9da68
      environment = class org.springframework.web.context.support.StandardServletEnvironment@61efa489
      requiredProperties = class java.util.HashSet@24baca1d
      METHOD_DELETE = "DELETE"
      METHOD_HEAD = "HEAD"
      METHOD_GET = "GET"
      METHOD_OPTIONS = "OPTIONS"
      METHOD_POST = "POST"
      METHOD_PUT = "PUT"
      METHOD_TRACE = "TRACE"
      HEADER_IFMODSINCE = "If-Modified-Since"
      HEADER_LASTMOD = "Last-Modified"
      LSTRING_FILE = "javax.servlet.http.LocalStrings"
      lStrings = class java.util.PropertyResourceBundle@1103bfca
      config = class com.ibm.ws.webcontainer.servlet.ServletConfig@1bf977c4
    cacheWrappers = class java.util.ArrayList@432eba56
      serialVersionUID = 8683452581122892189
      DEFAULT_CAPACITY = 10
      EMPTY_ELEMENTDATA = class java.lang.Object[0]
      DEFAULTCAPACITY_EMPTY_ELEMENTDATA = class java.lang.Object[0]
      elementData = class java.lang.Object[366]
      size = 296
      MAX_ARRAY_SIZE = 2147483639
      modCount = 296
      MAX_ARRAY_SIZE = 2147483639
    targetLoader = class com.ibm.ws.classloading.internal.ThreadContextClassLoader@46cfc7c8
      tc = class com.ibm.websphere.ras.TraceComponent@1da89c12
      bundle = class java.util.concurrent.atomic.AtomicReference@35204462
      key = "WebModule:web#web.war"
      refCount = class java.util.concurrent.atomic.AtomicInteger@60b1f085
      appLoader = class com.ibm.ws.classloading.internal.ParentLastClassLoader@311a7cfe
      serialVersionUID = 7093379526360135425
      followOnClassLoaders = class java.util.ArrayList@5e515840
      serialVersionUID = -5107316606107305512
      $$$tc$$$ = class com.ibm.websphere.ras.TraceComponent@21da085a
      serialVersionUID = -4868702105808481416
      $$$tc$$$ = class com.ibm.websphere.ras.TraceComponent@4a8c77e8
      serialVersionUID = 2596921220292114344
      $$$tc$$$ = class com.ibm.websphere.ras.TraceComponent@5a55eccf
      initialized = true
      pdcache = class java.util.HashMap@6eb891b7
      debug = null
      parent = class com.ibm.ws.classloading.internal.ParentLastClassLoader@311a7cfe
      parallelLockMap = null
      package2certs = class java.util.Hashtable@590ccb56
      nocerts = class java.security.cert.Certificate[0]
      classes = class java.util.Vector@36563d2a
      defaultDomain = class java.security.ProtectionDomain@6211e0f8
      domains = class java.util.HashSet@488ef024
      packages = class java.util.HashMap@7767c418
      scl = class sun.misc.Launcher$AppClassLoader@18b4aac2
      sclSet = true
      loadedLibraryNames = class java.util.Vector@70df18b3
      systemNativeLibraries = class java.util.Vector@1d242070
      nativeLibraries = class java.util.Vector@2294ec20
      nativeLibraryContext = class java.util.Stack@6b9aab6e
      usr_paths = class java.lang.String[38]
      sys_paths = class java.lang.String[1]
      assertionLock = class com.ibm.ws.classloading.internal.ThreadContextClassLoader@46cfc7c8
      defaultAssertionStatus = false
      packageAssertionStatus = null
      classAssertionStatus = null
    evtSource = class com.ibm.ws.webcontainer.webapp.WebAppEventSource@ed86501
      _invocationListeners = class com.ibm.ws.webcontainer.util.EventListeners@20d3c4d6
      _servletListeners = class com.ibm.ws.webcontainer.util.EventListeners@18b327ac
      _errorListeners = class com.ibm.ws.webcontainer.util.EventListeners@65361ff4
      _applicationListeners = class com.ibm.ws.webcontainer.util.EventListeners@7b148f5e
      _filterInvocationListeners = class com.ibm.ws.webcontainer.util.EventListeners@45df119e
      _filterListeners = class com.ibm.ws.webcontainer.util.EventListeners@44d0c0ce
      _filterErrorListeners = class com.ibm.ws.webcontainer.util.EventListeners@11ccbe1f
    event = class com.ibm.websphere.servlet.event.ServletEvent@5ecf7449
      serialVersionUID = 3906650803920713522
      _servletName = "ewms"
      _servletClassName = "org.springframework.web.servlet.DispatcherServlet"
      $$$tc$$$ = class com.ibm.websphere.ras.TraceComponent@76001e86
      serialVersionUID = 3546927969739289392
      _context = class com.ibm.wsspi.webcontainer.facade.ServletContextFacade@1f211494
      _servletNames = class com.ibm.ws.webcontainer.util.EmptyEnumeration@7fb54e25
      $$$tc$$$ = class com.ibm.websphere.ras.TraceComponent@580a4a79
      serialVersionUID = 5516075349620653480
      source = class com.ibm.ws.webcontainer.osgi.servlet.ServletWrapper@64b4c755
    unavailableMessage = null
    unavailableUntil = -1
    isSTM = false
    internalServlet = false
    webAppInvocationCollaborators = null
    platformHelper = class com.ibm.ws.webcontainer.PlatformHelper@52c56d18
    webAppNameSpaceCollab = class com.ibm.ws.webcontainer.osgi.collaborator.WebAppNameSpaceCollaboratorImpl@640f811c
      cmdai = class com.ibm.ws.threadContext.ComponentMetaDataAccessorImpl@43330628
    txCollab = class com.ibm.ws.transaction.services.WebAppTransactionCollaboratorImpl@293200f1
      tc = class com.ibm.websphere.ras.TraceComponent@5e003e99
      ltCurrentRef = class com.ibm.wsspi.kernel.service.utils.AtomicServiceReference@2ae09fc8
      tranMgrRef = class com.ibm.wsspi.kernel.service.utils.AtomicServiceReference@533bc489
      userTranRef = class com.ibm.wsspi.kernel.service.utils.AtomicServiceReference@55bb25bc
      uowCallbackRef = class com.ibm.wsspi.kernel.service.utils.AtomicServiceReference@157a0b06
      serialVersionUID = -8319003162899973281
    connCollab = class com.ibm.ws.webcontainer.collaborator.ConnectionCollaborator@c7a54a2
    suppressServletExceptionLogging = false
    throwExceptionEnum = class java.util.RegularEnumSet@752e5598
      serialVersionUID = 3411599620347842686
      elements = 256
      elementType = class java.lang.Class@7fa599f4
      universe = class com.ibm.wsspi.webcontainer.collaborator.CollaboratorInvocationEnum[9]
      ZERO_LENGTH_ENUM_ARRAY = class java.lang.Enum[0]
      MAX_ARRAY_SIZE = 2147483639
    discernUnavailableServlet = false
    reInitServletonInitUnavailableException = true
    destroyServletonServiceUnavailableException = false
    servlet23 = true
    PARAMS_HEAD_TRACE = class java.lang.Class[2]
      PARAMS_HEAD_TRACE[0] = class java.lang.Class@3e374653
      PARAMS_HEAD_TRACE[1] = class java.lang.Class@535cf6f1
    defaultHeadMethodInUse = false
    defaultTraceMethodInUse = false
    checkedForDefaultMethods = null
    defaultTraceRequestBehavior = false
    defaultHeadRequestBehavior = false
    useOriginalRequestState = false
    warningStatusSet = false
    config = null
  _filtersDefined = true
  logger = class com.ibm.ws.logging.internal.WsLogger@3425a152
    tc = class com.ibm.websphere.ras.TraceComponent@4cb0f7d4
      strings[0] = "TraceComponent[com.ibm.ws.logging.internal.WsLogger,class com.ibm.ws.logging.internal.WsLogger,[logging],com.ibm.ws.logging.internal.resources.LoggingMessages,null]"
    ivCachedResourceBundleName = null
    ivCachedResourceBundle = null
    ivComponent = null
    ivOrganization = null
    ivProduct = null
    ivMinimumLocalizationLevelIntValue = 625
    ivTC = class com.ibm.websphere.ras.TraceComponent@2c1ee00c
      strings[0] = "TraceComponent[com.ibm.ws.webcontainer.filter,class com.ibm.wsspi.webcontainer.logging.LoggerFactory$1,[com.ibm.ws.webcontainer.filter],null,null]"
    loggerRegistrationComponent = class java.lang.ThreadLocal@4651d67b
      threadLocalHashCode = 1675452296
      nextHashCode = class java.util.concurrent.atomic.AtomicInteger@63deaf6f
      HASH_INCREMENT = 1640531527
    emptyHandlers = class java.util.logging.Handler[0]
    offValue = 2147483647
    SYSTEM_LOGGER_RB_NAME = "sun.util.logging.resources.logging"
    SYSTEM_BUNDLE = class java.util.logging.Logger$LoggerBundle@7f26f895
      resourceBundleName = "sun.util.logging.resources.logging"
      userBundle = null
    NO_RESOURCE_BUNDLE = class java.util.logging.Logger$LoggerBundle@51e0ef91
      resourceBundleName = null
      userBundle = null
    manager = class com.ibm.ws.kernel.boot.logging.WsLogManager@7aea5782
      CLASS_NAME = "com.ibm.ws.kernel.boot.logging.WsLogManager"
      CONFIGURE_BY_SERVER_PROPERTY_NAME = "java.util.logging.configureByServer"
      CONFIGURE_BY_LOGGING_PROPERTIES_FILE = "java.util.logging.configureByLoggingPropertiesFile"
      configureByServer = true
      configureByLoggingProperties = false
      wsLogger = class java.lang.reflect.Constructor@7fda6f2a
      resetEnabled = true
      manager = class com.ibm.ws.kernel.boot.logging.WsLogManager@7aea5782
      props = class java.util.Properties@7fd68450
      defaultLevel = class java.util.logging.Level@32e2a7c7
      listenerMap = class java.util.HashMap@358740d7
      systemContext = class java.util.logging.LogManager$SystemLoggerContext@69b3d83
      userContext = class java.util.logging.LogManager$LoggerContext@2a94a145
      rootLogger = class java.util.logging.LogManager$RootLogger@1a68313e
      readPrimordialConfiguration = true
      initializedGlobalHandlers = true
      deathImminent = false
      initializedCalled = true
      initializationDone = true
      contextsMap = null
      loggerRefQueue = class java.lang.ref.ReferenceQueue@612b4443
      MAX_ITERATIONS = 400
      controlPermission = class java.util.logging.LoggingPermission@6ea52149
      loggingMXBean = null
      LOGGING_MXBEAN_NAME = "java.util.logging:type=Logging"
      $assertionsDisabled = true
    name = "com.ibm.ws.webcontainer.filter"
    handlers = class java.util.concurrent.CopyOnWriteArrayList@32c0b4aa
      serialVersionUID = 8673264195747942595
      lock = class java.util.concurrent.locks.ReentrantLock@310d6e3b
      array = class java.lang.Object[0]
      UNSAFE = class sun.misc.Unsafe@3bcad8be
      lockOffset = 12
    loggerBundle = class java.util.logging.Logger$LoggerBundle@7a6a1037
      resourceBundleName = "com.ibm.ws.webcontainer.resources.Messages"
      userBundle = null
    useParentHandlers = true
    filter = null
    anonymous = false
    catalog = class com.ibm.ws.webcontainer.resources.Messages@2ca0f48c
      resources = class [Ljava.lang.Object;[332]
      lookup = class java.util.HashMap@413909db
      INITIAL_CACHE_SIZE = 32
      NONEXISTENT_BUNDLE = class java.util.ResourceBundle$1@67413403
      cacheList = class java.util.concurrent.ConcurrentHashMap@71f25a53
      referenceQueue = class java.lang.ref.ReferenceQueue@44ee7588
      parent = null
      locale = class java.util.Locale@35645964
      name = "com.ibm.ws.webcontainer.resources.Messages"
      expired = false
      cacheKey = class java.util.ResourceBundle$CacheKey@4d90cb1f
      keySet = null
      providers = null
      $assertionsDisabled = true
    catalogName = "com.ibm.ws.webcontainer.resources.Messages"
    catalogLocale = class java.util.Locale@4def0dd
      LOCALECACHE = class java.util.Locale$Cache@2da3a1a2
      ENGLISH = class java.util.Locale@419a4fa
      FRENCH = class java.util.Locale@30b0b8a4
      GERMAN = class java.util.Locale@35a1a4f6
      ITALIAN = class java.util.Locale@5bfbd51
      JAPANESE = class java.util.Locale@4c48e768
      KOREAN = class java.util.Locale@798803dd
      CHINESE = class java.util.Locale@41368e0e
      SIMPLIFIED_CHINESE = class java.util.Locale@391bf64c
      TRADITIONAL_CHINESE = class java.util.Locale@326335a0
      FRANCE = class java.util.Locale@b4c5eda
      GERMANY = class java.util.Locale@7e7fe743
      ITALY = class java.util.Locale@18b0d756
      JAPAN = class java.util.Locale@33d52fd5
      KOREA = class java.util.Locale@5a060dfb
      CHINA = class java.util.Locale@391bf64c
      PRC = class java.util.Locale@391bf64c
      TAIWAN = class java.util.Locale@326335a0
      UK = class java.util.Locale@5bc2ac07
      US = class java.util.Locale@4def0dd
      CANADA = class java.util.Locale@4556ca4e
      CANADA_FRENCH = class java.util.Locale@5fe7feb6
      ROOT = class java.util.Locale@35645964
      PRIVATE_USE_EXTENSION = x
      UNICODE_LOCALE_EXTENSION = u
      serialVersionUID = 9149081749638150636
      DISPLAY_LANGUAGE = 0
      DISPLAY_COUNTRY = 1
      DISPLAY_VARIANT = 2
      DISPLAY_SCRIPT = 3
      baseLocale = class sun.util.locale.BaseLocale@8ffd8de
      localeExtensions = null
      hashCodeValue = 96636889
      defaultLocale = class java.util.Locale@4def0dd
      defaultDisplayLocale = null
      defaultFormatLocale = class java.util.Locale@4def0dd
      languageTag = "en-US"
      serialPersistentFields = class java.io.ObjectStreamField[6]
      isoLanguages = null
      isoCountries = null
      $assertionsDisabled = true
    treeLock = class java.lang.Object@330c6108
    parent = class com.ibm.ws.logging.internal.WsLogger@194d24f6
      tc = class com.ibm.websphere.ras.TraceComponent@4cb0f7d4
      ivCachedResourceBundleName = "com.ibm.ws.webcontainer.resources.Messages"
      ivCachedResourceBundle = class com.ibm.ws.webcontainer.resources.Messages@62fa3d18
      ivComponent = null
      ivOrganization = null
      ivProduct = null
      ivMinimumLocalizationLevelIntValue = 625
      ivTC = class com.ibm.websphere.ras.TraceComponent@fcb0cc8
      loggerRegistrationComponent = class java.lang.ThreadLocal@4651d67b
      emptyHandlers = class java.util.logging.Handler[0]
      offValue = 2147483647
      SYSTEM_LOGGER_RB_NAME = "sun.util.logging.resources.logging"
      SYSTEM_BUNDLE = class java.util.logging.Logger$LoggerBundle@7f26f895
      NO_RESOURCE_BUNDLE = class java.util.logging.Logger$LoggerBundle@51e0ef91
      manager = class com.ibm.ws.kernel.boot.logging.WsLogManager@7aea5782
      name = "com.ibm.ws.webcontainer"
      handlers = class java.util.concurrent.CopyOnWriteArrayList@7ead1622
      loggerBundle = class java.util.logging.Logger$LoggerBundle@cb5c1c8
      useParentHandlers = true
      filter = null
      anonymous = false
      catalog = class com.ibm.ws.webcontainer.resources.Messages@62fa3d18
      catalogName = "com.ibm.ws.webcontainer.resources.Messages"
      catalogLocale = class java.util.Locale@4def0dd
      treeLock = class java.lang.Object@330c6108
      parent = class java.util.logging.Logger@c4d27b
      kids = class java.util.ArrayList@33652d86
      levelObject = class java.util.logging.Level@32e2a7c7
      levelValue = 800
      callersClassLoaderRef = class java.lang.ref.WeakReference@25ef31ce
      isSystemLogger = false
      GLOBAL_LOGGER_NAME = "global"
      global = class java.util.logging.Logger@6107301f
      $assertionsDisabled = true
    kids = null
    levelObject = class java.util.logging.Level@32e2a7c7
      defaultBundle = "sun.util.logging.resources.logging"
      name = "INFO"
      value = 800
      resourceBundleName = "sun.util.logging.resources.logging"
      localizedLevelName = "INFO"
      cachedLocale = class java.util.Locale@4def0dd
      OFF = class java.util.logging.Level@1280e50a
      SEVERE = class java.util.logging.Level@62bbe7b1
      WARNING = class java.util.logging.Level@bbc5fba
      INFO = class java.util.logging.Level@32e2a7c7
      CONFIG = class java.util.logging.Level@5f1efbfb
      FINE = class java.util.logging.Level@4aa3eda7
      FINER = class java.util.logging.Level@77180d2d
      FINEST = class java.util.logging.Level@1e30cdfb
      ALL = class java.util.logging.Level@36592ce5
      serialVersionUID = -8176160795706313070
    levelValue = 800
    callersClassLoaderRef = class java.lang.ref.WeakReference@119dcc4e
      referent = class org.eclipse.osgi.internal.loader.EquinoxClassLoader@7d2a81ee
      queue = class java.lang.ref.ReferenceQueue$Null@7559bf72
      next = null
      discovered = null
      lock = class java.lang.ref.Reference$Lock@1e4553
      pending = null
    isSystemLogger = false
    GLOBAL_LOGGER_NAME = "global"
    global = class java.util.logging.Logger@6107301f
      emptyHandlers = class java.util.logging.Handler[0]
      offValue = 2147483647
      SYSTEM_LOGGER_RB_NAME = "sun.util.logging.resources.logging"
      SYSTEM_BUNDLE = class java.util.logging.Logger$LoggerBundle@7f26f895
      NO_RESOURCE_BUNDLE = class java.util.logging.Logger$LoggerBundle@51e0ef91
      manager = class com.ibm.ws.kernel.boot.logging.WsLogManager@7aea5782
      name = "global"
      handlers = class java.util.concurrent.CopyOnWriteArrayList@4f314e15
      loggerBundle = class java.util.logging.Logger$LoggerBundle@51e0ef91
      useParentHandlers = true
      filter = null
      anonymous = false
      catalog = null
      catalogName = null
      catalogLocale = null
      treeLock = class java.lang.Object@330c6108
      parent = class java.util.logging.LogManager$RootLogger@1a68313e
      kids = null
      levelObject = null
      levelValue = 800
      callersClassLoaderRef = null
      isSystemLogger = true
      GLOBAL_LOGGER_NAME = "global"
      global = class java.util.logging.Logger@6107301f
      $assertionsDisabled = true
    $assertionsDisabled = true
  CLASS_NAME = "com.ibm.ws.webcontainer.filter.WebAppFilterChain"
  webapp = class com.ibm.ws.webcontainer.osgi.webapp.WebApp@5ca32310
    tc = class com.ibm.websphere.ras.TraceComponent@797feb6d
      strings[0] = "TraceComponent[com.ibm.ws.webcontainer.osgi.webapp.WebApp,class com.ibm.ws.webcontainer.osgi.webapp.WebApp,[webcontainer],com.ibm.ws.webcontainer.resources.LShimMessages,null]"
    CLASS_NAME = "com.ibm.ws.webcontainer.osgi.webapp.WebApp"
    metaDataService = class com.ibm.ws.container.service.metadata.internal.MetaDataServiceImpl@543d9d8f
      applicationMetaDataManager = class com.ibm.ws.container.service.metadata.internal.ApplicationMetaDataManager@239f1f82
      moduleMetaDataManager = class com.ibm.ws.container.service.metadata.internal.ModuleMetaDataManager@40dcf960
      componentMetaDataManager = class com.ibm.ws.container.service.metadata.internal.ComponentMetaDataManager@772986c6
      methodMetaDataManager = class com.ibm.ws.container.service.metadata.internal.MethodMetaDataManager@3caa630f
      appModuleNameToModuleContainer = class java.util.concurrent.ConcurrentHashMap@67121817
      jeeNameToComponentMetaData = class java.util.concurrent.ConcurrentHashMap@40a2fa6c
      deferredMetaDataFactories = class com.ibm.wsspi.kernel.service.utils.ConcurrentServiceReferenceSet@7b064b08
      deferredMetaDataInitializers = class com.ibm.wsspi.kernel.service.utils.ConcurrentServiceReferenceMap@145bed7c
      serialVersionUID = -2494605732980966097
      $$$tc$$$ = class com.ibm.websphere.ras.TraceComponent@1c63c28f
    namespacePopulated = false
    referenceContext = class com.ibm.ws.injectionengine.osgi.internal.OSGiReferenceContextImpl@1904bf74
      scopeData = class com.ibm.ws.injectionengine.osgi.internal.OSGiInjectionScopeData@578b454e
      serialVersionUID = 521511923892134915
      $$$tc$$$ = class com.ibm.websphere.ras.TraceComponent@1260b41a
      CLASS_NAME = "com.ibm.ws.injectionengine.ReferenceContextImpl"
      tc = class com.ibm.websphere.ras.TraceComponent@389f8032
      ivInjectionEngine = class com.ibm.ws.injectionengine.osgi.internal.OSGiInjectionEngineImpl@3e9c7fd6
      ivProviders = class java.util.ArrayList@52e2d1a
      ivComponentJavaContext = null
      ivComponentNameSpace = null
      ivJavaColonCompEnvMap = class java.util.LinkedHashMap@4246fb9f
      ivEjbContext10 = class java.util.Properties@1860395a
      ivResourceRefConfigList = null
      isAlreadyProcessed = true
      ivProcessFailure = null
      ivInjectionTargetMap = class java.util.concurrent.ConcurrentHashMap@45df974f
      svInjTarMapCacheSize = 256
      ivDeclaredInjectionTargets = class java.util.HashMap@316d3413
      ivProcessedInjectionClasses = class java.util.HashSet@4482aba2
      ivProcessedInjectionBindings = class java.util.LinkedHashSet@5d31e081
      ivAnyProcessDynamic = true
      ivCheckAppConfig = false
    j2eeNameFactory = class com.ibm.ws.container.service.metadata.internal.J2EENameFactoryImpl@a3c1cee
      serialVersionUID = 3486344295038028821
      $$$tc$$$ = class com.ibm.websphere.ras.TraceComponent@f1f0695
    moduleLoader = class com.ibm.ws.classloading.internal.ParentLastClassLoader@311a7cfe
      PARENT_LAST_SEARCH_ORDER = class java.util.Collections$UnmodifiableRandomAccessList@39445e9f
      serialVersionUID = -3850996510660656235
      $$$tc$$$ = class com.ibm.websphere.ras.TraceComponent@4c6bad4a
      tc = class com.ibm.websphere.ras.TraceComponent@1685d0eb
      PARENT_FIRST_SEARCH_ORDER = class java.util.Collections$UnmodifiableRandomAccessList@5cb1b2d8
      CLASS_LOADING_TRACE_PREFIX = "com.ibm.ws.class.load."
      DEFAULT_PACKAGE = "default.package"
      perPackageClassLoadingTraceComponents = class java.util.concurrent.ConcurrentHashMap@22e27c1b
      config = class com.ibm.ws.classloading.internal.ClassLoaderConfigurationImpl@55e7e977
      privateLibraries = null
      delegateLoaders = class com.ibm.ws.classloading.internal.util.CompositeIterable@4e4ce5f2
      nativeLibraryFiles = class java.util.ArrayList@1f3aa991
      transformers = class java.util.ArrayList@2e891cc9
      apiAccess = class com.ibm.ws.classloading.internal.GatewayClassLoader@5e93b8ec
      generator = class com.ibm.ws.classloading.internal.ClassGeneratorManager@44cfe43e
      protectionDomains = class java.util.concurrent.ConcurrentHashMap@6d05ea20
      parent = class com.ibm.ws.classloading.internal.GatewayClassLoader@5e93b8ec
      serialVersionUID = -2240525179349384666
      tc = class com.ibm.websphere.ras.TraceComponent@46298c26
      EMPTY_URL_ARRAY = class java.net.URL[0]
      smartClassPath = class com.ibm.ws.classloading.internal.ContainerClassLoader$SmartClassPathImpl@2739b030
      nativeLibraryContainers = class java.util.ArrayList@41308f4a
      redefiner = class com.ibm.ws.classloading.internal.util.ClassRedefiner@7a657d46
      mapCreationQueue = class java.util.concurrent.Executors$FinalizableDelegatedExecutorService@3873dcc0
      serialVersionUID = 7249739282446266343
      serialVersionUID = -7411549862368381758
      $$$tc$$$ = class com.ibm.websphere.ras.TraceComponent@4c7fa291
      serialVersionUID = -4868702105808481416
      $$$tc$$$ = class com.ibm.websphere.ras.TraceComponent@4a8c77e8
      serialVersionUID = 2596921220292114344
      $$$tc$$$ = class com.ibm.websphere.ras.TraceComponent@5a55eccf
      initialized = true
      pdcache = class java.util.HashMap@522143ce
      debug = null
      parent = class com.ibm.ws.classloading.internal.GatewayClassLoader@5e93b8ec
      parallelLockMap = null
      package2certs = class java.util.Hashtable@17aedc1f
      nocerts = class java.security.cert.Certificate[0]
      classes = class java.util.Vector@46f00ce1
      defaultDomain = class java.security.ProtectionDomain@60434d23
      domains = class java.util.HashSet@38244dd6
      packages = class java.util.HashMap@598b20e9
      scl = class sun.misc.Launcher$AppClassLoader@18b4aac2
      sclSet = true
      loadedLibraryNames = class java.util.Vector@70df18b3
      systemNativeLibraries = class java.util.Vector@1d242070
      nativeLibraries = class java.util.Vector@1fdaa83d
      nativeLibraryContext = class java.util.Stack@6b9aab6e
      usr_paths = class java.lang.String[38]
      sys_paths = class java.lang.String[1]
      assertionLock = class com.ibm.ws.classloading.internal.ParentLastClassLoader@311a7cfe
      defaultAssertionStatus = false
      packageAssertionStatus = null
      classAssertionStatus = null
    webAppConfig = class com.ibm.ws.webcontainer.osgi.webapp.WebAppConfiguration@d390aa4
      webModuleMetaData = class com.ibm.ws.webcontainer.osgi.metadata.WebModuleMetaDataImpl@166bc1d4
      webComponentMetaData = class com.ibm.ws.webcontainer.osgi.metadata.WebComponentMetaDataImpl@786834b6
      dVirtualHost = class com.ibm.ws.webcontainer.osgi.DynamicVirtualHost@72102710
      orderedLibPaths = class java.util.Collections$UnmodifiableRandomAccessList@c2f9c
      bundleHeaders = null
      cdiEnabled = false
      CLASS_NAME = "com.ibm.ws.webcontainer.webapp.WebAppConfiguration"
      logger = class com.ibm.ws.logging.internal.WsLogger@2239c665
      tc = class com.ibm.websphere.ras.TraceComponent@1cea46ee
      nls = class com.ibm.ejs.ras.TraceNLS@5eb226a9
      version = 30
      contextRoot = "/web"
      sessionTimeout = 120
      moduleSessionTimeoutSet = true
      moduleSessionTrackingModeSet = false
      sessionCookieConfig = class com.ibm.ws.session.SessionCookieConfigImpl@1bb69a8c
      hasProgrammaticCookieConfig = false
      sessionDefaultTrackingModeSet = class java.util.RegularEnumSet@400ca905
      sessionManagerConfig = class com.ibm.ws.session.SessionManagerConfig@79f8f836
      displayName = "USCS.eWMS"
      description = null
      reloadInterval = 0
      distributable = true
      denyUncoveredHttpMethods = false
      reloadingEnabled = false
      serveServletsByClassnameEnabled = false
      defaultErrorPage = null
      additionalClassPath = null
      fileServingEnabled = null
      directoryBrowsingEnabled = false
      autoRequestEncoding = false
      autoResponseEncoding = false
      autoLoadFilters = false
      requestListeners = null
      requestAttributeListeners = null
      sessionListeners = null
      localeMap = null
      moduleName = "web"
      j2eeModuleName = "web.war"
      moduleId = null
      isSyncToThreadEnabled = false
      encodeDispatchedRequestURI = false
      isSystemApp = false
      ardEnabled = false
      ardDispatchType = null
      listeners = class java.util.ArrayList@36300ece
      welcomeFileList = class java.util.ArrayList@197d807e
      servletMappings = class java.util.HashMap@3c9c56d5
      lastIndexBeforeDeclaredFilters = 0
      filterMappings = class java.util.ArrayList@29b2038
      servletInfo = class java.util.HashMap@34eb18db
      filterInfo = class java.util.HashMap@41e01048
      mimeMappings = class java.util.HashMap@1f14cc5f
      mimeFilters = null
      isMimeFilteringEnabled = false
      theWebGroup = null
      jspAttributes = class java.util.HashMap@4455a565
      fileServingAttributes = class java.util.HashMap@281440f4
      invokerAttributes = class java.util.HashMap@693777ee
      contextParams = class java.util.HashMap@507838a3
      virtualHost = "default_host"
      exceptionErrorPages = class java.util.HashMap@39efc144
      codeErrorPages = class java.util.HashMap@3376256d
      tagLibList = null
      precompileJsps = false
      webApp = class com.ibm.ws.webcontainer.osgi.webapp.WebApp@5ca32310
      virtualHostList = class java.util.Collections$EmptyList@612cacea
      appStartupWeight = 0
      moduleStartupWeight = 0
      metaDataComplete = false
      classesToScan = class java.util.ArrayList@70002d4c
      uriFilterMappingInfos = class java.util.ArrayList@372227e9
      servletFilterMappingInfos = null
      dynamicServletRegistrationMap = null
      applicationName = "web"
      libBinPathList = class java.util.ArrayList@35fd212d
      webXmlDefinedListeners = class java.util.HashSet@31329084
      allRefs = class java.util.EnumMap@4029a1a3
      allRefBindings = class java.util.EnumMap@6692cb20
      envEntryValues = class java.util.HashMap@3aba7a96
      resourceRefConfigList = null
      disallowAllFileServingProp = "false"
      disallowServeServletsByClassnameProp = "true"
      disableStaticMappingCache = false
      jspCachedLocations = class java.util.HashMap@1f296bf5
      primedSTSHeader = "NoValue"
      enablemultireadofpostdata = false
      _id = "WebAppGeneratedId1"
      _attributes = null
      serialVersionUID = 7511545662945734886
      $$$tc$$$ = class com.ibm.websphere.ras.TraceComponent@301a0ead
    extensionProcessingDisabled = false
    managedObjectService = class com.ibm.ws.managedobject.internal.ManagedObjectServiceImpl@6906ed6e
      serialVersionUID = 2287241231190391755
      $$$tc$$$ = class com.ibm.websphere.ras.TraceComponent@4424a97
    GenPluginCfgMB = null
    internalServletMetaData = interface com.ibm.wsspi.webcontainer.metadata.WebComponentMetaData[2]
      internalServletMetaData[0] = null
      internalServletMetaData[1] = null
    loginProcessor = null
    logoutProcessor = null
    collabHelper = class com.ibm.ws.webcontainer.osgi.collaborator.CollaboratorHelperImpl@d663b65
    envObject = class com.ibm.ws.util.WSThreadLocal@477f4b55
      tc = class com.ibm.ejs.ras.TraceComponent@40a549ef
      count = 8
      index = 1
      SUSPECTED_MISUSAGE_THRESHOLD = 200
      threadLocalHashCode = -164413735
      nextHashCode = class java.util.concurrent.atomic.AtomicInteger@63deaf6f
      HASH_INCREMENT = 1640531527
    orderedLibPaths = class java.util.Collections$UnmodifiableRandomAccessList@c2f9c
      serialVersionUID = -2542308836966382001
      serialVersionUID = -283967356065247728
      list = class java.util.ArrayList@4baf5a3
      serialVersionUID = 1820017752578914078
      c = class java.util.ArrayList@4baf5a3
    perm = class com.ibm.websphere.security.WebSphereRuntimePermission@6f48e11
      serialVersionUID = -3306242789188168337
      $$$tc$$$ = class com.ibm.websphere.ras.TraceComponent@232b4850
      serialVersionUID = 6279438298436773498
      wildcard = false
      path = "accessServletContext"
      exitVM = false
      serialVersionUID = -5636570222231596674
      name = "accessServletContext"
    WELCOME_FILE_LIST = "com.ibm.ws.webcontainer.config.WelcomeFileList"
    DIR_BROWSING_MAPPING = "__dirBrowsing__1504876316085"
    FILTER_PROXY_MAPPING = "/__filterProxy__1504876316085"
    logger = class com.ibm.ws.logging.internal.WsLogger@2239c665
      tc = class com.ibm.websphere.ras.TraceComponent@4cb0f7d4
      ivCachedResourceBundleName = "com.ibm.ws.webcontainer.resources.Messages"
      ivCachedResourceBundle = class com.ibm.ws.webcontainer.resources.Messages@62fa3d18
      ivComponent = null
      ivOrganization = null
      ivProduct = null
      ivMinimumLocalizationLevelIntValue = 625
      ivTC = class com.ibm.websphere.ras.TraceComponent@475dd57a
      loggerRegistrationComponent = class java.lang.ThreadLocal@4651d67b
      emptyHandlers = class java.util.logging.Handler[0]
      offValue = 2147483647
      SYSTEM_LOGGER_RB_NAME = "sun.util.logging.resources.logging"
      SYSTEM_BUNDLE = class java.util.logging.Logger$LoggerBundle@7f26f895
      NO_RESOURCE_BUNDLE = class java.util.logging.Logger$LoggerBundle@51e0ef91
      manager = class com.ibm.ws.kernel.boot.logging.WsLogManager@7aea5782
      name = "com.ibm.ws.webcontainer.webapp"
      handlers = class java.util.concurrent.CopyOnWriteArrayList@7cc5b94
      loggerBundle = class java.util.logging.Logger$LoggerBundle@3aa890ad
      useParentHandlers = true
      filter = null
      anonymous = false
      catalog = class com.ibm.ws.webcontainer.resources.Messages@62fa3d18
      catalogName = "com.ibm.ws.webcontainer.resources.Messages"
      catalogLocale = class java.util.Locale@4def0dd
      treeLock = class java.lang.Object@330c6108
      parent = class com.ibm.ws.logging.internal.WsLogger@194d24f6
      kids = null
      levelObject = class java.util.logging.Level@32e2a7c7
      levelValue = 800
      callersClassLoaderRef = class java.lang.ref.WeakReference@102cebc3
      isSystemLogger = false
      GLOBAL_LOGGER_NAME = "global"
      global = class java.util.logging.Logger@6107301f
      $assertionsDisabled = true
    CLASS_NAME = "com.ibm.ws.webcontainer.webapp.WebApp"
    loader = class com.ibm.ws.classloading.internal.ThreadContextClassLoader@46cfc7c8
    facade = class com.ibm.wsspi.webcontainer.facade.ServletContextFacade@1f211494
      context = class com.ibm.ws.webcontainer.osgi.webapp.WebApp@5ca32310
    features = class java.util.ArrayList@7eb0b823
      serialVersionUID = 8683452581122892189
      DEFAULT_CAPACITY = 10
      EMPTY_ELEMENTDATA = class java.lang.Object[0]
      DEFAULTCAPACITY_EMPTY_ELEMENTDATA = class java.lang.Object[0]
      elementData = class java.lang.Object[0]
      size = 0
      MAX_ARRAY_SIZE = 2147483639
      modCount = 0
      MAX_ARRAY_SIZE = 2147483639
    applicationName = "web"
    config = class com.ibm.ws.webcontainer.osgi.webapp.WebAppConfiguration@d390aa4
    securityEnabledForApp = false
    webExtensionProcessor = class com.ibm.ws.webcontainer.osgi.extension.WebExtensionProcessor@5c9635e2
      webApp = class com.ibm.ws.webcontainer.osgi.webapp.WebApp@5ca32310
      extensionContext = class com.ibm.ws.webcontainer.osgi.webapp.WebApp@5ca32310
    production = true
    isServlet23 = true
    contextPath = "/web"
    internalServletList = class [Ljava.lang.String;[2]
      internalServletList[0] = class java.lang.String[2]
      internalServletList[1] = class java.lang.String[2]
    BY_NAME_ONLY = "/_1504876316085_/"
    filterManager = class com.ibm.ws.webcontainer.osgi.filter.WebAppFilterManagerImpl@27e2edc5
      _filterWrappers = class java.util.Hashtable@63c2215c
      chainCache = class java.util.Collections$SynchronizedMap@5404296c
      forwardChainCache = class java.util.Collections$SynchronizedMap@4cc36902
      includeChainCache = class java.util.Collections$SynchronizedMap@33824a7b
      errorChainCache = class java.util.Collections$SynchronizedMap@41b85596
      _filtersDefined = true
      FMI_MAPPING_SINGLE_SLASH = 0
      FMI_MAPPING_PATH_MATCH = 1
      FMI_MAPPING_EXTENSION_MATCH = 2
      FMI_MAPPING_EXACT_MATCH = 3
      logger = class com.ibm.ws.logging.internal.WsLogger@3425a152
      CLASS_NAME = "com.ibm.ws.webcontainer.filter.WebAppFilterManager"
      nls = class com.ibm.ejs.ras.TraceNLS@34825b84
      webAppConfig = class com.ibm.ws.webcontainer.osgi.webapp.WebAppConfiguration@d390aa4
      webApp = class com.ibm.ws.webcontainer.osgi.webapp.WebApp@5ca32310
      collabHelper = class com.ibm.ws.webcontainer.osgi.collaborator.CollaboratorHelperImpl@d663b65
      webAppNameSpaceCollab = class com.ibm.ws.webcontainer.osgi.collaborator.WebAppNameSpaceCollaboratorImpl@640f811c
      secCollab = class com.ibm.ws.webcontainer.collaborator.WebAppSecurityCollaborator@4acc7bef
      sessionSecurityIntegrationEnabled = true
      assumeFilterSuccessOnSecurityError = false
      useOriginalRequestState = false
      _evtSource = class com.ibm.ws.webcontainer.webapp.WebAppEventSource@ed86501
      defaultComponentMetaData = class com.ibm.ws.webcontainer.osgi.metadata.WebComponentMetaDataImpl@786834b6
      DEFER_SERVLET_REQUEST_LISTENER_DESTROY_ON_ERROR = false
    documentRoot = null
    SERVLET_API_VERSION = "Servlet 2.5"
    disableServletAuditLogging = 0
    serverInfo = "SMF WebContainer"
    sessionCtx = class com.ibm.ws.webcontainer.session.impl.HttpSessionContextImpl@313c3ff0
      methodClassName = "HttpSessionContextImpl"
      _smc = class com.ibm.ws.session.SessionManagerConfig@79f8f836
      sessionStoreService = null
      _sap = class com.ibm.ws.session.SessionApplicationParameters@4cae4309
      _coreHttpSessionManager = class com.ibm.ws.session.SessionManager@1be4e826
      _coreHttpAppSessionManager = null
      _sam = class com.ibm.ws.webcontainer.session.impl.SessionAffinityManagerImpl@30f3d02a
      isSIPApplication = false
      sessionAttributeListener = false
      sessionListener = true
      mHttpSessionAttributeListeners = class java.util.ArrayList@380bf1c2
      mHttpSessionListeners = class java.util.ArrayList@6034bc1
      mHttpSessionIdListeners = class java.util.ArrayList@3a1a26ff
      mHttpSessionAttributeListenersJ2eeNames = class java.util.ArrayList@1446d316
      mHttpSessionListenersJ2eeNames = class java.util.ArrayList@73a4b5bd
      mHttpSessionIdListenersJ2eeNames = class java.util.ArrayList@6f65a54b
      mLocalHost = null
      _refCount = 1
      currentThreadSacHashtable = null
      methodClassName = "SessionContext"
      ANONYMOUS_USER = "anonymous"
      wasHttpSessionObserver = class com.ibm.ws.session.WasHttpSessionObserver@4a34b86
      wasHttpSessionAttributeObserver = null
      _invalidator = class com.ibm.ws.session.SessionInvalidatorWithThreadPool@265ff667
      _storer = class com.ibm.ws.session.EOSSessionStorer@7000a64c
      wasHttpAppSessionObserver = null
      mHttpAppSessionListeners = null
      cmvcInfo = "CMVC Version 1.9 6/24/07 11:12:24"
      _loggedVersion = true
      CREATE_CORE_SESSION_MANAGER = 0
      GET_REQUESTED_SESSION_ID = 1
      GET_IHTTP_SESSION = 2
      SESSION_PRE_INVOKE = 3
      SESSION_POST_INVOKE = 4
      STOP = 5
      STOP_LISTENERS = 6
      IS_VALID = 7
      ENCODE_URL = 8
      SHOULD_ENCODE_URL = 9
      IS_PROTOCOL_SWITCH = 10
      GET_LOCAL_HOST = 11
      ADD_HTTP_SESSION_ATTRIBUTE_LISTENER = 12
      ADD_HTTP_SESSION_LISTENER = 13
      GET_SESSION_AFFINITY_CONTEXT = 14
      CHECK_SECURITY = 15
      INVALIDATE = 16
      CHECK_SESSSIONID_IS_RIGHT_LENGTH = 17
      LOCK_SESSION = 18
      UNLOCK_SESSION = 19
      ADD_HTTP_SESSION_ID_LISTENER = 20
      methodNames = class java.lang.String[21]
    eventSource = class com.ibm.ws.webcontainer.webapp.WebAppEventSource@ed86501
    nls = class com.ibm.ejs.ras.TraceNLS@7ad9c3e
      resolver = class com.ibm.ws.logging.internal.TraceNLSResolver@474f2239
      finder = class com.ibm.ws.logging.internal.StackFinder@31802b26
      ivBundleName = "com.ibm.ws.webcontainer.resources.Messages"
      caller = class java.lang.Class@6dec66a5
    liberty_nls = class com.ibm.ejs.ras.TraceNLS@3711c5cb
      resolver = class com.ibm.ws.logging.internal.TraceNLSResolver@474f2239
      finder = class com.ibm.ws.logging.internal.StackFinder@31802b26
      ivBundleName = "com.ibm.ws.webcontainer.resources.LShimMessages"
      caller = class java.lang.Class@6dec66a5
    error_nls = class com.ibm.ejs.ras.TraceNLS@2a21967b
      resolver = class com.ibm.ws.logging.internal.TraceNLSResolver@474f2239
      finder = class com.ibm.ws.logging.internal.StackFinder@31802b26
      ivBundleName = "com.ibm.ws.webcontainer.resources.ErrorPage"
      caller = class java.lang.Class@6dec66a5
    sessionListeners = class java.util.ArrayList@7ab2ef70
      serialVersionUID = 8683452581122892189
      DEFAULT_CAPACITY = 10
      EMPTY_ELEMENTDATA = class java.lang.Object[0]
      DEFAULTCAPACITY_EMPTY_ELEMENTDATA = class java.lang.Object[0]
      elementData = class java.lang.Object[10]
      size = 1
      MAX_ARRAY_SIZE = 2147483639
      modCount = 2
      MAX_ARRAY_SIZE = 2147483639
    sessionIdListeners = class java.util.ArrayList@1115c074
      serialVersionUID = 8683452581122892189
      DEFAULT_CAPACITY = 10
      EMPTY_ELEMENTDATA = class java.lang.Object[0]
      DEFAULTCAPACITY_EMPTY_ELEMENTDATA = class java.lang.Object[0]
      elementData = class java.lang.Object[0]
      size = 0
      MAX_ARRAY_SIZE = 2147483639
      modCount = 0
      MAX_ARRAY_SIZE = 2147483639
    sessionAttrListeners = class java.util.ArrayList@28137000
      serialVersionUID = 8683452581122892189
      DEFAULT_CAPACITY = 10
      EMPTY_ELEMENTDATA = class java.lang.Object[0]
      DEFAULTCAPACITY_EMPTY_ELEMENTDATA = class java.lang.Object[0]
      elementData = class java.lang.Object[0]
      size = 0
      MAX_ARRAY_SIZE = 2147483639
      modCount = 1
      MAX_ARRAY_SIZE = 2147483639
    addedSessionListeners = class java.util.ArrayList@ea7b937
      serialVersionUID = 8683452581122892189
      DEFAULT_CAPACITY = 10
      EMPTY_ELEMENTDATA = class java.lang.Object[0]
      DEFAULTCAPACITY_EMPTY_ELEMENTDATA = class java.lang.Object[0]
      elementData = class java.lang.Object[0]
      size = 0
      MAX_ARRAY_SIZE = 2147483639
      modCount = 0
      MAX_ARRAY_SIZE = 2147483639
    addedSessionAttrListeners = class java.util.ArrayList@63830efc
      serialVersionUID = 8683452581122892189
      DEFAULT_CAPACITY = 10
      EMPTY_ELEMENTDATA = class java.lang.Object[0]
      DEFAULTCAPACITY_EMPTY_ELEMENTDATA = class java.lang.Object[0]
      elementData = class java.lang.Object[0]
      size = 0
      MAX_ARRAY_SIZE = 2147483639
      modCount = 0
      MAX_ARRAY_SIZE = 2147483639
    servletContextListeners = class java.util.ArrayList@5caa7498
      serialVersionUID = 8683452581122892189
      DEFAULT_CAPACITY = 10
      EMPTY_ELEMENTDATA = class java.lang.Object[0]
      DEFAULTCAPACITY_EMPTY_ELEMENTDATA = class java.lang.Object[0]
      elementData = class java.lang.Object[10]
      size = 2
      MAX_ARRAY_SIZE = 2147483639
      modCount = 3
      MAX_ARRAY_SIZE = 2147483639
    servletContextLAttrListeners = class java.util.ArrayList@6f0a9c7d
      serialVersionUID = 8683452581122892189
      DEFAULT_CAPACITY = 10
      EMPTY_ELEMENTDATA = class java.lang.Object[0]
      DEFAULTCAPACITY_EMPTY_ELEMENTDATA = class java.lang.Object[0]
      elementData = class java.lang.Object[0]
      size = 0
      MAX_ARRAY_SIZE = 2147483639
      modCount = 1
      MAX_ARRAY_SIZE = 2147483639
    servletRequestListeners = class java.util.ArrayList@5cd7feaa
      serialVersionUID = 8683452581122892189
      DEFAULT_CAPACITY = 10
      EMPTY_ELEMENTDATA = class java.lang.Object[0]
      DEFAULTCAPACITY_EMPTY_ELEMENTDATA = class java.lang.Object[0]
      elementData = class java.lang.Object[0]
      size = 0
      MAX_ARRAY_SIZE = 2147483639
      modCount = 1
      MAX_ARRAY_SIZE = 2147483639
    servletRequestLAttrListeners = class java.util.ArrayList@2758ff22
      serialVersionUID = 8683452581122892189
      DEFAULT_CAPACITY = 10
      EMPTY_ELEMENTDATA = class java.lang.Object[0]
      DEFAULTCAPACITY_EMPTY_ELEMENTDATA = class java.lang.Object[0]
      elementData = class java.lang.Object[0]
      size = 0
      MAX_ARRAY_SIZE = 2147483639
      modCount = 1
      MAX_ARRAY_SIZE = 2147483639
    prependSlashToResource = false
    destroyed = false
    webAppNameSpaceCollab = class com.ibm.ws.webcontainer.osgi.collaborator.WebAppNameSpaceCollaboratorImpl@640f811c
    txCollab = class com.ibm.ws.transaction.services.WebAppTransactionCollaboratorImpl@293200f1
    sessionActivationListeners = class java.util.ArrayList@285951e5
      serialVersionUID = 8683452581122892189
      DEFAULT_CAPACITY = 10
      EMPTY_ELEMENTDATA = class java.lang.Object[0]
      DEFAULTCAPACITY_EMPTY_ELEMENTDATA = class java.lang.Object[0]
      elementData = class java.lang.Object[0]
      size = 0
      MAX_ARRAY_SIZE = 2147483639
      modCount = 1
      MAX_ARRAY_SIZE = 2147483639
    sessionBindingListeners = class java.util.ArrayList@138bd9e7
      serialVersionUID = 8683452581122892189
      DEFAULT_CAPACITY = 10
      EMPTY_ELEMENTDATA = class java.lang.Object[0]
      DEFAULTCAPACITY_EMPTY_ELEMENTDATA = class java.lang.Object[0]
      elementData = class java.lang.Object[0]
      size = 0
      MAX_ARRAY_SIZE = 2147483639
      modCount = 1
      MAX_ARRAY_SIZE = 2147483639
    scratchdir = null
    jspClassLoaderLimit = 0
    jspClassLoaderExclusionList = null
    jspClassLoadersMap = null
    jspClassLoaderLimitTrackIF = false
    defaultExtProc = null
    directoryBrowsingServlet = null
    cdiContexts = class java.util.concurrent.ConcurrentHashMap@70ca4792
      serialVersionUID = 7249069246763182397
      MAXIMUM_CAPACITY = 1073741824
      DEFAULT_CAPACITY = 16
      MAX_ARRAY_SIZE = 2147483639
      DEFAULT_CONCURRENCY_LEVEL = 16
      LOAD_FACTOR = 0.75
      TREEIFY_THRESHOLD = 8
      UNTREEIFY_THRESHOLD = 6
      MIN_TREEIFY_CAPACITY = 64
      MIN_TRANSFER_STRIDE = 16
      RESIZE_STAMP_BITS = 16
      MAX_RESIZERS = 65535
      RESIZE_STAMP_SHIFT = 16
      MOVED = -1
      TREEBIN = -2
      RESERVED = -3
      HASH_BITS = 2147483647
      NCPU = 4
      serialPersistentFields = class java.io.ObjectStreamField[3]
      table = class java.util.concurrent.ConcurrentHashMap$Node[16]
      nextTable = null
      baseCount = 2
      sizeCtl = 12
      transferIndex = 0
      cellsBusy = 0
      counterCells = null
      keySet = null
      values = null
      entrySet = null
      U = class sun.misc.Unsafe@3bcad8be
      SIZECTL = 20
      TRANSFERINDEX = 32
      BASECOUNT = 24
      CELLSBUSY = 36
      CELLVALUE = 144
      ABASE = 16
      ASHIFT = 2
      keySet = null
      values = null
    moduleConfig = class com.ibm.ws.webcontainer.osgi.container.DeployedModule@100b1746
      tc = class com.ibm.websphere.ras.TraceComponent@11e7cc12
      loader = class com.ibm.ws.classloading.internal.ThreadContextClassLoader@46cfc7c8
      webApp = class com.ibm.ws.webcontainer.osgi.webapp.WebApp@5ca32310
      webAppConfig = class com.ibm.ws.webcontainer.osgi.webapp.WebAppConfiguration@d390aa4
      contextRootAdded = null
      properContextRoot = "/web"
      mappingContextRoot = "/web/*"
      serialVersionUID = -2104814060051592457
      $$$tc$$$ = class com.ibm.websphere.ras.TraceComponent@5562f05a
    extensionFactories = class java.util.ArrayList@72bfaadb
      serialVersionUID = 8683452581122892189
      DEFAULT_CAPACITY = 10
      EMPTY_ELEMENTDATA = class java.lang.Object[0]
      DEFAULTCAPACITY_EMPTY_ELEMENTDATA = class java.lang.Object[0]
      elementData = class java.lang.Object[10]
      size = 1
      MAX_ARRAY_SIZE = 2147483639
      modCount = 1
      MAX_ARRAY_SIZE = 2147483639
    initialized = true
    lock = class com.ibm.ws.webcontainer.webapp.WebApp$1@3f36118a
      this$0 = class com.ibm.ws.webcontainer.osgi.webapp.WebApp@5ca32310
    afterServletContextCreated = false
    redirectContextRoot = false
    errorExceptionTypeFirst = false
    initFilterBeforeServletInit = false
    sortedServletConfigs = class java.util.ArrayList@1d623729
      serialVersionUID = 8683452581122892189
      DEFAULT_CAPACITY = 10
      EMPTY_ELEMENTDATA = class java.lang.Object[0]
      DEFAULTCAPACITY_EMPTY_ELEMENTDATA = class java.lang.Object[0]
      elementData = class java.lang.Object[10]
      size = 1
      MAX_ARRAY_SIZE = 2147483639
      modCount = 1
      MAX_ARRAY_SIZE = 2147483639
    effectiveMajorVersion = 3
    effectiveMinorVersion = 0
    canAddServletContextListener = true
    withinContextInitOfProgAddListener = false
    lastProgAddListenerInitialized = "com.ibm.ws.jsp.runtime.ContextListener"
    webInfLibClassloader = null
    metaInfCache = class com.ibm.ws.webcontainer.webapp.WebApp$2@551bb2e4
      this$0 = class com.ibm.ws.webcontainer.osgi.webapp.WebApp@5ca32310
      serialVersionUID = 3801124242820219131
      head = null
      tail = null
      accessOrder = true
      serialVersionUID = 362498820763181265
      DEFAULT_INITIAL_CAPACITY = 16
      MAXIMUM_CAPACITY = 1073741824
      DEFAULT_LOAD_FACTOR = 0.75
      TREEIFY_THRESHOLD = 8
      UNTREEIFY_THRESHOLD = 6
      MIN_TREEIFY_CAPACITY = 64
      table = null
      entrySet = null
      size = 0
      modCount = 0
      threshold = 32
      loadFactor = 1.0
      keySet = null
      values = null
    useMetaInfCache = true
    SUN_CONFIGURE_LISTENER_CLASSNAME = "com.sun.faces.config.ConfigureListener"
    MYFACES_LIFECYCLE_LISTENER_CLASSNAME = "org.apache.myfaces.webapp.StartupServletContextListener"
    JSF_IMPL_ENABLED_PARAM = "com.ibm.ws.jsf.JSF_IMPL_ENABLED"
    JSF_IMPL_ENABLED_CUSTOM = "Custom"
    JSF_IMPL_ENABLED_NONE = "None"
    staticDocRoot = class com.ibm.ws.webcontainer.util.DocumentRootUtils@5afd23ee
      logger = class com.ibm.ws.logging.internal.WsLogger@3b1dd227
      CLASS_NAME = "com.ibm.ws.webcontainer.util.DocumentRootUtils"
      useContentLength = false
      matchedFile = null
      matchedZipFile = null
      matchedEntry = null
      matchedURL = null
      edrRoot = null
      pfedrRoot = null
      ctxt = class com.ibm.ws.webcontainer.osgi.webapp.WebApp@5ca32310
      baseDir = null
      edr = null
      pfedr = null
      metaInfRes = null
      searchpfEDR = false
      searchEDR = false
      searchMetaInfRes = true
      matchFromEDR = false
      matchFromMetaInfRes = false
      matchIsADirectory = false
      appConfig = class com.ibm.ws.webcontainer.osgi.webapp.WebAppConfiguration@d390aa4
      attributeType = "staticFile"
      STATIC_FILE = "staticFile"
      JSP = "jsp"
      PFEDR = "preFragmentExtendedDocumentRoot"
      EDR = "extendedDocumentRoot"
    jspDocRoot = class com.ibm.ws.webcontainer.util.DocumentRootUtils@55c8d37a
      logger = class com.ibm.ws.logging.internal.WsLogger@3b1dd227
      CLASS_NAME = "com.ibm.ws.webcontainer.util.DocumentRootUtils"
      useContentLength = false
      matchedFile = null
      matchedZipFile = null
      matchedEntry = null
      matchedURL = null
      edrRoot = null
      pfedrRoot = null
      ctxt = class com.ibm.ws.webcontainer.osgi.webapp.WebApp@5ca32310
      baseDir = null
      edr = null
      pfedr = null
      metaInfRes = null
      searchpfEDR = false
      searchEDR = false
      searchMetaInfRes = true
      matchFromEDR = false
      matchFromMetaInfRes = false
      matchIsADirectory = false
      appConfig = class com.ibm.ws.webcontainer.osgi.webapp.WebAppConfiguration@d390aa4
      attributeType = "jsp"
      STATIC_FILE = "staticFile"
      JSP = "jsp"
      PFEDR = "preFragmentExtendedDocumentRoot"
      EDR = "extendedDocumentRoot"
    container = class com.ibm.ws.adaptable.module.internal.AdaptableContainerImpl@7d7e7109
      root = class com.ibm.ws.adaptable.module.internal.AdaptableContainerImpl@7d7e7109
      rootOverlay = class com.ibm.ws.artifact.overlay.internal.DirectoryBasedOverlayContainerImpl@3cf80cb5
      factoryHolder = class com.ibm.ws.adaptable.module.internal.AdaptableModuleFactoryImpl@6d766f33
      delegate = class com.ibm.ws.artifact.overlay.internal.DirectoryBasedOverlayContainerImpl@3cf80cb5
      notifier = class com.ibm.ws.adaptable.module.internal.NotifierImpl@3f91bff4
      serialVersionUID = -5621513278641113667
      $$$tc$$$ = class com.ibm.websphere.ras.TraceComponent@50a06457
    metaInfResourceFinder = class com.ibm.ws.webcontainer.util.MetaInfResourceFinder@599f6d95
      jarResourceContainers = class java.util.ArrayList@5ae3b5a1
      container = class com.ibm.ws.adaptable.module.internal.AdaptableContainerImpl@7d7e7109
    postConstructMethods = class com.ibm.ws.webcontainer.webapp.WebApp$AnnotatedMethods@519b78d0
      annotationClass = class java.lang.Class@58c01837
      noOpClassNames = class java.util.HashSet@3a421960
      annotatedMethodNames = class java.util.concurrent.ConcurrentHashMap@7f250715
      EMPTY_METHODS = class java.lang.reflect.Method[0]
    preDestroyMethods = class com.ibm.ws.webcontainer.webapp.WebApp$AnnotatedMethods@62cad35e
      annotationClass = class java.lang.Class@1ca53923
      noOpClassNames = class java.util.HashSet@59076ca1
      annotatedMethodNames = class java.util.concurrent.ConcurrentHashMap@19b7f973
      EMPTY_METHODS = class java.lang.reflect.Method[0]
    OBJ_EMPTY = class java.lang.Object[0]
    CLASS_EMPTY = class java.lang.Class[0]
    DEFAULT_JSP_EXTENSIONS = class java.util.ArrayList@710a8f7e
      serialVersionUID = 8683452581122892189
      DEFAULT_CAPACITY = 10
      EMPTY_ELEMENTDATA = class java.lang.Object[0]
      DEFAULTCAPACITY_EMPTY_ELEMENTDATA = class java.lang.Object[0]
      elementData = class java.lang.Object[10]
      size = 4
      MAX_ARRAY_SIZE = 2147483639
      modCount = 4
      MAX_ARRAY_SIZE = 2147483639
    DEFER_SERVLET_REQUEST_LISTENER_DESTROY_ON_ERROR = false
    DO_ACCEPT_PARTIAL = true
    DO_NOT_ACCEPT_PARTIAL = false
    DO_ACCEPT_EXCLUDED = true
    DO_NOT_ACCEPT_EXCLUDED = false
    commands = class java.util.ArrayList@535ba70f
      serialVersionUID = 8683452581122892189
      DEFAULT_CAPACITY = 10
      EMPTY_ELEMENTDATA = class java.lang.Object[0]
      DEFAULTCAPACITY_EMPTY_ELEMENTDATA = class java.lang.Object[0]
      elementData = class java.lang.Object[3]
      size = 0
      MAX_ARRAY_SIZE = 2147483639
      modCount = 0
      MAX_ARRAY_SIZE = 2147483639
    requestMapper = class com.ibm.wsspi.webcontainer.util.URIMapper@590c084c
      matcher = class com.ibm.wsspi.webcontainer.util.URIMatcher@7eaf052f
    parent = class com.ibm.ws.webcontainer.osgi.webapp.WebGroup@6d687010
      tc = class com.ibm.websphere.ras.TraceComponent@6ee29983
      logger = class com.ibm.ws.logging.internal.WsLogger@2239c665
      CLASS_NAME = "com.ibm.ws.webcontainer.webapp.WebGroup"
      sessUrlRewritePrefix = ";jsessionid="
      qMark = "?"
      config = class com.ibm.ws.webcontainer.osgi.webapp.WebGroupConfiguration@4c9ebfd6
      webApp = class com.ibm.ws.webcontainer.osgi.webapp.WebApp@5ca32310
      commands = class java.util.ArrayList@124f4e81
      requestMapper = null
      parent = class com.ibm.ws.webcontainer.osgi.DynamicVirtualHost@72102710
      name = "/web/*"
      isAlive = true
      subElements = class java.util.HashMap@20132d23
      attributes = null
      config = null
      serialVersionUID = -8271459000149267764
      $$$tc$$$ = class com.ibm.websphere.ras.TraceComponent@7ffac0a5
    name = "web"
    isAlive = true
    subElements = null
    attributes = class java.util.Collections$SynchronizedMap@48bc73bc
      serialVersionUID = 1978198479659022715
      m = class java.util.HashMap@46fc6f67
      mutex = class java.util.Collections$SynchronizedMap@48bc73bc
      keySet = null
      entrySet = class java.util.Collections$SynchronizedSet@4831a5f7
      values = null
    config = null
    serialVersionUID = -8271459000149267764
    $$$tc$$$ = class com.ibm.websphere.ras.TraceComponent@7ffac0a5
      strings[0] = "TraceComponent[com.ibm.ws.container.AbstractContainer,class com.ibm.ws.container.AbstractContainer,[],null,null]"

