------Start of DE processing------ = [9/6/17 11:39:28:585 EDT]
Exception = org.springframework.beans.factory.BeanInitializationException
Source = com.ibm.ws.webcontainer.servlet.ServletWrapper.init
probeid = 181
Stack Dump = org.springframework.beans.factory.BeanInitializationException: Could not load properties; nested exception is java.io.FileNotFoundException: Could not open ServletContext resource [/${ewms.system.properties.path}]
	at org.springframework.beans.factory.config.PropertyResourceConfigurer.postProcessBeanFactory(PropertyResourceConfigurer.java:89)
	at org.springframework.context.support.PostProcessorRegistrationDelegate.invokeBeanFactoryPostProcessors(PostProcessorRegistrationDelegate.java:281)
	at org.springframework.context.support.PostProcessorRegistrationDelegate.invokeBeanFactoryPostProcessors(PostProcessorRegistrationDelegate.java:161)
	at org.springframework.context.support.AbstractApplicationContext.invokeBeanFactoryPostProcessors(AbstractApplicationContext.java:687)
	at org.springframework.context.support.AbstractApplicationContext.refresh(AbstractApplicationContext.java:525)
	at org.springframework.web.context.ContextLoader.configureAndRefreshWebApplicationContext(ContextLoader.java:443)
	at org.springframework.web.context.ContextLoader.initWebApplicationContext(ContextLoader.java:325)
	at org.springframework.web.context.ContextLoaderListener.contextInitialized(ContextLoaderListener.java:107)
	at com.ibm.ws.webcontainer.webapp.WebApp.notifyServletContextCreated(WebApp.java:2428)
	at com.ibm.ws.webcontainer.webapp.WebApp.initialize(WebApp.java:1065)
	at com.ibm.ws.webcontainer.webapp.WebApp.initialize(WebApp.java:6595)
	at com.ibm.ws.webcontainer.osgi.DynamicVirtualHost.startWebApp(DynamicVirtualHost.java:468)
	at com.ibm.ws.webcontainer.osgi.DynamicVirtualHost.startWebApplication(DynamicVirtualHost.java:463)
	at com.ibm.ws.webcontainer.osgi.WebContainer.startWebApplication(WebContainer.java:1120)
	at com.ibm.ws.webcontainer.osgi.WebContainer.access$000(WebContainer.java:104)
	at com.ibm.ws.webcontainer.osgi.WebContainer$2.run(WebContainer.java:932)
	at java.util.concurrent.Executors$RunnableAdapter.call(Unknown Source)
	at java.util.concurrent.FutureTask.run(Unknown Source)
	at java.util.concurrent.ThreadPoolExecutor.runWorker(Unknown Source)
	at java.util.concurrent.ThreadPoolExecutor$Worker.run(Unknown Source)
	at java.lang.Thread.run(Unknown Source)
Caused by: java.io.FileNotFoundException: Could not open ServletContext resource [/${ewms.system.properties.path}]
	at org.springframework.web.context.support.ServletContextResource.getInputStream(ServletContextResource.java:141)
	at org.springframework.core.io.support.EncodedResource.getInputStream(EncodedResource.java:154)
	at org.springframework.core.io.support.PropertiesLoaderUtils.fillProperties(PropertiesLoaderUtils.java:98)
	at org.springframework.core.io.support.PropertiesLoaderSupport.loadProperties(PropertiesLoaderSupport.java:177)
	at org.springframework.core.io.support.PropertiesLoaderSupport.mergeProperties(PropertiesLoaderSupport.java:158)
	at org.springframework.beans.factory.config.PropertyResourceConfigurer.postProcessBeanFactory(PropertyResourceConfigurer.java:80)
	... 20 more

Dump of callerThis
Object type = com.ibm.ws.webcontainer.osgi.servlet.ServletWrapper
  serialVersionUID = 1
  _mo = class com.ibm.ws.managedobject.internal.ManagedObjectImpl@190ef5c5
    object = "<sensitive org.springframework.web.servlet.DispatcherServlet@c9edf86>"
    serialVersionUID = -5603642874755101089
    $$$tc$$$ = class com.ibm.websphere.ras.TraceComponent@55d2cb7d
      strings[0] = "TraceComponent[com.ibm.ws.managedobject.internal.ManagedObjectImpl,class com.ibm.ws.managedobject.internal.ManagedObjectImpl,[],null,null]"
  serialVersionUID = -4479626085298397598
  notifyInvocationListeners = false
  UNINITIALIZED_STATE = -1
  AVAILABLE_STATE = 0
  UNAVAILABLE_STATE = 1
  UNAVAILABLE_PERMANENTLY_STATE = 2
  collabHelper = class com.ibm.ws.webcontainer.osgi.collaborator.CollaboratorHelperImpl@6a75052c
    webAppInvCollabs = class java.util.Collections$UnmodifiableSet@67a27d18
      serialVersionUID = -9215047833775013803
      serialVersionUID = 1820017752578914078
      c = class java.util.concurrent.CopyOnWriteArraySet@7323f35f
    securityDomainForApp = null
    logger = class com.ibm.ws.logging.internal.WsLogger@596b1dae
      tc = class com.ibm.websphere.ras.TraceComponent@413bf9d2
      ivCachedResourceBundleName = null
      ivCachedResourceBundle = null
      ivComponent = null
      ivOrganization = null
      ivProduct = null
      ivMinimumLocalizationLevelIntValue = 625
      ivTC = class com.ibm.websphere.ras.TraceComponent@397f9622
      loggerRegistrationComponent = class java.lang.ThreadLocal@1b515dbe
      emptyHandlers = class java.util.logging.Handler[0]
      offValue = 2147483647
      SYSTEM_LOGGER_RB_NAME = "sun.util.logging.resources.logging"
      SYSTEM_BUNDLE = class java.util.logging.Logger$LoggerBundle@3974106a
      NO_RESOURCE_BUNDLE = class java.util.logging.Logger$LoggerBundle@1b94e007
      manager = class com.ibm.ws.kernel.boot.logging.WsLogManager@254df177
      name = "com.ibm.ws.webcontainer.collaborator"
      handlers = class java.util.concurrent.CopyOnWriteArrayList@6bfc4c3f
      loggerBundle = class java.util.logging.Logger$LoggerBundle@4e3fa654
      useParentHandlers = true
      filter = null
      anonymous = false
      catalog = class com.ibm.ws.webcontainer.resources.Messages@4300cacf
      catalogName = "com.ibm.ws.webcontainer.resources.Messages"
      catalogLocale = class java.util.Locale@11a60c05
      treeLock = class java.lang.Object@5baa910f
      parent = class com.ibm.ws.logging.internal.WsLogger@685f402b
      kids = null
      levelObject = class java.util.logging.Level@372575d6
      levelValue = 800
      callersClassLoaderRef = class java.lang.ref.WeakReference@1d7b19c6
      isSystemLogger = false
      GLOBAL_LOGGER_NAME = "global"
      global = class java.util.logging.Logger@196f483d
      $assertionsDisabled = true
    staticDefaultSecurityCollaborator = class com.ibm.ws.webcontainer.collaborator.WebAppSecurityCollaborator@635929a7
    logger = class com.ibm.ws.logging.internal.WsLogger@298d983b
      tc = class com.ibm.websphere.ras.TraceComponent@413bf9d2
      ivCachedResourceBundleName = null
      ivCachedResourceBundle = null
      ivComponent = null
      ivOrganization = null
      ivProduct = null
      ivMinimumLocalizationLevelIntValue = 625
      ivTC = class com.ibm.websphere.ras.TraceComponent@53a19c1e
      loggerRegistrationComponent = class java.lang.ThreadLocal@1b515dbe
      emptyHandlers = class java.util.logging.Handler[0]
      offValue = 2147483647
      SYSTEM_LOGGER_RB_NAME = "sun.util.logging.resources.logging"
      SYSTEM_BUNDLE = class java.util.logging.Logger$LoggerBundle@3974106a
      NO_RESOURCE_BUNDLE = class java.util.logging.Logger$LoggerBundle@1b94e007
      manager = class com.ibm.ws.kernel.boot.logging.WsLogManager@254df177
      name = "com.ibm.wsspi.webcontainer.collaborator"
      handlers = class java.util.concurrent.CopyOnWriteArrayList@4f126c1f
      loggerBundle = class java.util.logging.Logger$LoggerBundle@5f8b9cdc
      useParentHandlers = true
      filter = null
      anonymous = false
      catalog = class com.ibm.ws.webcontainer.resources.Messages@4300cacf
      catalogName = "com.ibm.ws.webcontainer.resources.Messages"
      catalogLocale = class java.util.Locale@11a60c05
      treeLock = class java.lang.Object@5baa910f
      parent = class java.util.logging.Logger@3949a10
      kids = null
      levelObject = class java.util.logging.Level@372575d6
      levelValue = 800
      callersClassLoaderRef = class java.lang.ref.WeakReference@2c631fe1
      isSystemLogger = false
      GLOBAL_LOGGER_NAME = "global"
      global = class java.util.logging.Logger@196f483d
      $assertionsDisabled = true
    CLASS_NAME = "com.ibm.wsspi.webcontainer.collaborator.CollaboratorHelper"
    webApp = class com.ibm.ws.webcontainer.osgi.webapp.WebApp@7b4204de
    securityCollaborator = class com.ibm.ws.webcontainer.collaborator.WebAppSecurityCollaborator@635929a7
    nameSpaceCollaborator = class com.ibm.ws.webcontainer.osgi.collaborator.WebAppNameSpaceCollaboratorImpl@64dd1003
    transactionCollaborator = class com.ibm.ws.transaction.services.WebAppTransactionCollaboratorImpl@3b35d515
    connectionCollaborator = class com.ibm.ws.webcontainer.collaborator.ConnectionCollaborator@5db36aaf
    allCollabEnum = class java.util.RegularEnumSet@5c348ada
      serialVersionUID = 3411599620347842686
      elements = 511
      elementType = class java.lang.Class@797ff646
      universe = class com.ibm.wsspi.webcontainer.collaborator.CollaboratorInvocationEnum[9]
      ZERO_LENGTH_ENUM_ARRAY = class java.lang.Enum[0]
      MAX_ARRAY_SIZE = 2147483639
    servlet_23_or_greater = true
    DEFER_SERVLET_REQUEST_LISTENER_DESTROY_ON_ERROR = false
  nServicing = class java.util.concurrent.atomic.AtomicInteger@2d8fa107
    serialVersionUID = 6214790243416807050
    unsafe = class sun.misc.Unsafe@480049fc
      theUnsafe = class sun.misc.Unsafe@480049fc
      INVALID_FIELD_OFFSET = -1
      ARRAY_BOOLEAN_BASE_OFFSET = 16
      ARRAY_BYTE_BASE_OFFSET = 16
      ARRAY_SHORT_BASE_OFFSET = 16
      ARRAY_CHAR_BASE_OFFSET = 16
      ARRAY_INT_BASE_OFFSET = 16
      ARRAY_LONG_BASE_OFFSET = 16
      ARRAY_FLOAT_BASE_OFFSET = 16
      ARRAY_DOUBLE_BASE_OFFSET = 16
      ARRAY_OBJECT_BASE_OFFSET = 16
      ARRAY_BOOLEAN_INDEX_SCALE = 1
      ARRAY_BYTE_INDEX_SCALE = 1
      ARRAY_SHORT_INDEX_SCALE = 2
      ARRAY_CHAR_INDEX_SCALE = 2
      ARRAY_INT_INDEX_SCALE = 4
      ARRAY_LONG_INDEX_SCALE = 8
      ARRAY_FLOAT_INDEX_SCALE = 4
      ARRAY_DOUBLE_INDEX_SCALE = 8
      ARRAY_OBJECT_INDEX_SCALE = 4
      ADDRESS_SIZE = 8
    valueOffset = 12
    value = 0
    serialVersionUID = -8742448824652078965
  lastAccessTime = 1504712364602
  state = -1
  logger = class com.ibm.ws.logging.internal.WsLogger@4b03c17a
    tc = class com.ibm.websphere.ras.TraceComponent@413bf9d2
      strings[0] = "TraceComponent[com.ibm.ws.logging.internal.WsLogger,class com.ibm.ws.logging.internal.WsLogger,[logging],com.ibm.ws.logging.internal.resources.LoggingMessages,null]"
    ivCachedResourceBundleName = null
    ivCachedResourceBundle = null
    ivComponent = null
    ivOrganization = null
    ivProduct = null
    ivMinimumLocalizationLevelIntValue = 625
    ivTC = class com.ibm.websphere.ras.TraceComponent@25c8b334
      strings[0] = "TraceComponent[com.ibm.ws.webcontainer.servlet,class com.ibm.wsspi.webcontainer.logging.LoggerFactory$1,[com.ibm.ws.webcontainer.servlet],null,null]"
    loggerRegistrationComponent = class java.lang.ThreadLocal@1b515dbe
      threadLocalHashCode = 661548054
      nextHashCode = class java.util.concurrent.atomic.AtomicInteger@7523748d
      HASH_INCREMENT = 1640531527
    emptyHandlers = class java.util.logging.Handler[0]
    offValue = 2147483647
    SYSTEM_LOGGER_RB_NAME = "sun.util.logging.resources.logging"
    SYSTEM_BUNDLE = class java.util.logging.Logger$LoggerBundle@3974106a
      resourceBundleName = "sun.util.logging.resources.logging"
      userBundle = null
    NO_RESOURCE_BUNDLE = class java.util.logging.Logger$LoggerBundle@1b94e007
      resourceBundleName = null
      userBundle = null
    manager = class com.ibm.ws.kernel.boot.logging.WsLogManager@254df177
      CLASS_NAME = "com.ibm.ws.kernel.boot.logging.WsLogManager"
      CONFIGURE_BY_SERVER_PROPERTY_NAME = "java.util.logging.configureByServer"
      CONFIGURE_BY_LOGGING_PROPERTIES_FILE = "java.util.logging.configureByLoggingPropertiesFile"
      configureByServer = true
      configureByLoggingProperties = false
      wsLogger = class java.lang.reflect.Constructor@2abb5e57
      resetEnabled = true
      manager = class com.ibm.ws.kernel.boot.logging.WsLogManager@254df177
      props = class java.util.Properties@66902fd3
      defaultLevel = class java.util.logging.Level@372575d6
      listenerMap = class java.util.HashMap@60290b8b
      systemContext = class java.util.logging.LogManager$SystemLoggerContext@2fecc48d
      userContext = class java.util.logging.LogManager$LoggerContext@5fd56ec1
      rootLogger = class java.util.logging.LogManager$RootLogger@385c3c5f
      readPrimordialConfiguration = true
      initializedGlobalHandlers = true
      deathImminent = false
      initializedCalled = true
      initializationDone = true
      contextsMap = null
      loggerRefQueue = class java.lang.ref.ReferenceQueue@10811d8c
      MAX_ITERATIONS = 400
      controlPermission = class java.util.logging.LoggingPermission@59006bbd
      loggingMXBean = null
      LOGGING_MXBEAN_NAME = "java.util.logging:type=Logging"
      $assertionsDisabled = true
    name = "com.ibm.ws.webcontainer.servlet"
    handlers = class java.util.concurrent.CopyOnWriteArrayList@2d5e46a1
      serialVersionUID = 8673264195747942595
      lock = class java.util.concurrent.locks.ReentrantLock@237964e3
      array = class java.lang.Object[0]
      UNSAFE = class sun.misc.Unsafe@480049fc
      lockOffset = 12
    loggerBundle = class java.util.logging.Logger$LoggerBundle@2eb2cbbc
      resourceBundleName = "com.ibm.ws.webcontainer.resources.Messages"
      userBundle = null
    useParentHandlers = true
    filter = null
    anonymous = false
    catalog = class com.ibm.ws.webcontainer.resources.Messages@7808dde7
      resources = class [Ljava.lang.Object;[332]
      lookup = class java.util.HashMap@20212f5d
      INITIAL_CACHE_SIZE = 32
      NONEXISTENT_BUNDLE = class java.util.ResourceBundle$1@164d5286
      cacheList = class java.util.concurrent.ConcurrentHashMap@86d4a6b
      referenceQueue = class java.lang.ref.ReferenceQueue@52d24a0a
      parent = null
      locale = class java.util.Locale@3dfee583
      name = "com.ibm.ws.webcontainer.resources.Messages"
      expired = false
      cacheKey = class java.util.ResourceBundle$CacheKey@7b20ccca
      keySet = null
      providers = null
      $assertionsDisabled = true
    catalogName = "com.ibm.ws.webcontainer.resources.Messages"
    catalogLocale = class java.util.Locale@11a60c05
      LOCALECACHE = class java.util.Locale$Cache@53f9fb3c
      ENGLISH = class java.util.Locale@2e531d22
      FRENCH = class java.util.Locale@63989660
      GERMAN = class java.util.Locale@2fe4a041
      ITALIAN = class java.util.Locale@33589e9a
      JAPANESE = class java.util.Locale@5543fde
      KOREAN = class java.util.Locale@22d88282
      CHINESE = class java.util.Locale@2834d830
      SIMPLIFIED_CHINESE = class java.util.Locale@5fef2fe2
      TRADITIONAL_CHINESE = class java.util.Locale@7be1510e
      FRANCE = class java.util.Locale@1d4b0062
      GERMANY = class java.util.Locale@13b0aea3
      ITALY = class java.util.Locale@35860308
      JAPAN = class java.util.Locale@449e5d97
      KOREA = class java.util.Locale@1931d76
      CHINA = class java.util.Locale@5fef2fe2
      PRC = class java.util.Locale@5fef2fe2
      TAIWAN = class java.util.Locale@7be1510e
      UK = class java.util.Locale@17c07e51
      US = class java.util.Locale@11a60c05
      CANADA = class java.util.Locale@12dba1e2
      CANADA_FRENCH = class java.util.Locale@249f24cb
      ROOT = class java.util.Locale@3dfee583
      PRIVATE_USE_EXTENSION = x
      UNICODE_LOCALE_EXTENSION = u
      serialVersionUID = 9149081749638150636
      DISPLAY_LANGUAGE = 0
      DISPLAY_COUNTRY = 1
      DISPLAY_VARIANT = 2
      DISPLAY_SCRIPT = 3
      baseLocale = class sun.util.locale.BaseLocale@664346f3
      localeExtensions = null
      hashCodeValue = 96636889
      defaultLocale = class java.util.Locale@11a60c05
      defaultDisplayLocale = null
      defaultFormatLocale = class java.util.Locale@11a60c05
      languageTag = "en-US"
      serialPersistentFields = class java.io.ObjectStreamField[6]
      isoLanguages = null
      isoCountries = null
      $assertionsDisabled = true
    treeLock = class java.lang.Object@5baa910f
    parent = class com.ibm.ws.logging.internal.WsLogger@685f402b
      tc = class com.ibm.websphere.ras.TraceComponent@413bf9d2
      ivCachedResourceBundleName = "com.ibm.ws.webcontainer.resources.Messages"
      ivCachedResourceBundle = class com.ibm.ws.webcontainer.resources.Messages@7808dde7
      ivComponent = null
      ivOrganization = null
      ivProduct = null
      ivMinimumLocalizationLevelIntValue = 625
      ivTC = class com.ibm.websphere.ras.TraceComponent@d1be3cb
      loggerRegistrationComponent = class java.lang.ThreadLocal@1b515dbe
      emptyHandlers = class java.util.logging.Handler[0]
      offValue = 2147483647
      SYSTEM_LOGGER_RB_NAME = "sun.util.logging.resources.logging"
      SYSTEM_BUNDLE = class java.util.logging.Logger$LoggerBundle@3974106a
      NO_RESOURCE_BUNDLE = class java.util.logging.Logger$LoggerBundle@1b94e007
      manager = class com.ibm.ws.kernel.boot.logging.WsLogManager@254df177
      name = "com.ibm.ws.webcontainer"
      handlers = class java.util.concurrent.CopyOnWriteArrayList@a8ec96e
      loggerBundle = class java.util.logging.Logger$LoggerBundle@6ddc13be
      useParentHandlers = true
      filter = null
      anonymous = false
      catalog = class com.ibm.ws.webcontainer.resources.Messages@7808dde7
      catalogName = "com.ibm.ws.webcontainer.resources.Messages"
      catalogLocale = class java.util.Locale@11a60c05
      treeLock = class java.lang.Object@5baa910f
      parent = class java.util.logging.Logger@3949a10
      kids = class java.util.ArrayList@1df71769
      levelObject = class java.util.logging.Level@372575d6
      levelValue = 800
      callersClassLoaderRef = class java.lang.ref.WeakReference@5fe3d477
      isSystemLogger = false
      GLOBAL_LOGGER_NAME = "global"
      global = class java.util.logging.Logger@196f483d
      $assertionsDisabled = true
    kids = null
    levelObject = class java.util.logging.Level@372575d6
      defaultBundle = "sun.util.logging.resources.logging"
      name = "INFO"
      value = 800
      resourceBundleName = "sun.util.logging.resources.logging"
      localizedLevelName = "INFO"
      cachedLocale = class java.util.Locale@11a60c05
      OFF = class java.util.logging.Level@65d954c3
      SEVERE = class java.util.logging.Level@251bc068
      WARNING = class java.util.logging.Level@58201e9d
      INFO = class java.util.logging.Level@372575d6
      CONFIG = class java.util.logging.Level@744b7afb
      FINE = class java.util.logging.Level@5b9b47fd
      FINER = class java.util.logging.Level@2078c466
      FINEST = class java.util.logging.Level@78f4e202
      ALL = class java.util.logging.Level@5747d345
      serialVersionUID = -8176160795706313070
    levelValue = 800
    callersClassLoaderRef = class java.lang.ref.WeakReference@226896c7
      referent = class org.eclipse.osgi.internal.loader.EquinoxClassLoader@4f64cb79
      queue = class java.lang.ref.ReferenceQueue$Null@254f9603
      next = null
      discovered = null
      lock = class java.lang.ref.Reference$Lock@6f32f19f
      pending = null
    isSystemLogger = false
    GLOBAL_LOGGER_NAME = "global"
    global = class java.util.logging.Logger@196f483d
      emptyHandlers = class java.util.logging.Handler[0]
      offValue = 2147483647
      SYSTEM_LOGGER_RB_NAME = "sun.util.logging.resources.logging"
      SYSTEM_BUNDLE = class java.util.logging.Logger$LoggerBundle@3974106a
      NO_RESOURCE_BUNDLE = class java.util.logging.Logger$LoggerBundle@1b94e007
      manager = class com.ibm.ws.kernel.boot.logging.WsLogManager@254df177
      name = "global"
      handlers = class java.util.concurrent.CopyOnWriteArrayList@5ab2e0cb
      loggerBundle = class java.util.logging.Logger$LoggerBundle@1b94e007
      useParentHandlers = true
      filter = null
      anonymous = false
      catalog = null
      catalogName = null
      catalogLocale = null
      treeLock = class java.lang.Object@5baa910f
      parent = class java.util.logging.Logger@3949a10
      kids = null
      levelObject = null
      levelValue = 800
      callersClassLoaderRef = null
      isSystemLogger = true
      GLOBAL_LOGGER_NAME = "global"
      global = class java.util.logging.Logger@196f483d
      $assertionsDisabled = true
    $assertionsDisabled = true
  CLASS_NAME = "com.ibm.ws.webcontainer.servlet.ServletWrapper"
  nls = class com.ibm.ejs.ras.TraceNLS@41b1d92b
    resolver = class com.ibm.ws.logging.internal.TraceNLSResolver@1d4acd5d
      tc = class com.ibm.websphere.ras.TraceComponent@2173f6d9
      DEBUG_TRACE_NLS_PROPERTY = "com.ibm.ejs.ras.debugTraceNLSResolver"
      debugTraceNLSResolver = false
      makeNoise = false
      nullKey = "null"
      svNullBundleName = "Resource Bundle name is null, key = {0}"
      svBundleNotLoaded = "Unable to load ResourceBundle {0}"
      svNullKeyMessage = "Null key passed while using ResourceBundle {0}"
      svMalformedMessage = "No message text associated with key {0} in bundle {1}"
    finder = class com.ibm.ws.logging.internal.StackFinder@5a849dbb
      inCheck = false
      initialized = true
      rootGroup = class java.lang.ThreadGroup@364217da
      packageAccessValid = false
      packageAccess = null
      packageAccessLock = class java.lang.Object@262c9a4d
      packageDefinitionValid = false
      packageDefinition = null
      packageDefinitionLock = class java.lang.Object@543e6c11
    ivBundleName = "com.ibm.ws.webcontainer.resources.Messages"
    caller = class java.lang.Class@46d19136
      ANNOTATION = 8192
      ENUM = 16384
      SYNTHETIC = 4096
      cachedConstructor = null
      newInstanceCallerCache = null
      name = "com.ibm.ws.webcontainer.servlet.ServletWrapper"
      allPermDomain = class java.security.ProtectionDomain@5c6d9f0c
      useCaches = true
      reflectionData = class java.lang.ref.SoftReference@7b563663
      classRedefinedCount = 1
      genericInfo = null
      serialVersionUID = 3206093459760846163
      serialPersistentFields = class java.io.ObjectStreamField[0]
      reflectionFactory = class sun.reflect.ReflectionFactory@4bb23cd9
      initted = true
      enumConstants = null
      enumConstantDirectory = null
      annotationData = class java.lang.Class$AnnotationData@43675224
      annotationType = null
      classValueMap = null
  servletConfig = class com.ibm.ws.webcontainer.servlet.ServletConfig@6cc58ffb
    logger = class com.ibm.ws.logging.internal.WsLogger@4b03c17a
    CLASS_NAME = "com.ibm.ws.webcontainer.servlet.ServletConfig"
    nls = class com.ibm.ejs.ras.TraceNLS@5d1b925f
      resolver = class com.ibm.ws.logging.internal.TraceNLSResolver@1d4acd5d
      finder = class com.ibm.ws.logging.internal.StackFinder@5a849dbb
      ivBundleName = "com.ibm.ws.webcontainer.resources.Messages"
      caller = class java.lang.Class@3fbb20f9
    liberty_nls = class com.ibm.ejs.ras.TraceNLS@164baada
      resolver = class com.ibm.ws.logging.internal.TraceNLSResolver@1d4acd5d
      finder = class com.ibm.ws.logging.internal.StackFinder@5a849dbb
      ivBundleName = "com.ibm.ws.webcontainer.resources.LShimMessages"
      caller = class java.lang.Class@3fbb20f9
    enabled = true
    servletName = "ewms"
    className = "org.springframework.web.servlet.DispatcherServlet"
    mappings = class java.util.ArrayList@356003c9
      serialVersionUID = 8683452581122892189
      DEFAULT_CAPACITY = 10
      EMPTY_ELEMENTDATA = class java.lang.Object[0]
      DEFAULTCAPACITY_EMPTY_ELEMENTDATA = class java.lang.Object[0]
      elementData = class java.lang.Object[10]
      size = 1
      MAX_ARRAY_SIZE = 2147483639
      modCount = 1
      MAX_ARRAY_SIZE = 2147483639
    startUpWeight = 1
    DEFAULT_STARTUP = -1
    isCachingEnabled = true
    isStatisticsEnabled = true
    isInternal = false
    metaData = class com.ibm.ws.webcontainer.osgi.metadata.WebComponentMetaDataImpl@603d0c0e
      j2eeName = class com.ibm.ws.container.service.metadata.internal.J2EENameImpl@25290aea
      webModuleMetaData = class com.ibm.ws.webcontainer.osgi.metadata.WebModuleMetaDataImpl@6231e8c8
      mBeanServiceReg = null
      tc = class com.ibm.websphere.ras.TraceComponent@2a543edd
      NUM_STATIC_SLOTS = 4
      ID_UNINITIALIZED = -1
      id = 2
      metaDataInterface = class java.lang.Class@7ac40b24
      staticSlots = class java.lang.Object[4]
      dynamicSlots = null
    singleThreadModelServlet = false
    isJsp = false
    webAppConfig = class com.ibm.ws.webcontainer.osgi.webapp.WebAppConfiguration@133bf0b0
    servletWrapper = class com.ibm.ws.webcontainer.osgi.servlet.ServletWrapper@6135f33c
    servletClass = null
    servlet = null
    addedToLoadOnStartup = true
    previousWeight = null
    multipartConfig = null
    multipartConfigBaseLocation = null
    runAsRole = null
    servletSecurityElement = null
    declareRolesAnnotation = null
    logger = class com.ibm.ws.logging.internal.WsLogger@4b03c17a
    CLASS_NAME = "com.ibm.ws.webcontainer.servlet.TargetConfig"
    initParams = class java.util.HashMap@2a6398ba
      serialVersionUID = 362498820763181265
      DEFAULT_INITIAL_CAPACITY = 16
      MAXIMUM_CAPACITY = 1073741824
      DEFAULT_LOAD_FACTOR = 0.75
      TREEIFY_THRESHOLD = 8
      UNTREEIFY_THRESHOLD = 6
      MIN_TREEIFY_CAPACITY = 64
      table = class java.util.HashMap$Node[16]
      entrySet = null
      size = 1
      modCount = 1
      threshold = 12
      loadFactor = 0.75
      keySet = class java.util.HashMap$KeySet@7d7c54b6
      values = null
    fileName = null
    displayName = null
    name = "ewms"
    description = null
    smallIcon = null
    largeIcon = null
    context = class com.ibm.wsspi.webcontainer.facade.ServletContextFacade@18aacfb2
    className = null
    asyncSupported = false
    _id = "ServletGeneratedId1"
    _attributes = null
    serialVersionUID = 7511545662945734886
    $$$tc$$$ = class com.ibm.websphere.ras.TraceComponent@3c06779e
      strings[0] = "TraceComponent[com.ibm.ws.container.BaseConfiguration,class com.ibm.ws.container.BaseConfiguration,[],null,null]"
  context = class com.ibm.ws.webcontainer.osgi.webapp.WebApp@7b4204de
    tc = class com.ibm.websphere.ras.TraceComponent@272a3d6f
      strings[0] = "TraceComponent[com.ibm.ws.webcontainer.osgi.webapp.WebApp,class com.ibm.ws.webcontainer.osgi.webapp.WebApp,[webcontainer],com.ibm.ws.webcontainer.resources.LShimMessages,null]"
    CLASS_NAME = "com.ibm.ws.webcontainer.osgi.webapp.WebApp"
    metaDataService = class com.ibm.ws.container.service.metadata.internal.MetaDataServiceImpl@2e92806
      applicationMetaDataManager = class com.ibm.ws.container.service.metadata.internal.ApplicationMetaDataManager@a89880
      moduleMetaDataManager = class com.ibm.ws.container.service.metadata.internal.ModuleMetaDataManager@6ec10304
      componentMetaDataManager = class com.ibm.ws.container.service.metadata.internal.ComponentMetaDataManager@292a286f
      methodMetaDataManager = class com.ibm.ws.container.service.metadata.internal.MethodMetaDataManager@335760c0
      appModuleNameToModuleContainer = class java.util.concurrent.ConcurrentHashMap@777f82b2
      jeeNameToComponentMetaData = class java.util.concurrent.ConcurrentHashMap@1140667a
      deferredMetaDataFactories = class com.ibm.wsspi.kernel.service.utils.ConcurrentServiceReferenceSet@69515d6d
      deferredMetaDataInitializers = class com.ibm.wsspi.kernel.service.utils.ConcurrentServiceReferenceMap@610861e7
      serialVersionUID = -2494605732980966097
      $$$tc$$$ = class com.ibm.websphere.ras.TraceComponent@4a7064cb
    namespacePopulated = false
    referenceContext = class com.ibm.ws.injectionengine.osgi.internal.OSGiReferenceContextImpl@4ce80da3
      scopeData = class com.ibm.ws.injectionengine.osgi.internal.OSGiInjectionScopeData@38fd2929
      serialVersionUID = 521511923892134915
      $$$tc$$$ = class com.ibm.websphere.ras.TraceComponent@6ce3bb33
      CLASS_NAME = "com.ibm.ws.injectionengine.ReferenceContextImpl"
      tc = class com.ibm.websphere.ras.TraceComponent@f5ca49d
      ivInjectionEngine = class com.ibm.ws.injectionengine.osgi.internal.OSGiInjectionEngineImpl@668301a3
      ivProviders = class java.util.ArrayList@35d63981
      ivComponentJavaContext = null
      ivComponentNameSpace = null
      ivJavaColonCompEnvMap = class java.util.LinkedHashMap@4241547e
      ivEjbContext10 = class java.util.Properties@8c4ba63
      ivResourceRefConfigList = null
      isAlreadyProcessed = true
      ivProcessFailure = null
      ivInjectionTargetMap = class java.util.concurrent.ConcurrentHashMap@76343cc1
      svInjTarMapCacheSize = 256
      ivDeclaredInjectionTargets = class java.util.HashMap@722a09b7
      ivProcessedInjectionClasses = class java.util.HashSet@3a805128
      ivProcessedInjectionBindings = class java.util.ArrayList@173af3b9
      ivAnyProcessDynamic = false
      ivCheckAppConfig = false
    j2eeNameFactory = class com.ibm.ws.container.service.metadata.internal.J2EENameFactoryImpl@77ce5444
      serialVersionUID = 3486344295038028821
      $$$tc$$$ = class com.ibm.websphere.ras.TraceComponent@31d56f31
    moduleLoader = class com.ibm.ws.classloading.internal.ParentLastClassLoader@354ac63f
    webAppConfig = class com.ibm.ws.webcontainer.osgi.webapp.WebAppConfiguration@133bf0b0
      webModuleMetaData = class com.ibm.ws.webcontainer.osgi.metadata.WebModuleMetaDataImpl@6231e8c8
      webComponentMetaData = class com.ibm.ws.webcontainer.osgi.metadata.WebComponentMetaDataImpl@7fc41ee8
      dVirtualHost = class com.ibm.ws.webcontainer.osgi.DynamicVirtualHost@6c84c46e
      orderedLibPaths = class java.util.Collections$UnmodifiableRandomAccessList@32c2168f
      bundleHeaders = null
      cdiEnabled = false
      CLASS_NAME = "com.ibm.ws.webcontainer.webapp.WebAppConfiguration"
      logger = class com.ibm.ws.logging.internal.WsLogger@d5aa728
      tc = class com.ibm.websphere.ras.TraceComponent@5d8d213
      nls = class com.ibm.ejs.ras.TraceNLS@26af1ac4
      version = 30
      contextRoot = "/web"
      sessionTimeout = 120
      moduleSessionTimeoutSet = true
      moduleSessionTrackingModeSet = false
      sessionCookieConfig = class com.ibm.ws.session.SessionCookieConfigImpl@6d441b69
      hasProgrammaticCookieConfig = false
      sessionDefaultTrackingModeSet = class java.util.RegularEnumSet@13d32a3f
      sessionManagerConfig = class com.ibm.ws.session.SessionManagerConfig@4c3f45f3
      displayName = "USCS.eWMS"
      description = null
      reloadInterval = 0
      distributable = true
      denyUncoveredHttpMethods = false
      reloadingEnabled = false
      serveServletsByClassnameEnabled = null
      defaultErrorPage = null
      additionalClassPath = null
      fileServingEnabled = null
      directoryBrowsingEnabled = null
      autoRequestEncoding = false
      autoResponseEncoding = false
      autoLoadFilters = false
      requestListeners = null
      requestAttributeListeners = null
      sessionListeners = null
      localeMap = null
      moduleName = "web"
      j2eeModuleName = "web.war"
      moduleId = null
      isSyncToThreadEnabled = false
      encodeDispatchedRequestURI = false
      isSystemApp = false
      ardEnabled = false
      ardDispatchType = null
      listeners = class java.util.ArrayList@12181f8a
      welcomeFileList = class java.util.ArrayList@5f4ac1f3
      servletMappings = class java.util.HashMap@55429af7
      lastIndexBeforeDeclaredFilters = 0
      filterMappings = class java.util.ArrayList@63644d71
      servletInfo = class java.util.HashMap@31d2fad8
      filterInfo = class java.util.HashMap@389ef048
      mimeMappings = class java.util.HashMap@79ca508e
      mimeFilters = null
      isMimeFilteringEnabled = false
      theWebGroup = null
      jspAttributes = class java.util.HashMap@38049503
      fileServingAttributes = class java.util.HashMap@1e26bce1
      invokerAttributes = class java.util.HashMap@517503dd
      contextParams = class java.util.HashMap@7a10775d
      virtualHost = "default_host"
      exceptionErrorPages = class java.util.HashMap@66204991
      codeErrorPages = class java.util.HashMap@4d4a3000
      tagLibList = null
      precompileJsps = false
      webApp = class com.ibm.ws.webcontainer.osgi.webapp.WebApp@7b4204de
      virtualHostList = class java.util.Collections$EmptyList@3458a99f
      appStartupWeight = 0
      moduleStartupWeight = 0
      metaDataComplete = false
      classesToScan = class java.util.ArrayList@4d8b8ad6
      uriFilterMappingInfos = null
      servletFilterMappingInfos = null
      dynamicServletRegistrationMap = null
      applicationName = "web"
      libBinPathList = class java.util.ArrayList@29833e37
      webXmlDefinedListeners = class java.util.HashSet@35d5d137
      allRefs = class java.util.EnumMap@44b09243
      allRefBindings = class java.util.EnumMap@55fc7d39
      envEntryValues = class java.util.HashMap@653e9337
      resourceRefConfigList = null
      disallowAllFileServingProp = null
      disallowServeServletsByClassnameProp = null
      disableStaticMappingCache = false
      jspCachedLocations = class java.util.HashMap@7ef9aace
      primedSTSHeader = "NoValue"
      enablemultireadofpostdata = false
      _id = "WebAppGeneratedId1"
      _attributes = null
      serialVersionUID = 7511545662945734886
      $$$tc$$$ = class com.ibm.websphere.ras.TraceComponent@3c06779e
    extensionProcessingDisabled = false
    managedObjectService = class com.ibm.ws.managedobject.internal.ManagedObjectServiceImpl@18ad7167
      serialVersionUID = 2287241231190391755
      $$$tc$$$ = class com.ibm.websphere.ras.TraceComponent@55c79791
    GenPluginCfgMB = null
    internalServletMetaData = interface com.ibm.wsspi.webcontainer.metadata.WebComponentMetaData[2]
      internalServletMetaData[0] = null
      internalServletMetaData[1] = null
    loginProcessor = null
    logoutProcessor = null
    collabHelper = class com.ibm.ws.webcontainer.osgi.collaborator.CollaboratorHelperImpl@6a75052c
    envObject = class com.ibm.ws.util.WSThreadLocal@36c4742d
      tc = class com.ibm.ejs.ras.TraceComponent@398d8db4
      count = 5
      index = 1
      SUSPECTED_MISUSAGE_THRESHOLD = 200
      threadLocalHashCode = -1804945262
      nextHashCode = class java.util.concurrent.atomic.AtomicInteger@7523748d
      HASH_INCREMENT = 1640531527
    orderedLibPaths = class java.util.Collections$UnmodifiableRandomAccessList@32c2168f
      serialVersionUID = -2542308836966382001
      serialVersionUID = -283967356065247728
      list = class java.util.ArrayList@40bf17ab
      serialVersionUID = 1820017752578914078
      c = class java.util.ArrayList@40bf17ab
    perm = class com.ibm.websphere.security.WebSphereRuntimePermission@4f448789
      serialVersionUID = -3306242789188168337
      $$$tc$$$ = class com.ibm.websphere.ras.TraceComponent@93a9af0
      serialVersionUID = 6279438298436773498
      wildcard = false
      path = "accessServletContext"
      exitVM = false
      serialVersionUID = -5636570222231596674
      name = "accessServletContext"
    WELCOME_FILE_LIST = "com.ibm.ws.webcontainer.config.WelcomeFileList"
    DIR_BROWSING_MAPPING = "__dirBrowsing__1504712358444"
    FILTER_PROXY_MAPPING = "/__filterProxy__1504712358444"
    logger = class com.ibm.ws.logging.internal.WsLogger@d5aa728
      tc = class com.ibm.websphere.ras.TraceComponent@413bf9d2
      ivCachedResourceBundleName = "com.ibm.ws.webcontainer.resources.Messages"
      ivCachedResourceBundle = class com.ibm.ws.webcontainer.resources.Messages@7808dde7
      ivComponent = null
      ivOrganization = null
      ivProduct = null
      ivMinimumLocalizationLevelIntValue = 625
      ivTC = class com.ibm.websphere.ras.TraceComponent@7fff7961
      loggerRegistrationComponent = class java.lang.ThreadLocal@1b515dbe
      emptyHandlers = class java.util.logging.Handler[0]
      offValue = 2147483647
      SYSTEM_LOGGER_RB_NAME = "sun.util.logging.resources.logging"
      SYSTEM_BUNDLE = class java.util.logging.Logger$LoggerBundle@3974106a
      NO_RESOURCE_BUNDLE = class java.util.logging.Logger$LoggerBundle@1b94e007
      manager = class com.ibm.ws.kernel.boot.logging.WsLogManager@254df177
      name = "com.ibm.ws.webcontainer.webapp"
      handlers = class java.util.concurrent.CopyOnWriteArrayList@34e0f4cd
      loggerBundle = class java.util.logging.Logger$LoggerBundle@2d0e557b
      useParentHandlers = true
      filter = null
      anonymous = false
      catalog = class com.ibm.ws.webcontainer.resources.Messages@7808dde7
      catalogName = "com.ibm.ws.webcontainer.resources.Messages"
      catalogLocale = class java.util.Locale@11a60c05
      treeLock = class java.lang.Object@5baa910f
      parent = class com.ibm.ws.logging.internal.WsLogger@685f402b
      kids = null
      levelObject = class java.util.logging.Level@372575d6
      levelValue = 800
      callersClassLoaderRef = class java.lang.ref.WeakReference@16429113
      isSystemLogger = false
      GLOBAL_LOGGER_NAME = "global"
      global = class java.util.logging.Logger@196f483d
      $assertionsDisabled = true
    CLASS_NAME = "com.ibm.ws.webcontainer.webapp.WebApp"
    loader = class com.ibm.ws.classloading.internal.ThreadContextClassLoader@19b1aba8
    facade = class com.ibm.wsspi.webcontainer.facade.ServletContextFacade@18aacfb2
    features = class java.util.ArrayList@3afed446
      serialVersionUID = 8683452581122892189
      DEFAULT_CAPACITY = 10
      EMPTY_ELEMENTDATA = class java.lang.Object[0]
      DEFAULTCAPACITY_EMPTY_ELEMENTDATA = class java.lang.Object[0]
      elementData = class java.lang.Object[0]
      size = 0
      MAX_ARRAY_SIZE = 2147483639
      modCount = 0
      MAX_ARRAY_SIZE = 2147483639
    applicationName = "web"
    config = class com.ibm.ws.webcontainer.osgi.webapp.WebAppConfiguration@133bf0b0
    securityEnabledForApp = null
    webExtensionProcessor = class com.ibm.ws.webcontainer.osgi.extension.WebExtensionProcessor@516d645f
      webApp = class com.ibm.ws.webcontainer.osgi.webapp.WebApp@7b4204de
      extensionContext = class com.ibm.ws.webcontainer.osgi.webapp.WebApp@7b4204de
    production = true
    isServlet23 = true
    contextPath = "/web"
    internalServletList = class [Ljava.lang.String;[2]
      internalServletList[0] = class java.lang.String[2]
      internalServletList[1] = class java.lang.String[2]
    BY_NAME_ONLY = "/_1504712358445_/"
    filterManager = null
    documentRoot = null
    SERVLET_API_VERSION = "Servlet 2.5"
    disableServletAuditLogging = 0
    serverInfo = "SMF WebContainer"
    sessionCtx = class com.ibm.ws.webcontainer.session.impl.HttpSessionContextImpl@b5fc321
      methodClassName = "HttpSessionContextImpl"
      _smc = class com.ibm.ws.session.SessionManagerConfig@4c3f45f3
      sessionStoreService = null
      _sap = class com.ibm.ws.session.SessionApplicationParameters@5def8dad
      _coreHttpSessionManager = class com.ibm.ws.session.SessionManager@74a75491
      _coreHttpAppSessionManager = null
      _sam = class com.ibm.ws.webcontainer.session.impl.SessionAffinityManagerImpl@59831a37
      isSIPApplication = false
      sessionAttributeListener = false
      sessionListener = true
      mHttpSessionAttributeListeners = class java.util.ArrayList@7dd698b3
      mHttpSessionListeners = class java.util.ArrayList@5cf5f041
      mHttpSessionIdListeners = class java.util.ArrayList@12383492
      mHttpSessionAttributeListenersJ2eeNames = class java.util.ArrayList@532bc640
      mHttpSessionListenersJ2eeNames = class java.util.ArrayList@1af1df96
      mHttpSessionIdListenersJ2eeNames = class java.util.ArrayList@69f54371
      mLocalHost = null
      _refCount = 1
      currentThreadSacHashtable = null
      methodClassName = "SessionContext"
      ANONYMOUS_USER = "anonymous"
      wasHttpSessionObserver = class com.ibm.ws.session.WasHttpSessionObserver@3aba6679
      wasHttpSessionAttributeObserver = null
      _invalidator = class com.ibm.ws.session.SessionInvalidatorWithThreadPool@37aebea8
      _storer = class com.ibm.ws.session.EOSSessionStorer@23b7daa4
      wasHttpAppSessionObserver = null
      mHttpAppSessionListeners = null
      cmvcInfo = "CMVC Version 1.9 6/24/07 11:12:24"
      _loggedVersion = true
      CREATE_CORE_SESSION_MANAGER = 0
      GET_REQUESTED_SESSION_ID = 1
      GET_IHTTP_SESSION = 2
      SESSION_PRE_INVOKE = 3
      SESSION_POST_INVOKE = 4
      STOP = 5
      STOP_LISTENERS = 6
      IS_VALID = 7
      ENCODE_URL = 8
      SHOULD_ENCODE_URL = 9
      IS_PROTOCOL_SWITCH = 10
      GET_LOCAL_HOST = 11
      ADD_HTTP_SESSION_ATTRIBUTE_LISTENER = 12
      ADD_HTTP_SESSION_LISTENER = 13
      GET_SESSION_AFFINITY_CONTEXT = 14
      CHECK_SECURITY = 15
      INVALIDATE = 16
      CHECK_SESSSIONID_IS_RIGHT_LENGTH = 17
      LOCK_SESSION = 18
      UNLOCK_SESSION = 19
      ADD_HTTP_SESSION_ID_LISTENER = 20
      methodNames = class java.lang.String[21]
    eventSource = class com.ibm.ws.webcontainer.webapp.WebAppEventSource@31aa1189
    nls = class com.ibm.ejs.ras.TraceNLS@f179613
      resolver = class com.ibm.ws.logging.internal.TraceNLSResolver@1d4acd5d
      finder = class com.ibm.ws.logging.internal.StackFinder@5a849dbb
      ivBundleName = "com.ibm.ws.webcontainer.resources.Messages"
      caller = class java.lang.Class@fd3648e
    liberty_nls = class com.ibm.ejs.ras.TraceNLS@337fe038
      resolver = class com.ibm.ws.logging.internal.TraceNLSResolver@1d4acd5d
      finder = class com.ibm.ws.logging.internal.StackFinder@5a849dbb
      ivBundleName = "com.ibm.ws.webcontainer.resources.LShimMessages"
      caller = class java.lang.Class@fd3648e
    error_nls = class com.ibm.ejs.ras.TraceNLS@46cc6bbd
      resolver = class com.ibm.ws.logging.internal.TraceNLSResolver@1d4acd5d
      finder = class com.ibm.ws.logging.internal.StackFinder@5a849dbb
      ivBundleName = "com.ibm.ws.webcontainer.resources.ErrorPage"
      caller = class java.lang.Class@fd3648e
    sessionListeners = class java.util.ArrayList@270b0cb4
      serialVersionUID = 8683452581122892189
      DEFAULT_CAPACITY = 10
      EMPTY_ELEMENTDATA = class java.lang.Object[0]
      DEFAULTCAPACITY_EMPTY_ELEMENTDATA = class java.lang.Object[0]
      elementData = class java.lang.Object[10]
      size = 1
      MAX_ARRAY_SIZE = 2147483639
      modCount = 2
      MAX_ARRAY_SIZE = 2147483639
    sessionIdListeners = class java.util.ArrayList@149fa148
      serialVersionUID = 8683452581122892189
      DEFAULT_CAPACITY = 10
      EMPTY_ELEMENTDATA = class java.lang.Object[0]
      DEFAULTCAPACITY_EMPTY_ELEMENTDATA = class java.lang.Object[0]
      elementData = class java.lang.Object[0]
      size = 0
      MAX_ARRAY_SIZE = 2147483639
      modCount = 0
      MAX_ARRAY_SIZE = 2147483639
    sessionAttrListeners = class java.util.ArrayList@582dfdc3
      serialVersionUID = 8683452581122892189
      DEFAULT_CAPACITY = 10
      EMPTY_ELEMENTDATA = class java.lang.Object[0]
      DEFAULTCAPACITY_EMPTY_ELEMENTDATA = class java.lang.Object[0]
      elementData = class java.lang.Object[0]
      size = 0
      MAX_ARRAY_SIZE = 2147483639
      modCount = 1
      MAX_ARRAY_SIZE = 2147483639
    addedSessionListeners = class java.util.ArrayList@7d19f4f8
      serialVersionUID = 8683452581122892189
      DEFAULT_CAPACITY = 10
      EMPTY_ELEMENTDATA = class java.lang.Object[0]
      DEFAULTCAPACITY_EMPTY_ELEMENTDATA = class java.lang.Object[0]
      elementData = class java.lang.Object[0]
      size = 0
      MAX_ARRAY_SIZE = 2147483639
      modCount = 0
      MAX_ARRAY_SIZE = 2147483639
    addedSessionAttrListeners = class java.util.ArrayList@2083943
      serialVersionUID = 8683452581122892189
      DEFAULT_CAPACITY = 10
      EMPTY_ELEMENTDATA = class java.lang.Object[0]
      DEFAULTCAPACITY_EMPTY_ELEMENTDATA = class java.lang.Object[0]
      elementData = class java.lang.Object[0]
      size = 0
      MAX_ARRAY_SIZE = 2147483639
      modCount = 0
      MAX_ARRAY_SIZE = 2147483639
    servletContextListeners = class java.util.ArrayList@6b744dab
      serialVersionUID = 8683452581122892189
      DEFAULT_CAPACITY = 10
      EMPTY_ELEMENTDATA = class java.lang.Object[0]
      DEFAULTCAPACITY_EMPTY_ELEMENTDATA = class java.lang.Object[0]
      elementData = class java.lang.Object[10]
      size = 2
      MAX_ARRAY_SIZE = 2147483639
      modCount = 3
      MAX_ARRAY_SIZE = 2147483639
    servletContextLAttrListeners = class java.util.ArrayList@5c0076e3
      serialVersionUID = 8683452581122892189
      DEFAULT_CAPACITY = 10
      EMPTY_ELEMENTDATA = class java.lang.Object[0]
      DEFAULTCAPACITY_EMPTY_ELEMENTDATA = class java.lang.Object[0]
      elementData = class java.lang.Object[0]
      size = 0
      MAX_ARRAY_SIZE = 2147483639
      modCount = 1
      MAX_ARRAY_SIZE = 2147483639
    servletRequestListeners = class java.util.ArrayList@6e0cf7af
      serialVersionUID = 8683452581122892189
      DEFAULT_CAPACITY = 10
      EMPTY_ELEMENTDATA = class java.lang.Object[0]
      DEFAULTCAPACITY_EMPTY_ELEMENTDATA = class java.lang.Object[0]
      elementData = class java.lang.Object[0]
      size = 0
      MAX_ARRAY_SIZE = 2147483639
      modCount = 1
      MAX_ARRAY_SIZE = 2147483639
    servletRequestLAttrListeners = class java.util.ArrayList@2d8d090c
      serialVersionUID = 8683452581122892189
      DEFAULT_CAPACITY = 10
      EMPTY_ELEMENTDATA = class java.lang.Object[0]
      DEFAULTCAPACITY_EMPTY_ELEMENTDATA = class java.lang.Object[0]
      elementData = class java.lang.Object[0]
      size = 0
      MAX_ARRAY_SIZE = 2147483639
      modCount = 1
      MAX_ARRAY_SIZE = 2147483639
    prependSlashToResource = false
    destroyed = false
    webAppNameSpaceCollab = class com.ibm.ws.webcontainer.osgi.collaborator.WebAppNameSpaceCollaboratorImpl@64dd1003
    txCollab = class com.ibm.ws.transaction.services.WebAppTransactionCollaboratorImpl@3b35d515
    sessionActivationListeners = class java.util.ArrayList@320dfc53
      serialVersionUID = 8683452581122892189
      DEFAULT_CAPACITY = 10
      EMPTY_ELEMENTDATA = class java.lang.Object[0]
      DEFAULTCAPACITY_EMPTY_ELEMENTDATA = class java.lang.Object[0]
      elementData = class java.lang.Object[0]
      size = 0
      MAX_ARRAY_SIZE = 2147483639
      modCount = 1
      MAX_ARRAY_SIZE = 2147483639
    sessionBindingListeners = class java.util.ArrayList@770d5677
      serialVersionUID = 8683452581122892189
      DEFAULT_CAPACITY = 10
      EMPTY_ELEMENTDATA = class java.lang.Object[0]
      DEFAULTCAPACITY_EMPTY_ELEMENTDATA = class java.lang.Object[0]
      elementData = class java.lang.Object[0]
      size = 0
      MAX_ARRAY_SIZE = 2147483639
      modCount = 1
      MAX_ARRAY_SIZE = 2147483639
    scratchdir = null
    jspClassLoaderLimit = 0
    jspClassLoaderExclusionList = null
    jspClassLoadersMap = null
    jspClassLoaderLimitTrackIF = false
    defaultExtProc = null
    directoryBrowsingServlet = null
    cdiContexts = class java.util.concurrent.ConcurrentHashMap@6ed4e29e
      serialVersionUID = 7249069246763182397
      MAXIMUM_CAPACITY = 1073741824
      DEFAULT_CAPACITY = 16
      MAX_ARRAY_SIZE = 2147483639
      DEFAULT_CONCURRENCY_LEVEL = 16
      LOAD_FACTOR = 0.75
      TREEIFY_THRESHOLD = 8
      UNTREEIFY_THRESHOLD = 6
      MIN_TREEIFY_CAPACITY = 64
      MIN_TRANSFER_STRIDE = 16
      RESIZE_STAMP_BITS = 16
      MAX_RESIZERS = 65535
      RESIZE_STAMP_SHIFT = 16
      MOVED = -1
      TREEBIN = -2
      RESERVED = -3
      HASH_BITS = 2147483647
      NCPU = 4
      serialPersistentFields = class java.io.ObjectStreamField[3]
      table = class java.util.concurrent.ConcurrentHashMap$Node[16]
      nextTable = null
      baseCount = 2
      sizeCtl = 12
      transferIndex = 0
      cellsBusy = 0
      counterCells = null
      keySet = null
      values = null
      entrySet = null
      U = class sun.misc.Unsafe@480049fc
      SIZECTL = 20
      TRANSFERINDEX = 32
      BASECOUNT = 24
      CELLSBUSY = 36
      CELLVALUE = 144
      ABASE = 16
      ASHIFT = 2
      keySet = null
      values = null
    moduleConfig = class com.ibm.ws.webcontainer.osgi.container.DeployedModule@33667473
      tc = class com.ibm.websphere.ras.TraceComponent@3ba52523
      loader = class com.ibm.ws.classloading.internal.ThreadContextClassLoader@19b1aba8
      webApp = class com.ibm.ws.webcontainer.osgi.webapp.WebApp@7b4204de
      webAppConfig = class com.ibm.ws.webcontainer.osgi.webapp.WebAppConfiguration@133bf0b0
      contextRootAdded = null
      properContextRoot = "/web"
      mappingContextRoot = "/web/*"
      serialVersionUID = -2104814060051592457
      $$$tc$$$ = class com.ibm.websphere.ras.TraceComponent@12118049
    extensionFactories = class java.util.ArrayList@2e453286
      serialVersionUID = 8683452581122892189
      DEFAULT_CAPACITY = 10
      EMPTY_ELEMENTDATA = class java.lang.Object[0]
      DEFAULTCAPACITY_EMPTY_ELEMENTDATA = class java.lang.Object[0]
      elementData = class java.lang.Object[10]
      size = 1
      MAX_ARRAY_SIZE = 2147483639
      modCount = 1
      MAX_ARRAY_SIZE = 2147483639
    initialized = false
    lock = class com.ibm.ws.webcontainer.webapp.WebApp$1@35ee7226
      this$0 = class com.ibm.ws.webcontainer.osgi.webapp.WebApp@7b4204de
    afterServletContextCreated = false
    redirectContextRoot = false
    errorExceptionTypeFirst = false
    initFilterBeforeServletInit = false
    sortedServletConfigs = class java.util.ArrayList@7c67a617
      serialVersionUID = 8683452581122892189
      DEFAULT_CAPACITY = 10
      EMPTY_ELEMENTDATA = class java.lang.Object[0]
      DEFAULTCAPACITY_EMPTY_ELEMENTDATA = class java.lang.Object[0]
      elementData = class java.lang.Object[10]
      size = 1
      MAX_ARRAY_SIZE = 2147483639
      modCount = 1
      MAX_ARRAY_SIZE = 2147483639
    effectiveMajorVersion = 3
    effectiveMinorVersion = 0
    canAddServletContextListener = true
    withinContextInitOfProgAddListener = false
    lastProgAddListenerInitialized = "com.ibm.ws.jsp.runtime.ContextListener"
    webInfLibClassloader = null
    metaInfCache = class com.ibm.ws.webcontainer.webapp.WebApp$2@7c228004
      this$0 = class com.ibm.ws.webcontainer.osgi.webapp.WebApp@7b4204de
      serialVersionUID = 3801124242820219131
      head = null
      tail = null
      accessOrder = true
      serialVersionUID = 362498820763181265
      DEFAULT_INITIAL_CAPACITY = 16
      MAXIMUM_CAPACITY = 1073741824
      DEFAULT_LOAD_FACTOR = 0.75
      TREEIFY_THRESHOLD = 8
      UNTREEIFY_THRESHOLD = 6
      MIN_TREEIFY_CAPACITY = 64
      table = null
      entrySet = null
      size = 0
      modCount = 0
      threshold = 32
      loadFactor = 1.0
      keySet = null
      values = null
    useMetaInfCache = true
    SUN_CONFIGURE_LISTENER_CLASSNAME = "com.sun.faces.config.ConfigureListener"
    MYFACES_LIFECYCLE_LISTENER_CLASSNAME = "org.apache.myfaces.webapp.StartupServletContextListener"
    JSF_IMPL_ENABLED_PARAM = "com.ibm.ws.jsf.JSF_IMPL_ENABLED"
    JSF_IMPL_ENABLED_CUSTOM = "Custom"
    JSF_IMPL_ENABLED_NONE = "None"
    staticDocRoot = class com.ibm.ws.webcontainer.util.DocumentRootUtils@7bf44c04
      logger = class com.ibm.ws.logging.internal.WsLogger@6e849344
      CLASS_NAME = "com.ibm.ws.webcontainer.util.DocumentRootUtils"
      useContentLength = false
      matchedFile = null
      matchedZipFile = null
      matchedEntry = null
      matchedURL = null
      edrRoot = null
      pfedrRoot = null
      ctxt = class com.ibm.ws.webcontainer.osgi.webapp.WebApp@7b4204de
      baseDir = null
      edr = null
      pfedr = null
      metaInfRes = null
      searchpfEDR = false
      searchEDR = false
      searchMetaInfRes = true
      matchFromEDR = false
      matchFromMetaInfRes = false
      matchIsADirectory = false
      appConfig = class com.ibm.ws.webcontainer.osgi.webapp.WebAppConfiguration@133bf0b0
      attributeType = "staticFile"
      STATIC_FILE = "staticFile"
      JSP = "jsp"
      PFEDR = "preFragmentExtendedDocumentRoot"
      EDR = "extendedDocumentRoot"
    jspDocRoot = class com.ibm.ws.webcontainer.util.DocumentRootUtils@3dcd6e1e
      logger = class com.ibm.ws.logging.internal.WsLogger@6e849344
      CLASS_NAME = "com.ibm.ws.webcontainer.util.DocumentRootUtils"
      useContentLength = false
      matchedFile = null
      matchedZipFile = null
      matchedEntry = null
      matchedURL = null
      edrRoot = null
      pfedrRoot = null
      ctxt = class com.ibm.ws.webcontainer.osgi.webapp.WebApp@7b4204de
      baseDir = null
      edr = null
      pfedr = null
      metaInfRes = null
      searchpfEDR = false
      searchEDR = false
      searchMetaInfRes = true
      matchFromEDR = false
      matchFromMetaInfRes = false
      matchIsADirectory = false
      appConfig = class com.ibm.ws.webcontainer.osgi.webapp.WebAppConfiguration@133bf0b0
      attributeType = "jsp"
      STATIC_FILE = "staticFile"
      JSP = "jsp"
      PFEDR = "preFragmentExtendedDocumentRoot"
      EDR = "extendedDocumentRoot"
    container = class com.ibm.ws.adaptable.module.internal.AdaptableContainerImpl@2ad94d96
      root = class com.ibm.ws.adaptable.module.internal.AdaptableContainerImpl@2ad94d96
      rootOverlay = class com.ibm.ws.artifact.overlay.internal.DirectoryBasedOverlayContainerImpl@627ac9ba
      factoryHolder = class com.ibm.ws.adaptable.module.internal.AdaptableModuleFactoryImpl@5acbcdcc
      delegate = class com.ibm.ws.artifact.overlay.internal.DirectoryBasedOverlayContainerImpl@627ac9ba
      notifier = class com.ibm.ws.adaptable.module.internal.NotifierImpl@1aac5a17
      serialVersionUID = -5621513278641113667
      $$$tc$$$ = class com.ibm.websphere.ras.TraceComponent@2c6efd76
    metaInfResourceFinder = class com.ibm.ws.webcontainer.util.MetaInfResourceFinder@7cdb30ae
      jarResourceContainers = class java.util.ArrayList@5fe75bcc
      container = class com.ibm.ws.adaptable.module.internal.AdaptableContainerImpl@2ad94d96
    postConstructMethods = class com.ibm.ws.webcontainer.webapp.WebApp$AnnotatedMethods@1411ad91
      annotationClass = class java.lang.Class@11d30db4
      noOpClassNames = class java.util.HashSet@750a0dfe
      annotatedMethodNames = class java.util.concurrent.ConcurrentHashMap@13b9417d
      EMPTY_METHODS = class java.lang.reflect.Method[0]
    preDestroyMethods = class com.ibm.ws.webcontainer.webapp.WebApp$AnnotatedMethods@4ddc577b
      annotationClass = class java.lang.Class@4fd3fc59
      noOpClassNames = class java.util.HashSet@4b97ab6c
      annotatedMethodNames = class java.util.concurrent.ConcurrentHashMap@2cc776bb
      EMPTY_METHODS = class java.lang.reflect.Method[0]
    OBJ_EMPTY = class java.lang.Object[0]
    CLASS_EMPTY = class java.lang.Class[0]
    DEFAULT_JSP_EXTENSIONS = class java.util.ArrayList@1bb77d40
      serialVersionUID = 8683452581122892189
      DEFAULT_CAPACITY = 10
      EMPTY_ELEMENTDATA = class java.lang.Object[0]
      DEFAULTCAPACITY_EMPTY_ELEMENTDATA = class java.lang.Object[0]
      elementData = class java.lang.Object[10]
      size = 4
      MAX_ARRAY_SIZE = 2147483639
      modCount = 4
      MAX_ARRAY_SIZE = 2147483639
    DEFER_SERVLET_REQUEST_LISTENER_DESTROY_ON_ERROR = false
    DO_ACCEPT_PARTIAL = true
    DO_NOT_ACCEPT_PARTIAL = false
    DO_ACCEPT_EXCLUDED = true
    DO_NOT_ACCEPT_EXCLUDED = false
    commands = class java.util.ArrayList@3ecc70d8
      serialVersionUID = 8683452581122892189
      DEFAULT_CAPACITY = 10
      EMPTY_ELEMENTDATA = class java.lang.Object[0]
      DEFAULTCAPACITY_EMPTY_ELEMENTDATA = class java.lang.Object[0]
      elementData = class java.lang.Object[3]
      size = 0
      MAX_ARRAY_SIZE = 2147483639
      modCount = 0
      MAX_ARRAY_SIZE = 2147483639
    requestMapper = class com.ibm.wsspi.webcontainer.util.URIMapper@27283fb5
      matcher = class com.ibm.wsspi.webcontainer.util.URIMatcher@31da91a9
    parent = class com.ibm.ws.webcontainer.osgi.webapp.WebGroup@8e0d3a4
      tc = class com.ibm.websphere.ras.TraceComponent@7b4dda27
      logger = class com.ibm.ws.logging.internal.WsLogger@d5aa728
      CLASS_NAME = "com.ibm.ws.webcontainer.webapp.WebGroup"
      sessUrlRewritePrefix = ";jsessionid="
      qMark = "?"
      config = class com.ibm.ws.webcontainer.osgi.webapp.WebGroupConfiguration@1c23d33f
      webApp = class com.ibm.ws.webcontainer.osgi.webapp.WebApp@7b4204de
      commands = class java.util.ArrayList@b461cae
      requestMapper = null
      parent = class com.ibm.ws.webcontainer.osgi.DynamicVirtualHost@6c84c46e
      name = "/web/*"
      isAlive = true
      subElements = class java.util.HashMap@6bc7b7f3
      attributes = null
      config = null
      serialVersionUID = -8271459000149267764
      $$$tc$$$ = class com.ibm.websphere.ras.TraceComponent@27337f05
    name = "web"
    isAlive = true
    subElements = null
    attributes = class java.util.Collections$SynchronizedMap@289de285
      serialVersionUID = 1978198479659022715
      m = class java.util.HashMap@838ba97
      mutex = class java.util.Collections$SynchronizedMap@289de285
      keySet = null
      entrySet = class java.util.Collections$SynchronizedSet@190e378c
      values = null
    config = null
    serialVersionUID = -8271459000149267764
    $$$tc$$$ = class com.ibm.websphere.ras.TraceComponent@27337f05
      strings[0] = "TraceComponent[com.ibm.ws.container.AbstractContainer,class com.ibm.ws.container.AbstractContainer,[],null,null]"
  target = class org.springframework.web.servlet.DispatcherServlet@c9edf86
    MULTIPART_RESOLVER_BEAN_NAME = "multipartResolver"
    LOCALE_RESOLVER_BEAN_NAME = "localeResolver"
    THEME_RESOLVER_BEAN_NAME = "themeResolver"
    HANDLER_MAPPING_BEAN_NAME = "handlerMapping"
    HANDLER_ADAPTER_BEAN_NAME = "handlerAdapter"
    HANDLER_EXCEPTION_RESOLVER_BEAN_NAME = "handlerExceptionResolver"
    REQUEST_TO_VIEW_NAME_TRANSLATOR_BEAN_NAME = "viewNameTranslator"
    VIEW_RESOLVER_BEAN_NAME = "viewResolver"
    FLASH_MAP_MANAGER_BEAN_NAME = "flashMapManager"
    WEB_APPLICATION_CONTEXT_ATTRIBUTE = "org.springframework.web.servlet.DispatcherServlet.CONTEXT"
    LOCALE_RESOLVER_ATTRIBUTE = "org.springframework.web.servlet.DispatcherServlet.LOCALE_RESOLVER"
    THEME_RESOLVER_ATTRIBUTE = "org.springframework.web.servlet.DispatcherServlet.THEME_RESOLVER"
    THEME_SOURCE_ATTRIBUTE = "org.springframework.web.servlet.DispatcherServlet.THEME_SOURCE"
    INPUT_FLASH_MAP_ATTRIBUTE = "org.springframework.web.servlet.DispatcherServlet.INPUT_FLASH_MAP"
    OUTPUT_FLASH_MAP_ATTRIBUTE = "org.springframework.web.servlet.DispatcherServlet.OUTPUT_FLASH_MAP"
    FLASH_MAP_MANAGER_ATTRIBUTE = "org.springframework.web.servlet.DispatcherServlet.FLASH_MAP_MANAGER"
    EXCEPTION_ATTRIBUTE = "org.springframework.web.servlet.DispatcherServlet.EXCEPTION"
    PAGE_NOT_FOUND_LOG_CATEGORY = "org.springframework.web.servlet.PageNotFound"
    DEFAULT_STRATEGIES_PATH = "DispatcherServlet.properties"
    DEFAULT_STRATEGIES_PREFIX = "org.springframework.web.servlet"
    pageNotFoundLogger = class org.apache.commons.logging.impl.Log4JLogger@41618e1
      serialVersionUID = 5160705895411730424
      FQCN = "org.apache.commons.logging.impl.Log4JLogger"
      logger = class org.apache.log4j.Logger@3c3f5e36
      name = "org.springframework.web.servlet.PageNotFound"
      traceLevel = class org.apache.log4j.Level@20e5a81e
      class$org$apache$commons$logging$impl$Log4JLogger = class java.lang.Class@28ceb3d3
      class$org$apache$log4j$Level = class java.lang.Class@74b57d09
      class$org$apache$log4j$Priority = class java.lang.Class@636ee5dc
    defaultStrategies = class java.util.Properties@747d1272
      serialVersionUID = 4112578634029874840
      defaults = null
      hexDigit = {0123456789ABCDEF} /* array length = 16*/
      table = class java.util.Hashtable$Entry[11]
      count = 8
      threshold = 8
      loadFactor = 0.75
      modCount = 8
      serialVersionUID = 1421746759512286392
      MAX_ARRAY_SIZE = 2147483639
      keySet = null
      entrySet = null
      values = null
      KEYS = 0
      VALUES = 1
      ENTRIES = 2
    detectAllHandlerMappings = true
    detectAllHandlerAdapters = true
    detectAllHandlerExceptionResolvers = true
    detectAllViewResolvers = true
    throwExceptionIfNoHandlerFound = false
    cleanupAfterInclude = true
    multipartResolver = null
    localeResolver = null
    themeResolver = null
    handlerMappings = null
    handlerAdapters = null
    handlerExceptionResolvers = null
    viewNameTranslator = null
    flashMapManager = null
    viewResolvers = null
    DEFAULT_NAMESPACE_SUFFIX = "-servlet"
    DEFAULT_CONTEXT_CLASS = class java.lang.Class@103a02e
      ANNOTATION = 8192
      ENUM = 16384
      SYNTHETIC = 4096
      cachedConstructor = null
      newInstanceCallerCache = null
      name = "org.springframework.web.context.support.XmlWebApplicationContext"
      allPermDomain = class java.security.ProtectionDomain@5c6d9f0c
      useCaches = true
      reflectionData = class java.lang.ref.SoftReference@478f0cda
      classRedefinedCount = 0
      genericInfo = null
      serialVersionUID = 3206093459760846163
      serialPersistentFields = class java.io.ObjectStreamField[0]
      reflectionFactory = class sun.reflect.ReflectionFactory@4bb23cd9
      initted = true
      enumConstants = null
      enumConstantDirectory = null
      annotationData = null
      annotationType = null
      classValueMap = null
    SERVLET_CONTEXT_PREFIX = "org.springframework.web.servlet.FrameworkServlet.CONTEXT."
    INIT_PARAM_DELIMITERS = ",; 	
"
    responseGetStatusAvailable = true
    contextAttribute = null
    contextClass = class java.lang.Class@103a02e
    contextId = null
    namespace = null
    contextConfigLocation = "classpath:/context/ewms-servlet.xml"
    contextInitializers = class java.util.ArrayList@3a37c1cf
      serialVersionUID = 8683452581122892189
      DEFAULT_CAPACITY = 10
      EMPTY_ELEMENTDATA = class java.lang.Object[0]
      DEFAULTCAPACITY_EMPTY_ELEMENTDATA = class java.lang.Object[0]
      elementData = class java.lang.Object[0]
      size = 0
      MAX_ARRAY_SIZE = 2147483639
      modCount = 0
      MAX_ARRAY_SIZE = 2147483639
    contextInitializerClasses = null
    publishContext = true
    publishEvents = true
    threadContextInheritable = false
    dispatchOptionsRequest = true
    dispatchTraceRequest = false
    webApplicationContext = null
    webApplicationContextInjected = false
    refreshEventReceived = false
    logger = class org.apache.commons.logging.impl.Log4JLogger@18703dbe
      serialVersionUID = 5160705895411730424
      FQCN = "org.apache.commons.logging.impl.Log4JLogger"
      logger = class org.apache.log4j.Logger@22198fa0
      name = "org.springframework.web.servlet.DispatcherServlet"
      traceLevel = class org.apache.log4j.Level@20e5a81e
      class$org$apache$commons$logging$impl$Log4JLogger = class java.lang.Class@28ceb3d3
      class$org$apache$log4j$Level = class java.lang.Class@74b57d09
      class$org$apache$log4j$Priority = class java.lang.Class@636ee5dc
    environment = class org.springframework.web.context.support.StandardServletEnvironment@2c95ff41
      SERVLET_CONTEXT_PROPERTY_SOURCE_NAME = "servletContextInitParams"
      SERVLET_CONFIG_PROPERTY_SOURCE_NAME = "servletConfigInitParams"
      JNDI_PROPERTY_SOURCE_NAME = "jndiProperties"
      SYSTEM_ENVIRONMENT_PROPERTY_SOURCE_NAME = "systemEnvironment"
      SYSTEM_PROPERTIES_PROPERTY_SOURCE_NAME = "systemProperties"
      IGNORE_GETENV_PROPERTY_NAME = "spring.getenv.ignore"
      ACTIVE_PROFILES_PROPERTY_NAME = "spring.profiles.active"
      DEFAULT_PROFILES_PROPERTY_NAME = "spring.profiles.default"
      RESERVED_DEFAULT_PROFILE_NAME = "default"
      logger = class org.apache.commons.logging.impl.Log4JLogger@56c7027a
      activeProfiles = class java.util.LinkedHashSet@49478293
      defaultProfiles = class java.util.LinkedHashSet@274d6094
      propertySources = class org.springframework.core.env.MutablePropertySources@2ae5993b
      propertyResolver = class org.springframework.core.env.PropertySourcesPropertyResolver@445f9acf
    requiredProperties = class java.util.HashSet@30679623
      serialVersionUID = -5024744406713321676
      map = class java.util.HashMap@23c5fcce
      PRESENT = class java.lang.Object@1ace83cf
      MAX_ARRAY_SIZE = 2147483639
    METHOD_DELETE = "DELETE"
    METHOD_HEAD = "HEAD"
    METHOD_GET = "GET"
    METHOD_OPTIONS = "OPTIONS"
    METHOD_POST = "POST"
    METHOD_PUT = "PUT"
    METHOD_TRACE = "TRACE"
    HEADER_IFMODSINCE = "If-Modified-Since"
    HEADER_LASTMOD = "Last-Modified"
    LSTRING_FILE = "javax.servlet.http.LocalStrings"
    lStrings = class java.util.PropertyResourceBundle@345a1059
      lookup = class java.util.HashMap@4654920b
      INITIAL_CACHE_SIZE = 32
      NONEXISTENT_BUNDLE = class java.util.ResourceBundle$1@164d5286
      cacheList = class java.util.concurrent.ConcurrentHashMap@86d4a6b
      referenceQueue = class java.lang.ref.ReferenceQueue@52d24a0a
      parent = null
      locale = class java.util.Locale@3dfee583
      name = "javax.servlet.http.LocalStrings"
      expired = false
      cacheKey = class java.util.ResourceBundle$CacheKey@1960af2e
      keySet = null
      providers = null
      $assertionsDisabled = true
    config = class com.ibm.ws.webcontainer.servlet.ServletConfig@6cc58ffb
  cacheWrappers = null
  targetLoader = class com.ibm.ws.classloading.internal.ThreadContextClassLoader@19b1aba8
    tc = class com.ibm.websphere.ras.TraceComponent@3be8483e
      strings[0] = "TraceComponent[com.ibm.ws.classloading.internal.ThreadContextClassLoader,class com.ibm.ws.classloading.internal.ThreadContextClassLoader,[ClassLoadingService],com.ibm.ws.classloading.internal.resources.ClassLoadingServiceMessages,null]"
    bundle = class java.util.concurrent.atomic.AtomicReference@2a9251b9
      serialVersionUID = -1848883965231344442
      unsafe = class sun.misc.Unsafe@480049fc
      valueOffset = 12
      value = class org.eclipse.osgi.internal.framework.EquinoxBundle@44e8b482
    key = "WebModule:web#web.war"
    refCount = class java.util.concurrent.atomic.AtomicInteger@4c816cee
      serialVersionUID = 6214790243416807050
      unsafe = class sun.misc.Unsafe@480049fc
      valueOffset = 12
      value = 1
      serialVersionUID = -8742448824652078965
    appLoader = class com.ibm.ws.classloading.internal.ParentLastClassLoader@354ac63f
      PARENT_LAST_SEARCH_ORDER = class java.util.Collections$UnmodifiableRandomAccessList@b231d23
      serialVersionUID = -3850996510660656235
      $$$tc$$$ = class com.ibm.websphere.ras.TraceComponent@2fbb4451
      tc = class com.ibm.websphere.ras.TraceComponent@45eae732
      PARENT_FIRST_SEARCH_ORDER = class java.util.Collections$UnmodifiableRandomAccessList@17b44254
      CLASS_LOADING_TRACE_PREFIX = "com.ibm.ws.class.load."
      DEFAULT_PACKAGE = "default.package"
      perPackageClassLoadingTraceComponents = class java.util.concurrent.ConcurrentHashMap@15fc93b8
      config = class com.ibm.ws.classloading.internal.ClassLoaderConfigurationImpl@76311f9a
      privateLibraries = null
      delegateLoaders = class com.ibm.ws.classloading.internal.util.CompositeIterable@6568ce7a
      nativeLibraryFiles = class java.util.ArrayList@50fb8661
      transformers = class java.util.ArrayList@216bbe95
      apiAccess = class com.ibm.ws.classloading.internal.GatewayClassLoader@52aca752
      generator = class com.ibm.ws.classloading.internal.ClassGeneratorManager@5fd8a8ed
      protectionDomains = class java.util.concurrent.ConcurrentHashMap@7ce0b672
      parent = class com.ibm.ws.classloading.internal.GatewayClassLoader@52aca752
      serialVersionUID = -2240525179349384666
      tc = class com.ibm.websphere.ras.TraceComponent@42e51df6
      EMPTY_URL_ARRAY = class java.net.URL[0]
      smartClassPath = class com.ibm.ws.classloading.internal.ContainerClassLoader$SmartClassPathImpl@70a4ef01
      nativeLibraryContainers = class java.util.ArrayList@cc76896
      redefiner = class com.ibm.ws.classloading.internal.util.ClassRedefiner@16422623
      mapCreationQueue = class java.util.concurrent.Executors$FinalizableDelegatedExecutorService@6fe841bf
      serialVersionUID = 7249739282446266343
      serialVersionUID = -7411549862368381758
      $$$tc$$$ = class com.ibm.websphere.ras.TraceComponent@7a763563
      serialVersionUID = -4868702105808481416
      $$$tc$$$ = class com.ibm.websphere.ras.TraceComponent@2de93d89
      serialVersionUID = 2596921220292114344
      $$$tc$$$ = class com.ibm.websphere.ras.TraceComponent@42280b93
      initialized = true
      pdcache = class java.util.HashMap@386377a4
      debug = null
      parent = class com.ibm.ws.classloading.internal.GatewayClassLoader@52aca752
      parallelLockMap = null
      package2certs = class java.util.Hashtable@f572be6
      nocerts = class java.security.cert.Certificate[0]
      classes = class java.util.Vector@8a37711
      defaultDomain = class java.security.ProtectionDomain@256b2a03
      domains = class java.util.HashSet@696a75d
      packages = class java.util.HashMap@30a8b472
      scl = class sun.misc.Launcher$AppClassLoader@18b4aac2
      sclSet = true
      loadedLibraryNames = class java.util.Vector@61d9e5b7
      systemNativeLibraries = class java.util.Vector@4324b5aa
      nativeLibraries = class java.util.Vector@23a05689
      nativeLibraryContext = class java.util.Stack@27e3d8bf
      usr_paths = class java.lang.String[38]
      sys_paths = class java.lang.String[1]
      assertionLock = class com.ibm.ws.classloading.internal.ParentLastClassLoader@354ac63f
      defaultAssertionStatus = false
      packageAssertionStatus = null
      classAssertionStatus = null
    serialVersionUID = 7093379526360135425
    followOnClassLoaders = class java.util.ArrayList@1a08beb
      serialVersionUID = 8683452581122892189
      DEFAULT_CAPACITY = 10
      EMPTY_ELEMENTDATA = class java.lang.Object[0]
      DEFAULTCAPACITY_EMPTY_ELEMENTDATA = class java.lang.Object[0]
      elementData = class java.lang.Object[10]
      size = 1
      MAX_ARRAY_SIZE = 2147483639
      modCount = 1
      MAX_ARRAY_SIZE = 2147483639
    serialVersionUID = -5107316606107305512
    $$$tc$$$ = class com.ibm.websphere.ras.TraceComponent@7c3e3850
      strings[0] = "TraceComponent[com.ibm.ws.classloading.internal.UnifiedClassLoader,class com.ibm.ws.classloading.internal.UnifiedClassLoader,[ClassLoadingService],com.ibm.ws.classloading.internal.resources.ClassLoadingServiceMessages,null]"
    serialVersionUID = -4868702105808481416
    $$$tc$$$ = class com.ibm.websphere.ras.TraceComponent@2de93d89
      strings[0] = "TraceComponent[com.ibm.ws.classloading.internal.LibertyLoader,class com.ibm.ws.classloading.internal.LibertyLoader,[ClassLoadingService],com.ibm.ws.classloading.internal.resources.ClassLoadingServiceMessages,null]"
    serialVersionUID = 2596921220292114344
    $$$tc$$$ = class com.ibm.websphere.ras.TraceComponent@42280b93
      strings[0] = "TraceComponent[com.ibm.ws.classloading.LibertyClassLoader,class com.ibm.ws.classloading.LibertyClassLoader,[ClassLoadingService],com.ibm.ws.classloading.internal.resources.ClassLoadingServiceMessages,null]"
    initialized = true
    pdcache = class java.util.HashMap@69fa7e04
      serialVersionUID = 362498820763181265
      DEFAULT_INITIAL_CAPACITY = 16
      MAXIMUM_CAPACITY = 1073741824
      DEFAULT_LOAD_FACTOR = 0.75
      TREEIFY_THRESHOLD = 8
      UNTREEIFY_THRESHOLD = 6
      MIN_TREEIFY_CAPACITY = 64
      table = null
      entrySet = null
      size = 0
      modCount = 0
      threshold = 16
      loadFactor = 0.75
      keySet = null
      values = null
    debug = null
    parent = class com.ibm.ws.classloading.internal.ParentLastClassLoader@354ac63f
    parallelLockMap = null
    package2certs = class java.util.Hashtable@51ddf51b
      table = class java.util.Hashtable$Entry[11]
      count = 0
      threshold = 8
      loadFactor = 0.75
      modCount = 0
      serialVersionUID = 1421746759512286392
      MAX_ARRAY_SIZE = 2147483639
      keySet = null
      entrySet = null
      values = null
      KEYS = 0
      VALUES = 1
      ENTRIES = 2
    nocerts = class java.security.cert.Certificate[0]
    classes = class java.util.Vector@167c05d2
      elementData = class java.lang.Object[10]
      elementCount = 0
      capacityIncrement = 0
      serialVersionUID = -2767605614048989439
      MAX_ARRAY_SIZE = 2147483639
      modCount = 0
      MAX_ARRAY_SIZE = 2147483639
    defaultDomain = class java.security.ProtectionDomain@13062b25
      codesource = class java.security.CodeSource@4d61bbc0
      classloader = class com.ibm.ws.classloading.internal.ThreadContextClassLoader@19b1aba8
      principals = interface java.security.Principal[0]
      permissions = null
      hasAllPerm = false
      staticPermissions = false
      key = class java.security.ProtectionDomain$Key@3a61a2e6
      debug = null
    domains = class java.util.HashSet@29b66d1f
      serialVersionUID = -5024744406713321676
      map = class java.util.HashMap@1cc33ed3
      PRESENT = class java.lang.Object@1ace83cf
      MAX_ARRAY_SIZE = 2147483639
    packages = class java.util.HashMap@177d301f
      serialVersionUID = 362498820763181265
      DEFAULT_INITIAL_CAPACITY = 16
      MAXIMUM_CAPACITY = 1073741824
      DEFAULT_LOAD_FACTOR = 0.75
      TREEIFY_THRESHOLD = 8
      UNTREEIFY_THRESHOLD = 6
      MIN_TREEIFY_CAPACITY = 64
      table = null
      entrySet = null
      size = 0
      modCount = 0
      threshold = 0
      loadFactor = 0.75
      keySet = null
      values = null
    scl = class sun.misc.Launcher$AppClassLoader@18b4aac2
      ucp = class sun.misc.URLClassPath@23dab35c
      $assertionsDisabled = true
      ucp = class sun.misc.URLClassPath@23dab35c
      acc = class java.security.AccessControlContext@2e16157a
      closeables = class java.util.WeakHashMap@b7f138e
      initialized = true
      pdcache = class java.util.HashMap@4afe2efa
      debug = null
      parent = class sun.misc.Launcher$ExtClassLoader@3c4834aa
      parallelLockMap = class java.util.concurrent.ConcurrentHashMap@22eb5b9c
      package2certs = class java.util.concurrent.ConcurrentHashMap@517bcf2c
      nocerts = class java.security.cert.Certificate[0]
      classes = class java.util.Vector@6a49a207
      defaultDomain = class java.security.ProtectionDomain@17592680
      domains = class java.util.Collections$SynchronizedSet@6f96b84c
      packages = class java.util.HashMap@609b183d
      scl = class sun.misc.Launcher$AppClassLoader@18b4aac2
      sclSet = true
      loadedLibraryNames = class java.util.Vector@61d9e5b7
      systemNativeLibraries = class java.util.Vector@4324b5aa
      nativeLibraries = class java.util.Vector@47e5d7b3
      nativeLibraryContext = class java.util.Stack@27e3d8bf
      usr_paths = class java.lang.String[38]
      sys_paths = class java.lang.String[1]
      assertionLock = class java.lang.Object@19d694e9
      defaultAssertionStatus = false
      packageAssertionStatus = null
      classAssertionStatus = null
    sclSet = true
    loadedLibraryNames = class java.util.Vector@61d9e5b7
      elementData = class java.lang.Object[10]
      elementCount = 5
      capacityIncrement = 0
      serialVersionUID = -2767605614048989439
      MAX_ARRAY_SIZE = 2147483639
      modCount = 5
      MAX_ARRAY_SIZE = 2147483639
    systemNativeLibraries = class java.util.Vector@4324b5aa
      elementData = class java.lang.Object[10]
      elementCount = 5
      capacityIncrement = 0
      serialVersionUID = -2767605614048989439
      MAX_ARRAY_SIZE = 2147483639
      modCount = 5
      MAX_ARRAY_SIZE = 2147483639
    nativeLibraries = class java.util.Vector@5960e644
      elementData = class java.lang.Object[10]
      elementCount = 0
      capacityIncrement = 0
      serialVersionUID = -2767605614048989439
      MAX_ARRAY_SIZE = 2147483639
      modCount = 0
      MAX_ARRAY_SIZE = 2147483639
    nativeLibraryContext = class java.util.Stack@27e3d8bf
      serialVersionUID = 1224463164541339165
      elementData = class java.lang.Object[10]
      elementCount = 0
      capacityIncrement = 0
      serialVersionUID = -2767605614048989439
      MAX_ARRAY_SIZE = 2147483639
      modCount = 10
      MAX_ARRAY_SIZE = 2147483639
    usr_paths = class java.lang.String[38]
      usr_paths[0] = "C:\Program Files\Java\jre1.8.0_144\bin"
      usr_paths[1] = "C:\WINDOWS\Sun\Java\bin"
      usr_paths[2] = "C:\WINDOWS\system32"
      usr_paths[3] = "C:\WINDOWS"
      usr_paths[4] = "C:/Program Files/Java/jre1.8.0_144/bin/server"
      usr_paths[5] = "C:/Program Files/Java/jre1.8.0_144/bin"
      usr_paths[6] = "C:/Program Files/Java/jre1.8.0_144/lib/amd64"
      usr_paths[7] = "C:\ProgramData\Oracle\Java\javapath"
      usr_paths[8] = "C:\Program Files (x86)\IBM\WebSphere MQ\java\lib"
      usr_paths[9] = "C:\Program Files (x86)\IBM\WebSphere MQ\java\lib64"
      usr_paths[10] = "C:\WINDOWS\system32"
      usr_paths[11] = "C:\WINDOWS"
      usr_paths[12] = "C:\WINDOWS\System32\Wbem"
      usr_paths[13] = "C:\WINDOWS\System32\WindowsPowerShell\v1.0\"
      usr_paths[14] = "C:\Program Files (x86)\IBM\Client Access\Emulator"
      usr_paths[15] = "C:\Program Files (x86)\IBM\Client Access\Shared"
      usr_paths[16] = "C:\Program Files (x86)\IBM\Client Access\"
      usr_paths[17] = "C:\Program Files\TortoiseSVN\bin"
      usr_paths[18] = "C:\Program Files (x86)\IBM\WebSphere MQ\bin64"
      usr_paths[19] = "C:\Program Files (x86)\IBM\WebSphere MQ\bin"
      usr_paths[20] = "C:\Program Files (x86)\WinMerge"
      usr_paths[21] = "C:\Program Files (x86)\Heroku\bin"
      usr_paths[22] = "C:\Program Files (x86)\git\cmd"
      usr_paths[23] = "C:\Program Files (x86)\Lua\5.1"
      usr_paths[24] = "C:\Program Files (x86)\Lua\5.1\clibs"
      usr_paths[25] = "C:\Program Files (x86)\TimeStored.com\JPad\bin"
      usr_paths[26] = "C:\Program Files\PuTTY\"
      usr_paths[27] = "C:\Program Files\nodejs\"
      usr_paths[28] = "C:\Program Files (x86)\Skype\Phone\"
      usr_paths[29] = "C:\Program Files (x86)\Git\cmd"
      usr_paths[30] = "c:\DblibC:\Program Files\Java\jdk1.8.0_144\bin"
      usr_paths[31] = "C:\apache-maven-3.3.9\bin"
      usr_paths[32] = "."
      usr_paths[33] = "C:\Program Files (x86)\Microsoft VS Code\bin"
      usr_paths[34] = "C:\Users\hqmmande\AppData\Roaming\npm"
      usr_paths[35] = "C:\Users\hqmmande\Desktop\eclipse"
      usr_paths[36] = "."
      usr_paths[37] = "."
    sys_paths = class java.lang.String[1]
      sys_paths[0] = "C:\Program Files\Java\jre1.8.0_144\bin"
    assertionLock = class com.ibm.ws.classloading.internal.ThreadContextClassLoader@19b1aba8
    defaultAssertionStatus = false
    packageAssertionStatus = null
    classAssertionStatus = null
  evtSource = class com.ibm.ws.webcontainer.webapp.WebAppEventSource@31aa1189
    _invocationListeners = class com.ibm.ws.webcontainer.util.EventListeners@540786b0
      EMPTY_LISTENERS = interface java.util.EventListener[0]
      logger = class com.ibm.ws.logging.internal.WsLogger@6e849344
      CLASS_NAME = "com.ibm.ws.webcontainer.util.EventListeners"
      listeners = interface java.util.EventListener[0]
    _servletListeners = class com.ibm.ws.webcontainer.util.EventListeners@38f6200
      EMPTY_LISTENERS = interface java.util.EventListener[0]
      logger = class com.ibm.ws.logging.internal.WsLogger@6e849344
      CLASS_NAME = "com.ibm.ws.webcontainer.util.EventListeners"
      listeners = interface java.util.EventListener[0]
    _errorListeners = class com.ibm.ws.webcontainer.util.EventListeners@73271a43
      EMPTY_LISTENERS = interface java.util.EventListener[0]
      logger = class com.ibm.ws.logging.internal.WsLogger@6e849344
      CLASS_NAME = "com.ibm.ws.webcontainer.util.EventListeners"
      listeners = interface java.util.EventListener[0]
    _applicationListeners = class com.ibm.ws.webcontainer.util.EventListeners@72aafc1a
      EMPTY_LISTENERS = interface java.util.EventListener[0]
      logger = class com.ibm.ws.logging.internal.WsLogger@6e849344
      CLASS_NAME = "com.ibm.ws.webcontainer.util.EventListeners"
      listeners = interface java.util.EventListener[0]
    _filterInvocationListeners = class com.ibm.ws.webcontainer.util.EventListeners@1af0d6f9
      EMPTY_LISTENERS = interface java.util.EventListener[0]
      logger = class com.ibm.ws.logging.internal.WsLogger@6e849344
      CLASS_NAME = "com.ibm.ws.webcontainer.util.EventListeners"
      listeners = interface java.util.EventListener[0]
    _filterListeners = class com.ibm.ws.webcontainer.util.EventListeners@629738c5
      EMPTY_LISTENERS = interface java.util.EventListener[0]
      logger = class com.ibm.ws.logging.internal.WsLogger@6e849344
      CLASS_NAME = "com.ibm.ws.webcontainer.util.EventListeners"
      listeners = interface java.util.EventListener[0]
    _filterErrorListeners = class com.ibm.ws.webcontainer.util.EventListeners@29a9c3d6
      EMPTY_LISTENERS = interface java.util.EventListener[0]
      logger = class com.ibm.ws.logging.internal.WsLogger@6e849344
      CLASS_NAME = "com.ibm.ws.webcontainer.util.EventListeners"
      listeners = interface java.util.EventListener[0]
  event = class com.ibm.websphere.servlet.event.ServletEvent@5c49c08b
    serialVersionUID = 3906650803920713522
    _servletName = "ewms"
    _servletClassName = "org.springframework.web.servlet.DispatcherServlet"
    $$$tc$$$ = class com.ibm.websphere.ras.TraceComponent@2e238220
      strings[0] = "TraceComponent[com.ibm.websphere.servlet.event.ServletEvent,class com.ibm.websphere.servlet.event.ServletEvent,[],null,null]"
    serialVersionUID = 3546927969739289392
    _context = class com.ibm.wsspi.webcontainer.facade.ServletContextFacade@18aacfb2
      context = class com.ibm.ws.webcontainer.osgi.webapp.WebApp@7b4204de
    _servletNames = class com.ibm.ws.webcontainer.util.EmptyEnumeration@168b11fb
      serialVersionUID = 3546642126931963953
      _instance = class com.ibm.ws.webcontainer.util.EmptyEnumeration@168b11fb
    $$$tc$$$ = class com.ibm.websphere.ras.TraceComponent@4492c717
      strings[0] = "TraceComponent[com.ibm.websphere.servlet.event.ApplicationEvent,class com.ibm.websphere.servlet.event.ApplicationEvent,[],null,null]"
    serialVersionUID = 5516075349620653480
    source = class com.ibm.ws.webcontainer.osgi.servlet.ServletWrapper@6135f33c
  unavailableMessage = null
  unavailableUntil = -1
  isSTM = false
  internalServlet = false
  webAppInvocationCollaborators = null
  platformHelper = class com.ibm.ws.webcontainer.PlatformHelper@1c338b2f
  webAppNameSpaceCollab = class com.ibm.ws.webcontainer.osgi.collaborator.WebAppNameSpaceCollaboratorImpl@64dd1003
    cmdai = class com.ibm.ws.threadContext.ComponentMetaDataAccessorImpl@760a84ea
      tc = class com.ibm.websphere.ras.TraceComponent@69f6240d
      cmdai = class com.ibm.ws.threadContext.ComponentMetaDataAccessorImpl@760a84ea
      threadContext = class com.ibm.ws.threadContext.ThreadContextImpl@6fbabc8f
      defaultCMD = null
  txCollab = class com.ibm.ws.transaction.services.WebAppTransactionCollaboratorImpl@3b35d515
    tc = class com.ibm.websphere.ras.TraceComponent@6ec1cb25
      strings[0] = "TraceComponent[com.ibm.ws.transaction.services.WebAppTransactionCollaboratorImpl,class com.ibm.ws.transaction.services.WebAppTransactionCollaboratorImpl,[transaction],com.ibm.ws.transaction.services.TransactionMessages,null]"
    ltCurrentRef = class com.ibm.wsspi.kernel.service.utils.AtomicServiceReference@8c5910d
      referenceName = "ltCurrent"
      tuple = class java.util.concurrent.atomic.AtomicReference@3e57226b
      serialVersionUID = 2226592364007985000
      $$$tc$$$ = class com.ibm.websphere.ras.TraceComponent@7508c38f
    tranMgrRef = class com.ibm.wsspi.kernel.service.utils.AtomicServiceReference@4a93b981
      referenceName = "tranMgr"
      tuple = class java.util.concurrent.atomic.AtomicReference@6b14a885
      serialVersionUID = 2226592364007985000
      $$$tc$$$ = class com.ibm.websphere.ras.TraceComponent@7508c38f
    userTranRef = class com.ibm.wsspi.kernel.service.utils.AtomicServiceReference@15dca082
      referenceName = "userTran"
      tuple = class java.util.concurrent.atomic.AtomicReference@7606bbb7
      serialVersionUID = 2226592364007985000
      $$$tc$$$ = class com.ibm.websphere.ras.TraceComponent@7508c38f
    uowCallbackRef = class com.ibm.wsspi.kernel.service.utils.AtomicServiceReference@706e3c49
      referenceName = "uowCallback"
      tuple = class java.util.concurrent.atomic.AtomicReference@502c42dc
      serialVersionUID = 2226592364007985000
      $$$tc$$$ = class com.ibm.websphere.ras.TraceComponent@7508c38f
    serialVersionUID = -8319003162899973281
  connCollab = class com.ibm.ws.webcontainer.collaborator.ConnectionCollaborator@5db36aaf
  suppressServletExceptionLogging = false
  throwExceptionEnum = class java.util.RegularEnumSet@23246cde
    serialVersionUID = 3411599620347842686
    elements = 256
    elementType = class java.lang.Class@797ff646
      ANNOTATION = 8192
      ENUM = 16384
      SYNTHETIC = 4096
      cachedConstructor = null
      newInstanceCallerCache = null
      name = "com.ibm.wsspi.webcontainer.collaborator.CollaboratorInvocationEnum"
      allPermDomain = class java.security.ProtectionDomain@5c6d9f0c
      useCaches = true
      reflectionData = class java.lang.ref.SoftReference@3f8640ec
      classRedefinedCount = 0
      genericInfo = null
      serialVersionUID = 3206093459760846163
      serialPersistentFields = class java.io.ObjectStreamField[0]
      reflectionFactory = class sun.reflect.ReflectionFactory@4bb23cd9
      initted = true
      enumConstants = class com.ibm.wsspi.webcontainer.collaborator.CollaboratorInvocationEnum[9]
      enumConstantDirectory = null
      annotationData = null
      annotationType = null
      classValueMap = null
    universe = class com.ibm.wsspi.webcontainer.collaborator.CollaboratorInvocationEnum[9]
      universe[0] = class com.ibm.wsspi.webcontainer.collaborator.CollaboratorInvocationEnum@6f0cc1bc
      universe[1] = class com.ibm.wsspi.webcontainer.collaborator.CollaboratorInvocationEnum@7ded97e
      universe[2] = class com.ibm.wsspi.webcontainer.collaborator.CollaboratorInvocationEnum@7bc103e8
      universe[3] = class com.ibm.wsspi.webcontainer.collaborator.CollaboratorInvocationEnum@4cba15f2
      universe[4] = class com.ibm.wsspi.webcontainer.collaborator.CollaboratorInvocationEnum@45b22cf8
      universe[5] = class com.ibm.wsspi.webcontainer.collaborator.CollaboratorInvocationEnum@34560819
      universe[6] = class com.ibm.wsspi.webcontainer.collaborator.CollaboratorInvocationEnum@47fb9338
      universe[7] = class com.ibm.wsspi.webcontainer.collaborator.CollaboratorInvocationEnum@5bf20bb0
      universe[8] = class com.ibm.wsspi.webcontainer.collaborator.CollaboratorInvocationEnum@f7339da
    ZERO_LENGTH_ENUM_ARRAY = class java.lang.Enum[0]
    MAX_ARRAY_SIZE = 2147483639
  discernUnavailableServlet = false
  reInitServletonInitUnavailableException = true
  destroyServletonServiceUnavailableException = false
  servlet23 = true
  PARAMS_HEAD_TRACE = class java.lang.Class[2]
    PARAMS_HEAD_TRACE[0] = class java.lang.Class@1339954
      ANNOTATION = 8192
      ENUM = 16384
      SYNTHETIC = 4096
      cachedConstructor = null
      newInstanceCallerCache = null
      name = "javax.servlet.http.HttpServletRequest"
      allPermDomain = class java.security.ProtectionDomain@5c6d9f0c
      useCaches = true
      reflectionData = class java.lang.ref.SoftReference@1c13cdb0
      classRedefinedCount = 0
      genericInfo = null
      serialVersionUID = 3206093459760846163
      serialPersistentFields = class java.io.ObjectStreamField[0]
      reflectionFactory = class sun.reflect.ReflectionFactory@4bb23cd9
      initted = true
      enumConstants = null
      enumConstantDirectory = null
      annotationData = null
      annotationType = null
      classValueMap = null
    PARAMS_HEAD_TRACE[1] = class java.lang.Class@2497d205
      ANNOTATION = 8192
      ENUM = 16384
      SYNTHETIC = 4096
      cachedConstructor = null
      newInstanceCallerCache = null
      name = "javax.servlet.http.HttpServletResponse"
      allPermDomain = class java.security.ProtectionDomain@5c6d9f0c
      useCaches = true
      reflectionData = class java.lang.ref.SoftReference@7100ea82
      classRedefinedCount = 0
      genericInfo = null
      serialVersionUID = 3206093459760846163
      serialPersistentFields = class java.io.ObjectStreamField[0]
      reflectionFactory = class sun.reflect.ReflectionFactory@4bb23cd9
      initted = true
      enumConstants = null
      enumConstantDirectory = null
      annotationData = null
      annotationType = null
      classValueMap = null
  defaultHeadMethodInUse = false
  defaultTraceMethodInUse = false
  checkedForDefaultMethods = null
  defaultTraceRequestBehavior = false
  defaultHeadRequestBehavior = false
  useOriginalRequestState = false
  warningStatusSet = false
  config = null

