------Start of DE processing------ = [9/8/17 9:57:06:288 EDT]
Exception = org.springframework.web.util.NestedServletException
Source = com.ibm.ws.webcontainer.filter.FilterInstanceWrapper.doFilter
probeid = 144
Stack Dump = org.springframework.web.util.NestedServletException: Request processing failed; nested exception is java.lang.NullPointerException
	at org.springframework.web.servlet.FrameworkServlet.processRequest(FrameworkServlet.java:982)
	at org.springframework.web.servlet.FrameworkServlet.doPost(FrameworkServlet.java:872)
	at javax.servlet.http.HttpServlet.service(HttpServlet.java:595)
	at org.springframework.web.servlet.FrameworkServlet.service(FrameworkServlet.java:846)
	at javax.servlet.http.HttpServlet.service(HttpServlet.java:668)
	at com.ibm.ws.webcontainer.servlet.ServletWrapper.service(ServletWrapper.java:1290)
	at com.ibm.ws.webcontainer.servlet.ServletWrapper.handleRequest(ServletWrapper.java:778)
	at com.ibm.ws.webcontainer.servlet.ServletWrapper.handleRequest(ServletWrapper.java:475)
	at com.ibm.ws.webcontainer.filter.WebAppFilterChain.invokeTarget(WebAppFilterChain.java:152)
	at com.ibm.ws.webcontainer.filter.WebAppFilterChain.doFilter(WebAppFilterChain.java:94)
	at org.springframework.web.filter.ShallowEtagHeaderFilter.doFilterInternal(ShallowEtagHeaderFilter.java:110)
	at com.uscs.ewms.common.security.HttpCacheFilter.doFilterInternal(HttpCacheFilter.java:19)
	at org.springframework.web.filter.OncePerRequestFilter.doFilter(OncePerRequestFilter.java:107)
	at com.ibm.ws.webcontainer.filter.FilterInstanceWrapper.doFilter(FilterInstanceWrapper.java:207)
	at com.ibm.ws.webcontainer.filter.WebAppFilterChain.doFilter(WebAppFilterChain.java:91)
	at com.uscs.ewms.common.security.EWMSLog4jUsernameFilter.doFilterInternal(EWMSLog4jUsernameFilter.java:35)
	at org.springframework.web.filter.OncePerRequestFilter.doFilter(OncePerRequestFilter.java:107)
	at com.ibm.ws.webcontainer.filter.FilterInstanceWrapper.doFilter(FilterInstanceWrapper.java:207)
	at com.ibm.ws.webcontainer.filter.WebAppFilterChain.doFilter(WebAppFilterChain.java:91)
	at org.springframework.security.web.FilterChainProxy$VirtualFilterChain.doFilter(FilterChainProxy.java:317)
	at org.springframework.security.web.access.intercept.FilterSecurityInterceptor.invoke(FilterSecurityInterceptor.java:127)
	at org.springframework.security.web.access.intercept.FilterSecurityInterceptor.doFilter(FilterSecurityInterceptor.java:91)
	at org.springframework.security.web.FilterChainProxy$VirtualFilterChain.doFilter(FilterChainProxy.java:331)
	at org.springframework.security.web.access.ExceptionTranslationFilter.doFilter(ExceptionTranslationFilter.java:114)
	at org.springframework.security.web.FilterChainProxy$VirtualFilterChain.doFilter(FilterChainProxy.java:331)
	at org.springframework.security.web.session.SessionManagementFilter.doFilter(SessionManagementFilter.java:137)
	at org.springframework.security.web.FilterChainProxy$VirtualFilterChain.doFilter(FilterChainProxy.java:331)
	at org.springframework.security.web.authentication.AnonymousAuthenticationFilter.doFilter(AnonymousAuthenticationFilter.java:111)
	at org.springframework.security.web.FilterChainProxy$VirtualFilterChain.doFilter(FilterChainProxy.java:331)
	at org.springframework.security.web.servletapi.SecurityContextHolderAwareRequestFilter.doFilter(SecurityContextHolderAwareRequestFilter.java:170)
	at org.springframework.security.web.FilterChainProxy$VirtualFilterChain.doFilter(FilterChainProxy.java:331)
	at org.springframework.security.web.savedrequest.RequestCacheAwareFilter.doFilter(RequestCacheAwareFilter.java:63)
	at org.springframework.security.web.FilterChainProxy$VirtualFilterChain.doFilter(FilterChainProxy.java:331)
	at org.springframework.security.web.authentication.www.BasicAuthenticationFilter.doFilterInternal(BasicAuthenticationFilter.java:158)
	at org.springframework.web.filter.OncePerRequestFilter.doFilter(OncePerRequestFilter.java:107)
	at org.springframework.security.web.FilterChainProxy$VirtualFilterChain.doFilter(FilterChainProxy.java:331)
	at org.springframework.security.web.authentication.AbstractAuthenticationProcessingFilter.doFilter(AbstractAuthenticationProcessingFilter.java:200)
	at org.springframework.security.web.FilterChainProxy$VirtualFilterChain.doFilter(FilterChainProxy.java:331)
	at org.springframework.security.web.authentication.logout.LogoutFilter.doFilter(LogoutFilter.java:116)
	at org.springframework.security.web.FilterChainProxy$VirtualFilterChain.doFilter(FilterChainProxy.java:331)
	at org.springframework.security.web.header.HeaderWriterFilter.doFilterInternal(HeaderWriterFilter.java:64)
	at org.springframework.web.filter.OncePerRequestFilter.doFilter(OncePerRequestFilter.java:107)
	at org.springframework.security.web.FilterChainProxy$VirtualFilterChain.doFilter(FilterChainProxy.java:331)
	at org.springframework.security.web.context.request.async.WebAsyncManagerIntegrationFilter.doFilterInternal(WebAsyncManagerIntegrationFilter.java:56)
	at org.springframework.web.filter.OncePerRequestFilter.doFilter(OncePerRequestFilter.java:107)
	at org.springframework.security.web.FilterChainProxy$VirtualFilterChain.doFilter(FilterChainProxy.java:331)
	at org.springframework.security.web.session.ConcurrentSessionFilter.doFilter(ConcurrentSessionFilter.java:155)
	at org.springframework.security.web.FilterChainProxy$VirtualFilterChain.doFilter(FilterChainProxy.java:331)
	at org.springframework.security.web.context.SecurityContextPersistenceFilter.doFilter(SecurityContextPersistenceFilter.java:105)
	at org.springframework.security.web.FilterChainProxy$VirtualFilterChain.doFilter(FilterChainProxy.java:331)
	at org.springframework.security.web.FilterChainProxy.doFilterInternal(FilterChainProxy.java:214)
	at org.springframework.security.web.FilterChainProxy.doFilter(FilterChainProxy.java:177)
	at org.springframework.web.filter.DelegatingFilterProxy.invokeDelegate(DelegatingFilterProxy.java:346)
	at org.springframework.web.filter.DelegatingFilterProxy.doFilter(DelegatingFilterProxy.java:262)
	at com.ibm.ws.webcontainer.filter.FilterInstanceWrapper.doFilter(FilterInstanceWrapper.java:207)
	at com.ibm.ws.webcontainer.filter.WebAppFilterChain.doFilter(WebAppFilterChain.java:91)
	at com.ibm.ws.webcontainer.filter.WebAppFilterManager.doFilter(WebAppFilterManager.java:1021)
	at com.ibm.ws.webcontainer.filter.WebAppFilterManager.invokeFilters(WebAppFilterManager.java:1143)
	at com.ibm.ws.webcontainer.webapp.WebApp.handleRequest(WebApp.java:4983)
	at com.ibm.ws.webcontainer.osgi.DynamicVirtualHost$2.handleRequest(DynamicVirtualHost.java:315)
	at com.ibm.ws.webcontainer.WebContainer.handleRequest(WebContainer.java:1025)
	at com.ibm.ws.webcontainer.osgi.DynamicVirtualHost$2.run(DynamicVirtualHost.java:280)
	at com.ibm.ws.http.dispatcher.internal.channel.HttpDispatcherLink$TaskWrapper.run(HttpDispatcherLink.java:967)
	at com.ibm.ws.http.dispatcher.internal.channel.HttpDispatcherLink.wrapHandlerAndExecute(HttpDispatcherLink.java:359)
	at com.ibm.ws.http.dispatcher.internal.channel.HttpDispatcherLink.ready(HttpDispatcherLink.java:318)
	at com.ibm.ws.http.channel.internal.inbound.HttpInboundLink.handleDiscrimination(HttpInboundLink.java:471)
	at com.ibm.ws.http.channel.internal.inbound.HttpInboundLink.handleNewRequest(HttpInboundLink.java:405)
	at com.ibm.ws.http.channel.internal.inbound.HttpInboundLink.processRequest(HttpInboundLink.java:285)
	at com.ibm.ws.http.channel.internal.inbound.HttpICLReadCallback.complete(HttpICLReadCallback.java:66)
	at com.ibm.ws.tcpchannel.internal.WorkQueueManager.requestComplete(WorkQueueManager.java:504)
	at com.ibm.ws.tcpchannel.internal.WorkQueueManager.attemptIO(WorkQueueManager.java:574)
	at com.ibm.ws.tcpchannel.internal.WorkQueueManager.workerRun(WorkQueueManager.java:929)
	at com.ibm.ws.tcpchannel.internal.WorkQueueManager$Worker.run(WorkQueueManager.java:1018)
	at java.util.concurrent.ThreadPoolExecutor.runWorker(Unknown Source)
	at java.util.concurrent.ThreadPoolExecutor$Worker.run(Unknown Source)
	at java.lang.Thread.run(Unknown Source)
Caused by: java.lang.NullPointerException
	at com.uscs.ewms.taskmaster.controller.AbstractTaskMasterController.handleException(AbstractTaskMasterController.java:412)
	at com.uscs.ewms.taskmaster.controller.TaskMasterController.getAppointmentGridDetails(TaskMasterController.java:725)
	at com.uscs.ewms.taskmaster.controller.TaskMasterController$$FastClassBySpringCGLIB$$84396e71.invoke(<generated>)
	at org.springframework.cglib.proxy.MethodProxy.invoke(MethodProxy.java:204)
	at org.springframework.aop.framework.CglibAopProxy$CglibMethodInvocation.invokeJoinpoint(CglibAopProxy.java:738)
	at org.springframework.aop.framework.ReflectiveMethodInvocation.proceed(ReflectiveMethodInvocation.java:157)
	at org.springframework.aop.aspectj.MethodInvocationProceedingJoinPoint.proceed(MethodInvocationProceedingJoinPoint.java:85)
	at com.uscs.ewms.logging.LoggingAspect.log(LoggingAspect.java:30)
	at sun.reflect.GeneratedMethodAccessor85.invoke(Unknown Source)
	at sun.reflect.DelegatingMethodAccessorImpl.invoke(Unknown Source)
	at java.lang.reflect.Method.invoke(Unknown Source)
	at org.springframework.aop.aspectj.AbstractAspectJAdvice.invokeAdviceMethodWithGivenArgs(AbstractAspectJAdvice.java:629)
	at org.springframework.aop.aspectj.AbstractAspectJAdvice.invokeAdviceMethod(AbstractAspectJAdvice.java:618)
	at org.springframework.aop.aspectj.AspectJAroundAdvice.invoke(AspectJAroundAdvice.java:70)
	at org.springframework.aop.framework.ReflectiveMethodInvocation.proceed(ReflectiveMethodInvocation.java:168)
	at org.springframework.aop.interceptor.ExposeInvocationInterceptor.invoke(ExposeInvocationInterceptor.java:92)
	at org.springframework.aop.framework.ReflectiveMethodInvocation.proceed(ReflectiveMethodInvocation.java:179)
	at org.springframework.aop.framework.CglibAopProxy$DynamicAdvisedInterceptor.intercept(CglibAopProxy.java:673)
	at com.uscs.ewms.taskmaster.controller.TaskMasterController$$EnhancerBySpringCGLIB$$2077bb4d.getAppointmentGridDetails(<generated>)
	at sun.reflect.NativeMethodAccessorImpl.invoke0(Native Method)
	at sun.reflect.NativeMethodAccessorImpl.invoke(Unknown Source)
	at sun.reflect.DelegatingMethodAccessorImpl.invoke(Unknown Source)
	at java.lang.reflect.Method.invoke(Unknown Source)
	at org.springframework.web.method.support.InvocableHandlerMethod.doInvoke(InvocableHandlerMethod.java:205)
	at org.springframework.web.method.support.InvocableHandlerMethod.invokeForRequest(InvocableHandlerMethod.java:133)
	at org.springframework.web.servlet.mvc.method.annotation.ServletInvocableHandlerMethod.invokeAndHandle(ServletInvocableHandlerMethod.java:97)
	at org.springframework.web.servlet.mvc.method.annotation.RequestMappingHandlerAdapter.invokeHandlerMethod(RequestMappingHandlerAdapter.java:827)
	at org.springframework.web.servlet.mvc.method.annotation.RequestMappingHandlerAdapter.handleInternal(RequestMappingHandlerAdapter.java:738)
	at org.springframework.web.servlet.mvc.method.AbstractHandlerMethodAdapter.handle(AbstractHandlerMethodAdapter.java:85)
	at org.springframework.web.servlet.DispatcherServlet.doDispatch(DispatcherServlet.java:967)
	at org.springframework.web.servlet.DispatcherServlet.doService(DispatcherServlet.java:901)
	at org.springframework.web.servlet.FrameworkServlet.processRequest(FrameworkServlet.java:970)
	... 75 more

Dump of callerThis
Object type = com.ibm.ws.webcontainer.filter.FilterInstanceWrapper
  FILTER_STATE_UNINITIALIZED = 0
  FILTER_STATE_INITIALIZING = 1
  FILTER_STATE_AVAILABLE = 2
  FILTER_STATE_DESTROYING = 3
  FILTER_STATE_DESTROYED = 4
  FILTER_STATE_UNAVAILABLE = 5
  _filterName = "etagFilter"
  _filterInstance = class com.uscs.ewms.common.security.HttpCacheFilter@77ab9a13
    HEADER_ETAG = "ETag"
    HEADER_IF_NONE_MATCH = "If-None-Match"
    HEADER_CACHE_CONTROL = "Cache-Control"
    DIRECTIVE_NO_STORE = "no-store"
    STREAMING_ATTRIBUTE = "org.springframework.web.filter.ShallowEtagHeaderFilter.STREAMING"
    servlet3Present = true
    writeWeakETag = false
    ALREADY_FILTERED_SUFFIX = ".FILTERED"
    logger = class org.apache.commons.logging.impl.Log4JLogger@23e382a9
      serialVersionUID = 5160705895411730424
      FQCN = "org.apache.commons.logging.impl.Log4JLogger"
      logger = class org.apache.log4j.Logger@65ce5f5e
      name = "com.uscs.ewms.common.security.HttpCacheFilter"
      traceLevel = class org.apache.log4j.Level@3beafdad
      class$org$apache$commons$logging$impl$Log4JLogger = class java.lang.Class@342c2cba
      class$org$apache$log4j$Level = class java.lang.Class@61d217ac
      class$org$apache$log4j$Priority = class java.lang.Class@314d9f3e
    beanName = null
    environment = null
    servletContext = null
    filterConfig = class com.ibm.ws.webcontainer.filter.FilterConfig@25f40501
    requiredProperties = class java.util.HashSet@6bdab7f9
      serialVersionUID = -5024744406713321676
      map = class java.util.HashMap@5a876f84
      PRESENT = class java.lang.Object@501d7f6a
      MAX_ARRAY_SIZE = 2147483639
  _filterState = 2
  nServicing = class java.util.concurrent.atomic.AtomicInteger@1796dc36
    serialVersionUID = 6214790243416807050
    unsafe = class sun.misc.Unsafe@4318199d
      theUnsafe = class sun.misc.Unsafe@4318199d
      INVALID_FIELD_OFFSET = -1
      ARRAY_BOOLEAN_BASE_OFFSET = 16
      ARRAY_BYTE_BASE_OFFSET = 16
      ARRAY_SHORT_BASE_OFFSET = 16
      ARRAY_CHAR_BASE_OFFSET = 16
      ARRAY_INT_BASE_OFFSET = 16
      ARRAY_LONG_BASE_OFFSET = 16
      ARRAY_FLOAT_BASE_OFFSET = 16
      ARRAY_DOUBLE_BASE_OFFSET = 16
      ARRAY_OBJECT_BASE_OFFSET = 16
      ARRAY_BOOLEAN_INDEX_SCALE = 1
      ARRAY_BYTE_INDEX_SCALE = 1
      ARRAY_SHORT_INDEX_SCALE = 2
      ARRAY_CHAR_INDEX_SCALE = 2
      ARRAY_INT_INDEX_SCALE = 4
      ARRAY_LONG_INDEX_SCALE = 8
      ARRAY_FLOAT_INDEX_SCALE = 4
      ARRAY_DOUBLE_INDEX_SCALE = 8
      ARRAY_OBJECT_INDEX_SCALE = 4
      ADDRESS_SIZE = 8
    valueOffset = 12
    value = 0
    serialVersionUID = -8742448824652078965
  logger = class com.ibm.ws.logging.internal.WsLogger@4931fc7a
    tc = class com.ibm.websphere.ras.TraceComponent@42ceceb4
      strings[0] = "TraceComponent[com.ibm.ws.logging.internal.WsLogger,class com.ibm.ws.logging.internal.WsLogger,[logging],com.ibm.ws.logging.internal.resources.LoggingMessages,null]"
    ivCachedResourceBundleName = null
    ivCachedResourceBundle = null
    ivComponent = null
    ivOrganization = null
    ivProduct = null
    ivMinimumLocalizationLevelIntValue = 625
    ivTC = class com.ibm.websphere.ras.TraceComponent@400a52b2
      strings[0] = "TraceComponent[com.ibm.ws.webcontainer.filter,class com.ibm.wsspi.webcontainer.logging.LoggerFactory$1,[com.ibm.ws.webcontainer.filter],null,null]"
    loggerRegistrationComponent = class java.lang.ThreadLocal@71377575
      threadLocalHashCode = 1675452296
      nextHashCode = class java.util.concurrent.atomic.AtomicInteger@66185123
      HASH_INCREMENT = 1640531527
    emptyHandlers = class java.util.logging.Handler[0]
    offValue = 2147483647
    SYSTEM_LOGGER_RB_NAME = "sun.util.logging.resources.logging"
    SYSTEM_BUNDLE = class java.util.logging.Logger$LoggerBundle@6e8d28f6
      resourceBundleName = "sun.util.logging.resources.logging"
      userBundle = null
    NO_RESOURCE_BUNDLE = class java.util.logging.Logger$LoggerBundle@2f4b32b5
      resourceBundleName = null
      userBundle = null
    manager = class com.ibm.ws.kernel.boot.logging.WsLogManager@6c1169ae
      CLASS_NAME = "com.ibm.ws.kernel.boot.logging.WsLogManager"
      CONFIGURE_BY_SERVER_PROPERTY_NAME = "java.util.logging.configureByServer"
      CONFIGURE_BY_LOGGING_PROPERTIES_FILE = "java.util.logging.configureByLoggingPropertiesFile"
      configureByServer = true
      configureByLoggingProperties = false
      wsLogger = class java.lang.reflect.Constructor@3d534a14
      resetEnabled = true
      manager = class com.ibm.ws.kernel.boot.logging.WsLogManager@6c1169ae
      props = class java.util.Properties@54aa4a2
      defaultLevel = class java.util.logging.Level@1bf1020f
      listenerMap = class java.util.HashMap@77060935
      systemContext = class java.util.logging.LogManager$SystemLoggerContext@7cd2c74f
      userContext = class java.util.logging.LogManager$LoggerContext@5bf6212b
      rootLogger = class java.util.logging.LogManager$RootLogger@49da67fd
      readPrimordialConfiguration = true
      initializedGlobalHandlers = true
      deathImminent = false
      initializedCalled = true
      initializationDone = true
      contextsMap = null
      loggerRefQueue = class java.lang.ref.ReferenceQueue@bc9f143
      MAX_ITERATIONS = 400
      controlPermission = class java.util.logging.LoggingPermission@4c411eae
      loggingMXBean = null
      LOGGING_MXBEAN_NAME = "java.util.logging:type=Logging"
      $assertionsDisabled = true
    name = "com.ibm.ws.webcontainer.filter"
    handlers = class java.util.concurrent.CopyOnWriteArrayList@26473584
      serialVersionUID = 8673264195747942595
      lock = class java.util.concurrent.locks.ReentrantLock@70d88614
      array = class java.lang.Object[0]
      UNSAFE = class sun.misc.Unsafe@4318199d
      lockOffset = 12
    loggerBundle = class java.util.logging.Logger$LoggerBundle@218a6322
      resourceBundleName = "com.ibm.ws.webcontainer.resources.Messages"
      userBundle = null
    useParentHandlers = true
    filter = null
    anonymous = false
    catalog = class com.ibm.ws.webcontainer.resources.Messages@57a2233c
      resources = class [Ljava.lang.Object;[332]
      lookup = class java.util.HashMap@7dd15aec
      INITIAL_CACHE_SIZE = 32
      NONEXISTENT_BUNDLE = class java.util.ResourceBundle$1@48514268
      cacheList = class java.util.concurrent.ConcurrentHashMap@12d65315
      referenceQueue = class java.lang.ref.ReferenceQueue@67d8995
      parent = null
      locale = class java.util.Locale@718cb58c
      name = "com.ibm.ws.webcontainer.resources.Messages"
      expired = false
      cacheKey = class java.util.ResourceBundle$CacheKey@330cebd7
      keySet = null
      providers = null
      $assertionsDisabled = true
    catalogName = "com.ibm.ws.webcontainer.resources.Messages"
    catalogLocale = class java.util.Locale@30997c7f
      LOCALECACHE = class java.util.Locale$Cache@3a2bf6ce
      ENGLISH = class java.util.Locale@400f7a63
      FRENCH = class java.util.Locale@43043cb0
      GERMAN = class java.util.Locale@7ed2d52
      ITALIAN = class java.util.Locale@621526e7
      JAPANESE = class java.util.Locale@597284a4
      KOREAN = class java.util.Locale@3bf1d286
      CHINESE = class java.util.Locale@5598ef17
      SIMPLIFIED_CHINESE = class java.util.Locale@1ef1c95d
      TRADITIONAL_CHINESE = class java.util.Locale@536b2983
      FRANCE = class java.util.Locale@66bba48a
      GERMANY = class java.util.Locale@74490f1d
      ITALY = class java.util.Locale@64e28be8
      JAPAN = class java.util.Locale@6ecf81c6
      KOREA = class java.util.Locale@556bf761
      CHINA = class java.util.Locale@1ef1c95d
      PRC = class java.util.Locale@1ef1c95d
      TAIWAN = class java.util.Locale@536b2983
      UK = class java.util.Locale@69e63b36
      US = class java.util.Locale@30997c7f
      CANADA = class java.util.Locale@19ab4029
      CANADA_FRENCH = class java.util.Locale@bf8236b
      ROOT = class java.util.Locale@718cb58c
      PRIVATE_USE_EXTENSION = x
      UNICODE_LOCALE_EXTENSION = u
      serialVersionUID = 9149081749638150636
      DISPLAY_LANGUAGE = 0
      DISPLAY_COUNTRY = 1
      DISPLAY_VARIANT = 2
      DISPLAY_SCRIPT = 3
      baseLocale = class sun.util.locale.BaseLocale@59c5a903
      localeExtensions = null
      hashCodeValue = 96636889
      defaultLocale = class java.util.Locale@30997c7f
      defaultDisplayLocale = null
      defaultFormatLocale = class java.util.Locale@30997c7f
      languageTag = "en-US"
      serialPersistentFields = class java.io.ObjectStreamField[6]
      isoLanguages = null
      isoCountries = null
      $assertionsDisabled = true
    treeLock = class java.lang.Object@2f6d94fd
    parent = class com.ibm.ws.logging.internal.WsLogger@5d8c6141
      tc = class com.ibm.websphere.ras.TraceComponent@42ceceb4
      ivCachedResourceBundleName = "com.ibm.ws.webcontainer.resources.Messages"
      ivCachedResourceBundle = class com.ibm.ws.webcontainer.resources.Messages@44387240
      ivComponent = null
      ivOrganization = null
      ivProduct = null
      ivMinimumLocalizationLevelIntValue = 625
      ivTC = class com.ibm.websphere.ras.TraceComponent@1b2587f7
      loggerRegistrationComponent = class java.lang.ThreadLocal@71377575
      emptyHandlers = class java.util.logging.Handler[0]
      offValue = 2147483647
      SYSTEM_LOGGER_RB_NAME = "sun.util.logging.resources.logging"
      SYSTEM_BUNDLE = class java.util.logging.Logger$LoggerBundle@6e8d28f6
      NO_RESOURCE_BUNDLE = class java.util.logging.Logger$LoggerBundle@2f4b32b5
      manager = class com.ibm.ws.kernel.boot.logging.WsLogManager@6c1169ae
      name = "com.ibm.ws.webcontainer"
      handlers = class java.util.concurrent.CopyOnWriteArrayList@215484c0
      loggerBundle = class java.util.logging.Logger$LoggerBundle@186dfb17
      useParentHandlers = true
      filter = null
      anonymous = false
      catalog = class com.ibm.ws.webcontainer.resources.Messages@44387240
      catalogName = "com.ibm.ws.webcontainer.resources.Messages"
      catalogLocale = class java.util.Locale@30997c7f
      treeLock = class java.lang.Object@2f6d94fd
      parent = class java.util.logging.Logger@69cb3768
      kids = class java.util.ArrayList@602e73b3
      levelObject = class java.util.logging.Level@1bf1020f
      levelValue = 800
      callersClassLoaderRef = class java.lang.ref.WeakReference@65d989f2
      isSystemLogger = false
      GLOBAL_LOGGER_NAME = "global"
      global = class java.util.logging.Logger@1dc1be42
      $assertionsDisabled = true
    kids = null
    levelObject = class java.util.logging.Level@1bf1020f
      defaultBundle = "sun.util.logging.resources.logging"
      name = "INFO"
      value = 800
      resourceBundleName = "sun.util.logging.resources.logging"
      localizedLevelName = "INFO"
      cachedLocale = class java.util.Locale@30997c7f
      OFF = class java.util.logging.Level@17504a77
      SEVERE = class java.util.logging.Level@3a0e1a22
      WARNING = class java.util.logging.Level@4590719
      INFO = class java.util.logging.Level@1bf1020f
      CONFIG = class java.util.logging.Level@402e3ee7
      FINE = class java.util.logging.Level@55b8d767
      FINER = class java.util.logging.Level@1f2d08f8
      FINEST = class java.util.logging.Level@5380a5cb
      ALL = class java.util.logging.Level@62e8605a
      serialVersionUID = -8176160795706313070
    levelValue = 800
    callersClassLoaderRef = class java.lang.ref.WeakReference@23f94515
      referent = class org.eclipse.osgi.internal.loader.EquinoxClassLoader@4b869ef9
      queue = class java.lang.ref.ReferenceQueue$Null@33d679ad
      next = null
      discovered = null
      lock = class java.lang.ref.Reference$Lock@2289738d
      pending = null
    isSystemLogger = false
    GLOBAL_LOGGER_NAME = "global"
    global = class java.util.logging.Logger@1dc1be42
      emptyHandlers = class java.util.logging.Handler[0]
      offValue = 2147483647
      SYSTEM_LOGGER_RB_NAME = "sun.util.logging.resources.logging"
      SYSTEM_BUNDLE = class java.util.logging.Logger$LoggerBundle@6e8d28f6
      NO_RESOURCE_BUNDLE = class java.util.logging.Logger$LoggerBundle@2f4b32b5
      manager = class com.ibm.ws.kernel.boot.logging.WsLogManager@6c1169ae
      name = "global"
      handlers = class java.util.concurrent.CopyOnWriteArrayList@42b4b92d
      loggerBundle = class java.util.logging.Logger$LoggerBundle@2f4b32b5
      useParentHandlers = true
      filter = null
      anonymous = false
      catalog = null
      catalogName = null
      catalogLocale = null
      treeLock = class java.lang.Object@2f6d94fd
      parent = class java.util.logging.LogManager$RootLogger@49da67fd
      kids = null
      levelObject = null
      levelValue = 800
      callersClassLoaderRef = null
      isSystemLogger = true
      GLOBAL_LOGGER_NAME = "global"
      global = class java.util.logging.Logger@1dc1be42
      $assertionsDisabled = true
    $assertionsDisabled = true
  CLASS_NAME = "com.ibm.ws.webcontainer.filter.FilterInstanceWrapper"
  _filterEvent = null
  _filterConfig = class com.ibm.ws.webcontainer.filter.FilterConfig@25f40501
    tc = class com.ibm.websphere.ras.TraceComponent@182ded05
      strings[0] = "TraceComponent[com.ibm.ws.webcontainer.filter.FilterConfig,class com.ibm.ws.webcontainer.filter.FilterConfig,[webcontainer],com.ibm.ws.webcontainer.resources.LShimMessages,null]"
    dispatchMode = null
    filterClassLoader = null
    isInternal = false
    webAppConfig = class com.ibm.ws.webcontainer.osgi.webapp.WebAppConfiguration@e0a5af
      webModuleMetaData = class com.ibm.ws.webcontainer.osgi.metadata.WebModuleMetaDataImpl@11b720f1
      webComponentMetaData = class com.ibm.ws.webcontainer.osgi.metadata.WebComponentMetaDataImpl@129b631d
      dVirtualHost = class com.ibm.ws.webcontainer.osgi.DynamicVirtualHost@5f92e8bd
      orderedLibPaths = class java.util.Collections$UnmodifiableRandomAccessList@7bb6d1a6
      bundleHeaders = null
      cdiEnabled = false
      CLASS_NAME = "com.ibm.ws.webcontainer.webapp.WebAppConfiguration"
      logger = class com.ibm.ws.logging.internal.WsLogger@5b01b72f
      tc = class com.ibm.websphere.ras.TraceComponent@3c9b6e86
      nls = class com.ibm.ejs.ras.TraceNLS@22db6651
      version = 30
      contextRoot = "/web"
      sessionTimeout = 120
      moduleSessionTimeoutSet = true
      moduleSessionTrackingModeSet = false
      sessionCookieConfig = class com.ibm.ws.session.SessionCookieConfigImpl@317b3a52
      hasProgrammaticCookieConfig = false
      sessionDefaultTrackingModeSet = class java.util.RegularEnumSet@18c4b396
      sessionManagerConfig = class com.ibm.ws.session.SessionManagerConfig@6d8da0ee
      displayName = "USCS.eWMS"
      description = null
      reloadInterval = 0
      distributable = true
      denyUncoveredHttpMethods = false
      reloadingEnabled = false
      serveServletsByClassnameEnabled = false
      defaultErrorPage = null
      additionalClassPath = null
      fileServingEnabled = null
      directoryBrowsingEnabled = false
      autoRequestEncoding = false
      autoResponseEncoding = false
      autoLoadFilters = false
      requestListeners = null
      requestAttributeListeners = null
      sessionListeners = null
      localeMap = null
      moduleName = "web"
      j2eeModuleName = "web.war"
      moduleId = null
      isSyncToThreadEnabled = false
      encodeDispatchedRequestURI = false
      isSystemApp = false
      ardEnabled = false
      ardDispatchType = null
      listeners = class java.util.ArrayList@518eb818
      welcomeFileList = class java.util.ArrayList@289ea596
      servletMappings = class java.util.HashMap@40dfa37d
      lastIndexBeforeDeclaredFilters = 0
      filterMappings = class java.util.ArrayList@7dbae0f3
      servletInfo = class java.util.HashMap@5950c924
      filterInfo = class java.util.HashMap@43f658d
      mimeMappings = class java.util.HashMap@39c6fa3c
      mimeFilters = null
      isMimeFilteringEnabled = false
      theWebGroup = null
      jspAttributes = class java.util.HashMap@1351288f
      fileServingAttributes = class java.util.HashMap@4c97ca28
      invokerAttributes = class java.util.HashMap@33fbdd3a
      contextParams = class java.util.HashMap@3d62d663
      virtualHost = "default_host"
      exceptionErrorPages = class java.util.HashMap@276d8410
      codeErrorPages = class java.util.HashMap@5559dc5f
      tagLibList = null
      precompileJsps = false
      webApp = class com.ibm.ws.webcontainer.osgi.webapp.WebApp@19a6693d
      virtualHostList = class java.util.Collections$EmptyList@38a6c9c3
      appStartupWeight = 0
      moduleStartupWeight = 0
      metaDataComplete = false
      classesToScan = class java.util.ArrayList@13dcc17a
      uriFilterMappingInfos = class java.util.ArrayList@585a8a15
      servletFilterMappingInfos = null
      dynamicServletRegistrationMap = null
      applicationName = "web"
      libBinPathList = class java.util.ArrayList@437a0e65
      webXmlDefinedListeners = class java.util.HashSet@4d1c3f18
      allRefs = class java.util.EnumMap@383ee0d0
      allRefBindings = class java.util.EnumMap@3438cfe0
      envEntryValues = class java.util.HashMap@27a2e624
      resourceRefConfigList = null
      disallowAllFileServingProp = "false"
      disallowServeServletsByClassnameProp = "true"
      disableStaticMappingCache = false
      jspCachedLocations = class java.util.HashMap@b6ae937
      primedSTSHeader = "NoValue"
      enablemultireadofpostdata = false
      _id = "WebAppGeneratedId1"
      _attributes = null
      serialVersionUID = 7511545662945734886
      $$$tc$$$ = class com.ibm.websphere.ras.TraceComponent@3c29f051
    filter = null
    filterClass = null
    urlPatternMappings = class java.util.ArrayList@715b47da
      serialVersionUID = 8683452581122892189
      DEFAULT_CAPACITY = 10
      EMPTY_ELEMENTDATA = class java.lang.Object[0]
      DEFAULTCAPACITY_EMPTY_ELEMENTDATA = class java.lang.Object[0]
      elementData = class java.lang.Object[10]
      size = 1
      MAX_ARRAY_SIZE = 2147483639
      modCount = 1
      MAX_ARRAY_SIZE = 2147483639
    servletNameMappings = null
    nls = class com.ibm.ejs.ras.TraceNLS@663868e3
      resolver = class com.ibm.ws.logging.internal.TraceNLSResolver@62cea85d
      finder = class com.ibm.ws.logging.internal.StackFinder@6b1113dc
      ivBundleName = "com.ibm.ws.webcontainer.resources.Messages"
      caller = class java.lang.Class@1383392
    logger = class com.ibm.ws.logging.internal.WsLogger@750d25dc
      tc = class com.ibm.websphere.ras.TraceComponent@42ceceb4
      ivCachedResourceBundleName = "com.ibm.ws.webcontainer.resources.Messages"
      ivCachedResourceBundle = class com.ibm.ws.webcontainer.resources.Messages@44387240
      ivComponent = null
      ivOrganization = null
      ivProduct = null
      ivMinimumLocalizationLevelIntValue = 625
      ivTC = class com.ibm.websphere.ras.TraceComponent@633677ab
      loggerRegistrationComponent = class java.lang.ThreadLocal@71377575
      emptyHandlers = class java.util.logging.Handler[0]
      offValue = 2147483647
      SYSTEM_LOGGER_RB_NAME = "sun.util.logging.resources.logging"
      SYSTEM_BUNDLE = class java.util.logging.Logger$LoggerBundle@6e8d28f6
      NO_RESOURCE_BUNDLE = class java.util.logging.Logger$LoggerBundle@2f4b32b5
      manager = class com.ibm.ws.kernel.boot.logging.WsLogManager@6c1169ae
      name = "com.ibm.ws.webcontainer.servlet"
      handlers = class java.util.concurrent.CopyOnWriteArrayList@449da0ea
      loggerBundle = class java.util.logging.Logger$LoggerBundle@36282056
      useParentHandlers = true
      filter = null
      anonymous = false
      catalog = class com.ibm.ws.webcontainer.resources.Messages@44387240
      catalogName = "com.ibm.ws.webcontainer.resources.Messages"
      catalogLocale = class java.util.Locale@30997c7f
      treeLock = class java.lang.Object@2f6d94fd
      parent = class com.ibm.ws.logging.internal.WsLogger@5d8c6141
      kids = null
      levelObject = class java.util.logging.Level@1bf1020f
      levelValue = 800
      callersClassLoaderRef = class java.lang.ref.WeakReference@60b6371
      isSystemLogger = false
      GLOBAL_LOGGER_NAME = "global"
      global = class java.util.logging.Logger@1dc1be42
      $assertionsDisabled = true
    CLASS_NAME = "com.ibm.ws.webcontainer.servlet.TargetConfig"
    initParams = null
    fileName = null
    displayName = "FilterGeneratedId4"
    name = "etagFilter"
    description = null
    smallIcon = null
    largeIcon = null
    context = class com.ibm.wsspi.webcontainer.facade.ServletContextFacade@4c21ab28
      context = class com.ibm.ws.webcontainer.osgi.webapp.WebApp@19a6693d
    className = "com.uscs.ewms.common.security.HttpCacheFilter"
    asyncSupported = false
    _id = "FilterGeneratedId4"
    _attributes = null
    serialVersionUID = 7511545662945734886
    $$$tc$$$ = class com.ibm.websphere.ras.TraceComponent@3c29f051
      strings[0] = "TraceComponent[com.ibm.ws.container.BaseConfiguration,class com.ibm.ws.container.BaseConfiguration,[],null,null]"
  _eventSource = class com.ibm.ws.webcontainer.webapp.WebAppEventSource@64a4c96d
    _invocationListeners = class com.ibm.ws.webcontainer.util.EventListeners@756fe5d6
      EMPTY_LISTENERS = interface java.util.EventListener[0]
      logger = class com.ibm.ws.logging.internal.WsLogger@42909a19
      CLASS_NAME = "com.ibm.ws.webcontainer.util.EventListeners"
      listeners = interface java.util.EventListener[0]
    _servletListeners = class com.ibm.ws.webcontainer.util.EventListeners@7a7ed4e4
      EMPTY_LISTENERS = interface java.util.EventListener[0]
      logger = class com.ibm.ws.logging.internal.WsLogger@42909a19
      CLASS_NAME = "com.ibm.ws.webcontainer.util.EventListeners"
      listeners = interface java.util.EventListener[0]
    _errorListeners = class com.ibm.ws.webcontainer.util.EventListeners@1d4220df
      EMPTY_LISTENERS = interface java.util.EventListener[0]
      logger = class com.ibm.ws.logging.internal.WsLogger@42909a19
      CLASS_NAME = "com.ibm.ws.webcontainer.util.EventListeners"
      listeners = interface java.util.EventListener[0]
    _applicationListeners = class com.ibm.ws.webcontainer.util.EventListeners@7946f3dc
      EMPTY_LISTENERS = interface java.util.EventListener[0]
      logger = class com.ibm.ws.logging.internal.WsLogger@42909a19
      CLASS_NAME = "com.ibm.ws.webcontainer.util.EventListeners"
      listeners = interface java.util.EventListener[0]
    _filterInvocationListeners = class com.ibm.ws.webcontainer.util.EventListeners@730de877
      EMPTY_LISTENERS = interface java.util.EventListener[0]
      logger = class com.ibm.ws.logging.internal.WsLogger@42909a19
      CLASS_NAME = "com.ibm.ws.webcontainer.util.EventListeners"
      listeners = interface java.util.EventListener[0]
    _filterListeners = class com.ibm.ws.webcontainer.util.EventListeners@7fd8cb06
      EMPTY_LISTENERS = interface java.util.EventListener[0]
      logger = class com.ibm.ws.logging.internal.WsLogger@42909a19
      CLASS_NAME = "com.ibm.ws.webcontainer.util.EventListeners"
      listeners = interface java.util.EventListener[0]
    _filterErrorListeners = class com.ibm.ws.webcontainer.util.EventListeners@739058fa
      EMPTY_LISTENERS = interface java.util.EventListener[0]
      logger = class com.ibm.ws.logging.internal.WsLogger@42909a19
      CLASS_NAME = "com.ibm.ws.webcontainer.util.EventListeners"
      listeners = interface java.util.EventListener[0]
  _managedObject = class com.ibm.ws.managedobject.internal.ManagedObjectImpl@798ab883
    object = "<sensitive com.uscs.ewms.common.security.HttpCacheFilter@77ab9a13>"
    serialVersionUID = -5603642874755101089
    $$$tc$$$ = class com.ibm.websphere.ras.TraceComponent@271d8cd1
      strings[0] = "TraceComponent[com.ibm.ws.managedobject.internal.ManagedObjectImpl,class com.ibm.ws.managedobject.internal.ManagedObjectImpl,[],null,null]"

