------Start of DE processing------ = [9/6/17 15:35:08:139 EDT]
Exception = org.springframework.web.util.NestedServletException
Source = com.ibm.ws.webcontainer.filter.WebAppFilterChain.doFilter
probeid = 82
Stack Dump = org.springframework.web.util.NestedServletException: Request processing failed; nested exception is org.springframework.dao.DataIntegrityViolationException: could not execute query; SQL [SELECT distinct cast(dc.DTL_CODE AS INTEGER) as holdCode, dc.CODE_DESC as codeDesc, dc.DTL_CODE_SYSID as holdCodeSysid FROM MIGSRCINN.dtl_code dc JOIN MIGSRCINN.MASTER_CODE mc ON mc.MASTER_CODE_SYSID=dc.MASTER_CODE_SYSID WHERE mc.MASTER_CODE like 'HLDCDE' order by holdCode ASC ]; nested exception is org.hibernate.exception.DataException: could not execute query
	at org.springframework.web.servlet.FrameworkServlet.processRequest(FrameworkServlet.java:982)
	at org.springframework.web.servlet.FrameworkServlet.doGet(FrameworkServlet.java:861)
	at javax.servlet.http.HttpServlet.service(HttpServlet.java:575)
	at org.springframework.web.servlet.FrameworkServlet.service(FrameworkServlet.java:846)
	at javax.servlet.http.HttpServlet.service(HttpServlet.java:668)
	at com.ibm.ws.webcontainer.servlet.ServletWrapper.service(ServletWrapper.java:1290)
	at com.ibm.ws.webcontainer.servlet.ServletWrapper.handleRequest(ServletWrapper.java:778)
	at com.ibm.ws.webcontainer.servlet.ServletWrapper.handleRequest(ServletWrapper.java:475)
	at com.ibm.ws.webcontainer.filter.WebAppFilterChain.invokeTarget(WebAppFilterChain.java:152)
	at com.ibm.ws.webcontainer.filter.WebAppFilterChain.doFilter(WebAppFilterChain.java:94)
	at org.springframework.web.filter.ShallowEtagHeaderFilter.doFilterInternal(ShallowEtagHeaderFilter.java:110)
	at com.uscs.ewms.common.security.HttpCacheFilter.doFilterInternal(HttpCacheFilter.java:19)
	at org.springframework.web.filter.OncePerRequestFilter.doFilter(OncePerRequestFilter.java:107)
	at com.ibm.ws.webcontainer.filter.FilterInstanceWrapper.doFilter(FilterInstanceWrapper.java:207)
	at com.ibm.ws.webcontainer.filter.WebAppFilterChain.doFilter(WebAppFilterChain.java:91)
	at com.uscs.ewms.common.security.EWMSLog4jUsernameFilter.doFilterInternal(EWMSLog4jUsernameFilter.java:35)
	at org.springframework.web.filter.OncePerRequestFilter.doFilter(OncePerRequestFilter.java:107)
	at com.ibm.ws.webcontainer.filter.FilterInstanceWrapper.doFilter(FilterInstanceWrapper.java:207)
	at com.ibm.ws.webcontainer.filter.WebAppFilterChain.doFilter(WebAppFilterChain.java:91)
	at org.springframework.security.web.FilterChainProxy$VirtualFilterChain.doFilter(FilterChainProxy.java:317)
	at org.springframework.security.web.access.intercept.FilterSecurityInterceptor.invoke(FilterSecurityInterceptor.java:127)
	at org.springframework.security.web.access.intercept.FilterSecurityInterceptor.doFilter(FilterSecurityInterceptor.java:91)
	at org.springframework.security.web.FilterChainProxy$VirtualFilterChain.doFilter(FilterChainProxy.java:331)
	at org.springframework.security.web.access.ExceptionTranslationFilter.doFilter(ExceptionTranslationFilter.java:114)
	at org.springframework.security.web.FilterChainProxy$VirtualFilterChain.doFilter(FilterChainProxy.java:331)
	at org.springframework.security.web.session.SessionManagementFilter.doFilter(SessionManagementFilter.java:137)
	at org.springframework.security.web.FilterChainProxy$VirtualFilterChain.doFilter(FilterChainProxy.java:331)
	at org.springframework.security.web.authentication.AnonymousAuthenticationFilter.doFilter(AnonymousAuthenticationFilter.java:111)
	at org.springframework.security.web.FilterChainProxy$VirtualFilterChain.doFilter(FilterChainProxy.java:331)
	at org.springframework.security.web.servletapi.SecurityContextHolderAwareRequestFilter.doFilter(SecurityContextHolderAwareRequestFilter.java:170)
	at org.springframework.security.web.FilterChainProxy$VirtualFilterChain.doFilter(FilterChainProxy.java:331)
	at org.springframework.security.web.savedrequest.RequestCacheAwareFilter.doFilter(RequestCacheAwareFilter.java:63)
	at org.springframework.security.web.FilterChainProxy$VirtualFilterChain.doFilter(FilterChainProxy.java:331)
	at org.springframework.security.web.authentication.www.BasicAuthenticationFilter.doFilterInternal(BasicAuthenticationFilter.java:158)
	at org.springframework.web.filter.OncePerRequestFilter.doFilter(OncePerRequestFilter.java:107)
	at org.springframework.security.web.FilterChainProxy$VirtualFilterChain.doFilter(FilterChainProxy.java:331)
	at org.springframework.security.web.authentication.AbstractAuthenticationProcessingFilter.doFilter(AbstractAuthenticationProcessingFilter.java:200)
	at org.springframework.security.web.FilterChainProxy$VirtualFilterChain.doFilter(FilterChainProxy.java:331)
	at org.springframework.security.web.authentication.logout.LogoutFilter.doFilter(LogoutFilter.java:116)
	at org.springframework.security.web.FilterChainProxy$VirtualFilterChain.doFilter(FilterChainProxy.java:331)
	at org.springframework.security.web.header.HeaderWriterFilter.doFilterInternal(HeaderWriterFilter.java:64)
	at org.springframework.web.filter.OncePerRequestFilter.doFilter(OncePerRequestFilter.java:107)
	at org.springframework.security.web.FilterChainProxy$VirtualFilterChain.doFilter(FilterChainProxy.java:331)
	at org.springframework.security.web.context.request.async.WebAsyncManagerIntegrationFilter.doFilterInternal(WebAsyncManagerIntegrationFilter.java:56)
	at org.springframework.web.filter.OncePerRequestFilter.doFilter(OncePerRequestFilter.java:107)
	at org.springframework.security.web.FilterChainProxy$VirtualFilterChain.doFilter(FilterChainProxy.java:331)
	at org.springframework.security.web.session.ConcurrentSessionFilter.doFilter(ConcurrentSessionFilter.java:155)
	at org.springframework.security.web.FilterChainProxy$VirtualFilterChain.doFilter(FilterChainProxy.java:331)
	at org.springframework.security.web.context.SecurityContextPersistenceFilter.doFilter(SecurityContextPersistenceFilter.java:105)
	at org.springframework.security.web.FilterChainProxy$VirtualFilterChain.doFilter(FilterChainProxy.java:331)
	at org.springframework.security.web.FilterChainProxy.doFilterInternal(FilterChainProxy.java:214)
	at org.springframework.security.web.FilterChainProxy.doFilter(FilterChainProxy.java:177)
	at org.springframework.web.filter.DelegatingFilterProxy.invokeDelegate(DelegatingFilterProxy.java:346)
	at org.springframework.web.filter.DelegatingFilterProxy.doFilter(DelegatingFilterProxy.java:262)
	at com.ibm.ws.webcontainer.filter.FilterInstanceWrapper.doFilter(FilterInstanceWrapper.java:207)
	at com.ibm.ws.webcontainer.filter.WebAppFilterChain.doFilter(WebAppFilterChain.java:91)
	at com.ibm.ws.webcontainer.filter.WebAppFilterManager.doFilter(WebAppFilterManager.java:1021)
	at com.ibm.ws.webcontainer.filter.WebAppFilterManager.invokeFilters(WebAppFilterManager.java:1143)
	at com.ibm.ws.webcontainer.webapp.WebApp.handleRequest(WebApp.java:4983)
	at com.ibm.ws.webcontainer.osgi.DynamicVirtualHost$2.handleRequest(DynamicVirtualHost.java:315)
	at com.ibm.ws.webcontainer.WebContainer.handleRequest(WebContainer.java:1025)
	at com.ibm.ws.webcontainer.osgi.DynamicVirtualHost$2.run(DynamicVirtualHost.java:280)
	at com.ibm.ws.http.dispatcher.internal.channel.HttpDispatcherLink$TaskWrapper.run(HttpDispatcherLink.java:967)
	at com.ibm.ws.http.dispatcher.internal.channel.HttpDispatcherLink.wrapHandlerAndExecute(HttpDispatcherLink.java:359)
	at com.ibm.ws.http.dispatcher.internal.channel.HttpDispatcherLink.ready(HttpDispatcherLink.java:318)
	at com.ibm.ws.http.channel.internal.inbound.HttpInboundLink.handleDiscrimination(HttpInboundLink.java:471)
	at com.ibm.ws.http.channel.internal.inbound.HttpInboundLink.handleNewRequest(HttpInboundLink.java:405)
	at com.ibm.ws.http.channel.internal.inbound.HttpInboundLink.processRequest(HttpInboundLink.java:285)
	at com.ibm.ws.http.channel.internal.inbound.HttpICLReadCallback.complete(HttpICLReadCallback.java:66)
	at com.ibm.ws.tcpchannel.internal.WorkQueueManager.requestComplete(WorkQueueManager.java:504)
	at com.ibm.ws.tcpchannel.internal.WorkQueueManager.attemptIO(WorkQueueManager.java:574)
	at com.ibm.ws.tcpchannel.internal.WorkQueueManager.workerRun(WorkQueueManager.java:929)
	at com.ibm.ws.tcpchannel.internal.WorkQueueManager$Worker.run(WorkQueueManager.java:1018)
	at java.util.concurrent.ThreadPoolExecutor.runWorker(Unknown Source)
	at java.util.concurrent.ThreadPoolExecutor$Worker.run(Unknown Source)
	at java.lang.Thread.run(Unknown Source)
Caused by: org.springframework.dao.DataIntegrityViolationException: could not execute query; SQL [SELECT distinct cast(dc.DTL_CODE AS INTEGER) as holdCode, dc.CODE_DESC as codeDesc, dc.DTL_CODE_SYSID as holdCodeSysid FROM MIGSRCINN.dtl_code dc JOIN MIGSRCINN.MASTER_CODE mc ON mc.MASTER_CODE_SYSID=dc.MASTER_CODE_SYSID WHERE mc.MASTER_CODE like 'HLDCDE' order by holdCode ASC ]; nested exception is org.hibernate.exception.DataException: could not execute query
	at org.springframework.orm.hibernate4.SessionFactoryUtils.convertHibernateAccessException(SessionFactoryUtils.java:167)
	at org.springframework.orm.hibernate4.HibernateExceptionTranslator.convertHibernateAccessException(HibernateExceptionTranslator.java:57)
	at org.springframework.orm.hibernate4.HibernateExceptionTranslator.translateExceptionIfPossible(HibernateExceptionTranslator.java:44)
	at org.springframework.dao.support.ChainedPersistenceExceptionTranslator.translateExceptionIfPossible(ChainedPersistenceExceptionTranslator.java:59)
	at org.springframework.dao.support.DataAccessUtils.translateIfNecessary(DataAccessUtils.java:213)
	at org.springframework.dao.support.PersistenceExceptionTranslationInterceptor.invoke(PersistenceExceptionTranslationInterceptor.java:147)
	at org.springframework.aop.framework.ReflectiveMethodInvocation.proceed(ReflectiveMethodInvocation.java:179)
	at org.springframework.aop.aspectj.MethodInvocationProceedingJoinPoint.proceed(MethodInvocationProceedingJoinPoint.java:85)
	at com.uscs.ewms.logging.LoggingAspect.log(LoggingAspect.java:30)
	at sun.reflect.GeneratedMethodAccessor86.invoke(Unknown Source)
	at sun.reflect.DelegatingMethodAccessorImpl.invoke(Unknown Source)
	at java.lang.reflect.Method.invoke(Unknown Source)
	at org.springframework.aop.aspectj.AbstractAspectJAdvice.invokeAdviceMethodWithGivenArgs(AbstractAspectJAdvice.java:629)
	at org.springframework.aop.aspectj.AbstractAspectJAdvice.invokeAdviceMethod(AbstractAspectJAdvice.java:618)
	at org.springframework.aop.aspectj.AspectJAroundAdvice.invoke(AspectJAroundAdvice.java:70)
	at org.springframework.aop.framework.ReflectiveMethodInvocation.proceed(ReflectiveMethodInvocation.java:168)
	at org.springframework.aop.interceptor.ExposeInvocationInterceptor.invoke(ExposeInvocationInterceptor.java:92)
	at org.springframework.aop.framework.ReflectiveMethodInvocation.proceed(ReflectiveMethodInvocation.java:179)
	at org.springframework.aop.framework.JdkDynamicAopProxy.invoke(JdkDynamicAopProxy.java:213)
	at com.sun.proxy.$Proxy381.getAllHoldCodes(Unknown Source)
	at com.uscs.ewms.inventory.inventorymaintenance.service.InventoryLotMaitenanceServiceImpl.getAllHoldCodes(InventoryLotMaitenanceServiceImpl.java:700)
	at sun.reflect.NativeMethodAccessorImpl.invoke0(Native Method)
	at sun.reflect.NativeMethodAccessorImpl.invoke(Unknown Source)
	at sun.reflect.DelegatingMethodAccessorImpl.invoke(Unknown Source)
	at java.lang.reflect.Method.invoke(Unknown Source)
	at org.springframework.aop.support.AopUtils.invokeJoinpointUsingReflection(AopUtils.java:333)
	at org.springframework.aop.framework.ReflectiveMethodInvocation.invokeJoinpoint(ReflectiveMethodInvocation.java:190)
	at org.springframework.aop.framework.ReflectiveMethodInvocation.proceed(ReflectiveMethodInvocation.java:157)
	at org.springframework.transaction.interceptor.TransactionInterceptor$1.proceedWithInvocation(TransactionInterceptor.java:99)
	at org.springframework.transaction.interceptor.TransactionAspectSupport$1.doInTransaction(TransactionAspectSupport.java:305)
	at org.springframework.transaction.jta.WebSphereUowTransactionManager$UOWActionAdapter.run(WebSphereUowTransactionManager.java:347)
	at com.ibm.ws.uow.embeddable.EmbeddableUOWManagerImpl.runUnderNewUOW(EmbeddableUOWManagerImpl.java:775)
	at com.ibm.ws.uow.embeddable.EmbeddableUOWManagerImpl.runUnderUOW(EmbeddableUOWManagerImpl.java:368)
	at org.springframework.transaction.jta.WebSphereUowTransactionManager.execute(WebSphereUowTransactionManager.java:290)
	at org.springframework.transaction.interceptor.TransactionAspectSupport.invokeWithinTransaction(TransactionAspectSupport.java:299)
	at org.springframework.transaction.interceptor.TransactionInterceptor.invoke(TransactionInterceptor.java:96)
	at org.springframework.aop.framework.ReflectiveMethodInvocation.proceed(ReflectiveMethodInvocation.java:168)
	at org.springframework.aop.aspectj.MethodInvocationProceedingJoinPoint.proceed(MethodInvocationProceedingJoinPoint.java:85)
	at com.uscs.ewms.logging.LoggingAspect.log(LoggingAspect.java:30)
	at sun.reflect.GeneratedMethodAccessor86.invoke(Unknown Source)
	at sun.reflect.DelegatingMethodAccessorImpl.invoke(Unknown Source)
	at java.lang.reflect.Method.invoke(Unknown Source)
	at org.springframework.aop.aspectj.AbstractAspectJAdvice.invokeAdviceMethodWithGivenArgs(AbstractAspectJAdvice.java:629)
	at org.springframework.aop.aspectj.AbstractAspectJAdvice.invokeAdviceMethod(AbstractAspectJAdvice.java:618)
	at org.springframework.aop.aspectj.AspectJAroundAdvice.invoke(AspectJAroundAdvice.java:70)
	at org.springframework.aop.framework.ReflectiveMethodInvocation.proceed(ReflectiveMethodInvocation.java:168)
	at org.springframework.aop.interceptor.ExposeInvocationInterceptor.invoke(ExposeInvocationInterceptor.java:92)
	at org.springframework.aop.framework.ReflectiveMethodInvocation.proceed(ReflectiveMethodInvocation.java:179)
	at org.springframework.aop.framework.JdkDynamicAopProxy.invoke(JdkDynamicAopProxy.java:213)
	at com.sun.proxy.$Proxy764.getAllHoldCodes(Unknown Source)
	at com.uscs.ewms.inventory.inventorymaintenance.controller.InventoryLotMaitenanceController.getAllHoldCodes(InventoryLotMaitenanceController.java:271)
	at com.uscs.ewms.inventory.inventorymaintenance.controller.InventoryLotMaitenanceController$$FastClassBySpringCGLIB$$b05a5bf8.invoke(<generated>)
	at org.springframework.cglib.proxy.MethodProxy.invoke(MethodProxy.java:204)
	at org.springframework.aop.framework.CglibAopProxy$CglibMethodInvocation.invokeJoinpoint(CglibAopProxy.java:738)
	at org.springframework.aop.framework.ReflectiveMethodInvocation.proceed(ReflectiveMethodInvocation.java:157)
	at org.springframework.aop.aspectj.MethodInvocationProceedingJoinPoint.proceed(MethodInvocationProceedingJoinPoint.java:85)
	at com.uscs.ewms.logging.LoggingAspect.log(LoggingAspect.java:30)
	at sun.reflect.GeneratedMethodAccessor86.invoke(Unknown Source)
	at sun.reflect.DelegatingMethodAccessorImpl.invoke(Unknown Source)
	at java.lang.reflect.Method.invoke(Unknown Source)
	at org.springframework.aop.aspectj.AbstractAspectJAdvice.invokeAdviceMethodWithGivenArgs(AbstractAspectJAdvice.java:629)
	at org.springframework.aop.aspectj.AbstractAspectJAdvice.invokeAdviceMethod(AbstractAspectJAdvice.java:618)
	at org.springframework.aop.aspectj.AspectJAroundAdvice.invoke(AspectJAroundAdvice.java:70)
	at org.springframework.aop.framework.ReflectiveMethodInvocation.proceed(ReflectiveMethodInvocation.java:168)
	at org.springframework.aop.interceptor.ExposeInvocationInterceptor.invoke(ExposeInvocationInterceptor.java:92)
	at org.springframework.aop.framework.ReflectiveMethodInvocation.proceed(ReflectiveMethodInvocation.java:179)
	at org.springframework.aop.framework.CglibAopProxy$DynamicAdvisedInterceptor.intercept(CglibAopProxy.java:673)
	at com.uscs.ewms.inventory.inventorymaintenance.controller.InventoryLotMaitenanceController$$EnhancerBySpringCGLIB$$fb025322.getAllHoldCodes(<generated>)
	at sun.reflect.NativeMethodAccessorImpl.invoke0(Native Method)
	at sun.reflect.NativeMethodAccessorImpl.invoke(Unknown Source)
	at sun.reflect.DelegatingMethodAccessorImpl.invoke(Unknown Source)
	at java.lang.reflect.Method.invoke(Unknown Source)
	at org.springframework.web.method.support.InvocableHandlerMethod.doInvoke(InvocableHandlerMethod.java:205)
	at org.springframework.web.method.support.InvocableHandlerMethod.invokeForRequest(InvocableHandlerMethod.java:133)
	at org.springframework.web.servlet.mvc.method.annotation.ServletInvocableHandlerMethod.invokeAndHandle(ServletInvocableHandlerMethod.java:97)
	at org.springframework.web.servlet.mvc.method.annotation.RequestMappingHandlerAdapter.invokeHandlerMethod(RequestMappingHandlerAdapter.java:827)
	at org.springframework.web.servlet.mvc.method.annotation.RequestMappingHandlerAdapter.handleInternal(RequestMappingHandlerAdapter.java:738)
	at org.springframework.web.servlet.mvc.method.AbstractHandlerMethodAdapter.handle(AbstractHandlerMethodAdapter.java:85)
	at org.springframework.web.servlet.DispatcherServlet.doDispatch(DispatcherServlet.java:967)
	at org.springframework.web.servlet.DispatcherServlet.doService(DispatcherServlet.java:901)
	at org.springframework.web.servlet.FrameworkServlet.processRequest(FrameworkServlet.java:970)
	... 75 more
Caused by: org.hibernate.exception.DataException: could not execute query
	at org.hibernate.exception.internal.SQLStateConversionDelegate.convert(SQLStateConversionDelegate.java:135)
	at org.hibernate.exception.internal.StandardSQLExceptionConverter.convert(StandardSQLExceptionConverter.java:49)
	at org.hibernate.engine.jdbc.spi.SqlExceptionHelper.convert(SqlExceptionHelper.java:125)
	at org.hibernate.loader.Loader.doList(Loader.java:2525)
	at org.hibernate.loader.Loader.doList(Loader.java:2508)
	at org.hibernate.loader.Loader.listIgnoreQueryCache(Loader.java:2338)
	at org.hibernate.loader.Loader.list(Loader.java:2333)
	at org.hibernate.loader.custom.CustomLoader.list(CustomLoader.java:338)
	at org.hibernate.internal.SessionImpl.listCustomQuery(SessionImpl.java:1827)
	at org.hibernate.internal.AbstractSessionImpl.list(AbstractSessionImpl.java:231)
	at org.hibernate.internal.SQLQueryImpl.list(SQLQueryImpl.java:157)
	at com.uscs.ewms.inventory.inventorymaintenance.dao.InventoryLotMaitenanceDAOImpl.getAllHoldCodes(InventoryLotMaitenanceDAOImpl.java:1219)
	at sun.reflect.NativeMethodAccessorImpl.invoke0(Native Method)
	at sun.reflect.NativeMethodAccessorImpl.invoke(Unknown Source)
	at sun.reflect.DelegatingMethodAccessorImpl.invoke(Unknown Source)
	at java.lang.reflect.Method.invoke(Unknown Source)
	at org.springframework.aop.support.AopUtils.invokeJoinpointUsingReflection(AopUtils.java:333)
	at org.springframework.aop.framework.ReflectiveMethodInvocation.invokeJoinpoint(ReflectiveMethodInvocation.java:190)
	at org.springframework.aop.framework.ReflectiveMethodInvocation.proceed(ReflectiveMethodInvocation.java:157)
	at org.springframework.dao.support.PersistenceExceptionTranslationInterceptor.invoke(PersistenceExceptionTranslationInterceptor.java:136)
	... 150 more
Caused by: java.sql.SQLException: [SQL0802] Data conversion or data mapping error.
	at com.ibm.as400.access.JDError.createSQLExceptionSubClass(JDError.java:845)
	at com.ibm.as400.access.JDError.throwSQLException(JDError.java:715)
	at com.ibm.as400.access.AS400JDBCResultSet.beforePositioning(AS400JDBCResultSet.java:1313)
	at com.ibm.as400.access.AS400JDBCResultSet.next(AS400JDBCResultSet.java:1848)
	at com.ibm.ws.rsadapter.jdbc.WSJdbcResultSet.next(WSJdbcResultSet.java:2271)
	at org.hibernate.loader.Loader.processResultSet(Loader.java:939)
	at org.hibernate.loader.Loader.doQuery(Loader.java:910)
	at org.hibernate.loader.Loader.doQueryAndInitializeNonLazyCollections(Loader.java:341)
	at org.hibernate.loader.Loader.doList(Loader.java:2522)
	... 166 more

Dump of callerThis
Object type = com.ibm.ws.webcontainer.filter.WebAppFilterChain
  _filters = class java.util.ArrayList@2a4c8b6f
    serialVersionUID = 8683452581122892189
    DEFAULT_CAPACITY = 10
    EMPTY_ELEMENTDATA = class java.lang.Object[0]
    DEFAULTCAPACITY_EMPTY_ELEMENTDATA = class java.lang.Object[0]
    elementData = class java.lang.Object[5]
      elementData[0] = class com.ibm.ws.webcontainer.filter.FilterInstanceWrapper@5d8513c5
      elementData[1] = class com.ibm.ws.webcontainer.filter.FilterInstanceWrapper@495b8603
      elementData[2] = class com.ibm.ws.webcontainer.filter.FilterInstanceWrapper@6ab0fe05
      elementData[3] = null
      elementData[4] = null
    size = 3
    MAX_ARRAY_SIZE = 2147483639
    modCount = 3
    MAX_ARRAY_SIZE = 2147483639
  _currentFilterIndex = 3
  _numberOfFilters = 3
  requestProcessor = class com.ibm.ws.webcontainer.osgi.servlet.ServletWrapper@16c10dfb
    serialVersionUID = 1
    _mo = class com.ibm.ws.managedobject.internal.ManagedObjectImpl@2965dc8
      object = "<sensitive org.springframework.web.servlet.DispatcherServlet@418b8692>"
      serialVersionUID = -5603642874755101089
      $$$tc$$$ = class com.ibm.websphere.ras.TraceComponent@7b90cab3
    serialVersionUID = -4479626085298397598
    notifyInvocationListeners = false
    UNINITIALIZED_STATE = -1
    AVAILABLE_STATE = 0
    UNAVAILABLE_STATE = 1
    UNAVAILABLE_PERMANENTLY_STATE = 2
    collabHelper = class com.ibm.ws.webcontainer.osgi.collaborator.CollaboratorHelperImpl@68c8deab
    nServicing = class java.util.concurrent.atomic.AtomicInteger@43f28d3f
      serialVersionUID = 6214790243416807050
      unsafe = class sun.misc.Unsafe@1b9ee516
      valueOffset = 12
      value = 0
      serialVersionUID = -8742448824652078965
    lastAccessTime = 1504726301086
    state = 0
    logger = class com.ibm.ws.logging.internal.WsLogger@2619934e
      tc = class com.ibm.websphere.ras.TraceComponent@7823335a
      ivCachedResourceBundleName = "com.ibm.ws.webcontainer.resources.Messages"
      ivCachedResourceBundle = class com.ibm.ws.webcontainer.resources.Messages@501f3c1
      ivComponent = null
      ivOrganization = null
      ivProduct = null
      ivMinimumLocalizationLevelIntValue = 625
      ivTC = class com.ibm.websphere.ras.TraceComponent@49157485
      loggerRegistrationComponent = class java.lang.ThreadLocal@6d28786a
      emptyHandlers = class java.util.logging.Handler[0]
      offValue = 2147483647
      SYSTEM_LOGGER_RB_NAME = "sun.util.logging.resources.logging"
      SYSTEM_BUNDLE = class java.util.logging.Logger$LoggerBundle@73181ee1
      NO_RESOURCE_BUNDLE = class java.util.logging.Logger$LoggerBundle@d2b647f
      manager = class com.ibm.ws.kernel.boot.logging.WsLogManager@5dd20713
      name = "com.ibm.ws.webcontainer.servlet"
      handlers = class java.util.concurrent.CopyOnWriteArrayList@261fc442
      loggerBundle = class java.util.logging.Logger$LoggerBundle@4167b785
      useParentHandlers = true
      filter = null
      anonymous = false
      catalog = class com.ibm.ws.webcontainer.resources.Messages@501f3c1
      catalogName = "com.ibm.ws.webcontainer.resources.Messages"
      catalogLocale = class java.util.Locale@5bb2c3ca
      treeLock = class java.lang.Object@1617a7c0
      parent = class com.ibm.ws.logging.internal.WsLogger@f866534
      kids = null
      levelObject = class java.util.logging.Level@340c5144
      levelValue = 800
      callersClassLoaderRef = class java.lang.ref.WeakReference@3f07e3c6
      isSystemLogger = false
      GLOBAL_LOGGER_NAME = "global"
      global = class java.util.logging.Logger@6efc896a
      $assertionsDisabled = true
    CLASS_NAME = "com.ibm.ws.webcontainer.servlet.ServletWrapper"
    nls = class com.ibm.ejs.ras.TraceNLS@fad7d8c
      resolver = class com.ibm.ws.logging.internal.TraceNLSResolver@209fd92e
      finder = class com.ibm.ws.logging.internal.StackFinder@73fa2521
      ivBundleName = "com.ibm.ws.webcontainer.resources.Messages"
      caller = class java.lang.Class@42447c0d
    servletConfig = class com.ibm.ws.webcontainer.servlet.ServletConfig@58619233
      logger = class com.ibm.ws.logging.internal.WsLogger@2619934e
      CLASS_NAME = "com.ibm.ws.webcontainer.servlet.ServletConfig"
      nls = class com.ibm.ejs.ras.TraceNLS@4e25076d
      liberty_nls = class com.ibm.ejs.ras.TraceNLS@2388887a
      enabled = true
      servletName = "ewms"
      className = "org.springframework.web.servlet.DispatcherServlet"
      mappings = class java.util.ArrayList@23d888ec
      startUpWeight = 1
      DEFAULT_STARTUP = -1
      isCachingEnabled = true
      isStatisticsEnabled = true
      isInternal = false
      metaData = class com.ibm.ws.webcontainer.osgi.metadata.WebComponentMetaDataImpl@274b3abd
      singleThreadModelServlet = false
      isJsp = false
      webAppConfig = class com.ibm.ws.webcontainer.osgi.webapp.WebAppConfiguration@71b38dc
      servletWrapper = class com.ibm.ws.webcontainer.osgi.servlet.ServletWrapper@16c10dfb
      servletClass = null
      servlet = null
      addedToLoadOnStartup = true
      previousWeight = null
      multipartConfig = null
      multipartConfigBaseLocation = null
      runAsRole = null
      servletSecurityElement = null
      declareRolesAnnotation = null
      logger = class com.ibm.ws.logging.internal.WsLogger@2619934e
      CLASS_NAME = "com.ibm.ws.webcontainer.servlet.TargetConfig"
      initParams = class java.util.HashMap@41b35f56
      fileName = null
      displayName = null
      name = "ewms"
      description = null
      smallIcon = null
      largeIcon = null
      context = class com.ibm.wsspi.webcontainer.facade.ServletContextFacade@fdcee32
      className = null
      asyncSupported = false
      _id = "ServletGeneratedId1"
      _attributes = null
      serialVersionUID = 7511545662945734886
      $$$tc$$$ = class com.ibm.websphere.ras.TraceComponent@5ffc3ec
    context = class com.ibm.ws.webcontainer.osgi.webapp.WebApp@20814d39
    target = class org.springframework.web.servlet.DispatcherServlet@418b8692
      MULTIPART_RESOLVER_BEAN_NAME = "multipartResolver"
      LOCALE_RESOLVER_BEAN_NAME = "localeResolver"
      THEME_RESOLVER_BEAN_NAME = "themeResolver"
      HANDLER_MAPPING_BEAN_NAME = "handlerMapping"
      HANDLER_ADAPTER_BEAN_NAME = "handlerAdapter"
      HANDLER_EXCEPTION_RESOLVER_BEAN_NAME = "handlerExceptionResolver"
      REQUEST_TO_VIEW_NAME_TRANSLATOR_BEAN_NAME = "viewNameTranslator"
      VIEW_RESOLVER_BEAN_NAME = "viewResolver"
      FLASH_MAP_MANAGER_BEAN_NAME = "flashMapManager"
      WEB_APPLICATION_CONTEXT_ATTRIBUTE = "org.springframework.web.servlet.DispatcherServlet.CONTEXT"
      LOCALE_RESOLVER_ATTRIBUTE = "org.springframework.web.servlet.DispatcherServlet.LOCALE_RESOLVER"
      THEME_RESOLVER_ATTRIBUTE = "org.springframework.web.servlet.DispatcherServlet.THEME_RESOLVER"
      THEME_SOURCE_ATTRIBUTE = "org.springframework.web.servlet.DispatcherServlet.THEME_SOURCE"
      INPUT_FLASH_MAP_ATTRIBUTE = "org.springframework.web.servlet.DispatcherServlet.INPUT_FLASH_MAP"
      OUTPUT_FLASH_MAP_ATTRIBUTE = "org.springframework.web.servlet.DispatcherServlet.OUTPUT_FLASH_MAP"
      FLASH_MAP_MANAGER_ATTRIBUTE = "org.springframework.web.servlet.DispatcherServlet.FLASH_MAP_MANAGER"
      EXCEPTION_ATTRIBUTE = "org.springframework.web.servlet.DispatcherServlet.EXCEPTION"
      PAGE_NOT_FOUND_LOG_CATEGORY = "org.springframework.web.servlet.PageNotFound"
      DEFAULT_STRATEGIES_PATH = "DispatcherServlet.properties"
      DEFAULT_STRATEGIES_PREFIX = "org.springframework.web.servlet"
      pageNotFoundLogger = class org.apache.commons.logging.impl.Log4JLogger@45a0dbbd
      defaultStrategies = class java.util.Properties@182df25d
      detectAllHandlerMappings = true
      detectAllHandlerAdapters = true
      detectAllHandlerExceptionResolvers = true
      detectAllViewResolvers = true
      throwExceptionIfNoHandlerFound = false
      cleanupAfterInclude = true
      multipartResolver = class org.springframework.web.multipart.commons.CommonsMultipartResolver@6d3be9dc
      localeResolver = class org.springframework.web.servlet.i18n.SessionLocaleResolver@2a2a3739
      themeResolver = class org.springframework.web.servlet.theme.FixedThemeResolver@11340557
      handlerMappings = class java.util.ArrayList@8329042
      handlerAdapters = class java.util.ArrayList@4b8ccfca
      handlerExceptionResolvers = class java.util.ArrayList@3c4463fc
      viewNameTranslator = class org.springframework.web.servlet.view.DefaultRequestToViewNameTranslator@d6bc79e
      flashMapManager = class org.springframework.web.servlet.support.SessionFlashMapManager@11c7f6f1
      viewResolvers = class java.util.ArrayList@3c18999c
      DEFAULT_NAMESPACE_SUFFIX = "-servlet"
      DEFAULT_CONTEXT_CLASS = class java.lang.Class@5bc1bc83
      SERVLET_CONTEXT_PREFIX = "org.springframework.web.servlet.FrameworkServlet.CONTEXT."
      INIT_PARAM_DELIMITERS = ",; 	
"
      responseGetStatusAvailable = true
      contextAttribute = null
      contextClass = class java.lang.Class@5bc1bc83
      contextId = null
      namespace = null
      contextConfigLocation = "classpath:/context/ewms-servlet.xml"
      contextInitializers = class java.util.ArrayList@235c4660
      contextInitializerClasses = null
      publishContext = true
      publishEvents = true
      threadContextInheritable = false
      dispatchOptionsRequest = true
      dispatchTraceRequest = false
      webApplicationContext = class org.springframework.web.context.support.XmlWebApplicationContext@3709d00f
      webApplicationContextInjected = false
      refreshEventReceived = true
      logger = class org.apache.commons.logging.impl.Log4JLogger@705822a2
      environment = class org.springframework.web.context.support.StandardServletEnvironment@5e062226
      requiredProperties = class java.util.HashSet@262a8403
      METHOD_DELETE = "DELETE"
      METHOD_HEAD = "HEAD"
      METHOD_GET = "GET"
      METHOD_OPTIONS = "OPTIONS"
      METHOD_POST = "POST"
      METHOD_PUT = "PUT"
      METHOD_TRACE = "TRACE"
      HEADER_IFMODSINCE = "If-Modified-Since"
      HEADER_LASTMOD = "Last-Modified"
      LSTRING_FILE = "javax.servlet.http.LocalStrings"
      lStrings = class java.util.PropertyResourceBundle@6784b9e0
      config = class com.ibm.ws.webcontainer.servlet.ServletConfig@58619233
    cacheWrappers = class java.util.ArrayList@2be2ee0e
      serialVersionUID = 8683452581122892189
      DEFAULT_CAPACITY = 10
      EMPTY_ELEMENTDATA = class java.lang.Object[0]
      DEFAULTCAPACITY_EMPTY_ELEMENTDATA = class java.lang.Object[0]
      elementData = class java.lang.Object[366]
      size = 302
      MAX_ARRAY_SIZE = 2147483639
      modCount = 302
      MAX_ARRAY_SIZE = 2147483639
    targetLoader = class com.ibm.ws.classloading.internal.ThreadContextClassLoader@936e74b
    evtSource = class com.ibm.ws.webcontainer.webapp.WebAppEventSource@2d323797
    event = class com.ibm.websphere.servlet.event.ServletEvent@4fc7a7e3
      serialVersionUID = 3906650803920713522
      _servletName = "ewms"
      _servletClassName = "org.springframework.web.servlet.DispatcherServlet"
      $$$tc$$$ = class com.ibm.websphere.ras.TraceComponent@4792a7af
      serialVersionUID = 3546927969739289392
      _context = class com.ibm.wsspi.webcontainer.facade.ServletContextFacade@fdcee32
      _servletNames = class com.ibm.ws.webcontainer.util.EmptyEnumeration@129929d0
      $$$tc$$$ = class com.ibm.websphere.ras.TraceComponent@2ded1297
      serialVersionUID = 5516075349620653480
      source = class com.ibm.ws.webcontainer.osgi.servlet.ServletWrapper@16c10dfb
    unavailableMessage = null
    unavailableUntil = -1
    isSTM = false
    internalServlet = false
    webAppInvocationCollaborators = null
    platformHelper = class com.ibm.ws.webcontainer.PlatformHelper@1b634422
    webAppNameSpaceCollab = class com.ibm.ws.webcontainer.osgi.collaborator.WebAppNameSpaceCollaboratorImpl@6b119b8e
    txCollab = class com.ibm.ws.transaction.services.WebAppTransactionCollaboratorImpl@78f326fe
    connCollab = class com.ibm.ws.webcontainer.collaborator.ConnectionCollaborator@6c1feca
    suppressServletExceptionLogging = false
    throwExceptionEnum = class java.util.RegularEnumSet@3aefe282
      serialVersionUID = 3411599620347842686
      elements = 256
      elementType = class java.lang.Class@a04d41a
      universe = class com.ibm.wsspi.webcontainer.collaborator.CollaboratorInvocationEnum[9]
      ZERO_LENGTH_ENUM_ARRAY = class java.lang.Enum[0]
      MAX_ARRAY_SIZE = 2147483639
    discernUnavailableServlet = false
    reInitServletonInitUnavailableException = true
    destroyServletonServiceUnavailableException = false
    servlet23 = true
    PARAMS_HEAD_TRACE = class java.lang.Class[2]
      PARAMS_HEAD_TRACE[0] = class java.lang.Class@16cc5fa6
      PARAMS_HEAD_TRACE[1] = class java.lang.Class@3b4b8f1
    defaultHeadMethodInUse = false
    defaultTraceMethodInUse = false
    checkedForDefaultMethods = null
    defaultTraceRequestBehavior = false
    defaultHeadRequestBehavior = false
    useOriginalRequestState = false
    warningStatusSet = false
    config = null
  _filtersDefined = true
  logger = class com.ibm.ws.logging.internal.WsLogger@5e71db02
    tc = class com.ibm.websphere.ras.TraceComponent@7823335a
      strings[0] = "TraceComponent[com.ibm.ws.logging.internal.WsLogger,class com.ibm.ws.logging.internal.WsLogger,[logging],com.ibm.ws.logging.internal.resources.LoggingMessages,null]"
    ivCachedResourceBundleName = null
    ivCachedResourceBundle = null
    ivComponent = null
    ivOrganization = null
    ivProduct = null
    ivMinimumLocalizationLevelIntValue = 625
    ivTC = class com.ibm.websphere.ras.TraceComponent@5b091286
      strings[0] = "TraceComponent[com.ibm.ws.webcontainer.filter,class com.ibm.wsspi.webcontainer.logging.LoggerFactory$1,[com.ibm.ws.webcontainer.filter],null,null]"
    loggerRegistrationComponent = class java.lang.ThreadLocal@6d28786a
      threadLocalHashCode = 1675452296
      nextHashCode = class java.util.concurrent.atomic.AtomicInteger@731afcf4
      HASH_INCREMENT = 1640531527
    emptyHandlers = class java.util.logging.Handler[0]
    offValue = 2147483647
    SYSTEM_LOGGER_RB_NAME = "sun.util.logging.resources.logging"
    SYSTEM_BUNDLE = class java.util.logging.Logger$LoggerBundle@73181ee1
      resourceBundleName = "sun.util.logging.resources.logging"
      userBundle = null
    NO_RESOURCE_BUNDLE = class java.util.logging.Logger$LoggerBundle@d2b647f
      resourceBundleName = null
      userBundle = null
    manager = class com.ibm.ws.kernel.boot.logging.WsLogManager@5dd20713
      CLASS_NAME = "com.ibm.ws.kernel.boot.logging.WsLogManager"
      CONFIGURE_BY_SERVER_PROPERTY_NAME = "java.util.logging.configureByServer"
      CONFIGURE_BY_LOGGING_PROPERTIES_FILE = "java.util.logging.configureByLoggingPropertiesFile"
      configureByServer = true
      configureByLoggingProperties = false
      wsLogger = class java.lang.reflect.Constructor@38ac85bd
      resetEnabled = true
      manager = class com.ibm.ws.kernel.boot.logging.WsLogManager@5dd20713
      props = class java.util.Properties@4de82ce9
      defaultLevel = class java.util.logging.Level@340c5144
      listenerMap = class java.util.HashMap@5d596866
      systemContext = class java.util.logging.LogManager$SystemLoggerContext@53f6a5cd
      userContext = class java.util.logging.LogManager$LoggerContext@f2b5363
      rootLogger = class java.util.logging.LogManager$RootLogger@4f1ac0ab
      readPrimordialConfiguration = true
      initializedGlobalHandlers = true
      deathImminent = false
      initializedCalled = true
      initializationDone = true
      contextsMap = null
      loggerRefQueue = class java.lang.ref.ReferenceQueue@3a8a90b
      MAX_ITERATIONS = 400
      controlPermission = class java.util.logging.LoggingPermission@15a4fb40
      loggingMXBean = null
      LOGGING_MXBEAN_NAME = "java.util.logging:type=Logging"
      $assertionsDisabled = true
    name = "com.ibm.ws.webcontainer.filter"
    handlers = class java.util.concurrent.CopyOnWriteArrayList@7397cfeb
      serialVersionUID = 8673264195747942595
      lock = class java.util.concurrent.locks.ReentrantLock@251efe61
      array = class java.lang.Object[0]
      UNSAFE = class sun.misc.Unsafe@1b9ee516
      lockOffset = 12
    loggerBundle = class java.util.logging.Logger$LoggerBundle@40cb286e
      resourceBundleName = "com.ibm.ws.webcontainer.resources.Messages"
      userBundle = null
    useParentHandlers = true
    filter = null
    anonymous = false
    catalog = class com.ibm.ws.webcontainer.resources.Messages@1695b494
      resources = class [Ljava.lang.Object;[332]
      lookup = null
      INITIAL_CACHE_SIZE = 32
      NONEXISTENT_BUNDLE = class java.util.ResourceBundle$1@60327757
      cacheList = class java.util.concurrent.ConcurrentHashMap@1c07d75d
      referenceQueue = class java.lang.ref.ReferenceQueue@1d73d401
      parent = null
      locale = class java.util.Locale@2987eb19
      name = "com.ibm.ws.webcontainer.resources.Messages"
      expired = false
      cacheKey = class java.util.ResourceBundle$CacheKey@5afcb9b1
      keySet = null
      providers = null
      $assertionsDisabled = true
    catalogName = "com.ibm.ws.webcontainer.resources.Messages"
    catalogLocale = class java.util.Locale@5bb2c3ca
      LOCALECACHE = class java.util.Locale$Cache@172f8428
      ENGLISH = class java.util.Locale@442c1dd9
      FRENCH = class java.util.Locale@afe1b2a
      GERMAN = class java.util.Locale@77add33d
      ITALIAN = class java.util.Locale@1cc81724
      JAPANESE = class java.util.Locale@382e03b1
      KOREAN = class java.util.Locale@427368d5
      CHINESE = class java.util.Locale@5b5e6f9d
      SIMPLIFIED_CHINESE = class java.util.Locale@77322e5
      TRADITIONAL_CHINESE = class java.util.Locale@4f089a31
      FRANCE = class java.util.Locale@16e466c5
      GERMANY = class java.util.Locale@3e6ed103
      ITALY = class java.util.Locale@2094b821
      JAPAN = class java.util.Locale@2b466710
      KOREA = class java.util.Locale@1e21eef3
      CHINA = class java.util.Locale@77322e5
      PRC = class java.util.Locale@77322e5
      TAIWAN = class java.util.Locale@4f089a31
      UK = class java.util.Locale@568fc2fd
      US = class java.util.Locale@5bb2c3ca
      CANADA = class java.util.Locale@53df2dbd
      CANADA_FRENCH = class java.util.Locale@4b39be31
      ROOT = class java.util.Locale@2987eb19
      PRIVATE_USE_EXTENSION = x
      UNICODE_LOCALE_EXTENSION = u
      serialVersionUID = 9149081749638150636
      DISPLAY_LANGUAGE = 0
      DISPLAY_COUNTRY = 1
      DISPLAY_VARIANT = 2
      DISPLAY_SCRIPT = 3
      baseLocale = class sun.util.locale.BaseLocale@5bf95c34
      localeExtensions = null
      hashCodeValue = 96636889
      defaultLocale = class java.util.Locale@5bb2c3ca
      defaultDisplayLocale = null
      defaultFormatLocale = class java.util.Locale@5bb2c3ca
      languageTag = "en-US"
      serialPersistentFields = class java.io.ObjectStreamField[6]
      isoLanguages = null
      isoCountries = null
      $assertionsDisabled = true
    treeLock = class java.lang.Object@1617a7c0
    parent = class com.ibm.ws.logging.internal.WsLogger@f866534
      tc = class com.ibm.websphere.ras.TraceComponent@7823335a
      ivCachedResourceBundleName = "com.ibm.ws.webcontainer.resources.Messages"
      ivCachedResourceBundle = class com.ibm.ws.webcontainer.resources.Messages@501f3c1
      ivComponent = null
      ivOrganization = null
      ivProduct = null
      ivMinimumLocalizationLevelIntValue = 625
      ivTC = class com.ibm.websphere.ras.TraceComponent@750fbe6d
      loggerRegistrationComponent = class java.lang.ThreadLocal@6d28786a
      emptyHandlers = class java.util.logging.Handler[0]
      offValue = 2147483647
      SYSTEM_LOGGER_RB_NAME = "sun.util.logging.resources.logging"
      SYSTEM_BUNDLE = class java.util.logging.Logger$LoggerBundle@73181ee1
      NO_RESOURCE_BUNDLE = class java.util.logging.Logger$LoggerBundle@d2b647f
      manager = class com.ibm.ws.kernel.boot.logging.WsLogManager@5dd20713
      name = "com.ibm.ws.webcontainer"
      handlers = class java.util.concurrent.CopyOnWriteArrayList@53b0ffbe
      loggerBundle = class java.util.logging.Logger$LoggerBundle@132e7716
      useParentHandlers = true
      filter = null
      anonymous = false
      catalog = class com.ibm.ws.webcontainer.resources.Messages@501f3c1
      catalogName = "com.ibm.ws.webcontainer.resources.Messages"
      catalogLocale = class java.util.Locale@5bb2c3ca
      treeLock = class java.lang.Object@1617a7c0
      parent = class java.util.logging.Logger@e4f6fde
      kids = class java.util.ArrayList@cc39c5e
      levelObject = class java.util.logging.Level@340c5144
      levelValue = 800
      callersClassLoaderRef = class java.lang.ref.WeakReference@58dacf77
      isSystemLogger = false
      GLOBAL_LOGGER_NAME = "global"
      global = class java.util.logging.Logger@6efc896a
      $assertionsDisabled = true
    kids = null
    levelObject = class java.util.logging.Level@340c5144
      defaultBundle = "sun.util.logging.resources.logging"
      name = "INFO"
      value = 800
      resourceBundleName = "sun.util.logging.resources.logging"
      localizedLevelName = "INFO"
      cachedLocale = class java.util.Locale@5bb2c3ca
      OFF = class java.util.logging.Level@4fae19a8
      SEVERE = class java.util.logging.Level@7f2f4dd2
      WARNING = class java.util.logging.Level@74f33ead
      INFO = class java.util.logging.Level@340c5144
      CONFIG = class java.util.logging.Level@54f7f5a7
      FINE = class java.util.logging.Level@6babd5c8
      FINER = class java.util.logging.Level@6eef54b2
      FINEST = class java.util.logging.Level@3041994
      ALL = class java.util.logging.Level@68358e9e
      serialVersionUID = -8176160795706313070
    levelValue = 800
    callersClassLoaderRef = class java.lang.ref.WeakReference@52efe9c6
      referent = class org.eclipse.osgi.internal.loader.EquinoxClassLoader@c7f8b5e
      queue = class java.lang.ref.ReferenceQueue$Null@23125988
      next = null
      discovered = null
      lock = class java.lang.ref.Reference$Lock@5bc2e9fd
      pending = null
    isSystemLogger = false
    GLOBAL_LOGGER_NAME = "global"
    global = class java.util.logging.Logger@6efc896a
      emptyHandlers = class java.util.logging.Handler[0]
      offValue = 2147483647
      SYSTEM_LOGGER_RB_NAME = "sun.util.logging.resources.logging"
      SYSTEM_BUNDLE = class java.util.logging.Logger$LoggerBundle@73181ee1
      NO_RESOURCE_BUNDLE = class java.util.logging.Logger$LoggerBundle@d2b647f
      manager = class com.ibm.ws.kernel.boot.logging.WsLogManager@5dd20713
      name = "global"
      handlers = class java.util.concurrent.CopyOnWriteArrayList@10733c6b
      loggerBundle = class java.util.logging.Logger$LoggerBundle@d2b647f
      useParentHandlers = true
      filter = null
      anonymous = false
      catalog = null
      catalogName = null
      catalogLocale = null
      treeLock = class java.lang.Object@1617a7c0
      parent = class java.util.logging.LogManager$RootLogger@4f1ac0ab
      kids = null
      levelObject = null
      levelValue = 800
      callersClassLoaderRef = null
      isSystemLogger = true
      GLOBAL_LOGGER_NAME = "global"
      global = class java.util.logging.Logger@6efc896a
      $assertionsDisabled = true
    $assertionsDisabled = true
  CLASS_NAME = "com.ibm.ws.webcontainer.filter.WebAppFilterChain"
  webapp = class com.ibm.ws.webcontainer.osgi.webapp.WebApp@20814d39
    tc = class com.ibm.websphere.ras.TraceComponent@2abc81ca
      strings[0] = "TraceComponent[com.ibm.ws.webcontainer.osgi.webapp.WebApp,class com.ibm.ws.webcontainer.osgi.webapp.WebApp,[webcontainer],com.ibm.ws.webcontainer.resources.LShimMessages,null]"
    CLASS_NAME = "com.ibm.ws.webcontainer.osgi.webapp.WebApp"
    metaDataService = class com.ibm.ws.container.service.metadata.internal.MetaDataServiceImpl@382c6380
      applicationMetaDataManager = class com.ibm.ws.container.service.metadata.internal.ApplicationMetaDataManager@51378557
      moduleMetaDataManager = class com.ibm.ws.container.service.metadata.internal.ModuleMetaDataManager@b362c92
      componentMetaDataManager = class com.ibm.ws.container.service.metadata.internal.ComponentMetaDataManager@491024e5
      methodMetaDataManager = class com.ibm.ws.container.service.metadata.internal.MethodMetaDataManager@2b01e5b1
      appModuleNameToModuleContainer = class java.util.concurrent.ConcurrentHashMap@46f1d0bb
      jeeNameToComponentMetaData = class java.util.concurrent.ConcurrentHashMap@7c99364b
      deferredMetaDataFactories = class com.ibm.wsspi.kernel.service.utils.ConcurrentServiceReferenceSet@34660231
      deferredMetaDataInitializers = class com.ibm.wsspi.kernel.service.utils.ConcurrentServiceReferenceMap@10ee5561
      serialVersionUID = -2494605732980966097
      $$$tc$$$ = class com.ibm.websphere.ras.TraceComponent@24f1666d
    namespacePopulated = false
    referenceContext = class com.ibm.ws.injectionengine.osgi.internal.OSGiReferenceContextImpl@4c61434b
      scopeData = class com.ibm.ws.injectionengine.osgi.internal.OSGiInjectionScopeData@5e2e21a6
      serialVersionUID = 521511923892134915
      $$$tc$$$ = class com.ibm.websphere.ras.TraceComponent@6476f3e
      CLASS_NAME = "com.ibm.ws.injectionengine.ReferenceContextImpl"
      tc = class com.ibm.websphere.ras.TraceComponent@55f63ac7
      ivInjectionEngine = class com.ibm.ws.injectionengine.osgi.internal.OSGiInjectionEngineImpl@743f345c
      ivProviders = class java.util.ArrayList@1865c998
      ivComponentJavaContext = null
      ivComponentNameSpace = null
      ivJavaColonCompEnvMap = class java.util.LinkedHashMap@290a0d05
      ivEjbContext10 = class java.util.Properties@65cb94d8
      ivResourceRefConfigList = null
      isAlreadyProcessed = true
      ivProcessFailure = null
      ivInjectionTargetMap = class java.util.concurrent.ConcurrentHashMap@685bc1e9
      svInjTarMapCacheSize = 256
      ivDeclaredInjectionTargets = class java.util.HashMap@5e44fc73
      ivProcessedInjectionClasses = class java.util.HashSet@27dfa09b
      ivProcessedInjectionBindings = class java.util.LinkedHashSet@1e0b9dec
      ivAnyProcessDynamic = true
      ivCheckAppConfig = false
    j2eeNameFactory = class com.ibm.ws.container.service.metadata.internal.J2EENameFactoryImpl@2a975591
      serialVersionUID = 3486344295038028821
      $$$tc$$$ = class com.ibm.websphere.ras.TraceComponent@5aae4ecf
    moduleLoader = class com.ibm.ws.classloading.internal.ParentLastClassLoader@3707529d
      PARENT_LAST_SEARCH_ORDER = class java.util.Collections$UnmodifiableRandomAccessList@5678ca80
      serialVersionUID = -3850996510660656235
      $$$tc$$$ = class com.ibm.websphere.ras.TraceComponent@54dd71db
      tc = class com.ibm.websphere.ras.TraceComponent@6d49bf6e
      PARENT_FIRST_SEARCH_ORDER = class java.util.Collections$UnmodifiableRandomAccessList@3900d57b
      CLASS_LOADING_TRACE_PREFIX = "com.ibm.ws.class.load."
      DEFAULT_PACKAGE = "default.package"
      perPackageClassLoadingTraceComponents = class java.util.concurrent.ConcurrentHashMap@4bf854c4
      config = class com.ibm.ws.classloading.internal.ClassLoaderConfigurationImpl@9f1afe2
      privateLibraries = null
      delegateLoaders = class com.ibm.ws.classloading.internal.util.CompositeIterable@19cd4896
      nativeLibraryFiles = class java.util.ArrayList@26d9edd9
      transformers = class java.util.ArrayList@2f0ed3b2
      apiAccess = class com.ibm.ws.classloading.internal.GatewayClassLoader@64ce3eab
      generator = class com.ibm.ws.classloading.internal.ClassGeneratorManager@2b04e70e
      protectionDomains = class java.util.concurrent.ConcurrentHashMap@58fe8300
      parent = class com.ibm.ws.classloading.internal.GatewayClassLoader@64ce3eab
      serialVersionUID = -2240525179349384666
      tc = class com.ibm.websphere.ras.TraceComponent@5fba2fde
      EMPTY_URL_ARRAY = class java.net.URL[0]
      smartClassPath = class com.ibm.ws.classloading.internal.ContainerClassLoader$SmartClassPathImpl@31200ae3
      nativeLibraryContainers = class java.util.ArrayList@68eacc36
      redefiner = class com.ibm.ws.classloading.internal.util.ClassRedefiner@645a7ab2
      mapCreationQueue = class java.util.concurrent.Executors$FinalizableDelegatedExecutorService@489013ba
      serialVersionUID = 7249739282446266343
      serialVersionUID = -7411549862368381758
      $$$tc$$$ = class com.ibm.websphere.ras.TraceComponent@31af3387
      serialVersionUID = -4868702105808481416
      $$$tc$$$ = class com.ibm.websphere.ras.TraceComponent@2ccbecc0
      serialVersionUID = 2596921220292114344
      $$$tc$$$ = class com.ibm.websphere.ras.TraceComponent@4719de16
      initialized = true
      pdcache = class java.util.HashMap@79567f59
      debug = null
      parent = class com.ibm.ws.classloading.internal.GatewayClassLoader@64ce3eab
      parallelLockMap = null
      package2certs = class java.util.Hashtable@47639739
      nocerts = class java.security.cert.Certificate[0]
      classes = class java.util.Vector@705bfa8d
      defaultDomain = class java.security.ProtectionDomain@389e2aff
      domains = class java.util.HashSet@72783602
      packages = class java.util.HashMap@29f9bd2b
      scl = class sun.misc.Launcher$AppClassLoader@18b4aac2
      sclSet = true
      loadedLibraryNames = class java.util.Vector@659a50b
      systemNativeLibraries = class java.util.Vector@4f59beed
      nativeLibraries = class java.util.Vector@7c224922
      nativeLibraryContext = class java.util.Stack@18d6b368
      usr_paths = class java.lang.String[38]
      sys_paths = class java.lang.String[1]
      assertionLock = class com.ibm.ws.classloading.internal.ParentLastClassLoader@3707529d
      defaultAssertionStatus = false
      packageAssertionStatus = null
      classAssertionStatus = null
    webAppConfig = class com.ibm.ws.webcontainer.osgi.webapp.WebAppConfiguration@71b38dc
      webModuleMetaData = class com.ibm.ws.webcontainer.osgi.metadata.WebModuleMetaDataImpl@15ce2f14
      webComponentMetaData = class com.ibm.ws.webcontainer.osgi.metadata.WebComponentMetaDataImpl@267f19bf
      dVirtualHost = class com.ibm.ws.webcontainer.osgi.DynamicVirtualHost@4e816cf
      orderedLibPaths = class java.util.Collections$UnmodifiableRandomAccessList@3a8a4fe5
      bundleHeaders = null
      cdiEnabled = false
      CLASS_NAME = "com.ibm.ws.webcontainer.webapp.WebAppConfiguration"
      logger = class com.ibm.ws.logging.internal.WsLogger@627ce8db
      tc = class com.ibm.websphere.ras.TraceComponent@6c6929be
      nls = class com.ibm.ejs.ras.TraceNLS@60590c8a
      version = 30
      contextRoot = "/web"
      sessionTimeout = 120
      moduleSessionTimeoutSet = true
      moduleSessionTrackingModeSet = false
      sessionCookieConfig = class com.ibm.ws.session.SessionCookieConfigImpl@5295953a
      hasProgrammaticCookieConfig = false
      sessionDefaultTrackingModeSet = class java.util.RegularEnumSet@764c3ec0
      sessionManagerConfig = class com.ibm.ws.session.SessionManagerConfig@693f85e2
      displayName = "USCS.eWMS"
      description = null
      reloadInterval = 0
      distributable = true
      denyUncoveredHttpMethods = false
      reloadingEnabled = false
      serveServletsByClassnameEnabled = false
      defaultErrorPage = null
      additionalClassPath = null
      fileServingEnabled = null
      directoryBrowsingEnabled = false
      autoRequestEncoding = false
      autoResponseEncoding = false
      autoLoadFilters = false
      requestListeners = null
      requestAttributeListeners = null
      sessionListeners = null
      localeMap = null
      moduleName = "web"
      j2eeModuleName = "web.war"
      moduleId = null
      isSyncToThreadEnabled = false
      encodeDispatchedRequestURI = false
      isSystemApp = false
      ardEnabled = false
      ardDispatchType = null
      listeners = class java.util.ArrayList@28206357
      welcomeFileList = class java.util.ArrayList@351785
      servletMappings = class java.util.HashMap@7ef77efc
      lastIndexBeforeDeclaredFilters = 0
      filterMappings = class java.util.ArrayList@695af5dc
      servletInfo = class java.util.HashMap@42cb197b
      filterInfo = class java.util.HashMap@6a6ab798
      mimeMappings = class java.util.HashMap@2faf34b7
      mimeFilters = null
      isMimeFilteringEnabled = false
      theWebGroup = null
      jspAttributes = class java.util.HashMap@11e5d08b
      fileServingAttributes = class java.util.HashMap@b7f030d
      invokerAttributes = class java.util.HashMap@3416a38d
      contextParams = class java.util.HashMap@624a3334
      virtualHost = "default_host"
      exceptionErrorPages = class java.util.HashMap@5d94c67e
      codeErrorPages = class java.util.HashMap@2e00c1aa
      tagLibList = null
      precompileJsps = false
      webApp = class com.ibm.ws.webcontainer.osgi.webapp.WebApp@20814d39
      virtualHostList = class java.util.Collections$EmptyList@2f0b152c
      appStartupWeight = 0
      moduleStartupWeight = 0
      metaDataComplete = false
      classesToScan = class java.util.ArrayList@1c6b406a
      uriFilterMappingInfos = class java.util.ArrayList@6737d2af
      servletFilterMappingInfos = null
      dynamicServletRegistrationMap = null
      applicationName = "web"
      libBinPathList = class java.util.ArrayList@4f925272
      webXmlDefinedListeners = class java.util.HashSet@38c78cd9
      allRefs = class java.util.EnumMap@7ee9e3bb
      allRefBindings = class java.util.EnumMap@2712f463
      envEntryValues = class java.util.HashMap@7ace2331
      resourceRefConfigList = null
      disallowAllFileServingProp = "false"
      disallowServeServletsByClassnameProp = "true"
      disableStaticMappingCache = false
      jspCachedLocations = class java.util.HashMap@7eebc9f5
      primedSTSHeader = "NoValue"
      enablemultireadofpostdata = false
      _id = "WebAppGeneratedId1"
      _attributes = null
      serialVersionUID = 7511545662945734886
      $$$tc$$$ = class com.ibm.websphere.ras.TraceComponent@5ffc3ec
    extensionProcessingDisabled = false
    managedObjectService = class com.ibm.ws.managedobject.internal.ManagedObjectServiceImpl@da6468c
      serialVersionUID = 2287241231190391755
      $$$tc$$$ = class com.ibm.websphere.ras.TraceComponent@52527b6a
    GenPluginCfgMB = null
    internalServletMetaData = interface com.ibm.wsspi.webcontainer.metadata.WebComponentMetaData[2]
      internalServletMetaData[0] = null
      internalServletMetaData[1] = null
    loginProcessor = null
    logoutProcessor = null
    collabHelper = class com.ibm.ws.webcontainer.osgi.collaborator.CollaboratorHelperImpl@68c8deab
      webAppInvCollabs = class java.util.Collections$UnmodifiableSet@37f4b718
      securityDomainForApp = null
      logger = class com.ibm.ws.logging.internal.WsLogger@487cca65
      staticDefaultSecurityCollaborator = class com.ibm.ws.webcontainer.collaborator.WebAppSecurityCollaborator@79b31bdc
      logger = class com.ibm.ws.logging.internal.WsLogger@7f9d4933
      CLASS_NAME = "com.ibm.wsspi.webcontainer.collaborator.CollaboratorHelper"
      webApp = class com.ibm.ws.webcontainer.osgi.webapp.WebApp@20814d39
      securityCollaborator = class com.ibm.ws.webcontainer.collaborator.WebAppSecurityCollaborator@79b31bdc
      nameSpaceCollaborator = class com.ibm.ws.webcontainer.osgi.collaborator.WebAppNameSpaceCollaboratorImpl@6b119b8e
      transactionCollaborator = class com.ibm.ws.transaction.services.WebAppTransactionCollaboratorImpl@78f326fe
      connectionCollaborator = class com.ibm.ws.webcontainer.collaborator.ConnectionCollaborator@6c1feca
      allCollabEnum = class java.util.RegularEnumSet@6d437daf
      servlet_23_or_greater = true
      DEFER_SERVLET_REQUEST_LISTENER_DESTROY_ON_ERROR = false
    envObject = class com.ibm.ws.util.WSThreadLocal@5f365f71
      tc = class com.ibm.ejs.ras.TraceComponent@6f759b29
      count = 8
      index = 1
      SUSPECTED_MISUSAGE_THRESHOLD = 200
      threadLocalHashCode = -164413735
      nextHashCode = class java.util.concurrent.atomic.AtomicInteger@731afcf4
      HASH_INCREMENT = 1640531527
    orderedLibPaths = class java.util.Collections$UnmodifiableRandomAccessList@3a8a4fe5
      serialVersionUID = -2542308836966382001
      serialVersionUID = -283967356065247728
      list = class java.util.ArrayList@41d78f3f
      serialVersionUID = 1820017752578914078
      c = class java.util.ArrayList@41d78f3f
    perm = class com.ibm.websphere.security.WebSphereRuntimePermission@4cef5a6b
      serialVersionUID = -3306242789188168337
      $$$tc$$$ = class com.ibm.websphere.ras.TraceComponent@12be53ff
      serialVersionUID = 6279438298436773498
      wildcard = false
      path = "accessServletContext"
      exitVM = false
      serialVersionUID = -5636570222231596674
      name = "accessServletContext"
    WELCOME_FILE_LIST = "com.ibm.ws.webcontainer.config.WelcomeFileList"
    DIR_BROWSING_MAPPING = "__dirBrowsing__1504726295624"
    FILTER_PROXY_MAPPING = "/__filterProxy__1504726295624"
    logger = class com.ibm.ws.logging.internal.WsLogger@627ce8db
      tc = class com.ibm.websphere.ras.TraceComponent@7823335a
      ivCachedResourceBundleName = "com.ibm.ws.webcontainer.resources.Messages"
      ivCachedResourceBundle = class com.ibm.ws.webcontainer.resources.Messages@501f3c1
      ivComponent = null
      ivOrganization = null
      ivProduct = null
      ivMinimumLocalizationLevelIntValue = 625
      ivTC = class com.ibm.websphere.ras.TraceComponent@59451a3a
      loggerRegistrationComponent = class java.lang.ThreadLocal@6d28786a
      emptyHandlers = class java.util.logging.Handler[0]
      offValue = 2147483647
      SYSTEM_LOGGER_RB_NAME = "sun.util.logging.resources.logging"
      SYSTEM_BUNDLE = class java.util.logging.Logger$LoggerBundle@73181ee1
      NO_RESOURCE_BUNDLE = class java.util.logging.Logger$LoggerBundle@d2b647f
      manager = class com.ibm.ws.kernel.boot.logging.WsLogManager@5dd20713
      name = "com.ibm.ws.webcontainer.webapp"
      handlers = class java.util.concurrent.CopyOnWriteArrayList@1e2ed353
      loggerBundle = class java.util.logging.Logger$LoggerBundle@5f20930b
      useParentHandlers = true
      filter = null
      anonymous = false
      catalog = class com.ibm.ws.webcontainer.resources.Messages@501f3c1
      catalogName = "com.ibm.ws.webcontainer.resources.Messages"
      catalogLocale = class java.util.Locale@5bb2c3ca
      treeLock = class java.lang.Object@1617a7c0
      parent = class com.ibm.ws.logging.internal.WsLogger@f866534
      kids = null
      levelObject = class java.util.logging.Level@340c5144
      levelValue = 800
      callersClassLoaderRef = class java.lang.ref.WeakReference@322b186
      isSystemLogger = false
      GLOBAL_LOGGER_NAME = "global"
      global = class java.util.logging.Logger@6efc896a
      $assertionsDisabled = true
    CLASS_NAME = "com.ibm.ws.webcontainer.webapp.WebApp"
    loader = class com.ibm.ws.classloading.internal.ThreadContextClassLoader@936e74b
      tc = class com.ibm.websphere.ras.TraceComponent@5ad42fb0
      bundle = class java.util.concurrent.atomic.AtomicReference@7f3d1e94
      key = "WebModule:web#web.war"
      refCount = class java.util.concurrent.atomic.AtomicInteger@102e4312
      appLoader = class com.ibm.ws.classloading.internal.ParentLastClassLoader@3707529d
      serialVersionUID = 7093379526360135425
      followOnClassLoaders = class java.util.ArrayList@60203300
      serialVersionUID = -5107316606107305512
      $$$tc$$$ = class com.ibm.websphere.ras.TraceComponent@35ca6d03
      serialVersionUID = -4868702105808481416
      $$$tc$$$ = class com.ibm.websphere.ras.TraceComponent@2ccbecc0
      serialVersionUID = 2596921220292114344
      $$$tc$$$ = class com.ibm.websphere.ras.TraceComponent@4719de16
      initialized = true
      pdcache = class java.util.HashMap@44e08cdd
      debug = null
      parent = class com.ibm.ws.classloading.internal.ParentLastClassLoader@3707529d
      parallelLockMap = null
      package2certs = class java.util.Hashtable@533ef36b
      nocerts = class java.security.cert.Certificate[0]
      classes = class java.util.Vector@31ea1ccd
      defaultDomain = class java.security.ProtectionDomain@50b381c3
      domains = class java.util.HashSet@1075696c
      packages = class java.util.HashMap@347465a2
      scl = class sun.misc.Launcher$AppClassLoader@18b4aac2
      sclSet = true
      loadedLibraryNames = class java.util.Vector@659a50b
      systemNativeLibraries = class java.util.Vector@4f59beed
      nativeLibraries = class java.util.Vector@55990b95
      nativeLibraryContext = class java.util.Stack@18d6b368
      usr_paths = class java.lang.String[38]
      sys_paths = class java.lang.String[1]
      assertionLock = class com.ibm.ws.classloading.internal.ThreadContextClassLoader@936e74b
      defaultAssertionStatus = false
      packageAssertionStatus = null
      classAssertionStatus = null
    facade = class com.ibm.wsspi.webcontainer.facade.ServletContextFacade@fdcee32
      context = class com.ibm.ws.webcontainer.osgi.webapp.WebApp@20814d39
    features = class java.util.ArrayList@67416d4b
      serialVersionUID = 8683452581122892189
      DEFAULT_CAPACITY = 10
      EMPTY_ELEMENTDATA = class java.lang.Object[0]
      DEFAULTCAPACITY_EMPTY_ELEMENTDATA = class java.lang.Object[0]
      elementData = class java.lang.Object[0]
      size = 0
      MAX_ARRAY_SIZE = 2147483639
      modCount = 0
      MAX_ARRAY_SIZE = 2147483639
    applicationName = "web"
    config = class com.ibm.ws.webcontainer.osgi.webapp.WebAppConfiguration@71b38dc
    securityEnabledForApp = false
    webExtensionProcessor = class com.ibm.ws.webcontainer.osgi.extension.WebExtensionProcessor@514b4fca
      webApp = class com.ibm.ws.webcontainer.osgi.webapp.WebApp@20814d39
      extensionContext = class com.ibm.ws.webcontainer.osgi.webapp.WebApp@20814d39
    production = true
    isServlet23 = true
    contextPath = "/web"
    internalServletList = class [Ljava.lang.String;[2]
      internalServletList[0] = class java.lang.String[2]
      internalServletList[1] = class java.lang.String[2]
    BY_NAME_ONLY = "/_1504726295624_/"
    filterManager = class com.ibm.ws.webcontainer.osgi.filter.WebAppFilterManagerImpl@3cb196ca
      _filterWrappers = class java.util.Hashtable@72ce2e4b
      chainCache = class java.util.Collections$SynchronizedMap@58d6476a
      forwardChainCache = class java.util.Collections$SynchronizedMap@5e18b277
      includeChainCache = class java.util.Collections$SynchronizedMap@7076e678
      errorChainCache = class java.util.Collections$SynchronizedMap@7349224b
      _filtersDefined = true
      FMI_MAPPING_SINGLE_SLASH = 0
      FMI_MAPPING_PATH_MATCH = 1
      FMI_MAPPING_EXTENSION_MATCH = 2
      FMI_MAPPING_EXACT_MATCH = 3
      logger = class com.ibm.ws.logging.internal.WsLogger@5e71db02
      CLASS_NAME = "com.ibm.ws.webcontainer.filter.WebAppFilterManager"
      nls = class com.ibm.ejs.ras.TraceNLS@194ec65f
      webAppConfig = class com.ibm.ws.webcontainer.osgi.webapp.WebAppConfiguration@71b38dc
      webApp = class com.ibm.ws.webcontainer.osgi.webapp.WebApp@20814d39
      collabHelper = class com.ibm.ws.webcontainer.osgi.collaborator.CollaboratorHelperImpl@68c8deab
      webAppNameSpaceCollab = class com.ibm.ws.webcontainer.osgi.collaborator.WebAppNameSpaceCollaboratorImpl@6b119b8e
      secCollab = class com.ibm.ws.webcontainer.collaborator.WebAppSecurityCollaborator@79b31bdc
      sessionSecurityIntegrationEnabled = true
      assumeFilterSuccessOnSecurityError = false
      useOriginalRequestState = false
      _evtSource = class com.ibm.ws.webcontainer.webapp.WebAppEventSource@2d323797
      defaultComponentMetaData = class com.ibm.ws.webcontainer.osgi.metadata.WebComponentMetaDataImpl@267f19bf
      DEFER_SERVLET_REQUEST_LISTENER_DESTROY_ON_ERROR = false
    documentRoot = null
    SERVLET_API_VERSION = "Servlet 2.5"
    disableServletAuditLogging = 0
    serverInfo = "SMF WebContainer"
    sessionCtx = class com.ibm.ws.webcontainer.session.impl.HttpSessionContextImpl@5bc8bff9
      methodClassName = "HttpSessionContextImpl"
      _smc = class com.ibm.ws.session.SessionManagerConfig@693f85e2
      sessionStoreService = null
      _sap = class com.ibm.ws.session.SessionApplicationParameters@b1880f9
      _coreHttpSessionManager = class com.ibm.ws.session.SessionManager@425dce06
      _coreHttpAppSessionManager = null
      _sam = class com.ibm.ws.webcontainer.session.impl.SessionAffinityManagerImpl@4c30c0d8
      isSIPApplication = false
      sessionAttributeListener = false
      sessionListener = true
      mHttpSessionAttributeListeners = class java.util.ArrayList@59355c29
      mHttpSessionListeners = class java.util.ArrayList@166510be
      mHttpSessionIdListeners = class java.util.ArrayList@3a64d18a
      mHttpSessionAttributeListenersJ2eeNames = class java.util.ArrayList@7018f01e
      mHttpSessionListenersJ2eeNames = class java.util.ArrayList@3bf2e20
      mHttpSessionIdListenersJ2eeNames = class java.util.ArrayList@3de13e09
      mLocalHost = null
      _refCount = 1
      currentThreadSacHashtable = null
      methodClassName = "SessionContext"
      ANONYMOUS_USER = "anonymous"
      wasHttpSessionObserver = class com.ibm.ws.session.WasHttpSessionObserver@219550be
      wasHttpSessionAttributeObserver = null
      _invalidator = class com.ibm.ws.session.SessionInvalidatorWithThreadPool@163adc92
      _storer = class com.ibm.ws.session.EOSSessionStorer@6c8e2e5b
      wasHttpAppSessionObserver = null
      mHttpAppSessionListeners = null
      cmvcInfo = "CMVC Version 1.9 6/24/07 11:12:24"
      _loggedVersion = true
      CREATE_CORE_SESSION_MANAGER = 0
      GET_REQUESTED_SESSION_ID = 1
      GET_IHTTP_SESSION = 2
      SESSION_PRE_INVOKE = 3
      SESSION_POST_INVOKE = 4
      STOP = 5
      STOP_LISTENERS = 6
      IS_VALID = 7
      ENCODE_URL = 8
      SHOULD_ENCODE_URL = 9
      IS_PROTOCOL_SWITCH = 10
      GET_LOCAL_HOST = 11
      ADD_HTTP_SESSION_ATTRIBUTE_LISTENER = 12
      ADD_HTTP_SESSION_LISTENER = 13
      GET_SESSION_AFFINITY_CONTEXT = 14
      CHECK_SECURITY = 15
      INVALIDATE = 16
      CHECK_SESSSIONID_IS_RIGHT_LENGTH = 17
      LOCK_SESSION = 18
      UNLOCK_SESSION = 19
      ADD_HTTP_SESSION_ID_LISTENER = 20
      methodNames = class java.lang.String[21]
    eventSource = class com.ibm.ws.webcontainer.webapp.WebAppEventSource@2d323797
      _invocationListeners = class com.ibm.ws.webcontainer.util.EventListeners@3d8f35f
      _servletListeners = class com.ibm.ws.webcontainer.util.EventListeners@4d48d722
      _errorListeners = class com.ibm.ws.webcontainer.util.EventListeners@299f886a
      _applicationListeners = class com.ibm.ws.webcontainer.util.EventListeners@7213f320
      _filterInvocationListeners = class com.ibm.ws.webcontainer.util.EventListeners@3695b436
      _filterListeners = class com.ibm.ws.webcontainer.util.EventListeners@3d6f9401
      _filterErrorListeners = class com.ibm.ws.webcontainer.util.EventListeners@6866871e
    nls = class com.ibm.ejs.ras.TraceNLS@1d05e33d
      resolver = class com.ibm.ws.logging.internal.TraceNLSResolver@209fd92e
      finder = class com.ibm.ws.logging.internal.StackFinder@73fa2521
      ivBundleName = "com.ibm.ws.webcontainer.resources.Messages"
      caller = class java.lang.Class@392f74af
    liberty_nls = class com.ibm.ejs.ras.TraceNLS@796ef030
      resolver = class com.ibm.ws.logging.internal.TraceNLSResolver@209fd92e
      finder = class com.ibm.ws.logging.internal.StackFinder@73fa2521
      ivBundleName = "com.ibm.ws.webcontainer.resources.LShimMessages"
      caller = class java.lang.Class@392f74af
    error_nls = class com.ibm.ejs.ras.TraceNLS@67c7bf93
      resolver = class com.ibm.ws.logging.internal.TraceNLSResolver@209fd92e
      finder = class com.ibm.ws.logging.internal.StackFinder@73fa2521
      ivBundleName = "com.ibm.ws.webcontainer.resources.ErrorPage"
      caller = class java.lang.Class@392f74af
    sessionListeners = class java.util.ArrayList@5b75a273
      serialVersionUID = 8683452581122892189
      DEFAULT_CAPACITY = 10
      EMPTY_ELEMENTDATA = class java.lang.Object[0]
      DEFAULTCAPACITY_EMPTY_ELEMENTDATA = class java.lang.Object[0]
      elementData = class java.lang.Object[10]
      size = 1
      MAX_ARRAY_SIZE = 2147483639
      modCount = 2
      MAX_ARRAY_SIZE = 2147483639
    sessionIdListeners = class java.util.ArrayList@69dbae2b
      serialVersionUID = 8683452581122892189
      DEFAULT_CAPACITY = 10
      EMPTY_ELEMENTDATA = class java.lang.Object[0]
      DEFAULTCAPACITY_EMPTY_ELEMENTDATA = class java.lang.Object[0]
      elementData = class java.lang.Object[0]
      size = 0
      MAX_ARRAY_SIZE = 2147483639
      modCount = 0
      MAX_ARRAY_SIZE = 2147483639
    sessionAttrListeners = class java.util.ArrayList@673a3c50
      serialVersionUID = 8683452581122892189
      DEFAULT_CAPACITY = 10
      EMPTY_ELEMENTDATA = class java.lang.Object[0]
      DEFAULTCAPACITY_EMPTY_ELEMENTDATA = class java.lang.Object[0]
      elementData = class java.lang.Object[0]
      size = 0
      MAX_ARRAY_SIZE = 2147483639
      modCount = 1
      MAX_ARRAY_SIZE = 2147483639
    addedSessionListeners = class java.util.ArrayList@3ddb2c03
      serialVersionUID = 8683452581122892189
      DEFAULT_CAPACITY = 10
      EMPTY_ELEMENTDATA = class java.lang.Object[0]
      DEFAULTCAPACITY_EMPTY_ELEMENTDATA = class java.lang.Object[0]
      elementData = class java.lang.Object[0]
      size = 0
      MAX_ARRAY_SIZE = 2147483639
      modCount = 0
      MAX_ARRAY_SIZE = 2147483639
    addedSessionAttrListeners = class java.util.ArrayList@4bcb67f1
      serialVersionUID = 8683452581122892189
      DEFAULT_CAPACITY = 10
      EMPTY_ELEMENTDATA = class java.lang.Object[0]
      DEFAULTCAPACITY_EMPTY_ELEMENTDATA = class java.lang.Object[0]
      elementData = class java.lang.Object[0]
      size = 0
      MAX_ARRAY_SIZE = 2147483639
      modCount = 0
      MAX_ARRAY_SIZE = 2147483639
    servletContextListeners = class java.util.ArrayList@7fd52255
      serialVersionUID = 8683452581122892189
      DEFAULT_CAPACITY = 10
      EMPTY_ELEMENTDATA = class java.lang.Object[0]
      DEFAULTCAPACITY_EMPTY_ELEMENTDATA = class java.lang.Object[0]
      elementData = class java.lang.Object[10]
      size = 2
      MAX_ARRAY_SIZE = 2147483639
      modCount = 3
      MAX_ARRAY_SIZE = 2147483639
    servletContextLAttrListeners = class java.util.ArrayList@49bb4943
      serialVersionUID = 8683452581122892189
      DEFAULT_CAPACITY = 10
      EMPTY_ELEMENTDATA = class java.lang.Object[0]
      DEFAULTCAPACITY_EMPTY_ELEMENTDATA = class java.lang.Object[0]
      elementData = class java.lang.Object[0]
      size = 0
      MAX_ARRAY_SIZE = 2147483639
      modCount = 1
      MAX_ARRAY_SIZE = 2147483639
    servletRequestListeners = class java.util.ArrayList@2d64df43
      serialVersionUID = 8683452581122892189
      DEFAULT_CAPACITY = 10
      EMPTY_ELEMENTDATA = class java.lang.Object[0]
      DEFAULTCAPACITY_EMPTY_ELEMENTDATA = class java.lang.Object[0]
      elementData = class java.lang.Object[0]
      size = 0
      MAX_ARRAY_SIZE = 2147483639
      modCount = 1
      MAX_ARRAY_SIZE = 2147483639
    servletRequestLAttrListeners = class java.util.ArrayList@3d00d1f1
      serialVersionUID = 8683452581122892189
      DEFAULT_CAPACITY = 10
      EMPTY_ELEMENTDATA = class java.lang.Object[0]
      DEFAULTCAPACITY_EMPTY_ELEMENTDATA = class java.lang.Object[0]
      elementData = class java.lang.Object[0]
      size = 0
      MAX_ARRAY_SIZE = 2147483639
      modCount = 1
      MAX_ARRAY_SIZE = 2147483639
    prependSlashToResource = false
    destroyed = false
    webAppNameSpaceCollab = class com.ibm.ws.webcontainer.osgi.collaborator.WebAppNameSpaceCollaboratorImpl@6b119b8e
      cmdai = class com.ibm.ws.threadContext.ComponentMetaDataAccessorImpl@3fc56691
    txCollab = class com.ibm.ws.transaction.services.WebAppTransactionCollaboratorImpl@78f326fe
      tc = class com.ibm.websphere.ras.TraceComponent@25c282db
      ltCurrentRef = class com.ibm.wsspi.kernel.service.utils.AtomicServiceReference@1e898976
      tranMgrRef = class com.ibm.wsspi.kernel.service.utils.AtomicServiceReference@3e467618
      userTranRef = class com.ibm.wsspi.kernel.service.utils.AtomicServiceReference@675c86a3
      uowCallbackRef = class com.ibm.wsspi.kernel.service.utils.AtomicServiceReference@4c727886
      serialVersionUID = -8319003162899973281
    sessionActivationListeners = class java.util.ArrayList@73e66064
      serialVersionUID = 8683452581122892189
      DEFAULT_CAPACITY = 10
      EMPTY_ELEMENTDATA = class java.lang.Object[0]
      DEFAULTCAPACITY_EMPTY_ELEMENTDATA = class java.lang.Object[0]
      elementData = class java.lang.Object[0]
      size = 0
      MAX_ARRAY_SIZE = 2147483639
      modCount = 1
      MAX_ARRAY_SIZE = 2147483639
    sessionBindingListeners = class java.util.ArrayList@4852b8b0
      serialVersionUID = 8683452581122892189
      DEFAULT_CAPACITY = 10
      EMPTY_ELEMENTDATA = class java.lang.Object[0]
      DEFAULTCAPACITY_EMPTY_ELEMENTDATA = class java.lang.Object[0]
      elementData = class java.lang.Object[0]
      size = 0
      MAX_ARRAY_SIZE = 2147483639
      modCount = 1
      MAX_ARRAY_SIZE = 2147483639
    scratchdir = null
    jspClassLoaderLimit = 0
    jspClassLoaderExclusionList = null
    jspClassLoadersMap = null
    jspClassLoaderLimitTrackIF = false
    defaultExtProc = null
    directoryBrowsingServlet = null
    cdiContexts = class java.util.concurrent.ConcurrentHashMap@2ff897df
      serialVersionUID = 7249069246763182397
      MAXIMUM_CAPACITY = 1073741824
      DEFAULT_CAPACITY = 16
      MAX_ARRAY_SIZE = 2147483639
      DEFAULT_CONCURRENCY_LEVEL = 16
      LOAD_FACTOR = 0.75
      TREEIFY_THRESHOLD = 8
      UNTREEIFY_THRESHOLD = 6
      MIN_TREEIFY_CAPACITY = 64
      MIN_TRANSFER_STRIDE = 16
      RESIZE_STAMP_BITS = 16
      MAX_RESIZERS = 65535
      RESIZE_STAMP_SHIFT = 16
      MOVED = -1
      TREEBIN = -2
      RESERVED = -3
      HASH_BITS = 2147483647
      NCPU = 4
      serialPersistentFields = class java.io.ObjectStreamField[3]
      table = class java.util.concurrent.ConcurrentHashMap$Node[16]
      nextTable = null
      baseCount = 2
      sizeCtl = 12
      transferIndex = 0
      cellsBusy = 0
      counterCells = null
      keySet = null
      values = null
      entrySet = null
      U = class sun.misc.Unsafe@1b9ee516
      SIZECTL = 20
      TRANSFERINDEX = 32
      BASECOUNT = 24
      CELLSBUSY = 36
      CELLVALUE = 144
      ABASE = 16
      ASHIFT = 2
      keySet = null
      values = null
    moduleConfig = class com.ibm.ws.webcontainer.osgi.container.DeployedModule@4e5d8008
      tc = class com.ibm.websphere.ras.TraceComponent@37b4a51d
      loader = class com.ibm.ws.classloading.internal.ThreadContextClassLoader@936e74b
      webApp = class com.ibm.ws.webcontainer.osgi.webapp.WebApp@20814d39
      webAppConfig = class com.ibm.ws.webcontainer.osgi.webapp.WebAppConfiguration@71b38dc
      contextRootAdded = null
      properContextRoot = "/web"
      mappingContextRoot = "/web/*"
      serialVersionUID = -2104814060051592457
      $$$tc$$$ = class com.ibm.websphere.ras.TraceComponent@3c8ca62f
    extensionFactories = class java.util.ArrayList@ef82ce7
      serialVersionUID = 8683452581122892189
      DEFAULT_CAPACITY = 10
      EMPTY_ELEMENTDATA = class java.lang.Object[0]
      DEFAULTCAPACITY_EMPTY_ELEMENTDATA = class java.lang.Object[0]
      elementData = class java.lang.Object[10]
      size = 1
      MAX_ARRAY_SIZE = 2147483639
      modCount = 1
      MAX_ARRAY_SIZE = 2147483639
    initialized = true
    lock = class com.ibm.ws.webcontainer.webapp.WebApp$1@53b282b0
      this$0 = class com.ibm.ws.webcontainer.osgi.webapp.WebApp@20814d39
    afterServletContextCreated = false
    redirectContextRoot = false
    errorExceptionTypeFirst = false
    initFilterBeforeServletInit = false
    sortedServletConfigs = class java.util.ArrayList@381fb176
      serialVersionUID = 8683452581122892189
      DEFAULT_CAPACITY = 10
      EMPTY_ELEMENTDATA = class java.lang.Object[0]
      DEFAULTCAPACITY_EMPTY_ELEMENTDATA = class java.lang.Object[0]
      elementData = class java.lang.Object[10]
      size = 1
      MAX_ARRAY_SIZE = 2147483639
      modCount = 1
      MAX_ARRAY_SIZE = 2147483639
    effectiveMajorVersion = 3
    effectiveMinorVersion = 0
    canAddServletContextListener = true
    withinContextInitOfProgAddListener = false
    lastProgAddListenerInitialized = "com.ibm.ws.jsp.runtime.ContextListener"
    webInfLibClassloader = null
    metaInfCache = class com.ibm.ws.webcontainer.webapp.WebApp$2@1ae02bbd
      this$0 = class com.ibm.ws.webcontainer.osgi.webapp.WebApp@20814d39
      serialVersionUID = 3801124242820219131
      head = null
      tail = null
      accessOrder = true
      serialVersionUID = 362498820763181265
      DEFAULT_INITIAL_CAPACITY = 16
      MAXIMUM_CAPACITY = 1073741824
      DEFAULT_LOAD_FACTOR = 0.75
      TREEIFY_THRESHOLD = 8
      UNTREEIFY_THRESHOLD = 6
      MIN_TREEIFY_CAPACITY = 64
      table = null
      entrySet = null
      size = 0
      modCount = 0
      threshold = 32
      loadFactor = 1.0
      keySet = null
      values = null
    useMetaInfCache = true
    SUN_CONFIGURE_LISTENER_CLASSNAME = "com.sun.faces.config.ConfigureListener"
    MYFACES_LIFECYCLE_LISTENER_CLASSNAME = "org.apache.myfaces.webapp.StartupServletContextListener"
    JSF_IMPL_ENABLED_PARAM = "com.ibm.ws.jsf.JSF_IMPL_ENABLED"
    JSF_IMPL_ENABLED_CUSTOM = "Custom"
    JSF_IMPL_ENABLED_NONE = "None"
    staticDocRoot = class com.ibm.ws.webcontainer.util.DocumentRootUtils@55b0b312
      logger = class com.ibm.ws.logging.internal.WsLogger@3a9bc504
      CLASS_NAME = "com.ibm.ws.webcontainer.util.DocumentRootUtils"
      useContentLength = false
      matchedFile = null
      matchedZipFile = null
      matchedEntry = null
      matchedURL = null
      edrRoot = null
      pfedrRoot = null
      ctxt = class com.ibm.ws.webcontainer.osgi.webapp.WebApp@20814d39
      baseDir = null
      edr = null
      pfedr = null
      metaInfRes = null
      searchpfEDR = true
      searchEDR = true
      searchMetaInfRes = true
      matchFromEDR = false
      matchFromMetaInfRes = false
      matchIsADirectory = false
      appConfig = class com.ibm.ws.webcontainer.osgi.webapp.WebAppConfiguration@71b38dc
      attributeType = "staticFile"
      STATIC_FILE = "staticFile"
      JSP = "jsp"
      PFEDR = "preFragmentExtendedDocumentRoot"
      EDR = "extendedDocumentRoot"
    jspDocRoot = class com.ibm.ws.webcontainer.util.DocumentRootUtils@12501c16
      logger = class com.ibm.ws.logging.internal.WsLogger@3a9bc504
      CLASS_NAME = "com.ibm.ws.webcontainer.util.DocumentRootUtils"
      useContentLength = false
      matchedFile = null
      matchedZipFile = null
      matchedEntry = null
      matchedURL = null
      edrRoot = null
      pfedrRoot = null
      ctxt = class com.ibm.ws.webcontainer.osgi.webapp.WebApp@20814d39
      baseDir = null
      edr = null
      pfedr = null
      metaInfRes = null
      searchpfEDR = true
      searchEDR = true
      searchMetaInfRes = true
      matchFromEDR = false
      matchFromMetaInfRes = false
      matchIsADirectory = false
      appConfig = class com.ibm.ws.webcontainer.osgi.webapp.WebAppConfiguration@71b38dc
      attributeType = "jsp"
      STATIC_FILE = "staticFile"
      JSP = "jsp"
      PFEDR = "preFragmentExtendedDocumentRoot"
      EDR = "extendedDocumentRoot"
    container = class com.ibm.ws.adaptable.module.internal.AdaptableContainerImpl@5b506153
      root = class com.ibm.ws.adaptable.module.internal.AdaptableContainerImpl@5b506153
      rootOverlay = class com.ibm.ws.artifact.overlay.internal.DirectoryBasedOverlayContainerImpl@7863308c
      factoryHolder = class com.ibm.ws.adaptable.module.internal.AdaptableModuleFactoryImpl@7b33305d
      delegate = class com.ibm.ws.artifact.overlay.internal.DirectoryBasedOverlayContainerImpl@7863308c
      notifier = class com.ibm.ws.adaptable.module.internal.NotifierImpl@6d7ad301
      serialVersionUID = -5621513278641113667
      $$$tc$$$ = class com.ibm.websphere.ras.TraceComponent@5f41fd53
    metaInfResourceFinder = class com.ibm.ws.webcontainer.util.MetaInfResourceFinder@57018b2b
      jarResourceContainers = class java.util.ArrayList@2869534d
      container = class com.ibm.ws.adaptable.module.internal.AdaptableContainerImpl@5b506153
    postConstructMethods = class com.ibm.ws.webcontainer.webapp.WebApp$AnnotatedMethods@4c27efb5
      annotationClass = class java.lang.Class@61121c29
      noOpClassNames = class java.util.HashSet@1ee28a47
      annotatedMethodNames = class java.util.concurrent.ConcurrentHashMap@1319c935
      EMPTY_METHODS = class java.lang.reflect.Method[0]
    preDestroyMethods = class com.ibm.ws.webcontainer.webapp.WebApp$AnnotatedMethods@1cdfed00
      annotationClass = class java.lang.Class@25acc4ac
      noOpClassNames = class java.util.HashSet@404e2610
      annotatedMethodNames = class java.util.concurrent.ConcurrentHashMap@e81053c
      EMPTY_METHODS = class java.lang.reflect.Method[0]
    OBJ_EMPTY = class java.lang.Object[0]
    CLASS_EMPTY = class java.lang.Class[0]
    DEFAULT_JSP_EXTENSIONS = class java.util.ArrayList@efde221
      serialVersionUID = 8683452581122892189
      DEFAULT_CAPACITY = 10
      EMPTY_ELEMENTDATA = class java.lang.Object[0]
      DEFAULTCAPACITY_EMPTY_ELEMENTDATA = class java.lang.Object[0]
      elementData = class java.lang.Object[10]
      size = 4
      MAX_ARRAY_SIZE = 2147483639
      modCount = 4
      MAX_ARRAY_SIZE = 2147483639
    DEFER_SERVLET_REQUEST_LISTENER_DESTROY_ON_ERROR = false
    DO_ACCEPT_PARTIAL = true
    DO_NOT_ACCEPT_PARTIAL = false
    DO_ACCEPT_EXCLUDED = true
    DO_NOT_ACCEPT_EXCLUDED = false
    commands = class java.util.ArrayList@557e6806
      serialVersionUID = 8683452581122892189
      DEFAULT_CAPACITY = 10
      EMPTY_ELEMENTDATA = class java.lang.Object[0]
      DEFAULTCAPACITY_EMPTY_ELEMENTDATA = class java.lang.Object[0]
      elementData = class java.lang.Object[3]
      size = 0
      MAX_ARRAY_SIZE = 2147483639
      modCount = 0
      MAX_ARRAY_SIZE = 2147483639
    requestMapper = class com.ibm.wsspi.webcontainer.util.URIMapper@26576f5b
      matcher = class com.ibm.wsspi.webcontainer.util.URIMatcher@6af82fa9
    parent = class com.ibm.ws.webcontainer.osgi.webapp.WebGroup@4583217c
      tc = class com.ibm.websphere.ras.TraceComponent@20b7b4a0
      logger = class com.ibm.ws.logging.internal.WsLogger@627ce8db
      CLASS_NAME = "com.ibm.ws.webcontainer.webapp.WebGroup"
      sessUrlRewritePrefix = ";jsessionid="
      qMark = "?"
      config = class com.ibm.ws.webcontainer.osgi.webapp.WebGroupConfiguration@19e8257c
      webApp = class com.ibm.ws.webcontainer.osgi.webapp.WebApp@20814d39
      commands = class java.util.ArrayList@226d0124
      requestMapper = null
      parent = class com.ibm.ws.webcontainer.osgi.DynamicVirtualHost@4e816cf
      name = "/web/*"
      isAlive = true
      subElements = class java.util.HashMap@352329be
      attributes = null
      config = null
      serialVersionUID = -8271459000149267764
      $$$tc$$$ = class com.ibm.websphere.ras.TraceComponent@1e6e7506
    name = "web"
    isAlive = true
    subElements = null
    attributes = class java.util.Collections$SynchronizedMap@248e3f07
      serialVersionUID = 1978198479659022715
      m = class java.util.HashMap@337273ac
      mutex = class java.util.Collections$SynchronizedMap@248e3f07
      keySet = null
      entrySet = class java.util.Collections$SynchronizedSet@51a10c47
      values = null
    config = null
    serialVersionUID = -8271459000149267764
    $$$tc$$$ = class com.ibm.websphere.ras.TraceComponent@1e6e7506
      strings[0] = "TraceComponent[com.ibm.ws.container.AbstractContainer,class com.ibm.ws.container.AbstractContainer,[],null,null]"

