------Start of DE processing------ = [9/8/17 13:34:59:909 EDT]
Exception = org.springframework.beans.factory.BeanCreationException
Source = com.ibm.ws.webcontainer.filter.FilterInstanceWrapper.init
probeid = 111
Stack Dump = org.springframework.beans.factory.BeanCreationException: Error creating bean with name 'EWMSUserDetailsServiceImpl': Failed to introspect bean class [com.uscs.ewms.usermgmnt.security.service.EWMSUserDetailsServiceImpl] for lookup method metadata: could not find class that it depends on; nested exception is java.lang.NoClassDefFoundError: com/uscs/ewms/usermgmnt/model/User
	at org.springframework.beans.factory.annotation.AutowiredAnnotationBeanPostProcessor.determineCandidateConstructors(AutowiredAnnotationBeanPostProcessor.java:269)
	at org.springframework.beans.factory.support.AbstractAutowireCapableBeanFactory.determineConstructorsFromBeanPostProcessors(AbstractAutowireCapableBeanFactory.java:1118)
	at org.springframework.beans.factory.support.AbstractAutowireCapableBeanFactory.createBeanInstance(AbstractAutowireCapableBeanFactory.java:1091)
	at org.springframework.beans.factory.support.AbstractAutowireCapableBeanFactory.doCreateBean(AbstractAutowireCapableBeanFactory.java:513)
	at org.springframework.beans.factory.support.AbstractAutowireCapableBeanFactory.createBean(AbstractAutowireCapableBeanFactory.java:483)
	at org.springframework.beans.factory.support.AbstractBeanFactory$1.getObject(AbstractBeanFactory.java:306)
	at org.springframework.beans.factory.support.DefaultSingletonBeanRegistry.getSingleton(DefaultSingletonBeanRegistry.java:230)
	at org.springframework.beans.factory.support.AbstractBeanFactory.doGetBean(AbstractBeanFactory.java:302)
	at org.springframework.beans.factory.support.AbstractBeanFactory.getBean(AbstractBeanFactory.java:197)
	at org.springframework.beans.factory.support.DefaultListableBeanFactory.preInstantiateSingletons(DefaultListableBeanFactory.java:761)
	at org.springframework.context.support.AbstractApplicationContext.finishBeanFactoryInitialization(AbstractApplicationContext.java:867)
	at org.springframework.context.support.AbstractApplicationContext.refresh(AbstractApplicationContext.java:543)
	at org.springframework.web.context.ContextLoader.configureAndRefreshWebApplicationContext(ContextLoader.java:443)
	at org.springframework.web.context.ContextLoader.initWebApplicationContext(ContextLoader.java:325)
	at org.springframework.web.context.ContextLoaderListener.contextInitialized(ContextLoaderListener.java:107)
	at com.ibm.ws.webcontainer.webapp.WebApp.notifyServletContextCreated(WebApp.java:2428)
	at com.ibm.ws.webcontainer.webapp.WebApp.initialize(WebApp.java:1065)
	at com.ibm.ws.webcontainer.webapp.WebApp.initialize(WebApp.java:6595)
	at com.ibm.ws.webcontainer.osgi.DynamicVirtualHost.startWebApp(DynamicVirtualHost.java:468)
	at com.ibm.ws.webcontainer.osgi.DynamicVirtualHost.startWebApplication(DynamicVirtualHost.java:463)
	at com.ibm.ws.webcontainer.osgi.WebContainer.startWebApplication(WebContainer.java:1120)
	at com.ibm.ws.webcontainer.osgi.WebContainer.access$000(WebContainer.java:104)
	at com.ibm.ws.webcontainer.osgi.WebContainer$2.run(WebContainer.java:932)
	at java.util.concurrent.Executors$RunnableAdapter.call(Unknown Source)
	at java.util.concurrent.FutureTask.run(Unknown Source)
	at java.util.concurrent.ThreadPoolExecutor.runWorker(Unknown Source)
	at java.util.concurrent.ThreadPoolExecutor$Worker.run(Unknown Source)
	at java.lang.Thread.run(Unknown Source)
Caused by: java.lang.NoClassDefFoundError: com/uscs/ewms/usermgmnt/model/User
	at java.lang.Class.getDeclaredMethods0(Native Method)
	at java.lang.Class.privateGetDeclaredMethods(Unknown Source)
	at java.lang.Class.getDeclaredMethods(Unknown Source)
	at org.springframework.util.ReflectionUtils.getDeclaredMethods(ReflectionUtils.java:613)
	at org.springframework.util.ReflectionUtils.doWithMethods(ReflectionUtils.java:524)
	at org.springframework.util.ReflectionUtils.doWithMethods(ReflectionUtils.java:510)
	at org.springframework.beans.factory.annotation.AutowiredAnnotationBeanPostProcessor.determineCandidateConstructors(AutowiredAnnotationBeanPostProcessor.java:247)
	... 27 more
Caused by: java.lang.ClassNotFoundException: com.uscs.ewms.usermgmnt.model.User
	at java.net.URLClassLoader.findClass(Unknown Source)
	at java.lang.ClassLoader.loadClass(Unknown Source)
	at sun.misc.Launcher$AppClassLoader.loadClass(Unknown Source)
	at java.lang.ClassLoader.loadClass(Unknown Source)
	at java.lang.ClassLoader.findSystemClass(Unknown Source)
	at com.ibm.ws.classloading.internal.GatewayClassLoader.loadClass(GatewayClassLoader.java:179)
	at java.lang.ClassLoader.loadClass(Unknown Source)
	at com.ibm.ws.classloading.internal.ParentLastClassLoader.findOrDelegateLoadClass(ParentLastClassLoader.java:87)
	at com.ibm.ws.classloading.internal.AppClassLoader.loadClass(AppClassLoader.java:449)
	at com.ibm.ws.classloading.internal.ParentLastClassLoader.loadClass(ParentLastClassLoader.java:51)
	... 34 more

Dump of callerThis
Object type = com.ibm.ws.webcontainer.filter.FilterInstanceWrapper
  FILTER_STATE_UNINITIALIZED = 0
  FILTER_STATE_INITIALIZING = 1
  FILTER_STATE_AVAILABLE = 2
  FILTER_STATE_DESTROYING = 3
  FILTER_STATE_DESTROYED = 4
  FILTER_STATE_UNAVAILABLE = 5
  _filterName = "springSecurityFilterChain"
  _filterInstance = class org.springframework.web.filter.DelegatingFilterProxy@11b948d6
    contextAttribute = null
    webApplicationContext = null
    targetBeanName = "springSecurityFilterChain"
    targetFilterLifecycle = false
    delegate = null
    delegateMonitor = class java.lang.Object@2aa7975b
    logger = class org.apache.commons.logging.impl.Log4JLogger@43882b81
      serialVersionUID = 5160705895411730424
      FQCN = "org.apache.commons.logging.impl.Log4JLogger"
      logger = class org.apache.log4j.Logger@2e8803f7
      name = "org.springframework.web.filter.DelegatingFilterProxy"
      traceLevel = class org.apache.log4j.Level@26a8efa3
      class$org$apache$commons$logging$impl$Log4JLogger = class java.lang.Class@48978c0a
      class$org$apache$log4j$Level = class java.lang.Class@12bb2305
      class$org$apache$log4j$Priority = class java.lang.Class@4bec0146
    beanName = null
    environment = null
    servletContext = null
    filterConfig = class com.ibm.ws.webcontainer.filter.FilterConfig@5ad5c2a8
    requiredProperties = class java.util.HashSet@602c9a92
      serialVersionUID = -5024744406713321676
      map = class java.util.HashMap@64cd4424
      PRESENT = class java.lang.Object@8fb9649
      MAX_ARRAY_SIZE = 2147483639
  _filterState = 1
  nServicing = class java.util.concurrent.atomic.AtomicInteger@4c7bb744
    serialVersionUID = 6214790243416807050
    unsafe = class sun.misc.Unsafe@4a4e00d5
      theUnsafe = class sun.misc.Unsafe@4a4e00d5
      INVALID_FIELD_OFFSET = -1
      ARRAY_BOOLEAN_BASE_OFFSET = 16
      ARRAY_BYTE_BASE_OFFSET = 16
      ARRAY_SHORT_BASE_OFFSET = 16
      ARRAY_CHAR_BASE_OFFSET = 16
      ARRAY_INT_BASE_OFFSET = 16
      ARRAY_LONG_BASE_OFFSET = 16
      ARRAY_FLOAT_BASE_OFFSET = 16
      ARRAY_DOUBLE_BASE_OFFSET = 16
      ARRAY_OBJECT_BASE_OFFSET = 16
      ARRAY_BOOLEAN_INDEX_SCALE = 1
      ARRAY_BYTE_INDEX_SCALE = 1
      ARRAY_SHORT_INDEX_SCALE = 2
      ARRAY_CHAR_INDEX_SCALE = 2
      ARRAY_INT_INDEX_SCALE = 4
      ARRAY_LONG_INDEX_SCALE = 8
      ARRAY_FLOAT_INDEX_SCALE = 4
      ARRAY_DOUBLE_INDEX_SCALE = 8
      ARRAY_OBJECT_INDEX_SCALE = 4
      ADDRESS_SIZE = 8
    valueOffset = 12
    value = 0
    serialVersionUID = -8742448824652078965
  logger = class com.ibm.ws.logging.internal.WsLogger@74d2db1c
    tc = class com.ibm.websphere.ras.TraceComponent@17e896ac
      strings[0] = "TraceComponent[com.ibm.ws.logging.internal.WsLogger,class com.ibm.ws.logging.internal.WsLogger,[logging],com.ibm.ws.logging.internal.resources.LoggingMessages,null]"
    ivCachedResourceBundleName = null
    ivCachedResourceBundle = null
    ivComponent = null
    ivOrganization = null
    ivProduct = null
    ivMinimumLocalizationLevelIntValue = 625
    ivTC = class com.ibm.websphere.ras.TraceComponent@6d511d68
      strings[0] = "TraceComponent[com.ibm.ws.webcontainer.filter,class com.ibm.wsspi.webcontainer.logging.LoggerFactory$1,[com.ibm.ws.webcontainer.filter],null,null]"
    loggerRegistrationComponent = class java.lang.ThreadLocal@7ed67553
      threadLocalHashCode = 1675452296
      nextHashCode = class java.util.concurrent.atomic.AtomicInteger@62f1f03d
      HASH_INCREMENT = 1640531527
    emptyHandlers = class java.util.logging.Handler[0]
    offValue = 2147483647
    SYSTEM_LOGGER_RB_NAME = "sun.util.logging.resources.logging"
    SYSTEM_BUNDLE = class java.util.logging.Logger$LoggerBundle@42765569
      resourceBundleName = "sun.util.logging.resources.logging"
      userBundle = null
    NO_RESOURCE_BUNDLE = class java.util.logging.Logger$LoggerBundle@3ad0e41c
      resourceBundleName = null
      userBundle = null
    manager = class com.ibm.ws.kernel.boot.logging.WsLogManager@56859d73
      CLASS_NAME = "com.ibm.ws.kernel.boot.logging.WsLogManager"
      CONFIGURE_BY_SERVER_PROPERTY_NAME = "java.util.logging.configureByServer"
      CONFIGURE_BY_LOGGING_PROPERTIES_FILE = "java.util.logging.configureByLoggingPropertiesFile"
      configureByServer = true
      configureByLoggingProperties = false
      wsLogger = class java.lang.reflect.Constructor@39577b73
      resetEnabled = true
      manager = class com.ibm.ws.kernel.boot.logging.WsLogManager@56859d73
      props = class java.util.Properties@5e79fbb1
      defaultLevel = class java.util.logging.Level@32eb3c6e
      listenerMap = class java.util.HashMap@284b6681
      systemContext = class java.util.logging.LogManager$SystemLoggerContext@14bf1fd8
      userContext = class java.util.logging.LogManager$LoggerContext@16b162df
      rootLogger = class java.util.logging.LogManager$RootLogger@784b7cb
      readPrimordialConfiguration = true
      initializedGlobalHandlers = true
      deathImminent = false
      initializedCalled = true
      initializationDone = true
      contextsMap = null
      loggerRefQueue = class java.lang.ref.ReferenceQueue@7488b6d4
      MAX_ITERATIONS = 400
      controlPermission = class java.util.logging.LoggingPermission@18a53642
      loggingMXBean = null
      LOGGING_MXBEAN_NAME = "java.util.logging:type=Logging"
      $assertionsDisabled = true
    name = "com.ibm.ws.webcontainer.filter"
    handlers = class java.util.concurrent.CopyOnWriteArrayList@67de761
      serialVersionUID = 8673264195747942595
      lock = class java.util.concurrent.locks.ReentrantLock@2cdef184
      array = class java.lang.Object[0]
      UNSAFE = class sun.misc.Unsafe@4a4e00d5
      lockOffset = 12
    loggerBundle = class java.util.logging.Logger$LoggerBundle@9f54e4c
      resourceBundleName = "com.ibm.ws.webcontainer.resources.Messages"
      userBundle = null
    useParentHandlers = true
    filter = null
    anonymous = false
    catalog = class com.ibm.ws.webcontainer.resources.Messages@7384359
      resources = class [Ljava.lang.Object;[332]
      lookup = class java.util.HashMap@28a21687
      INITIAL_CACHE_SIZE = 32
      NONEXISTENT_BUNDLE = class java.util.ResourceBundle$1@1745344c
      cacheList = class java.util.concurrent.ConcurrentHashMap@7c266a55
      referenceQueue = class java.lang.ref.ReferenceQueue@5061cd9b
      parent = null
      locale = class java.util.Locale@70169c10
      name = "com.ibm.ws.webcontainer.resources.Messages"
      expired = false
      cacheKey = class java.util.ResourceBundle$CacheKey@6b114cf3
      keySet = null
      providers = null
      $assertionsDisabled = true
    catalogName = "com.ibm.ws.webcontainer.resources.Messages"
    catalogLocale = class java.util.Locale@56543c64
      LOCALECACHE = class java.util.Locale$Cache@6bd815ab
      ENGLISH = class java.util.Locale@4dd696cb
      FRENCH = class java.util.Locale@5dad05b8
      GERMAN = class java.util.Locale@74584fc7
      ITALIAN = class java.util.Locale@5f0679aa
      JAPANESE = class java.util.Locale@261fdc4f
      KOREAN = class java.util.Locale@13aa9df1
      CHINESE = class java.util.Locale@253ace34
      SIMPLIFIED_CHINESE = class java.util.Locale@499d3810
      TRADITIONAL_CHINESE = class java.util.Locale@11b878c8
      FRANCE = class java.util.Locale@56ba2a1b
      GERMANY = class java.util.Locale@25820596
      ITALY = class java.util.Locale@5ffe48e
      JAPAN = class java.util.Locale@5753a2c1
      KOREA = class java.util.Locale@503ea0c2
      CHINA = class java.util.Locale@499d3810
      PRC = class java.util.Locale@499d3810
      TAIWAN = class java.util.Locale@11b878c8
      UK = class java.util.Locale@65a5b1e6
      US = class java.util.Locale@56543c64
      CANADA = class java.util.Locale@1f84f248
      CANADA_FRENCH = class java.util.Locale@558b0ed3
      ROOT = class java.util.Locale@70169c10
      PRIVATE_USE_EXTENSION = x
      UNICODE_LOCALE_EXTENSION = u
      serialVersionUID = 9149081749638150636
      DISPLAY_LANGUAGE = 0
      DISPLAY_COUNTRY = 1
      DISPLAY_VARIANT = 2
      DISPLAY_SCRIPT = 3
      baseLocale = class sun.util.locale.BaseLocale@da9a81
      localeExtensions = null
      hashCodeValue = 96636889
      defaultLocale = class java.util.Locale@56543c64
      defaultDisplayLocale = null
      defaultFormatLocale = class java.util.Locale@56543c64
      languageTag = "en-US"
      serialPersistentFields = class java.io.ObjectStreamField[6]
      isoLanguages = null
      isoCountries = null
      $assertionsDisabled = true
    treeLock = class java.lang.Object@2c404dd8
    parent = class com.ibm.ws.logging.internal.WsLogger@177f32a3
      tc = class com.ibm.websphere.ras.TraceComponent@17e896ac
      ivCachedResourceBundleName = "com.ibm.ws.webcontainer.resources.Messages"
      ivCachedResourceBundle = class com.ibm.ws.webcontainer.resources.Messages@7a82d772
      ivComponent = null
      ivOrganization = null
      ivProduct = null
      ivMinimumLocalizationLevelIntValue = 625
      ivTC = class com.ibm.websphere.ras.TraceComponent@75b63a7b
      loggerRegistrationComponent = class java.lang.ThreadLocal@7ed67553
      emptyHandlers = class java.util.logging.Handler[0]
      offValue = 2147483647
      SYSTEM_LOGGER_RB_NAME = "sun.util.logging.resources.logging"
      SYSTEM_BUNDLE = class java.util.logging.Logger$LoggerBundle@42765569
      NO_RESOURCE_BUNDLE = class java.util.logging.Logger$LoggerBundle@3ad0e41c
      manager = class com.ibm.ws.kernel.boot.logging.WsLogManager@56859d73
      name = "com.ibm.ws.webcontainer"
      handlers = class java.util.concurrent.CopyOnWriteArrayList@6c667d0
      loggerBundle = class java.util.logging.Logger$LoggerBundle@782baa42
      useParentHandlers = true
      filter = null
      anonymous = false
      catalog = class com.ibm.ws.webcontainer.resources.Messages@7a82d772
      catalogName = "com.ibm.ws.webcontainer.resources.Messages"
      catalogLocale = class java.util.Locale@56543c64
      treeLock = class java.lang.Object@2c404dd8
      parent = class java.util.logging.Logger@36091db0
      kids = class java.util.ArrayList@32e17225
      levelObject = class java.util.logging.Level@32eb3c6e
      levelValue = 800
      callersClassLoaderRef = class java.lang.ref.WeakReference@59f6e8d7
      isSystemLogger = false
      GLOBAL_LOGGER_NAME = "global"
      global = class java.util.logging.Logger@5aff747
      $assertionsDisabled = true
    kids = null
    levelObject = class java.util.logging.Level@32eb3c6e
      defaultBundle = "sun.util.logging.resources.logging"
      name = "INFO"
      value = 800
      resourceBundleName = "sun.util.logging.resources.logging"
      localizedLevelName = "INFO"
      cachedLocale = class java.util.Locale@56543c64
      OFF = class java.util.logging.Level@e371fd4
      SEVERE = class java.util.logging.Level@76131afa
      WARNING = class java.util.logging.Level@23558bcf
      INFO = class java.util.logging.Level@32eb3c6e
      CONFIG = class java.util.logging.Level@b051baa
      FINE = class java.util.logging.Level@3d7a7ca1
      FINER = class java.util.logging.Level@5350753e
      FINEST = class java.util.logging.Level@5cd49768
      ALL = class java.util.logging.Level@7faf0f13
      serialVersionUID = -8176160795706313070
    levelValue = 800
    callersClassLoaderRef = class java.lang.ref.WeakReference@1509afc3
      referent = class org.eclipse.osgi.internal.loader.EquinoxClassLoader@9257237
      queue = class java.lang.ref.ReferenceQueue$Null@7cb9179b
      next = null
      discovered = null
      lock = class java.lang.ref.Reference$Lock@2320d0dd
      pending = null
    isSystemLogger = false
    GLOBAL_LOGGER_NAME = "global"
    global = class java.util.logging.Logger@5aff747
      emptyHandlers = class java.util.logging.Handler[0]
      offValue = 2147483647
      SYSTEM_LOGGER_RB_NAME = "sun.util.logging.resources.logging"
      SYSTEM_BUNDLE = class java.util.logging.Logger$LoggerBundle@42765569
      NO_RESOURCE_BUNDLE = class java.util.logging.Logger$LoggerBundle@3ad0e41c
      manager = class com.ibm.ws.kernel.boot.logging.WsLogManager@56859d73
      name = "global"
      handlers = class java.util.concurrent.CopyOnWriteArrayList@2469fc25
      loggerBundle = class java.util.logging.Logger$LoggerBundle@3ad0e41c
      useParentHandlers = true
      filter = null
      anonymous = false
      catalog = null
      catalogName = null
      catalogLocale = null
      treeLock = class java.lang.Object@2c404dd8
      parent = class java.util.logging.Logger@36091db0
      kids = null
      levelObject = null
      levelValue = 800
      callersClassLoaderRef = null
      isSystemLogger = true
      GLOBAL_LOGGER_NAME = "global"
      global = class java.util.logging.Logger@5aff747
      $assertionsDisabled = true
    $assertionsDisabled = true
  CLASS_NAME = "com.ibm.ws.webcontainer.filter.FilterInstanceWrapper"
  _filterEvent = null
  _filterConfig = class com.ibm.ws.webcontainer.filter.FilterConfig@5ad5c2a8
    tc = class com.ibm.websphere.ras.TraceComponent@37e07f07
      strings[0] = "TraceComponent[com.ibm.ws.webcontainer.filter.FilterConfig,class com.ibm.ws.webcontainer.filter.FilterConfig,[webcontainer],com.ibm.ws.webcontainer.resources.LShimMessages,null]"
    dispatchMode = null
    filterClassLoader = null
    isInternal = false
    webAppConfig = class com.ibm.ws.webcontainer.osgi.webapp.WebAppConfiguration@520ac87a
      webModuleMetaData = class com.ibm.ws.webcontainer.osgi.metadata.WebModuleMetaDataImpl@4bf95f3a
      webComponentMetaData = class com.ibm.ws.webcontainer.osgi.metadata.WebComponentMetaDataImpl@21bc7e8
      dVirtualHost = class com.ibm.ws.webcontainer.osgi.DynamicVirtualHost@56b8fe60
      orderedLibPaths = class java.util.Collections$UnmodifiableRandomAccessList@4b07165f
      bundleHeaders = null
      cdiEnabled = false
      CLASS_NAME = "com.ibm.ws.webcontainer.webapp.WebAppConfiguration"
      logger = class com.ibm.ws.logging.internal.WsLogger@1798df43
      tc = class com.ibm.websphere.ras.TraceComponent@2c877136
      nls = class com.ibm.ejs.ras.TraceNLS@7f7aff60
      version = 30
      contextRoot = "/web"
      sessionTimeout = 120
      moduleSessionTimeoutSet = true
      moduleSessionTrackingModeSet = false
      sessionCookieConfig = class com.ibm.ws.session.SessionCookieConfigImpl@6d697267
      hasProgrammaticCookieConfig = false
      sessionDefaultTrackingModeSet = class java.util.RegularEnumSet@571b8fb7
      sessionManagerConfig = class com.ibm.ws.session.SessionManagerConfig@2a416b3c
      displayName = "USCS.eWMS"
      description = null
      reloadInterval = 0
      distributable = true
      denyUncoveredHttpMethods = false
      reloadingEnabled = false
      serveServletsByClassnameEnabled = false
      defaultErrorPage = null
      additionalClassPath = null
      fileServingEnabled = null
      directoryBrowsingEnabled = false
      autoRequestEncoding = false
      autoResponseEncoding = false
      autoLoadFilters = false
      requestListeners = null
      requestAttributeListeners = null
      sessionListeners = null
      localeMap = null
      moduleName = "web"
      j2eeModuleName = "web.war"
      moduleId = null
      isSyncToThreadEnabled = false
      encodeDispatchedRequestURI = false
      isSystemApp = false
      ardEnabled = false
      ardDispatchType = null
      listeners = class java.util.ArrayList@b63363b
      welcomeFileList = class java.util.ArrayList@23ca59c8
      servletMappings = class java.util.HashMap@596fd9c
      lastIndexBeforeDeclaredFilters = 0
      filterMappings = class java.util.ArrayList@efbacae
      servletInfo = class java.util.HashMap@1cbb91a4
      filterInfo = class java.util.HashMap@6d4e9fe2
      mimeMappings = class java.util.HashMap@5f86f5ca
      mimeFilters = null
      isMimeFilteringEnabled = false
      theWebGroup = null
      jspAttributes = class java.util.HashMap@ccbac48
      fileServingAttributes = class java.util.HashMap@4cbd2ac4
      invokerAttributes = class java.util.HashMap@55151d3e
      contextParams = class java.util.HashMap@3dd59af3
      virtualHost = "default_host"
      exceptionErrorPages = class java.util.HashMap@6c2dc8ed
      codeErrorPages = class java.util.HashMap@496334a6
      tagLibList = null
      precompileJsps = false
      webApp = class com.ibm.ws.webcontainer.osgi.webapp.WebApp@2ac1a01c
      virtualHostList = class java.util.Collections$EmptyList@34622c59
      appStartupWeight = 0
      moduleStartupWeight = 0
      metaDataComplete = false
      classesToScan = class java.util.ArrayList@25713a24
      uriFilterMappingInfos = class java.util.ArrayList@a34792e
      servletFilterMappingInfos = null
      dynamicServletRegistrationMap = null
      applicationName = "web"
      libBinPathList = null
      webXmlDefinedListeners = class java.util.HashSet@2799e4c7
      allRefs = class java.util.EnumMap@770f2296
      allRefBindings = class java.util.EnumMap@52aac8ca
      envEntryValues = class java.util.HashMap@7e2668a1
      resourceRefConfigList = null
      disallowAllFileServingProp = "false"
      disallowServeServletsByClassnameProp = "true"
      disableStaticMappingCache = false
      jspCachedLocations = class java.util.HashMap@1671147e
      primedSTSHeader = "NoValue"
      enablemultireadofpostdata = false
      _id = "WebAppGeneratedId1"
      _attributes = null
      serialVersionUID = 7511545662945734886
      $$$tc$$$ = class com.ibm.websphere.ras.TraceComponent@4d27bc7c
    filter = null
    filterClass = null
    urlPatternMappings = class java.util.ArrayList@10a19821
      serialVersionUID = 8683452581122892189
      DEFAULT_CAPACITY = 10
      EMPTY_ELEMENTDATA = class java.lang.Object[0]
      DEFAULTCAPACITY_EMPTY_ELEMENTDATA = class java.lang.Object[0]
      elementData = class java.lang.Object[10]
      size = 1
      MAX_ARRAY_SIZE = 2147483639
      modCount = 1
      MAX_ARRAY_SIZE = 2147483639
    servletNameMappings = null
    nls = class com.ibm.ejs.ras.TraceNLS@72c9bb12
      resolver = class com.ibm.ws.logging.internal.TraceNLSResolver@31eb2124
      finder = class com.ibm.ws.logging.internal.StackFinder@31687ff4
      ivBundleName = "com.ibm.ws.webcontainer.resources.Messages"
      caller = class java.lang.Class@2d9f4a96
    logger = class com.ibm.ws.logging.internal.WsLogger@207935b3
      tc = class com.ibm.websphere.ras.TraceComponent@17e896ac
      ivCachedResourceBundleName = "com.ibm.ws.webcontainer.resources.Messages"
      ivCachedResourceBundle = class com.ibm.ws.webcontainer.resources.Messages@7a82d772
      ivComponent = null
      ivOrganization = null
      ivProduct = null
      ivMinimumLocalizationLevelIntValue = 625
      ivTC = class com.ibm.websphere.ras.TraceComponent@6fe3b77f
      loggerRegistrationComponent = class java.lang.ThreadLocal@7ed67553
      emptyHandlers = class java.util.logging.Handler[0]
      offValue = 2147483647
      SYSTEM_LOGGER_RB_NAME = "sun.util.logging.resources.logging"
      SYSTEM_BUNDLE = class java.util.logging.Logger$LoggerBundle@42765569
      NO_RESOURCE_BUNDLE = class java.util.logging.Logger$LoggerBundle@3ad0e41c
      manager = class com.ibm.ws.kernel.boot.logging.WsLogManager@56859d73
      name = "com.ibm.ws.webcontainer.servlet"
      handlers = class java.util.concurrent.CopyOnWriteArrayList@7e2684f1
      loggerBundle = class java.util.logging.Logger$LoggerBundle@388ec69c
      useParentHandlers = true
      filter = null
      anonymous = false
      catalog = class com.ibm.ws.webcontainer.resources.Messages@7a82d772
      catalogName = "com.ibm.ws.webcontainer.resources.Messages"
      catalogLocale = class java.util.Locale@56543c64
      treeLock = class java.lang.Object@2c404dd8
      parent = class com.ibm.ws.logging.internal.WsLogger@177f32a3
      kids = null
      levelObject = class java.util.logging.Level@32eb3c6e
      levelValue = 800
      callersClassLoaderRef = class java.lang.ref.WeakReference@21753fa3
      isSystemLogger = false
      GLOBAL_LOGGER_NAME = "global"
      global = class java.util.logging.Logger@5aff747
      $assertionsDisabled = true
    CLASS_NAME = "com.ibm.ws.webcontainer.servlet.TargetConfig"
    initParams = null
    fileName = null
    displayName = "FilterGeneratedId2"
    name = "springSecurityFilterChain"
    description = null
    smallIcon = null
    largeIcon = null
    context = class com.ibm.wsspi.webcontainer.facade.ServletContextFacade@2f55e40e
      context = class com.ibm.ws.webcontainer.osgi.webapp.WebApp@2ac1a01c
    className = "org.springframework.web.filter.DelegatingFilterProxy"
    asyncSupported = false
    _id = "FilterGeneratedId2"
    _attributes = null
    serialVersionUID = 7511545662945734886
    $$$tc$$$ = class com.ibm.websphere.ras.TraceComponent@4d27bc7c
      strings[0] = "TraceComponent[com.ibm.ws.container.BaseConfiguration,class com.ibm.ws.container.BaseConfiguration,[],null,null]"
  _eventSource = class com.ibm.ws.webcontainer.webapp.WebAppEventSource@4e69247c
    _invocationListeners = class com.ibm.ws.webcontainer.util.EventListeners@55dd7e77
      EMPTY_LISTENERS = interface java.util.EventListener[0]
      logger = class com.ibm.ws.logging.internal.WsLogger@97e701d
      CLASS_NAME = "com.ibm.ws.webcontainer.util.EventListeners"
      listeners = interface java.util.EventListener[0]
    _servletListeners = class com.ibm.ws.webcontainer.util.EventListeners@52c6e932
      EMPTY_LISTENERS = interface java.util.EventListener[0]
      logger = class com.ibm.ws.logging.internal.WsLogger@97e701d
      CLASS_NAME = "com.ibm.ws.webcontainer.util.EventListeners"
      listeners = interface java.util.EventListener[0]
    _errorListeners = class com.ibm.ws.webcontainer.util.EventListeners@b6e9a9a
      EMPTY_LISTENERS = interface java.util.EventListener[0]
      logger = class com.ibm.ws.logging.internal.WsLogger@97e701d
      CLASS_NAME = "com.ibm.ws.webcontainer.util.EventListeners"
      listeners = interface java.util.EventListener[0]
    _applicationListeners = class com.ibm.ws.webcontainer.util.EventListeners@6da55c26
      EMPTY_LISTENERS = interface java.util.EventListener[0]
      logger = class com.ibm.ws.logging.internal.WsLogger@97e701d
      CLASS_NAME = "com.ibm.ws.webcontainer.util.EventListeners"
      listeners = interface java.util.EventListener[0]
    _filterInvocationListeners = class com.ibm.ws.webcontainer.util.EventListeners@5335a923
      EMPTY_LISTENERS = interface java.util.EventListener[0]
      logger = class com.ibm.ws.logging.internal.WsLogger@97e701d
      CLASS_NAME = "com.ibm.ws.webcontainer.util.EventListeners"
      listeners = interface java.util.EventListener[0]
    _filterListeners = class com.ibm.ws.webcontainer.util.EventListeners@365f550e
      EMPTY_LISTENERS = interface java.util.EventListener[0]
      logger = class com.ibm.ws.logging.internal.WsLogger@97e701d
      CLASS_NAME = "com.ibm.ws.webcontainer.util.EventListeners"
      listeners = interface java.util.EventListener[0]
    _filterErrorListeners = class com.ibm.ws.webcontainer.util.EventListeners@491ab315
      EMPTY_LISTENERS = interface java.util.EventListener[0]
      logger = class com.ibm.ws.logging.internal.WsLogger@97e701d
      CLASS_NAME = "com.ibm.ws.webcontainer.util.EventListeners"
      listeners = interface java.util.EventListener[0]
  _managedObject = class com.ibm.ws.managedobject.internal.ManagedObjectImpl@171dedc
    object = "<sensitive org.springframework.web.filter.DelegatingFilterProxy@11b948d6>"
    serialVersionUID = -5603642874755101089
    $$$tc$$$ = class com.ibm.websphere.ras.TraceComponent@5bfea3bc
      strings[0] = "TraceComponent[com.ibm.ws.managedobject.internal.ManagedObjectImpl,class com.ibm.ws.managedobject.internal.ManagedObjectImpl,[],null,null]"

