------Start of DE processing------ = [9/7/17 14:38:15:173 EDT]
Exception = org.springframework.beans.factory.BeanCreationException
Source = com.ibm.ws.webcontainer.servlet.ServletWrapper.init
probeid = 181
Stack Dump = org.springframework.beans.factory.BeanCreationException: Error creating bean with name 'appLockScheduleBean': Invocation of init method failed; nested exception is org.hibernate.exception.JDBCConnectionException: Could not open connection
	at org.springframework.beans.factory.annotation.InitDestroyAnnotationBeanPostProcessor.postProcessBeforeInitialization(InitDestroyAnnotationBeanPostProcessor.java:137)
	at org.springframework.beans.factory.support.AbstractAutowireCapableBeanFactory.applyBeanPostProcessorsBeforeInitialization(AbstractAutowireCapableBeanFactory.java:409)
	at org.springframework.beans.factory.support.AbstractAutowireCapableBeanFactory.initializeBean(AbstractAutowireCapableBeanFactory.java:1620)
	at org.springframework.beans.factory.support.AbstractAutowireCapableBeanFactory.doCreateBean(AbstractAutowireCapableBeanFactory.java:555)
	at org.springframework.beans.factory.support.AbstractAutowireCapableBeanFactory.createBean(AbstractAutowireCapableBeanFactory.java:483)
	at org.springframework.beans.factory.support.AbstractBeanFactory$1.getObject(AbstractBeanFactory.java:306)
	at org.springframework.beans.factory.support.DefaultSingletonBeanRegistry.getSingleton(DefaultSingletonBeanRegistry.java:230)
	at org.springframework.beans.factory.support.AbstractBeanFactory.doGetBean(AbstractBeanFactory.java:302)
	at org.springframework.beans.factory.support.AbstractBeanFactory.getBean(AbstractBeanFactory.java:197)
	at org.springframework.beans.factory.support.DefaultListableBeanFactory.preInstantiateSingletons(DefaultListableBeanFactory.java:761)
	at org.springframework.context.support.AbstractApplicationContext.finishBeanFactoryInitialization(AbstractApplicationContext.java:867)
	at org.springframework.context.support.AbstractApplicationContext.refresh(AbstractApplicationContext.java:543)
	at org.springframework.web.servlet.FrameworkServlet.configureAndRefreshWebApplicationContext(FrameworkServlet.java:668)
	at org.springframework.web.servlet.FrameworkServlet.createWebApplicationContext(FrameworkServlet.java:634)
	at org.springframework.web.servlet.FrameworkServlet.createWebApplicationContext(FrameworkServlet.java:682)
	at org.springframework.web.servlet.FrameworkServlet.initWebApplicationContext(FrameworkServlet.java:553)
	at org.springframework.web.servlet.FrameworkServlet.initServletBean(FrameworkServlet.java:494)
	at org.springframework.web.servlet.HttpServletBean.init(HttpServletBean.java:171)
	at javax.servlet.GenericServlet.init(GenericServlet.java:161)
	at com.ibm.ws.webcontainer.servlet.ServletWrapper.init(ServletWrapper.java:332)
	at com.ibm.ws.webcontainer.servlet.ServletWrapper.loadOnStartupCheck(ServletWrapper.java:1428)
	at com.ibm.ws.webcontainer.webapp.WebApp.doLoadOnStartupActions(WebApp.java:1205)
	at com.ibm.ws.webcontainer.webapp.WebApp.commonInitializationFinally(WebApp.java:1173)
	at com.ibm.ws.webcontainer.webapp.WebApp.initialize(WebApp.java:1075)
	at com.ibm.ws.webcontainer.webapp.WebApp.initialize(WebApp.java:6595)
	at com.ibm.ws.webcontainer.osgi.DynamicVirtualHost.startWebApp(DynamicVirtualHost.java:468)
	at com.ibm.ws.webcontainer.osgi.DynamicVirtualHost.startWebApplication(DynamicVirtualHost.java:463)
	at com.ibm.ws.webcontainer.osgi.WebContainer.startWebApplication(WebContainer.java:1120)
	at com.ibm.ws.webcontainer.osgi.WebContainer.access$000(WebContainer.java:104)
	at com.ibm.ws.webcontainer.osgi.WebContainer$2.run(WebContainer.java:932)
	at java.util.concurrent.Executors$RunnableAdapter.call(Unknown Source)
	at java.util.concurrent.FutureTask.run(Unknown Source)
	at java.util.concurrent.ThreadPoolExecutor.runWorker(Unknown Source)
	at java.util.concurrent.ThreadPoolExecutor$Worker.run(Unknown Source)
	at java.lang.Thread.run(Unknown Source)
Caused by: org.hibernate.exception.JDBCConnectionException: Could not open connection
	at org.hibernate.exception.internal.SQLStateConversionDelegate.convert(SQLStateConversionDelegate.java:132)
	at org.hibernate.exception.internal.StandardSQLExceptionConverter.convert(StandardSQLExceptionConverter.java:49)
	at org.hibernate.engine.jdbc.spi.SqlExceptionHelper.convert(SqlExceptionHelper.java:125)
	at org.hibernate.engine.jdbc.spi.SqlExceptionHelper.convert(SqlExceptionHelper.java:110)
	at org.hibernate.engine.jdbc.internal.LogicalConnectionImpl.obtainConnection(LogicalConnectionImpl.java:221)
	at org.hibernate.engine.jdbc.internal.LogicalConnectionImpl.getConnection(LogicalConnectionImpl.java:157)
	at org.hibernate.engine.jdbc.internal.StatementPreparerImpl.connection(StatementPreparerImpl.java:56)
	at org.hibernate.engine.jdbc.internal.StatementPreparerImpl$1.doPrepare(StatementPreparerImpl.java:98)
	at org.hibernate.engine.jdbc.internal.StatementPreparerImpl$StatementPreparationTemplate.prepareStatement(StatementPreparerImpl.java:182)
	at org.hibernate.engine.jdbc.internal.StatementPreparerImpl.prepareStatement(StatementPreparerImpl.java:91)
	at org.hibernate.hql.internal.ast.exec.BasicExecutor.execute(BasicExecutor.java:90)
	at org.hibernate.hql.internal.ast.QueryTranslatorImpl.executeUpdate(QueryTranslatorImpl.java:413)
	at org.hibernate.engine.query.spi.HQLQueryPlan.performExecuteUpdate(HQLQueryPlan.java:282)
	at org.hibernate.internal.SessionImpl.executeUpdate(SessionImpl.java:1290)
	at org.hibernate.internal.QueryImpl.executeUpdate(QueryImpl.java:116)
	at com.uscs.ewms.mdm.dao.LockingInterceptorDAOImpl.removeAllOldLocks(LockingInterceptorDAOImpl.java:134)
	at com.uscs.ewms.common.locking.service.LockInterceptorServiceImpl.unclokRecordTimed(LockInterceptorServiceImpl.java:101)
	at sun.reflect.NativeMethodAccessorImpl.invoke0(Native Method)
	at sun.reflect.NativeMethodAccessorImpl.invoke(Unknown Source)
	at sun.reflect.DelegatingMethodAccessorImpl.invoke(Unknown Source)
	at java.lang.reflect.Method.invoke(Unknown Source)
	at org.springframework.aop.support.AopUtils.invokeJoinpointUsingReflection(AopUtils.java:333)
	at org.springframework.aop.framework.ReflectiveMethodInvocation.invokeJoinpoint(ReflectiveMethodInvocation.java:190)
	at org.springframework.aop.framework.ReflectiveMethodInvocation.proceed(ReflectiveMethodInvocation.java:157)
	at org.springframework.transaction.interceptor.TransactionInterceptor$1.proceedWithInvocation(TransactionInterceptor.java:99)
	at org.springframework.transaction.interceptor.TransactionAspectSupport$1.doInTransaction(TransactionAspectSupport.java:305)
	at org.springframework.transaction.jta.WebSphereUowTransactionManager$UOWActionAdapter.run(WebSphereUowTransactionManager.java:347)
	at com.ibm.ws.uow.embeddable.EmbeddableUOWManagerImpl.runUnderNewUOW(EmbeddableUOWManagerImpl.java:775)
	at com.ibm.ws.uow.embeddable.EmbeddableUOWManagerImpl.runUnderUOW(EmbeddableUOWManagerImpl.java:368)
	at org.springframework.transaction.jta.WebSphereUowTransactionManager.execute(WebSphereUowTransactionManager.java:290)
	at org.springframework.transaction.interceptor.TransactionAspectSupport.invokeWithinTransaction(TransactionAspectSupport.java:299)
	at org.springframework.transaction.interceptor.TransactionInterceptor.invoke(TransactionInterceptor.java:96)
	at org.springframework.aop.framework.ReflectiveMethodInvocation.proceed(ReflectiveMethodInvocation.java:168)
	at org.springframework.aop.aspectj.MethodInvocationProceedingJoinPoint.proceed(MethodInvocationProceedingJoinPoint.java:85)
	at com.uscs.ewms.logging.LoggingAspect.log(LoggingAspect.java:30)
	at sun.reflect.NativeMethodAccessorImpl.invoke0(Native Method)
	at sun.reflect.NativeMethodAccessorImpl.invoke(Unknown Source)
	at sun.reflect.DelegatingMethodAccessorImpl.invoke(Unknown Source)
	at java.lang.reflect.Method.invoke(Unknown Source)
	at org.springframework.aop.aspectj.AbstractAspectJAdvice.invokeAdviceMethodWithGivenArgs(AbstractAspectJAdvice.java:629)
	at org.springframework.aop.aspectj.AbstractAspectJAdvice.invokeAdviceMethod(AbstractAspectJAdvice.java:618)
	at org.springframework.aop.aspectj.AspectJAroundAdvice.invoke(AspectJAroundAdvice.java:70)
	at org.springframework.aop.framework.ReflectiveMethodInvocation.proceed(ReflectiveMethodInvocation.java:168)
	at org.springframework.aop.interceptor.ExposeInvocationInterceptor.invoke(ExposeInvocationInterceptor.java:92)
	at org.springframework.aop.framework.ReflectiveMethodInvocation.proceed(ReflectiveMethodInvocation.java:179)
	at org.springframework.aop.framework.JdkDynamicAopProxy.invoke(JdkDynamicAopProxy.java:213)
	at com.sun.proxy.$Proxy102.unclokRecordTimed(Unknown Source)
	at com.uscs.ewms.scheduler.service.AppLockScheduleBean.clearLocks(AppLockScheduleBean.java:30)
	at com.uscs.ewms.scheduler.service.AppLockScheduleBean.init(AppLockScheduleBean.java:25)
	at sun.reflect.NativeMethodAccessorImpl.invoke0(Native Method)
	at sun.reflect.NativeMethodAccessorImpl.invoke(Unknown Source)
	at sun.reflect.DelegatingMethodAccessorImpl.invoke(Unknown Source)
	at java.lang.reflect.Method.invoke(Unknown Source)
	at org.springframework.beans.factory.annotation.InitDestroyAnnotationBeanPostProcessor$LifecycleElement.invoke(InitDestroyAnnotationBeanPostProcessor.java:366)
	at org.springframework.beans.factory.annotation.InitDestroyAnnotationBeanPostProcessor$LifecycleMetadata.invokeInitMethods(InitDestroyAnnotationBeanPostProcessor.java:311)
	at org.springframework.beans.factory.annotation.InitDestroyAnnotationBeanPostProcessor.postProcessBeforeInitialization(InitDestroyAnnotationBeanPostProcessor.java:134)
	... 34 more
Caused by: java.sql.SQLException: The application requester cannot establish the connection. (DEVDB2.USCOLD.COM) DSRA0010E: SQL State = 08001, Error Code = -99,999
	at com.ibm.as400.access.JDError.createSQLExceptionSubClass(JDError.java:830)
	at com.ibm.as400.access.JDError.throwSQLException(JDError.java:559)
	at com.ibm.as400.access.AS400JDBCConnection.setProperties(AS400JDBCConnection.java:3391)
	at com.ibm.as400.access.AS400JDBCDataSource.getConnection(AS400JDBCDataSource.java:756)
	at com.ibm.as400.access.AS400JDBCDataSource.getConnection(AS400JDBCDataSource.java:614)
	at com.ibm.as400.access.AS400JDBCXADataSource.getXAConnection(AS400JDBCXADataSource.java:128)
	at com.ibm.ws.rsadapter.impl.DatabaseHelper$1.run(DatabaseHelper.java:950)
	at java.security.AccessController.doPrivileged(Native Method)
	at com.ibm.ws.rsadapter.impl.DatabaseHelper.getPooledConnection(DatabaseHelper.java:962)
	at com.ibm.ws.rsadapter.impl.WSManagedConnectionFactoryImpl.getConnection(WSManagedConnectionFactoryImpl.java:794)
	at com.ibm.ws.rsadapter.impl.WSManagedConnectionFactoryImpl.createManagedConnection(WSManagedConnectionFactoryImpl.java:650)
	at com.ibm.ejs.j2c.FreePool.createManagedConnectionWithMCWrapper(FreePool.java:1356)
	at com.ibm.ejs.j2c.FreePool.createOrWaitForConnection(FreePool.java:1230)
	at com.ibm.ejs.j2c.PoolManager.reserve(PoolManager.java:1440)
	at com.ibm.ejs.j2c.ConnectionManager.allocateMCWrapper(ConnectionManager.java:600)
	at com.ibm.ejs.j2c.ConnectionManager.allocateConnection(ConnectionManager.java:312)
	at com.ibm.ws.rsadapter.jdbc.WSJdbcDataSource.getConnection(WSJdbcDataSource.java:186)
	at com.ibm.ws.rsadapter.jdbc.WSJdbcDataSource.getConnection(WSJdbcDataSource.java:159)
	at org.hibernate.service.jdbc.connections.internal.DatasourceConnectionProviderImpl.getConnection(DatasourceConnectionProviderImpl.java:141)
	at org.hibernate.internal.AbstractSessionImpl$NonContextualJdbcConnectionAccess.obtainConnection(AbstractSessionImpl.java:292)
	at org.hibernate.engine.jdbc.internal.LogicalConnectionImpl.obtainConnection(LogicalConnectionImpl.java:214)
	... 85 more
Caused by: java.net.UnknownHostException: DEVDB2.USCOLD.COM
	at java.net.AbstractPlainSocketImpl.connect(Unknown Source)
	at java.net.PlainSocketImpl.connect(Unknown Source)
	at java.net.SocksSocketImpl.connect(Unknown Source)
	at java.net.Socket.connect(Unknown Source)
	at sun.reflect.NativeMethodAccessorImpl.invoke0(Native Method)
	at sun.reflect.NativeMethodAccessorImpl.invoke(Unknown Source)
	at sun.reflect.DelegatingMethodAccessorImpl.invoke(Unknown Source)
	at java.lang.reflect.Method.invoke(Unknown Source)
	at com.ibm.as400.access.PortMapper.getSocketConnection(PortMapper.java:266)
	at com.ibm.as400.access.PortMapper.getServerSocket(PortMapper.java:161)
	at com.ibm.as400.access.AS400ImplRemote.signonConnect(AS400ImplRemote.java:2588)
	at com.ibm.as400.access.AS400ImplRemote.signon(AS400ImplRemote.java:2503)
	at com.ibm.as400.access.AS400.sendSignonRequest(AS400.java:3351)
	at com.ibm.as400.access.AS400.promptSignon(AS400.java:2915)
	at com.ibm.as400.access.AS400.signon(AS400.java:4246)
	at com.ibm.as400.access.AS400.connectService(AS400.java:1336)
	at com.ibm.as400.access.AS400JDBCConnection.setProperties(AS400JDBCConnection.java:3383)
	... 103 more

Dump of callerThis
Object type = com.ibm.ws.webcontainer.osgi.servlet.ServletWrapper
  serialVersionUID = 1
  _mo = class com.ibm.ws.managedobject.internal.ManagedObjectImpl@41375fd2
    object = "<sensitive org.springframework.web.servlet.DispatcherServlet@b022101>"
    serialVersionUID = -5603642874755101089
    $$$tc$$$ = class com.ibm.websphere.ras.TraceComponent@6fa6e77f
      strings[0] = "TraceComponent[com.ibm.ws.managedobject.internal.ManagedObjectImpl,class com.ibm.ws.managedobject.internal.ManagedObjectImpl,[],null,null]"
  serialVersionUID = -4479626085298397598
  notifyInvocationListeners = false
  UNINITIALIZED_STATE = -1
  AVAILABLE_STATE = 0
  UNAVAILABLE_STATE = 1
  UNAVAILABLE_PERMANENTLY_STATE = 2
  collabHelper = class com.ibm.ws.webcontainer.osgi.collaborator.CollaboratorHelperImpl@70ed9ae9
    webAppInvCollabs = class java.util.Collections$UnmodifiableSet@73d7ff7d
      serialVersionUID = -9215047833775013803
      serialVersionUID = 1820017752578914078
      c = class java.util.concurrent.CopyOnWriteArraySet@156733b7
    securityDomainForApp = null
    logger = class com.ibm.ws.logging.internal.WsLogger@594bf075
      tc = class com.ibm.websphere.ras.TraceComponent@334cb2fd
      ivCachedResourceBundleName = null
      ivCachedResourceBundle = null
      ivComponent = null
      ivOrganization = null
      ivProduct = null
      ivMinimumLocalizationLevelIntValue = 625
      ivTC = class com.ibm.websphere.ras.TraceComponent@1acb75fa
      loggerRegistrationComponent = class java.lang.ThreadLocal@5767ea92
      emptyHandlers = class java.util.logging.Handler[0]
      offValue = 2147483647
      SYSTEM_LOGGER_RB_NAME = "sun.util.logging.resources.logging"
      SYSTEM_BUNDLE = class java.util.logging.Logger$LoggerBundle@34ccf94b
      NO_RESOURCE_BUNDLE = class java.util.logging.Logger$LoggerBundle@5d49b4ed
      manager = class com.ibm.ws.kernel.boot.logging.WsLogManager@4a5e24d4
      name = "com.ibm.ws.webcontainer.collaborator"
      handlers = class java.util.concurrent.CopyOnWriteArrayList@16789dd1
      loggerBundle = class java.util.logging.Logger$LoggerBundle@190be07d
      useParentHandlers = true
      filter = null
      anonymous = false
      catalog = class com.ibm.ws.webcontainer.resources.Messages@66dcd28b
      catalogName = "com.ibm.ws.webcontainer.resources.Messages"
      catalogLocale = class java.util.Locale@5a6d1bb3
      treeLock = class java.lang.Object@5342fa45
      parent = class com.ibm.ws.logging.internal.WsLogger@24db215f
      kids = null
      levelObject = class java.util.logging.Level@32bd9ed9
      levelValue = 800
      callersClassLoaderRef = class java.lang.ref.WeakReference@1dfe1d58
      isSystemLogger = false
      GLOBAL_LOGGER_NAME = "global"
      global = class java.util.logging.Logger@44ebe92e
      $assertionsDisabled = true
    staticDefaultSecurityCollaborator = class com.ibm.ws.webcontainer.collaborator.WebAppSecurityCollaborator@6ce01e43
    logger = class com.ibm.ws.logging.internal.WsLogger@6cbda7e8
      tc = class com.ibm.websphere.ras.TraceComponent@334cb2fd
      ivCachedResourceBundleName = null
      ivCachedResourceBundle = null
      ivComponent = null
      ivOrganization = null
      ivProduct = null
      ivMinimumLocalizationLevelIntValue = 625
      ivTC = class com.ibm.websphere.ras.TraceComponent@7b27e25f
      loggerRegistrationComponent = class java.lang.ThreadLocal@5767ea92
      emptyHandlers = class java.util.logging.Handler[0]
      offValue = 2147483647
      SYSTEM_LOGGER_RB_NAME = "sun.util.logging.resources.logging"
      SYSTEM_BUNDLE = class java.util.logging.Logger$LoggerBundle@34ccf94b
      NO_RESOURCE_BUNDLE = class java.util.logging.Logger$LoggerBundle@5d49b4ed
      manager = class com.ibm.ws.kernel.boot.logging.WsLogManager@4a5e24d4
      name = "com.ibm.wsspi.webcontainer.collaborator"
      handlers = class java.util.concurrent.CopyOnWriteArrayList@3485fad6
      loggerBundle = class java.util.logging.Logger$LoggerBundle@77e3ff96
      useParentHandlers = true
      filter = null
      anonymous = false
      catalog = class com.ibm.ws.webcontainer.resources.Messages@66dcd28b
      catalogName = "com.ibm.ws.webcontainer.resources.Messages"
      catalogLocale = class java.util.Locale@5a6d1bb3
      treeLock = class java.lang.Object@5342fa45
      parent = class java.util.logging.Logger@385f08
      kids = null
      levelObject = class java.util.logging.Level@32bd9ed9
      levelValue = 800
      callersClassLoaderRef = class java.lang.ref.WeakReference@19c59da3
      isSystemLogger = false
      GLOBAL_LOGGER_NAME = "global"
      global = class java.util.logging.Logger@44ebe92e
      $assertionsDisabled = true
    CLASS_NAME = "com.ibm.wsspi.webcontainer.collaborator.CollaboratorHelper"
    webApp = class com.ibm.ws.webcontainer.osgi.webapp.WebApp@788b3b5a
    securityCollaborator = class com.ibm.ws.webcontainer.collaborator.WebAppSecurityCollaborator@6ce01e43
    nameSpaceCollaborator = class com.ibm.ws.webcontainer.osgi.collaborator.WebAppNameSpaceCollaboratorImpl@3fdc5ed9
    transactionCollaborator = class com.ibm.ws.transaction.services.WebAppTransactionCollaboratorImpl@29cbf11d
    connectionCollaborator = class com.ibm.ws.webcontainer.collaborator.ConnectionCollaborator@1894f1c7
    allCollabEnum = class java.util.RegularEnumSet@205d8115
      serialVersionUID = 3411599620347842686
      elements = 511
      elementType = class java.lang.Class@4807f36a
      universe = class com.ibm.wsspi.webcontainer.collaborator.CollaboratorInvocationEnum[9]
      ZERO_LENGTH_ENUM_ARRAY = class java.lang.Enum[0]
      MAX_ARRAY_SIZE = 2147483639
    servlet_23_or_greater = true
    DEFER_SERVLET_REQUEST_LISTENER_DESTROY_ON_ERROR = false
  nServicing = class java.util.concurrent.atomic.AtomicInteger@6cf5cc8c
    serialVersionUID = 6214790243416807050
    unsafe = class sun.misc.Unsafe@67129899
      theUnsafe = class sun.misc.Unsafe@67129899
      INVALID_FIELD_OFFSET = -1
      ARRAY_BOOLEAN_BASE_OFFSET = 16
      ARRAY_BYTE_BASE_OFFSET = 16
      ARRAY_SHORT_BASE_OFFSET = 16
      ARRAY_CHAR_BASE_OFFSET = 16
      ARRAY_INT_BASE_OFFSET = 16
      ARRAY_LONG_BASE_OFFSET = 16
      ARRAY_FLOAT_BASE_OFFSET = 16
      ARRAY_DOUBLE_BASE_OFFSET = 16
      ARRAY_OBJECT_BASE_OFFSET = 16
      ARRAY_BOOLEAN_INDEX_SCALE = 1
      ARRAY_BYTE_INDEX_SCALE = 1
      ARRAY_SHORT_INDEX_SCALE = 2
      ARRAY_CHAR_INDEX_SCALE = 2
      ARRAY_INT_INDEX_SCALE = 4
      ARRAY_LONG_INDEX_SCALE = 8
      ARRAY_FLOAT_INDEX_SCALE = 4
      ARRAY_DOUBLE_INDEX_SCALE = 8
      ARRAY_OBJECT_INDEX_SCALE = 4
      ADDRESS_SIZE = 8
    valueOffset = 12
    value = 0
    serialVersionUID = -8742448824652078965
  lastAccessTime = 1504809420853
  state = -1
  logger = class com.ibm.ws.logging.internal.WsLogger@7ca12374
    tc = class com.ibm.websphere.ras.TraceComponent@334cb2fd
      strings[0] = "TraceComponent[com.ibm.ws.logging.internal.WsLogger,class com.ibm.ws.logging.internal.WsLogger,[logging],com.ibm.ws.logging.internal.resources.LoggingMessages,null]"
    ivCachedResourceBundleName = null
    ivCachedResourceBundle = null
    ivComponent = null
    ivOrganization = null
    ivProduct = null
    ivMinimumLocalizationLevelIntValue = 625
    ivTC = class com.ibm.websphere.ras.TraceComponent@42b29fbf
      strings[0] = "TraceComponent[com.ibm.ws.webcontainer.servlet,class com.ibm.wsspi.webcontainer.logging.LoggerFactory$1,[com.ibm.ws.webcontainer.servlet],null,null]"
    loggerRegistrationComponent = class java.lang.ThreadLocal@5767ea92
      threadLocalHashCode = 1675452296
      nextHashCode = class java.util.concurrent.atomic.AtomicInteger@17736649
      HASH_INCREMENT = 1640531527
    emptyHandlers = class java.util.logging.Handler[0]
    offValue = 2147483647
    SYSTEM_LOGGER_RB_NAME = "sun.util.logging.resources.logging"
    SYSTEM_BUNDLE = class java.util.logging.Logger$LoggerBundle@34ccf94b
      resourceBundleName = "sun.util.logging.resources.logging"
      userBundle = null
    NO_RESOURCE_BUNDLE = class java.util.logging.Logger$LoggerBundle@5d49b4ed
      resourceBundleName = null
      userBundle = null
    manager = class com.ibm.ws.kernel.boot.logging.WsLogManager@4a5e24d4
      CLASS_NAME = "com.ibm.ws.kernel.boot.logging.WsLogManager"
      CONFIGURE_BY_SERVER_PROPERTY_NAME = "java.util.logging.configureByServer"
      CONFIGURE_BY_LOGGING_PROPERTIES_FILE = "java.util.logging.configureByLoggingPropertiesFile"
      configureByServer = true
      configureByLoggingProperties = false
      wsLogger = class java.lang.reflect.Constructor@6f54b616
      resetEnabled = true
      manager = class com.ibm.ws.kernel.boot.logging.WsLogManager@4a5e24d4
      props = class java.util.Properties@6413cd19
      defaultLevel = class java.util.logging.Level@32bd9ed9
      listenerMap = class java.util.HashMap@269ce410
      systemContext = class java.util.logging.LogManager$SystemLoggerContext@42298fc
      userContext = class java.util.logging.LogManager$LoggerContext@4e8c7a68
      rootLogger = class java.util.logging.LogManager$RootLogger@348d0da5
      readPrimordialConfiguration = true
      initializedGlobalHandlers = true
      deathImminent = false
      initializedCalled = true
      initializationDone = true
      contextsMap = null
      loggerRefQueue = class java.lang.ref.ReferenceQueue@75f0d340
      MAX_ITERATIONS = 400
      controlPermission = class java.util.logging.LoggingPermission@6505507a
      loggingMXBean = null
      LOGGING_MXBEAN_NAME = "java.util.logging:type=Logging"
      $assertionsDisabled = true
    name = "com.ibm.ws.webcontainer.servlet"
    handlers = class java.util.concurrent.CopyOnWriteArrayList@22857477
      serialVersionUID = 8673264195747942595
      lock = class java.util.concurrent.locks.ReentrantLock@75dfcab5
      array = class java.lang.Object[0]
      UNSAFE = class sun.misc.Unsafe@67129899
      lockOffset = 12
    loggerBundle = class java.util.logging.Logger$LoggerBundle@71d0d7cd
      resourceBundleName = "com.ibm.ws.webcontainer.resources.Messages"
      userBundle = null
    useParentHandlers = true
    filter = null
    anonymous = false
    catalog = class com.ibm.ws.webcontainer.resources.Messages@612eebc6
      resources = class [Ljava.lang.Object;[332]
      lookup = class java.util.HashMap@21b622fc
      INITIAL_CACHE_SIZE = 32
      NONEXISTENT_BUNDLE = class java.util.ResourceBundle$1@74c5e98a
      cacheList = class java.util.concurrent.ConcurrentHashMap@7f4580db
      referenceQueue = class java.lang.ref.ReferenceQueue@3392058
      parent = null
      locale = class java.util.Locale@3582ff5d
      name = "com.ibm.ws.webcontainer.resources.Messages"
      expired = false
      cacheKey = class java.util.ResourceBundle$CacheKey@59608dab
      keySet = null
      providers = null
      $assertionsDisabled = true
    catalogName = "com.ibm.ws.webcontainer.resources.Messages"
    catalogLocale = class java.util.Locale@5a6d1bb3
      LOCALECACHE = class java.util.Locale$Cache@3dc0cf87
      ENGLISH = class java.util.Locale@77311387
      FRENCH = class java.util.Locale@55eb622b
      GERMAN = class java.util.Locale@3d1d5f61
      ITALIAN = class java.util.Locale@69a03b2
      JAPANESE = class java.util.Locale@794895cd
      KOREAN = class java.util.Locale@77bc4af5
      CHINESE = class java.util.Locale@200de534
      SIMPLIFIED_CHINESE = class java.util.Locale@76dce514
      TRADITIONAL_CHINESE = class java.util.Locale@4b87e0ff
      FRANCE = class java.util.Locale@5e79e098
      GERMANY = class java.util.Locale@11928a26
      ITALY = class java.util.Locale@772945
      JAPAN = class java.util.Locale@7483a1ac
      KOREA = class java.util.Locale@656fe284
      CHINA = class java.util.Locale@76dce514
      PRC = class java.util.Locale@76dce514
      TAIWAN = class java.util.Locale@4b87e0ff
      UK = class java.util.Locale@60a997b5
      US = class java.util.Locale@5a6d1bb3
      CANADA = class java.util.Locale@59ada7e4
      CANADA_FRENCH = class java.util.Locale@30cae3bc
      ROOT = class java.util.Locale@3582ff5d
      PRIVATE_USE_EXTENSION = x
      UNICODE_LOCALE_EXTENSION = u
      serialVersionUID = 9149081749638150636
      DISPLAY_LANGUAGE = 0
      DISPLAY_COUNTRY = 1
      DISPLAY_VARIANT = 2
      DISPLAY_SCRIPT = 3
      baseLocale = class sun.util.locale.BaseLocale@693723c
      localeExtensions = null
      hashCodeValue = 96636889
      defaultLocale = class java.util.Locale@5a6d1bb3
      defaultDisplayLocale = null
      defaultFormatLocale = class java.util.Locale@5a6d1bb3
      languageTag = "en-US"
      serialPersistentFields = class java.io.ObjectStreamField[6]
      isoLanguages = null
      isoCountries = null
      $assertionsDisabled = true
    treeLock = class java.lang.Object@5342fa45
    parent = class com.ibm.ws.logging.internal.WsLogger@24db215f
      tc = class com.ibm.websphere.ras.TraceComponent@334cb2fd
      ivCachedResourceBundleName = "com.ibm.ws.webcontainer.resources.Messages"
      ivCachedResourceBundle = class com.ibm.ws.webcontainer.resources.Messages@612eebc6
      ivComponent = null
      ivOrganization = null
      ivProduct = null
      ivMinimumLocalizationLevelIntValue = 625
      ivTC = class com.ibm.websphere.ras.TraceComponent@73cd2ee2
      loggerRegistrationComponent = class java.lang.ThreadLocal@5767ea92
      emptyHandlers = class java.util.logging.Handler[0]
      offValue = 2147483647
      SYSTEM_LOGGER_RB_NAME = "sun.util.logging.resources.logging"
      SYSTEM_BUNDLE = class java.util.logging.Logger$LoggerBundle@34ccf94b
      NO_RESOURCE_BUNDLE = class java.util.logging.Logger$LoggerBundle@5d49b4ed
      manager = class com.ibm.ws.kernel.boot.logging.WsLogManager@4a5e24d4
      name = "com.ibm.ws.webcontainer"
      handlers = class java.util.concurrent.CopyOnWriteArrayList@8028604
      loggerBundle = class java.util.logging.Logger$LoggerBundle@59da52cf
      useParentHandlers = true
      filter = null
      anonymous = false
      catalog = class com.ibm.ws.webcontainer.resources.Messages@612eebc6
      catalogName = "com.ibm.ws.webcontainer.resources.Messages"
      catalogLocale = class java.util.Locale@5a6d1bb3
      treeLock = class java.lang.Object@5342fa45
      parent = class java.util.logging.Logger@385f08
      kids = class java.util.ArrayList@154ae0f3
      levelObject = class java.util.logging.Level@32bd9ed9
      levelValue = 800
      callersClassLoaderRef = class java.lang.ref.WeakReference@737a3cdb
      isSystemLogger = false
      GLOBAL_LOGGER_NAME = "global"
      global = class java.util.logging.Logger@44ebe92e
      $assertionsDisabled = true
    kids = null
    levelObject = class java.util.logging.Level@32bd9ed9
      defaultBundle = "sun.util.logging.resources.logging"
      name = "INFO"
      value = 800
      resourceBundleName = "sun.util.logging.resources.logging"
      localizedLevelName = "INFO"
      cachedLocale = class java.util.Locale@5a6d1bb3
      OFF = class java.util.logging.Level@6afad78f
      SEVERE = class java.util.logging.Level@287805c7
      WARNING = class java.util.logging.Level@1d65adee
      INFO = class java.util.logging.Level@32bd9ed9
      CONFIG = class java.util.logging.Level@73bea4fa
      FINE = class java.util.logging.Level@4f4443ad
      FINER = class java.util.logging.Level@27fa31bf
      FINEST = class java.util.logging.Level@17c0e273
      ALL = class java.util.logging.Level@11df0d05
      serialVersionUID = -8176160795706313070
    levelValue = 800
    callersClassLoaderRef = class java.lang.ref.WeakReference@3fbbbe
      referent = class org.eclipse.osgi.internal.loader.EquinoxClassLoader@34d15b9f
      queue = class java.lang.ref.ReferenceQueue$Null@73f7e572
      next = null
      discovered = null
      lock = class java.lang.ref.Reference$Lock@54d65019
      pending = null
    isSystemLogger = false
    GLOBAL_LOGGER_NAME = "global"
    global = class java.util.logging.Logger@44ebe92e
      emptyHandlers = class java.util.logging.Handler[0]
      offValue = 2147483647
      SYSTEM_LOGGER_RB_NAME = "sun.util.logging.resources.logging"
      SYSTEM_BUNDLE = class java.util.logging.Logger$LoggerBundle@34ccf94b
      NO_RESOURCE_BUNDLE = class java.util.logging.Logger$LoggerBundle@5d49b4ed
      manager = class com.ibm.ws.kernel.boot.logging.WsLogManager@4a5e24d4
      name = "global"
      handlers = class java.util.concurrent.CopyOnWriteArrayList@1efbead
      loggerBundle = class java.util.logging.Logger$LoggerBundle@5d49b4ed
      useParentHandlers = true
      filter = null
      anonymous = false
      catalog = null
      catalogName = null
      catalogLocale = null
      treeLock = class java.lang.Object@5342fa45
      parent = class java.util.logging.LogManager$RootLogger@348d0da5
      kids = null
      levelObject = null
      levelValue = 800
      callersClassLoaderRef = null
      isSystemLogger = true
      GLOBAL_LOGGER_NAME = "global"
      global = class java.util.logging.Logger@44ebe92e
      $assertionsDisabled = true
    $assertionsDisabled = true
  CLASS_NAME = "com.ibm.ws.webcontainer.servlet.ServletWrapper"
  nls = class com.ibm.ejs.ras.TraceNLS@6007c4db
    resolver = class com.ibm.ws.logging.internal.TraceNLSResolver@4ef82890
      tc = class com.ibm.websphere.ras.TraceComponent@587d1d39
      DEBUG_TRACE_NLS_PROPERTY = "com.ibm.ejs.ras.debugTraceNLSResolver"
      debugTraceNLSResolver = false
      makeNoise = false
      nullKey = "null"
      svNullBundleName = "Resource Bundle name is null, key = {0}"
      svBundleNotLoaded = "Unable to load ResourceBundle {0}"
      svNullKeyMessage = "Null key passed while using ResourceBundle {0}"
      svMalformedMessage = "No message text associated with key {0} in bundle {1}"
    finder = class com.ibm.ws.logging.internal.StackFinder@49ce0053
      inCheck = false
      initialized = true
      rootGroup = class java.lang.ThreadGroup@11d96ccf
      packageAccessValid = false
      packageAccess = null
      packageAccessLock = class java.lang.Object@5e7c6303
      packageDefinitionValid = false
      packageDefinition = null
      packageDefinitionLock = class java.lang.Object@b85b7c5
    ivBundleName = "com.ibm.ws.webcontainer.resources.Messages"
    caller = class java.lang.Class@66f117f
      ANNOTATION = 8192
      ENUM = 16384
      SYNTHETIC = 4096
      cachedConstructor = null
      newInstanceCallerCache = null
      name = "com.ibm.ws.webcontainer.servlet.ServletWrapper"
      allPermDomain = class java.security.ProtectionDomain@137a51e6
      useCaches = true
      reflectionData = class java.lang.ref.SoftReference@eee8672
      classRedefinedCount = 1
      genericInfo = null
      serialVersionUID = 3206093459760846163
      serialPersistentFields = class java.io.ObjectStreamField[0]
      reflectionFactory = class sun.reflect.ReflectionFactory@51c845ed
      initted = true
      enumConstants = null
      enumConstantDirectory = null
      annotationData = class java.lang.Class$AnnotationData@12621ef7
      annotationType = null
      classValueMap = null
  servletConfig = class com.ibm.ws.webcontainer.servlet.ServletConfig@2254e5fb
    logger = class com.ibm.ws.logging.internal.WsLogger@7ca12374
    CLASS_NAME = "com.ibm.ws.webcontainer.servlet.ServletConfig"
    nls = class com.ibm.ejs.ras.TraceNLS@2388b285
      resolver = class com.ibm.ws.logging.internal.TraceNLSResolver@4ef82890
      finder = class com.ibm.ws.logging.internal.StackFinder@49ce0053
      ivBundleName = "com.ibm.ws.webcontainer.resources.Messages"
      caller = class java.lang.Class@6d0e1efb
    liberty_nls = class com.ibm.ejs.ras.TraceNLS@1ca51077
      resolver = class com.ibm.ws.logging.internal.TraceNLSResolver@4ef82890
      finder = class com.ibm.ws.logging.internal.StackFinder@49ce0053
      ivBundleName = "com.ibm.ws.webcontainer.resources.LShimMessages"
      caller = class java.lang.Class@6d0e1efb
    enabled = true
    servletName = "ewms"
    className = "org.springframework.web.servlet.DispatcherServlet"
    mappings = class java.util.ArrayList@382dac07
      serialVersionUID = 8683452581122892189
      DEFAULT_CAPACITY = 10
      EMPTY_ELEMENTDATA = class java.lang.Object[0]
      DEFAULTCAPACITY_EMPTY_ELEMENTDATA = class java.lang.Object[0]
      elementData = class java.lang.Object[10]
      size = 1
      MAX_ARRAY_SIZE = 2147483639
      modCount = 1
      MAX_ARRAY_SIZE = 2147483639
    startUpWeight = 1
    DEFAULT_STARTUP = -1
    isCachingEnabled = true
    isStatisticsEnabled = true
    isInternal = false
    metaData = class com.ibm.ws.webcontainer.osgi.metadata.WebComponentMetaDataImpl@2d63e9d3
      j2eeName = class com.ibm.ws.container.service.metadata.internal.J2EENameImpl@4124530a
      webModuleMetaData = class com.ibm.ws.webcontainer.osgi.metadata.WebModuleMetaDataImpl@53e8c1b0
      mBeanServiceReg = null
      tc = class com.ibm.websphere.ras.TraceComponent@46364248
      NUM_STATIC_SLOTS = 4
      ID_UNINITIALIZED = -1
      id = 2
      metaDataInterface = class java.lang.Class@6b8c9f1b
      staticSlots = class java.lang.Object[4]
      dynamicSlots = null
    singleThreadModelServlet = false
    isJsp = false
    webAppConfig = class com.ibm.ws.webcontainer.osgi.webapp.WebAppConfiguration@4b997a60
      webModuleMetaData = class com.ibm.ws.webcontainer.osgi.metadata.WebModuleMetaDataImpl@53e8c1b0
      webComponentMetaData = class com.ibm.ws.webcontainer.osgi.metadata.WebComponentMetaDataImpl@3bb45023
      dVirtualHost = class com.ibm.ws.webcontainer.osgi.DynamicVirtualHost@6ec0da46
      orderedLibPaths = class java.util.Collections$UnmodifiableRandomAccessList@1eecb3db
      bundleHeaders = null
      cdiEnabled = false
      CLASS_NAME = "com.ibm.ws.webcontainer.webapp.WebAppConfiguration"
      logger = class com.ibm.ws.logging.internal.WsLogger@7efc41dc
      tc = class com.ibm.websphere.ras.TraceComponent@700fa900
      nls = class com.ibm.ejs.ras.TraceNLS@3cab3e57
      version = 30
      contextRoot = "/web"
      sessionTimeout = 120
      moduleSessionTimeoutSet = true
      moduleSessionTrackingModeSet = false
      sessionCookieConfig = class com.ibm.ws.session.SessionCookieConfigImpl@442ae661
      hasProgrammaticCookieConfig = false
      sessionDefaultTrackingModeSet = class java.util.RegularEnumSet@2cdbf382
      sessionManagerConfig = class com.ibm.ws.session.SessionManagerConfig@1f20450e
      displayName = "USCS.eWMS"
      description = null
      reloadInterval = 0
      distributable = true
      denyUncoveredHttpMethods = false
      reloadingEnabled = false
      serveServletsByClassnameEnabled = null
      defaultErrorPage = null
      additionalClassPath = null
      fileServingEnabled = null
      directoryBrowsingEnabled = null
      autoRequestEncoding = false
      autoResponseEncoding = false
      autoLoadFilters = false
      requestListeners = null
      requestAttributeListeners = null
      sessionListeners = null
      localeMap = null
      moduleName = "web"
      j2eeModuleName = "web.war"
      moduleId = null
      isSyncToThreadEnabled = false
      encodeDispatchedRequestURI = false
      isSystemApp = false
      ardEnabled = false
      ardDispatchType = null
      listeners = class java.util.ArrayList@35779b72
      welcomeFileList = class java.util.ArrayList@50cb420d
      servletMappings = class java.util.HashMap@43c1af9b
      lastIndexBeforeDeclaredFilters = 0
      filterMappings = class java.util.ArrayList@30f51382
      servletInfo = class java.util.HashMap@39d0a2e5
      filterInfo = class java.util.HashMap@338154f8
      mimeMappings = class java.util.HashMap@7df28864
      mimeFilters = null
      isMimeFilteringEnabled = false
      theWebGroup = null
      jspAttributes = class java.util.HashMap@6583ed5b
      fileServingAttributes = class java.util.HashMap@59f8ac84
      invokerAttributes = class java.util.HashMap@606705d7
      contextParams = class java.util.HashMap@93f1017
      virtualHost = "default_host"
      exceptionErrorPages = class java.util.HashMap@73acdd5e
      codeErrorPages = class java.util.HashMap@6f2cd323
      tagLibList = null
      precompileJsps = false
      webApp = class com.ibm.ws.webcontainer.osgi.webapp.WebApp@788b3b5a
      virtualHostList = class java.util.Collections$EmptyList@6c6e6260
      appStartupWeight = 0
      moduleStartupWeight = 0
      metaDataComplete = false
      classesToScan = class java.util.ArrayList@373d3aac
      uriFilterMappingInfos = null
      servletFilterMappingInfos = null
      dynamicServletRegistrationMap = null
      applicationName = "web"
      libBinPathList = null
      webXmlDefinedListeners = class java.util.HashSet@46f33bf4
      allRefs = class java.util.EnumMap@53204859
      allRefBindings = class java.util.EnumMap@5a1c3cd5
      envEntryValues = class java.util.HashMap@4aa9560
      resourceRefConfigList = null
      disallowAllFileServingProp = null
      disallowServeServletsByClassnameProp = null
      disableStaticMappingCache = false
      jspCachedLocations = class java.util.HashMap@5bd9329a
      primedSTSHeader = "NoValue"
      enablemultireadofpostdata = false
      _id = "WebAppGeneratedId1"
      _attributes = null
      serialVersionUID = 7511545662945734886
      $$$tc$$$ = class com.ibm.websphere.ras.TraceComponent@2b9e1b4f
    servletWrapper = class com.ibm.ws.webcontainer.osgi.servlet.ServletWrapper@17e16cb4
    servletClass = null
    servlet = null
    addedToLoadOnStartup = true
    previousWeight = null
    multipartConfig = null
    multipartConfigBaseLocation = null
    runAsRole = null
    servletSecurityElement = null
    declareRolesAnnotation = null
    logger = class com.ibm.ws.logging.internal.WsLogger@7ca12374
    CLASS_NAME = "com.ibm.ws.webcontainer.servlet.TargetConfig"
    initParams = class java.util.HashMap@7f8bfdcc
      serialVersionUID = 362498820763181265
      DEFAULT_INITIAL_CAPACITY = 16
      MAXIMUM_CAPACITY = 1073741824
      DEFAULT_LOAD_FACTOR = 0.75
      TREEIFY_THRESHOLD = 8
      UNTREEIFY_THRESHOLD = 6
      MIN_TREEIFY_CAPACITY = 64
      table = class java.util.HashMap$Node[16]
      entrySet = null
      size = 1
      modCount = 1
      threshold = 12
      loadFactor = 0.75
      keySet = class java.util.HashMap$KeySet@391aaa39
      values = null
    fileName = null
    displayName = null
    name = "ewms"
    description = null
    smallIcon = null
    largeIcon = null
    context = class com.ibm.wsspi.webcontainer.facade.ServletContextFacade@2a932bae
      context = class com.ibm.ws.webcontainer.osgi.webapp.WebApp@788b3b5a
    className = null
    asyncSupported = false
    _id = "ServletGeneratedId1"
    _attributes = null
    serialVersionUID = 7511545662945734886
    $$$tc$$$ = class com.ibm.websphere.ras.TraceComponent@2b9e1b4f
      strings[0] = "TraceComponent[com.ibm.ws.container.BaseConfiguration,class com.ibm.ws.container.BaseConfiguration,[],null,null]"
  context = class com.ibm.ws.webcontainer.osgi.webapp.WebApp@788b3b5a
    tc = class com.ibm.websphere.ras.TraceComponent@1b90ef7a
      strings[0] = "TraceComponent[com.ibm.ws.webcontainer.osgi.webapp.WebApp,class com.ibm.ws.webcontainer.osgi.webapp.WebApp,[webcontainer],com.ibm.ws.webcontainer.resources.LShimMessages,null]"
    CLASS_NAME = "com.ibm.ws.webcontainer.osgi.webapp.WebApp"
    metaDataService = class com.ibm.ws.container.service.metadata.internal.MetaDataServiceImpl@6a0b055
      applicationMetaDataManager = class com.ibm.ws.container.service.metadata.internal.ApplicationMetaDataManager@354ff7a6
      moduleMetaDataManager = class com.ibm.ws.container.service.metadata.internal.ModuleMetaDataManager@7ea5bb87
      componentMetaDataManager = class com.ibm.ws.container.service.metadata.internal.ComponentMetaDataManager@2e4452de
      methodMetaDataManager = class com.ibm.ws.container.service.metadata.internal.MethodMetaDataManager@25c5afc1
      appModuleNameToModuleContainer = class java.util.concurrent.ConcurrentHashMap@6f7d8e18
      jeeNameToComponentMetaData = class java.util.concurrent.ConcurrentHashMap@3cd769f3
      deferredMetaDataFactories = class com.ibm.wsspi.kernel.service.utils.ConcurrentServiceReferenceSet@30891e15
      deferredMetaDataInitializers = class com.ibm.wsspi.kernel.service.utils.ConcurrentServiceReferenceMap@38ba1462
      serialVersionUID = -2494605732980966097
      $$$tc$$$ = class com.ibm.websphere.ras.TraceComponent@48466946
    namespacePopulated = false
    referenceContext = class com.ibm.ws.injectionengine.osgi.internal.OSGiReferenceContextImpl@6785e3b5
      scopeData = class com.ibm.ws.injectionengine.osgi.internal.OSGiInjectionScopeData@2b41ba07
      serialVersionUID = 521511923892134915
      $$$tc$$$ = class com.ibm.websphere.ras.TraceComponent@37702ad2
      CLASS_NAME = "com.ibm.ws.injectionengine.ReferenceContextImpl"
      tc = class com.ibm.websphere.ras.TraceComponent@797c1e1b
      ivInjectionEngine = class com.ibm.ws.injectionengine.osgi.internal.OSGiInjectionEngineImpl@4273eb28
      ivProviders = class java.util.ArrayList@77a514c3
      ivComponentJavaContext = null
      ivComponentNameSpace = null
      ivJavaColonCompEnvMap = class java.util.LinkedHashMap@58f286e9
      ivEjbContext10 = class java.util.Properties@38633326
      ivResourceRefConfigList = null
      isAlreadyProcessed = true
      ivProcessFailure = null
      ivInjectionTargetMap = class java.util.concurrent.ConcurrentHashMap@6514b5a9
      svInjTarMapCacheSize = 256
      ivDeclaredInjectionTargets = class java.util.HashMap@3ac8b6c4
      ivProcessedInjectionClasses = class java.util.HashSet@76c1aaba
      ivProcessedInjectionBindings = class java.util.ArrayList@571a5d47
      ivAnyProcessDynamic = false
      ivCheckAppConfig = false
    j2eeNameFactory = class com.ibm.ws.container.service.metadata.internal.J2EENameFactoryImpl@18c65145
      serialVersionUID = 3486344295038028821
      $$$tc$$$ = class com.ibm.websphere.ras.TraceComponent@5d945880
    moduleLoader = class com.ibm.ws.classloading.internal.ParentLastClassLoader@427e7c62
      PARENT_LAST_SEARCH_ORDER = class java.util.Collections$UnmodifiableRandomAccessList@2118108e
      serialVersionUID = -3850996510660656235
      $$$tc$$$ = class com.ibm.websphere.ras.TraceComponent@5659fe23
      tc = class com.ibm.websphere.ras.TraceComponent@9c05a7d
      PARENT_FIRST_SEARCH_ORDER = class java.util.Collections$UnmodifiableRandomAccessList@2567c5d6
      CLASS_LOADING_TRACE_PREFIX = "com.ibm.ws.class.load."
      DEFAULT_PACKAGE = "default.package"
      perPackageClassLoadingTraceComponents = class java.util.concurrent.ConcurrentHashMap@6b280570
      config = class com.ibm.ws.classloading.internal.ClassLoaderConfigurationImpl@752110e5
      privateLibraries = null
      delegateLoaders = class com.ibm.ws.classloading.internal.util.CompositeIterable@2fc96ba8
      nativeLibraryFiles = class java.util.ArrayList@4e3482bf
      transformers = class java.util.ArrayList@651c1d8c
      apiAccess = class com.ibm.ws.classloading.internal.GatewayClassLoader@5824e615
      generator = class com.ibm.ws.classloading.internal.ClassGeneratorManager@3677fb62
      protectionDomains = class java.util.concurrent.ConcurrentHashMap@18c79ff2
      parent = class com.ibm.ws.classloading.internal.GatewayClassLoader@5824e615
      serialVersionUID = -2240525179349384666
      tc = class com.ibm.websphere.ras.TraceComponent@431f0dad
      EMPTY_URL_ARRAY = class java.net.URL[0]
      smartClassPath = class com.ibm.ws.classloading.internal.ContainerClassLoader$SmartClassPathImpl@7cb73369
      nativeLibraryContainers = class java.util.ArrayList@16fc673a
      redefiner = class com.ibm.ws.classloading.internal.util.ClassRedefiner@3272af01
      mapCreationQueue = class java.util.concurrent.Executors$FinalizableDelegatedExecutorService@505101fa
      serialVersionUID = 7249739282446266343
      serialVersionUID = -7411549862368381758
      $$$tc$$$ = class com.ibm.websphere.ras.TraceComponent@7c36ff7f
      serialVersionUID = -4868702105808481416
      $$$tc$$$ = class com.ibm.websphere.ras.TraceComponent@39ed386c
      serialVersionUID = 2596921220292114344
      $$$tc$$$ = class com.ibm.websphere.ras.TraceComponent@18e04515
      initialized = true
      pdcache = class java.util.HashMap@1309e814
      debug = null
      parent = class com.ibm.ws.classloading.internal.GatewayClassLoader@5824e615
      parallelLockMap = null
      package2certs = class java.util.Hashtable@3795dd88
      nocerts = class java.security.cert.Certificate[0]
      classes = class java.util.Vector@727c9c68
      defaultDomain = class java.security.ProtectionDomain@74ce0aa
      domains = class java.util.HashSet@5b59f11f
      packages = class java.util.HashMap@42390e61
      scl = class sun.misc.Launcher$AppClassLoader@18b4aac2
      sclSet = true
      loadedLibraryNames = class java.util.Vector@4260a028
      systemNativeLibraries = class java.util.Vector@285bb83e
      nativeLibraries = class java.util.Vector@54305592
      nativeLibraryContext = class java.util.Stack@4b432a81
      usr_paths = class java.lang.String[38]
      sys_paths = class java.lang.String[1]
      assertionLock = class com.ibm.ws.classloading.internal.ParentLastClassLoader@427e7c62
      defaultAssertionStatus = false
      packageAssertionStatus = null
      classAssertionStatus = null
    webAppConfig = class com.ibm.ws.webcontainer.osgi.webapp.WebAppConfiguration@4b997a60
    extensionProcessingDisabled = false
    managedObjectService = class com.ibm.ws.managedobject.internal.ManagedObjectServiceImpl@3883aa0c
      serialVersionUID = 2287241231190391755
      $$$tc$$$ = class com.ibm.websphere.ras.TraceComponent@4640a820
    GenPluginCfgMB = null
    internalServletMetaData = interface com.ibm.wsspi.webcontainer.metadata.WebComponentMetaData[2]
      internalServletMetaData[0] = null
      internalServletMetaData[1] = null
    loginProcessor = null
    logoutProcessor = null
    collabHelper = class com.ibm.ws.webcontainer.osgi.collaborator.CollaboratorHelperImpl@70ed9ae9
    envObject = class com.ibm.ws.util.WSThreadLocal@2cd00e02
      tc = class com.ibm.ejs.ras.TraceComponent@5fc48e0
      count = 5
      index = 1
      SUSPECTED_MISUSAGE_THRESHOLD = 200
      threadLocalHashCode = -164413735
      nextHashCode = class java.util.concurrent.atomic.AtomicInteger@17736649
      HASH_INCREMENT = 1640531527
    orderedLibPaths = class java.util.Collections$UnmodifiableRandomAccessList@1eecb3db
      serialVersionUID = -2542308836966382001
      serialVersionUID = -283967356065247728
      list = class java.util.ArrayList@176313f0
      serialVersionUID = 1820017752578914078
      c = class java.util.ArrayList@176313f0
    perm = class com.ibm.websphere.security.WebSphereRuntimePermission@3927a006
      serialVersionUID = -3306242789188168337
      $$$tc$$$ = class com.ibm.websphere.ras.TraceComponent@7eb9f15c
      serialVersionUID = 6279438298436773498
      wildcard = false
      path = "accessServletContext"
      exitVM = false
      serialVersionUID = -5636570222231596674
      name = "accessServletContext"
    WELCOME_FILE_LIST = "com.ibm.ws.webcontainer.config.WelcomeFileList"
    DIR_BROWSING_MAPPING = "__dirBrowsing__1504809415583"
    FILTER_PROXY_MAPPING = "/__filterProxy__1504809415583"
    logger = class com.ibm.ws.logging.internal.WsLogger@7efc41dc
      tc = class com.ibm.websphere.ras.TraceComponent@334cb2fd
      ivCachedResourceBundleName = "com.ibm.ws.webcontainer.resources.Messages"
      ivCachedResourceBundle = class com.ibm.ws.webcontainer.resources.Messages@612eebc6
      ivComponent = null
      ivOrganization = null
      ivProduct = null
      ivMinimumLocalizationLevelIntValue = 625
      ivTC = class com.ibm.websphere.ras.TraceComponent@a197a6d
      loggerRegistrationComponent = class java.lang.ThreadLocal@5767ea92
      emptyHandlers = class java.util.logging.Handler[0]
      offValue = 2147483647
      SYSTEM_LOGGER_RB_NAME = "sun.util.logging.resources.logging"
      SYSTEM_BUNDLE = class java.util.logging.Logger$LoggerBundle@34ccf94b
      NO_RESOURCE_BUNDLE = class java.util.logging.Logger$LoggerBundle@5d49b4ed
      manager = class com.ibm.ws.kernel.boot.logging.WsLogManager@4a5e24d4
      name = "com.ibm.ws.webcontainer.webapp"
      handlers = class java.util.concurrent.CopyOnWriteArrayList@2a1c30e7
      loggerBundle = class java.util.logging.Logger$LoggerBundle@7c567cf3
      useParentHandlers = true
      filter = null
      anonymous = false
      catalog = class com.ibm.ws.webcontainer.resources.Messages@612eebc6
      catalogName = "com.ibm.ws.webcontainer.resources.Messages"
      catalogLocale = class java.util.Locale@5a6d1bb3
      treeLock = class java.lang.Object@5342fa45
      parent = class com.ibm.ws.logging.internal.WsLogger@24db215f
      kids = null
      levelObject = class java.util.logging.Level@32bd9ed9
      levelValue = 800
      callersClassLoaderRef = class java.lang.ref.WeakReference@5860ca1
      isSystemLogger = false
      GLOBAL_LOGGER_NAME = "global"
      global = class java.util.logging.Logger@44ebe92e
      $assertionsDisabled = true
    CLASS_NAME = "com.ibm.ws.webcontainer.webapp.WebApp"
    loader = class com.ibm.ws.classloading.internal.ThreadContextClassLoader@7df8a741
    facade = class com.ibm.wsspi.webcontainer.facade.ServletContextFacade@2a932bae
    features = class java.util.ArrayList@5270f01f
      serialVersionUID = 8683452581122892189
      DEFAULT_CAPACITY = 10
      EMPTY_ELEMENTDATA = class java.lang.Object[0]
      DEFAULTCAPACITY_EMPTY_ELEMENTDATA = class java.lang.Object[0]
      elementData = class java.lang.Object[0]
      size = 0
      MAX_ARRAY_SIZE = 2147483639
      modCount = 0
      MAX_ARRAY_SIZE = 2147483639
    applicationName = "web"
    config = class com.ibm.ws.webcontainer.osgi.webapp.WebAppConfiguration@4b997a60
    securityEnabledForApp = null
    webExtensionProcessor = class com.ibm.ws.webcontainer.osgi.extension.WebExtensionProcessor@2979e3e1
      webApp = class com.ibm.ws.webcontainer.osgi.webapp.WebApp@788b3b5a
      extensionContext = class com.ibm.ws.webcontainer.osgi.webapp.WebApp@788b3b5a
    production = true
    isServlet23 = true
    contextPath = "/web"
    internalServletList = class [Ljava.lang.String;[2]
      internalServletList[0] = class java.lang.String[2]
      internalServletList[1] = class java.lang.String[2]
    BY_NAME_ONLY = "/_1504809415583_/"
    filterManager = null
    documentRoot = null
    SERVLET_API_VERSION = "Servlet 2.5"
    disableServletAuditLogging = 0
    serverInfo = "SMF WebContainer"
    sessionCtx = class com.ibm.ws.webcontainer.session.impl.HttpSessionContextImpl@3134078e
      methodClassName = "HttpSessionContextImpl"
      _smc = class com.ibm.ws.session.SessionManagerConfig@1f20450e
      sessionStoreService = null
      _sap = class com.ibm.ws.session.SessionApplicationParameters@4ddfca47
      _coreHttpSessionManager = class com.ibm.ws.session.SessionManager@165cc14
      _coreHttpAppSessionManager = null
      _sam = class com.ibm.ws.webcontainer.session.impl.SessionAffinityManagerImpl@2c63098b
      isSIPApplication = false
      sessionAttributeListener = false
      sessionListener = true
      mHttpSessionAttributeListeners = class java.util.ArrayList@3176213c
      mHttpSessionListeners = class java.util.ArrayList@2c848a7
      mHttpSessionIdListeners = class java.util.ArrayList@2de23186
      mHttpSessionAttributeListenersJ2eeNames = class java.util.ArrayList@19795ae0
      mHttpSessionListenersJ2eeNames = class java.util.ArrayList@1906e732
      mHttpSessionIdListenersJ2eeNames = class java.util.ArrayList@594b19c5
      mLocalHost = null
      _refCount = 1
      currentThreadSacHashtable = null
      methodClassName = "SessionContext"
      ANONYMOUS_USER = "anonymous"
      wasHttpSessionObserver = class com.ibm.ws.session.WasHttpSessionObserver@65996d6b
      wasHttpSessionAttributeObserver = null
      _invalidator = class com.ibm.ws.session.SessionInvalidatorWithThreadPool@36e49562
      _storer = class com.ibm.ws.session.EOSSessionStorer@18f5cbfb
      wasHttpAppSessionObserver = null
      mHttpAppSessionListeners = null
      cmvcInfo = "CMVC Version 1.9 6/24/07 11:12:24"
      _loggedVersion = true
      CREATE_CORE_SESSION_MANAGER = 0
      GET_REQUESTED_SESSION_ID = 1
      GET_IHTTP_SESSION = 2
      SESSION_PRE_INVOKE = 3
      SESSION_POST_INVOKE = 4
      STOP = 5
      STOP_LISTENERS = 6
      IS_VALID = 7
      ENCODE_URL = 8
      SHOULD_ENCODE_URL = 9
      IS_PROTOCOL_SWITCH = 10
      GET_LOCAL_HOST = 11
      ADD_HTTP_SESSION_ATTRIBUTE_LISTENER = 12
      ADD_HTTP_SESSION_LISTENER = 13
      GET_SESSION_AFFINITY_CONTEXT = 14
      CHECK_SECURITY = 15
      INVALIDATE = 16
      CHECK_SESSSIONID_IS_RIGHT_LENGTH = 17
      LOCK_SESSION = 18
      UNLOCK_SESSION = 19
      ADD_HTTP_SESSION_ID_LISTENER = 20
      methodNames = class java.lang.String[21]
    eventSource = class com.ibm.ws.webcontainer.webapp.WebAppEventSource@7ecd1996
    nls = class com.ibm.ejs.ras.TraceNLS@6411e9bf
      resolver = class com.ibm.ws.logging.internal.TraceNLSResolver@4ef82890
      finder = class com.ibm.ws.logging.internal.StackFinder@49ce0053
      ivBundleName = "com.ibm.ws.webcontainer.resources.Messages"
      caller = class java.lang.Class@5ebf688a
    liberty_nls = class com.ibm.ejs.ras.TraceNLS@2916837
      resolver = class com.ibm.ws.logging.internal.TraceNLSResolver@4ef82890
      finder = class com.ibm.ws.logging.internal.StackFinder@49ce0053
      ivBundleName = "com.ibm.ws.webcontainer.resources.LShimMessages"
      caller = class java.lang.Class@5ebf688a
    error_nls = class com.ibm.ejs.ras.TraceNLS@7dbe39ac
      resolver = class com.ibm.ws.logging.internal.TraceNLSResolver@4ef82890
      finder = class com.ibm.ws.logging.internal.StackFinder@49ce0053
      ivBundleName = "com.ibm.ws.webcontainer.resources.ErrorPage"
      caller = class java.lang.Class@5ebf688a
    sessionListeners = class java.util.ArrayList@6ca749e2
      serialVersionUID = 8683452581122892189
      DEFAULT_CAPACITY = 10
      EMPTY_ELEMENTDATA = class java.lang.Object[0]
      DEFAULTCAPACITY_EMPTY_ELEMENTDATA = class java.lang.Object[0]
      elementData = class java.lang.Object[10]
      size = 1
      MAX_ARRAY_SIZE = 2147483639
      modCount = 2
      MAX_ARRAY_SIZE = 2147483639
    sessionIdListeners = class java.util.ArrayList@71009d8
      serialVersionUID = 8683452581122892189
      DEFAULT_CAPACITY = 10
      EMPTY_ELEMENTDATA = class java.lang.Object[0]
      DEFAULTCAPACITY_EMPTY_ELEMENTDATA = class java.lang.Object[0]
      elementData = class java.lang.Object[0]
      size = 0
      MAX_ARRAY_SIZE = 2147483639
      modCount = 0
      MAX_ARRAY_SIZE = 2147483639
    sessionAttrListeners = class java.util.ArrayList@ec919dd
      serialVersionUID = 8683452581122892189
      DEFAULT_CAPACITY = 10
      EMPTY_ELEMENTDATA = class java.lang.Object[0]
      DEFAULTCAPACITY_EMPTY_ELEMENTDATA = class java.lang.Object[0]
      elementData = class java.lang.Object[0]
      size = 0
      MAX_ARRAY_SIZE = 2147483639
      modCount = 1
      MAX_ARRAY_SIZE = 2147483639
    addedSessionListeners = class java.util.ArrayList@23622f1
      serialVersionUID = 8683452581122892189
      DEFAULT_CAPACITY = 10
      EMPTY_ELEMENTDATA = class java.lang.Object[0]
      DEFAULTCAPACITY_EMPTY_ELEMENTDATA = class java.lang.Object[0]
      elementData = class java.lang.Object[0]
      size = 0
      MAX_ARRAY_SIZE = 2147483639
      modCount = 0
      MAX_ARRAY_SIZE = 2147483639
    addedSessionAttrListeners = class java.util.ArrayList@5488930c
      serialVersionUID = 8683452581122892189
      DEFAULT_CAPACITY = 10
      EMPTY_ELEMENTDATA = class java.lang.Object[0]
      DEFAULTCAPACITY_EMPTY_ELEMENTDATA = class java.lang.Object[0]
      elementData = class java.lang.Object[0]
      size = 0
      MAX_ARRAY_SIZE = 2147483639
      modCount = 0
      MAX_ARRAY_SIZE = 2147483639
    servletContextListeners = class java.util.ArrayList@53d10e8c
      serialVersionUID = 8683452581122892189
      DEFAULT_CAPACITY = 10
      EMPTY_ELEMENTDATA = class java.lang.Object[0]
      DEFAULTCAPACITY_EMPTY_ELEMENTDATA = class java.lang.Object[0]
      elementData = class java.lang.Object[10]
      size = 2
      MAX_ARRAY_SIZE = 2147483639
      modCount = 3
      MAX_ARRAY_SIZE = 2147483639
    servletContextLAttrListeners = class java.util.ArrayList@1510f2da
      serialVersionUID = 8683452581122892189
      DEFAULT_CAPACITY = 10
      EMPTY_ELEMENTDATA = class java.lang.Object[0]
      DEFAULTCAPACITY_EMPTY_ELEMENTDATA = class java.lang.Object[0]
      elementData = class java.lang.Object[0]
      size = 0
      MAX_ARRAY_SIZE = 2147483639
      modCount = 1
      MAX_ARRAY_SIZE = 2147483639
    servletRequestListeners = class java.util.ArrayList@26826b23
      serialVersionUID = 8683452581122892189
      DEFAULT_CAPACITY = 10
      EMPTY_ELEMENTDATA = class java.lang.Object[0]
      DEFAULTCAPACITY_EMPTY_ELEMENTDATA = class java.lang.Object[0]
      elementData = class java.lang.Object[0]
      size = 0
      MAX_ARRAY_SIZE = 2147483639
      modCount = 1
      MAX_ARRAY_SIZE = 2147483639
    servletRequestLAttrListeners = class java.util.ArrayList@36828c0c
      serialVersionUID = 8683452581122892189
      DEFAULT_CAPACITY = 10
      EMPTY_ELEMENTDATA = class java.lang.Object[0]
      DEFAULTCAPACITY_EMPTY_ELEMENTDATA = class java.lang.Object[0]
      elementData = class java.lang.Object[0]
      size = 0
      MAX_ARRAY_SIZE = 2147483639
      modCount = 1
      MAX_ARRAY_SIZE = 2147483639
    prependSlashToResource = false
    destroyed = false
    webAppNameSpaceCollab = class com.ibm.ws.webcontainer.osgi.collaborator.WebAppNameSpaceCollaboratorImpl@3fdc5ed9
    txCollab = class com.ibm.ws.transaction.services.WebAppTransactionCollaboratorImpl@29cbf11d
    sessionActivationListeners = class java.util.ArrayList@6dfc413e
      serialVersionUID = 8683452581122892189
      DEFAULT_CAPACITY = 10
      EMPTY_ELEMENTDATA = class java.lang.Object[0]
      DEFAULTCAPACITY_EMPTY_ELEMENTDATA = class java.lang.Object[0]
      elementData = class java.lang.Object[0]
      size = 0
      MAX_ARRAY_SIZE = 2147483639
      modCount = 1
      MAX_ARRAY_SIZE = 2147483639
    sessionBindingListeners = class java.util.ArrayList@7f68f879
      serialVersionUID = 8683452581122892189
      DEFAULT_CAPACITY = 10
      EMPTY_ELEMENTDATA = class java.lang.Object[0]
      DEFAULTCAPACITY_EMPTY_ELEMENTDATA = class java.lang.Object[0]
      elementData = class java.lang.Object[0]
      size = 0
      MAX_ARRAY_SIZE = 2147483639
      modCount = 1
      MAX_ARRAY_SIZE = 2147483639
    scratchdir = null
    jspClassLoaderLimit = 0
    jspClassLoaderExclusionList = null
    jspClassLoadersMap = null
    jspClassLoaderLimitTrackIF = false
    defaultExtProc = null
    directoryBrowsingServlet = null
    cdiContexts = class java.util.concurrent.ConcurrentHashMap@4a864fc4
      serialVersionUID = 7249069246763182397
      MAXIMUM_CAPACITY = 1073741824
      DEFAULT_CAPACITY = 16
      MAX_ARRAY_SIZE = 2147483639
      DEFAULT_CONCURRENCY_LEVEL = 16
      LOAD_FACTOR = 0.75
      TREEIFY_THRESHOLD = 8
      UNTREEIFY_THRESHOLD = 6
      MIN_TREEIFY_CAPACITY = 64
      MIN_TRANSFER_STRIDE = 16
      RESIZE_STAMP_BITS = 16
      MAX_RESIZERS = 65535
      RESIZE_STAMP_SHIFT = 16
      MOVED = -1
      TREEBIN = -2
      RESERVED = -3
      HASH_BITS = 2147483647
      NCPU = 4
      serialPersistentFields = class java.io.ObjectStreamField[3]
      table = class java.util.concurrent.ConcurrentHashMap$Node[16]
      nextTable = null
      baseCount = 2
      sizeCtl = 12
      transferIndex = 0
      cellsBusy = 0
      counterCells = null
      keySet = null
      values = null
      entrySet = null
      U = class sun.misc.Unsafe@67129899
      SIZECTL = 20
      TRANSFERINDEX = 32
      BASECOUNT = 24
      CELLSBUSY = 36
      CELLVALUE = 144
      ABASE = 16
      ASHIFT = 2
      keySet = null
      values = null
    moduleConfig = class com.ibm.ws.webcontainer.osgi.container.DeployedModule@68465874
      tc = class com.ibm.websphere.ras.TraceComponent@8a10dda
      loader = class com.ibm.ws.classloading.internal.ThreadContextClassLoader@7df8a741
      webApp = class com.ibm.ws.webcontainer.osgi.webapp.WebApp@788b3b5a
      webAppConfig = class com.ibm.ws.webcontainer.osgi.webapp.WebAppConfiguration@4b997a60
      contextRootAdded = null
      properContextRoot = "/web"
      mappingContextRoot = "/web/*"
      serialVersionUID = -2104814060051592457
      $$$tc$$$ = class com.ibm.websphere.ras.TraceComponent@634fc350
    extensionFactories = class java.util.ArrayList@67bc01f3
      serialVersionUID = 8683452581122892189
      DEFAULT_CAPACITY = 10
      EMPTY_ELEMENTDATA = class java.lang.Object[0]
      DEFAULTCAPACITY_EMPTY_ELEMENTDATA = class java.lang.Object[0]
      elementData = class java.lang.Object[10]
      size = 1
      MAX_ARRAY_SIZE = 2147483639
      modCount = 1
      MAX_ARRAY_SIZE = 2147483639
    initialized = false
    lock = class com.ibm.ws.webcontainer.webapp.WebApp$1@5faf864d
      this$0 = class com.ibm.ws.webcontainer.osgi.webapp.WebApp@788b3b5a
    afterServletContextCreated = false
    redirectContextRoot = false
    errorExceptionTypeFirst = false
    initFilterBeforeServletInit = false
    sortedServletConfigs = class java.util.ArrayList@27af1a13
      serialVersionUID = 8683452581122892189
      DEFAULT_CAPACITY = 10
      EMPTY_ELEMENTDATA = class java.lang.Object[0]
      DEFAULTCAPACITY_EMPTY_ELEMENTDATA = class java.lang.Object[0]
      elementData = class java.lang.Object[10]
      size = 1
      MAX_ARRAY_SIZE = 2147483639
      modCount = 1
      MAX_ARRAY_SIZE = 2147483639
    effectiveMajorVersion = 3
    effectiveMinorVersion = 0
    canAddServletContextListener = true
    withinContextInitOfProgAddListener = false
    lastProgAddListenerInitialized = "com.ibm.ws.jsp.runtime.ContextListener"
    webInfLibClassloader = null
    metaInfCache = class com.ibm.ws.webcontainer.webapp.WebApp$2@7df0736a
      this$0 = class com.ibm.ws.webcontainer.osgi.webapp.WebApp@788b3b5a
      serialVersionUID = 3801124242820219131
      head = null
      tail = null
      accessOrder = true
      serialVersionUID = 362498820763181265
      DEFAULT_INITIAL_CAPACITY = 16
      MAXIMUM_CAPACITY = 1073741824
      DEFAULT_LOAD_FACTOR = 0.75
      TREEIFY_THRESHOLD = 8
      UNTREEIFY_THRESHOLD = 6
      MIN_TREEIFY_CAPACITY = 64
      table = null
      entrySet = null
      size = 0
      modCount = 0
      threshold = 32
      loadFactor = 1.0
      keySet = null
      values = null
    useMetaInfCache = true
    SUN_CONFIGURE_LISTENER_CLASSNAME = "com.sun.faces.config.ConfigureListener"
    MYFACES_LIFECYCLE_LISTENER_CLASSNAME = "org.apache.myfaces.webapp.StartupServletContextListener"
    JSF_IMPL_ENABLED_PARAM = "com.ibm.ws.jsf.JSF_IMPL_ENABLED"
    JSF_IMPL_ENABLED_CUSTOM = "Custom"
    JSF_IMPL_ENABLED_NONE = "None"
    staticDocRoot = class com.ibm.ws.webcontainer.util.DocumentRootUtils@7a4456be
      logger = class com.ibm.ws.logging.internal.WsLogger@566c1e03
      CLASS_NAME = "com.ibm.ws.webcontainer.util.DocumentRootUtils"
      useContentLength = false
      matchedFile = null
      matchedZipFile = null
      matchedEntry = null
      matchedURL = null
      edrRoot = null
      pfedrRoot = null
      ctxt = class com.ibm.ws.webcontainer.osgi.webapp.WebApp@788b3b5a
      baseDir = null
      edr = null
      pfedr = null
      metaInfRes = null
      searchpfEDR = true
      searchEDR = true
      searchMetaInfRes = true
      matchFromEDR = false
      matchFromMetaInfRes = false
      matchIsADirectory = false
      appConfig = class com.ibm.ws.webcontainer.osgi.webapp.WebAppConfiguration@4b997a60
      attributeType = "staticFile"
      STATIC_FILE = "staticFile"
      JSP = "jsp"
      PFEDR = "preFragmentExtendedDocumentRoot"
      EDR = "extendedDocumentRoot"
    jspDocRoot = class com.ibm.ws.webcontainer.util.DocumentRootUtils@59fa2a55
      logger = class com.ibm.ws.logging.internal.WsLogger@566c1e03
      CLASS_NAME = "com.ibm.ws.webcontainer.util.DocumentRootUtils"
      useContentLength = false
      matchedFile = null
      matchedZipFile = null
      matchedEntry = null
      matchedURL = null
      edrRoot = null
      pfedrRoot = null
      ctxt = class com.ibm.ws.webcontainer.osgi.webapp.WebApp@788b3b5a
      baseDir = null
      edr = null
      pfedr = null
      metaInfRes = null
      searchpfEDR = true
      searchEDR = true
      searchMetaInfRes = true
      matchFromEDR = false
      matchFromMetaInfRes = false
      matchIsADirectory = false
      appConfig = class com.ibm.ws.webcontainer.osgi.webapp.WebAppConfiguration@4b997a60
      attributeType = "jsp"
      STATIC_FILE = "staticFile"
      JSP = "jsp"
      PFEDR = "preFragmentExtendedDocumentRoot"
      EDR = "extendedDocumentRoot"
    container = class com.ibm.ws.adaptable.module.internal.AdaptableContainerImpl@162258d
      root = class com.ibm.ws.adaptable.module.internal.AdaptableContainerImpl@162258d
      rootOverlay = class com.ibm.ws.artifact.overlay.internal.DirectoryBasedOverlayContainerImpl@350eabdb
      factoryHolder = class com.ibm.ws.adaptable.module.internal.AdaptableModuleFactoryImpl@38be73e3
      delegate = class com.ibm.ws.artifact.overlay.internal.DirectoryBasedOverlayContainerImpl@350eabdb
      notifier = class com.ibm.ws.adaptable.module.internal.NotifierImpl@280f17ca
      serialVersionUID = -5621513278641113667
      $$$tc$$$ = class com.ibm.websphere.ras.TraceComponent@38976d84
    metaInfResourceFinder = class com.ibm.ws.webcontainer.util.MetaInfResourceFinder@65adcfb
      jarResourceContainers = class java.util.ArrayList@672eb07a
      container = class com.ibm.ws.adaptable.module.internal.AdaptableContainerImpl@162258d
    postConstructMethods = class com.ibm.ws.webcontainer.webapp.WebApp$AnnotatedMethods@78cf8479
      annotationClass = class java.lang.Class@55b92675
      noOpClassNames = class java.util.HashSet@75a568c8
      annotatedMethodNames = class java.util.concurrent.ConcurrentHashMap@7c25c10c
      EMPTY_METHODS = class java.lang.reflect.Method[0]
    preDestroyMethods = class com.ibm.ws.webcontainer.webapp.WebApp$AnnotatedMethods@2066dc78
      annotationClass = class java.lang.Class@94cc0f3
      noOpClassNames = class java.util.HashSet@3499a60e
      annotatedMethodNames = class java.util.concurrent.ConcurrentHashMap@205c688b
      EMPTY_METHODS = class java.lang.reflect.Method[0]
    OBJ_EMPTY = class java.lang.Object[0]
    CLASS_EMPTY = class java.lang.Class[0]
    DEFAULT_JSP_EXTENSIONS = class java.util.ArrayList@2846f2a3
      serialVersionUID = 8683452581122892189
      DEFAULT_CAPACITY = 10
      EMPTY_ELEMENTDATA = class java.lang.Object[0]
      DEFAULTCAPACITY_EMPTY_ELEMENTDATA = class java.lang.Object[0]
      elementData = class java.lang.Object[10]
      size = 4
      MAX_ARRAY_SIZE = 2147483639
      modCount = 4
      MAX_ARRAY_SIZE = 2147483639
    DEFER_SERVLET_REQUEST_LISTENER_DESTROY_ON_ERROR = false
    DO_ACCEPT_PARTIAL = true
    DO_NOT_ACCEPT_PARTIAL = false
    DO_ACCEPT_EXCLUDED = true
    DO_NOT_ACCEPT_EXCLUDED = false
    commands = class java.util.ArrayList@78ab5e54
      serialVersionUID = 8683452581122892189
      DEFAULT_CAPACITY = 10
      EMPTY_ELEMENTDATA = class java.lang.Object[0]
      DEFAULTCAPACITY_EMPTY_ELEMENTDATA = class java.lang.Object[0]
      elementData = class java.lang.Object[3]
      size = 0
      MAX_ARRAY_SIZE = 2147483639
      modCount = 0
      MAX_ARRAY_SIZE = 2147483639
    requestMapper = class com.ibm.wsspi.webcontainer.util.URIMapper@7c43e174
      matcher = class com.ibm.wsspi.webcontainer.util.URIMatcher@68e2e94e
    parent = class com.ibm.ws.webcontainer.osgi.webapp.WebGroup@6ad06798
      tc = class com.ibm.websphere.ras.TraceComponent@7ca6890e
      logger = class com.ibm.ws.logging.internal.WsLogger@7efc41dc
      CLASS_NAME = "com.ibm.ws.webcontainer.webapp.WebGroup"
      sessUrlRewritePrefix = ";jsessionid="
      qMark = "?"
      config = class com.ibm.ws.webcontainer.osgi.webapp.WebGroupConfiguration@716e7ed9
      webApp = class com.ibm.ws.webcontainer.osgi.webapp.WebApp@788b3b5a
      commands = class java.util.ArrayList@605a1033
      requestMapper = null
      parent = class com.ibm.ws.webcontainer.osgi.DynamicVirtualHost@6ec0da46
      name = "/web/*"
      isAlive = true
      subElements = class java.util.HashMap@3acb3001
      attributes = null
      config = null
      serialVersionUID = -8271459000149267764
      $$$tc$$$ = class com.ibm.websphere.ras.TraceComponent@23eb7358
    name = "web"
    isAlive = true
    subElements = null
    attributes = class java.util.Collections$SynchronizedMap@759c438b
      serialVersionUID = 1978198479659022715
      m = class java.util.HashMap@59a8f7ff
      mutex = class java.util.Collections$SynchronizedMap@759c438b
      keySet = null
      entrySet = class java.util.Collections$SynchronizedSet@238f37ae
      values = null
    config = null
    serialVersionUID = -8271459000149267764
    $$$tc$$$ = class com.ibm.websphere.ras.TraceComponent@23eb7358
      strings[0] = "TraceComponent[com.ibm.ws.container.AbstractContainer,class com.ibm.ws.container.AbstractContainer,[],null,null]"
  target = class org.springframework.web.servlet.DispatcherServlet@b022101
    MULTIPART_RESOLVER_BEAN_NAME = "multipartResolver"
    LOCALE_RESOLVER_BEAN_NAME = "localeResolver"
    THEME_RESOLVER_BEAN_NAME = "themeResolver"
    HANDLER_MAPPING_BEAN_NAME = "handlerMapping"
    HANDLER_ADAPTER_BEAN_NAME = "handlerAdapter"
    HANDLER_EXCEPTION_RESOLVER_BEAN_NAME = "handlerExceptionResolver"
    REQUEST_TO_VIEW_NAME_TRANSLATOR_BEAN_NAME = "viewNameTranslator"
    VIEW_RESOLVER_BEAN_NAME = "viewResolver"
    FLASH_MAP_MANAGER_BEAN_NAME = "flashMapManager"
    WEB_APPLICATION_CONTEXT_ATTRIBUTE = "org.springframework.web.servlet.DispatcherServlet.CONTEXT"
    LOCALE_RESOLVER_ATTRIBUTE = "org.springframework.web.servlet.DispatcherServlet.LOCALE_RESOLVER"
    THEME_RESOLVER_ATTRIBUTE = "org.springframework.web.servlet.DispatcherServlet.THEME_RESOLVER"
    THEME_SOURCE_ATTRIBUTE = "org.springframework.web.servlet.DispatcherServlet.THEME_SOURCE"
    INPUT_FLASH_MAP_ATTRIBUTE = "org.springframework.web.servlet.DispatcherServlet.INPUT_FLASH_MAP"
    OUTPUT_FLASH_MAP_ATTRIBUTE = "org.springframework.web.servlet.DispatcherServlet.OUTPUT_FLASH_MAP"
    FLASH_MAP_MANAGER_ATTRIBUTE = "org.springframework.web.servlet.DispatcherServlet.FLASH_MAP_MANAGER"
    EXCEPTION_ATTRIBUTE = "org.springframework.web.servlet.DispatcherServlet.EXCEPTION"
    PAGE_NOT_FOUND_LOG_CATEGORY = "org.springframework.web.servlet.PageNotFound"
    DEFAULT_STRATEGIES_PATH = "DispatcherServlet.properties"
    DEFAULT_STRATEGIES_PREFIX = "org.springframework.web.servlet"
    pageNotFoundLogger = class org.apache.commons.logging.impl.Log4JLogger@75163051
      serialVersionUID = 5160705895411730424
      FQCN = "org.apache.commons.logging.impl.Log4JLogger"
      logger = class org.apache.log4j.Logger@64458f2c
      name = "org.springframework.web.servlet.PageNotFound"
      traceLevel = class org.apache.log4j.Level@7f0dd502
      class$org$apache$commons$logging$impl$Log4JLogger = class java.lang.Class@6c078550
      class$org$apache$log4j$Level = class java.lang.Class@3b46a337
      class$org$apache$log4j$Priority = class java.lang.Class@6b09da6d
    defaultStrategies = class java.util.Properties@4ab3fdfd
      serialVersionUID = 4112578634029874840
      defaults = null
      hexDigit = {0123456789ABCDEF} /* array length = 16*/
      table = class java.util.Hashtable$Entry[11]
      count = 8
      threshold = 8
      loadFactor = 0.75
      modCount = 8
      serialVersionUID = 1421746759512286392
      MAX_ARRAY_SIZE = 2147483639
      keySet = null
      entrySet = null
      values = null
      KEYS = 0
      VALUES = 1
      ENTRIES = 2
    detectAllHandlerMappings = true
    detectAllHandlerAdapters = true
    detectAllHandlerExceptionResolvers = true
    detectAllViewResolvers = true
    throwExceptionIfNoHandlerFound = false
    cleanupAfterInclude = true
    multipartResolver = null
    localeResolver = null
    themeResolver = null
    handlerMappings = null
    handlerAdapters = null
    handlerExceptionResolvers = null
    viewNameTranslator = null
    flashMapManager = null
    viewResolvers = null
    DEFAULT_NAMESPACE_SUFFIX = "-servlet"
    DEFAULT_CONTEXT_CLASS = class java.lang.Class@3c718675
      ANNOTATION = 8192
      ENUM = 16384
      SYNTHETIC = 4096
      cachedConstructor = null
      newInstanceCallerCache = null
      name = "org.springframework.web.context.support.XmlWebApplicationContext"
      allPermDomain = class java.security.ProtectionDomain@137a51e6
      useCaches = true
      reflectionData = class java.lang.ref.SoftReference@689e91c1
      classRedefinedCount = 0
      genericInfo = null
      serialVersionUID = 3206093459760846163
      serialPersistentFields = class java.io.ObjectStreamField[0]
      reflectionFactory = class sun.reflect.ReflectionFactory@51c845ed
      initted = true
      enumConstants = null
      enumConstantDirectory = null
      annotationData = null
      annotationType = null
      classValueMap = null
    SERVLET_CONTEXT_PREFIX = "org.springframework.web.servlet.FrameworkServlet.CONTEXT."
    INIT_PARAM_DELIMITERS = ",; 	
"
    responseGetStatusAvailable = true
    contextAttribute = null
    contextClass = class java.lang.Class@3c718675
    contextId = null
    namespace = null
    contextConfigLocation = "classpath:/context/ewms-servlet.xml"
    contextInitializers = class java.util.ArrayList@32f2a0e2
      serialVersionUID = 8683452581122892189
      DEFAULT_CAPACITY = 10
      EMPTY_ELEMENTDATA = class java.lang.Object[0]
      DEFAULTCAPACITY_EMPTY_ELEMENTDATA = class java.lang.Object[0]
      elementData = class java.lang.Object[0]
      size = 0
      MAX_ARRAY_SIZE = 2147483639
      modCount = 0
      MAX_ARRAY_SIZE = 2147483639
    contextInitializerClasses = null
    publishContext = true
    publishEvents = true
    threadContextInheritable = false
    dispatchOptionsRequest = true
    dispatchTraceRequest = false
    webApplicationContext = null
    webApplicationContextInjected = false
    refreshEventReceived = false
    logger = class org.apache.commons.logging.impl.Log4JLogger@2a98b67f
      serialVersionUID = 5160705895411730424
      FQCN = "org.apache.commons.logging.impl.Log4JLogger"
      logger = class org.apache.log4j.Logger@25392763
      name = "org.springframework.web.servlet.DispatcherServlet"
      traceLevel = class org.apache.log4j.Level@7f0dd502
      class$org$apache$commons$logging$impl$Log4JLogger = class java.lang.Class@6c078550
      class$org$apache$log4j$Level = class java.lang.Class@3b46a337
      class$org$apache$log4j$Priority = class java.lang.Class@6b09da6d
    environment = class org.springframework.web.context.support.StandardServletEnvironment@6e489fc5
      SERVLET_CONTEXT_PROPERTY_SOURCE_NAME = "servletContextInitParams"
      SERVLET_CONFIG_PROPERTY_SOURCE_NAME = "servletConfigInitParams"
      JNDI_PROPERTY_SOURCE_NAME = "jndiProperties"
      SYSTEM_ENVIRONMENT_PROPERTY_SOURCE_NAME = "systemEnvironment"
      SYSTEM_PROPERTIES_PROPERTY_SOURCE_NAME = "systemProperties"
      IGNORE_GETENV_PROPERTY_NAME = "spring.getenv.ignore"
      ACTIVE_PROFILES_PROPERTY_NAME = "spring.profiles.active"
      DEFAULT_PROFILES_PROPERTY_NAME = "spring.profiles.default"
      RESERVED_DEFAULT_PROFILE_NAME = "default"
      logger = class org.apache.commons.logging.impl.Log4JLogger@48772988
      activeProfiles = class java.util.LinkedHashSet@14cbf506
      defaultProfiles = class java.util.LinkedHashSet@67d25e0c
      propertySources = class org.springframework.core.env.MutablePropertySources@289b440c
      propertyResolver = class org.springframework.core.env.PropertySourcesPropertyResolver@59d113fe
    requiredProperties = class java.util.HashSet@3bc1dbe4
      serialVersionUID = -5024744406713321676
      map = class java.util.HashMap@46dd24aa
      PRESENT = class java.lang.Object@13942138
      MAX_ARRAY_SIZE = 2147483639
    METHOD_DELETE = "DELETE"
    METHOD_HEAD = "HEAD"
    METHOD_GET = "GET"
    METHOD_OPTIONS = "OPTIONS"
    METHOD_POST = "POST"
    METHOD_PUT = "PUT"
    METHOD_TRACE = "TRACE"
    HEADER_IFMODSINCE = "If-Modified-Since"
    HEADER_LASTMOD = "Last-Modified"
    LSTRING_FILE = "javax.servlet.http.LocalStrings"
    lStrings = class java.util.PropertyResourceBundle@1c1389ce
      lookup = class java.util.HashMap@749852b0
      INITIAL_CACHE_SIZE = 32
      NONEXISTENT_BUNDLE = class java.util.ResourceBundle$1@74c5e98a
      cacheList = class java.util.concurrent.ConcurrentHashMap@7f4580db
      referenceQueue = class java.lang.ref.ReferenceQueue@3392058
      parent = null
      locale = class java.util.Locale@3582ff5d
      name = "javax.servlet.http.LocalStrings"
      expired = false
      cacheKey = class java.util.ResourceBundle$CacheKey@6ed0d9de
      keySet = null
      providers = null
      $assertionsDisabled = true
    config = class com.ibm.ws.webcontainer.servlet.ServletConfig@2254e5fb
  cacheWrappers = null
  targetLoader = class com.ibm.ws.classloading.internal.ThreadContextClassLoader@7df8a741
    tc = class com.ibm.websphere.ras.TraceComponent@1f8ebf1
      strings[0] = "TraceComponent[com.ibm.ws.classloading.internal.ThreadContextClassLoader,class com.ibm.ws.classloading.internal.ThreadContextClassLoader,[ClassLoadingService],com.ibm.ws.classloading.internal.resources.ClassLoadingServiceMessages,null]"
    bundle = class java.util.concurrent.atomic.AtomicReference@7fcb139
      serialVersionUID = -1848883965231344442
      unsafe = class sun.misc.Unsafe@67129899
      valueOffset = 12
      value = class org.eclipse.osgi.internal.framework.EquinoxBundle@75ae3529
    key = "WebModule:web#web.war"
    refCount = class java.util.concurrent.atomic.AtomicInteger@77420c37
      serialVersionUID = 6214790243416807050
      unsafe = class sun.misc.Unsafe@67129899
      valueOffset = 12
      value = 1
      serialVersionUID = -8742448824652078965
    appLoader = class com.ibm.ws.classloading.internal.ParentLastClassLoader@427e7c62
    serialVersionUID = 7093379526360135425
    followOnClassLoaders = class java.util.ArrayList@74bc57c
      serialVersionUID = 8683452581122892189
      DEFAULT_CAPACITY = 10
      EMPTY_ELEMENTDATA = class java.lang.Object[0]
      DEFAULTCAPACITY_EMPTY_ELEMENTDATA = class java.lang.Object[0]
      elementData = class java.lang.Object[10]
      size = 1
      MAX_ARRAY_SIZE = 2147483639
      modCount = 1
      MAX_ARRAY_SIZE = 2147483639
    serialVersionUID = -5107316606107305512
    $$$tc$$$ = class com.ibm.websphere.ras.TraceComponent@7c903c26
      strings[0] = "TraceComponent[com.ibm.ws.classloading.internal.UnifiedClassLoader,class com.ibm.ws.classloading.internal.UnifiedClassLoader,[ClassLoadingService],com.ibm.ws.classloading.internal.resources.ClassLoadingServiceMessages,null]"
    serialVersionUID = -4868702105808481416
    $$$tc$$$ = class com.ibm.websphere.ras.TraceComponent@39ed386c
      strings[0] = "TraceComponent[com.ibm.ws.classloading.internal.LibertyLoader,class com.ibm.ws.classloading.internal.LibertyLoader,[ClassLoadingService],com.ibm.ws.classloading.internal.resources.ClassLoadingServiceMessages,null]"
    serialVersionUID = 2596921220292114344
    $$$tc$$$ = class com.ibm.websphere.ras.TraceComponent@18e04515
      strings[0] = "TraceComponent[com.ibm.ws.classloading.LibertyClassLoader,class com.ibm.ws.classloading.LibertyClassLoader,[ClassLoadingService],com.ibm.ws.classloading.internal.resources.ClassLoadingServiceMessages,null]"
    initialized = true
    pdcache = class java.util.HashMap@256e3480
      serialVersionUID = 362498820763181265
      DEFAULT_INITIAL_CAPACITY = 16
      MAXIMUM_CAPACITY = 1073741824
      DEFAULT_LOAD_FACTOR = 0.75
      TREEIFY_THRESHOLD = 8
      UNTREEIFY_THRESHOLD = 6
      MIN_TREEIFY_CAPACITY = 64
      table = null
      entrySet = null
      size = 0
      modCount = 0
      threshold = 16
      loadFactor = 0.75
      keySet = null
      values = null
    debug = null
    parent = class com.ibm.ws.classloading.internal.ParentLastClassLoader@427e7c62
    parallelLockMap = null
    package2certs = class java.util.Hashtable@47792c6d
      table = class java.util.Hashtable$Entry[47]
      count = 20
      threshold = 35
      loadFactor = 0.75
      modCount = 22
      serialVersionUID = 1421746759512286392
      MAX_ARRAY_SIZE = 2147483639
      keySet = null
      entrySet = null
      values = null
      KEYS = 0
      VALUES = 1
      ENTRIES = 2
    nocerts = class java.security.cert.Certificate[0]
    classes = class java.util.Vector@20bda301
      elementData = class java.lang.Object[1280]
      elementCount = 764
      capacityIncrement = 0
      serialVersionUID = -2767605614048989439
      MAX_ARRAY_SIZE = 2147483639
      modCount = 764
      MAX_ARRAY_SIZE = 2147483639
    defaultDomain = class java.security.ProtectionDomain@7984e24f
      codesource = class java.security.CodeSource@7daed4b5
      classloader = class com.ibm.ws.classloading.internal.ThreadContextClassLoader@7df8a741
      principals = interface java.security.Principal[0]
      permissions = null
      hasAllPerm = false
      staticPermissions = false
      key = class java.security.ProtectionDomain$Key@87e8fc4
      debug = null
    domains = class java.util.HashSet@2d9a13cb
      serialVersionUID = -5024744406713321676
      map = class java.util.HashMap@311f86dd
      PRESENT = class java.lang.Object@13942138
      MAX_ARRAY_SIZE = 2147483639
    packages = class java.util.HashMap@238e5851
      serialVersionUID = 362498820763181265
      DEFAULT_INITIAL_CAPACITY = 16
      MAXIMUM_CAPACITY = 1073741824
      DEFAULT_LOAD_FACTOR = 0.75
      TREEIFY_THRESHOLD = 8
      UNTREEIFY_THRESHOLD = 6
      MIN_TREEIFY_CAPACITY = 64
      table = null
      entrySet = null
      size = 0
      modCount = 0
      threshold = 0
      loadFactor = 0.75
      keySet = null
      values = null
    scl = class sun.misc.Launcher$AppClassLoader@18b4aac2
      ucp = class sun.misc.URLClassPath@6502318c
      $assertionsDisabled = true
      ucp = class sun.misc.URLClassPath@6502318c
      acc = class java.security.AccessControlContext@502c0222
      closeables = class java.util.WeakHashMap@69c44c24
      initialized = true
      pdcache = class java.util.HashMap@4458b633
      debug = null
      parent = class sun.misc.Launcher$ExtClassLoader@30a26165
      parallelLockMap = class java.util.concurrent.ConcurrentHashMap@af4841
      package2certs = class java.util.concurrent.ConcurrentHashMap@4b41811c
      nocerts = class java.security.cert.Certificate[0]
      classes = class java.util.Vector@4a294f69
      defaultDomain = class java.security.ProtectionDomain@69a3b600
      domains = class java.util.Collections$SynchronizedSet@13340635
      packages = class java.util.HashMap@543a3c2e
      scl = class sun.misc.Launcher$AppClassLoader@18b4aac2
      sclSet = true
      loadedLibraryNames = class java.util.Vector@4260a028
      systemNativeLibraries = class java.util.Vector@285bb83e
      nativeLibraries = class java.util.Vector@54e873c7
      nativeLibraryContext = class java.util.Stack@4b432a81
      usr_paths = class java.lang.String[38]
      sys_paths = class java.lang.String[1]
      assertionLock = class java.lang.Object@200fdcec
      defaultAssertionStatus = false
      packageAssertionStatus = null
      classAssertionStatus = null
    sclSet = true
    loadedLibraryNames = class java.util.Vector@4260a028
      elementData = class java.lang.Object[10]
      elementCount = 5
      capacityIncrement = 0
      serialVersionUID = -2767605614048989439
      MAX_ARRAY_SIZE = 2147483639
      modCount = 5
      MAX_ARRAY_SIZE = 2147483639
    systemNativeLibraries = class java.util.Vector@285bb83e
      elementData = class java.lang.Object[10]
      elementCount = 5
      capacityIncrement = 0
      serialVersionUID = -2767605614048989439
      MAX_ARRAY_SIZE = 2147483639
      modCount = 5
      MAX_ARRAY_SIZE = 2147483639
    nativeLibraries = class java.util.Vector@6ee6428a
      elementData = class java.lang.Object[10]
      elementCount = 0
      capacityIncrement = 0
      serialVersionUID = -2767605614048989439
      MAX_ARRAY_SIZE = 2147483639
      modCount = 0
      MAX_ARRAY_SIZE = 2147483639
    nativeLibraryContext = class java.util.Stack@4b432a81
      serialVersionUID = 1224463164541339165
      elementData = class java.lang.Object[10]
      elementCount = 0
      capacityIncrement = 0
      serialVersionUID = -2767605614048989439
      MAX_ARRAY_SIZE = 2147483639
      modCount = 10
      MAX_ARRAY_SIZE = 2147483639
    usr_paths = class java.lang.String[38]
      usr_paths[0] = "C:\Program Files\Java\jre1.8.0_144\bin"
      usr_paths[1] = "C:\WINDOWS\Sun\Java\bin"
      usr_paths[2] = "C:\WINDOWS\system32"
      usr_paths[3] = "C:\WINDOWS"
      usr_paths[4] = "C:/Program Files/Java/jre1.8.0_144/bin/server"
      usr_paths[5] = "C:/Program Files/Java/jre1.8.0_144/bin"
      usr_paths[6] = "C:/Program Files/Java/jre1.8.0_144/lib/amd64"
      usr_paths[7] = "C:\ProgramData\Oracle\Java\javapath"
      usr_paths[8] = "C:\Program Files (x86)\IBM\WebSphere MQ\java\lib"
      usr_paths[9] = "C:\Program Files (x86)\IBM\WebSphere MQ\java\lib64"
      usr_paths[10] = "C:\WINDOWS\system32"
      usr_paths[11] = "C:\WINDOWS"
      usr_paths[12] = "C:\WINDOWS\System32\Wbem"
      usr_paths[13] = "C:\WINDOWS\System32\WindowsPowerShell\v1.0\"
      usr_paths[14] = "C:\Program Files (x86)\IBM\Client Access\Emulator"
      usr_paths[15] = "C:\Program Files (x86)\IBM\Client Access\Shared"
      usr_paths[16] = "C:\Program Files (x86)\IBM\Client Access\"
      usr_paths[17] = "C:\Program Files\TortoiseSVN\bin"
      usr_paths[18] = "C:\Program Files (x86)\IBM\WebSphere MQ\bin64"
      usr_paths[19] = "C:\Program Files (x86)\IBM\WebSphere MQ\bin"
      usr_paths[20] = "C:\Program Files (x86)\WinMerge"
      usr_paths[21] = "C:\Program Files (x86)\Heroku\bin"
      usr_paths[22] = "C:\Program Files (x86)\git\cmd"
      usr_paths[23] = "C:\Program Files (x86)\Lua\5.1"
      usr_paths[24] = "C:\Program Files (x86)\Lua\5.1\clibs"
      usr_paths[25] = "C:\Program Files (x86)\TimeStored.com\JPad\bin"
      usr_paths[26] = "C:\Program Files\PuTTY\"
      usr_paths[27] = "C:\Program Files\nodejs\"
      usr_paths[28] = "C:\Program Files (x86)\Skype\Phone\"
      usr_paths[29] = "C:\Program Files (x86)\Git\cmd"
      usr_paths[30] = "c:\DblibC:\Program Files\Java\jdk1.8.0_144\bin"
      usr_paths[31] = "C:\apache-maven-3.3.9\bin"
      usr_paths[32] = "."
      usr_paths[33] = "C:\Program Files (x86)\Microsoft VS Code\bin"
      usr_paths[34] = "C:\Users\hqmmande\AppData\Roaming\npm"
      usr_paths[35] = "C:\Users\hqmmande\Desktop\eclipse"
      usr_paths[36] = "."
      usr_paths[37] = "."
    sys_paths = class java.lang.String[1]
      sys_paths[0] = "C:\Program Files\Java\jre1.8.0_144\bin"
    assertionLock = class com.ibm.ws.classloading.internal.ThreadContextClassLoader@7df8a741
    defaultAssertionStatus = false
    packageAssertionStatus = null
    classAssertionStatus = null
  evtSource = class com.ibm.ws.webcontainer.webapp.WebAppEventSource@7ecd1996
    _invocationListeners = class com.ibm.ws.webcontainer.util.EventListeners@4d570a06
      EMPTY_LISTENERS = interface java.util.EventListener[0]
      logger = class com.ibm.ws.logging.internal.WsLogger@566c1e03
      CLASS_NAME = "com.ibm.ws.webcontainer.util.EventListeners"
      listeners = interface java.util.EventListener[0]
    _servletListeners = class com.ibm.ws.webcontainer.util.EventListeners@1cca9f2d
      EMPTY_LISTENERS = interface java.util.EventListener[0]
      logger = class com.ibm.ws.logging.internal.WsLogger@566c1e03
      CLASS_NAME = "com.ibm.ws.webcontainer.util.EventListeners"
      listeners = interface java.util.EventListener[0]
    _errorListeners = class com.ibm.ws.webcontainer.util.EventListeners@40646c2c
      EMPTY_LISTENERS = interface java.util.EventListener[0]
      logger = class com.ibm.ws.logging.internal.WsLogger@566c1e03
      CLASS_NAME = "com.ibm.ws.webcontainer.util.EventListeners"
      listeners = interface java.util.EventListener[0]
    _applicationListeners = class com.ibm.ws.webcontainer.util.EventListeners@2141df8
      EMPTY_LISTENERS = interface java.util.EventListener[0]
      logger = class com.ibm.ws.logging.internal.WsLogger@566c1e03
      CLASS_NAME = "com.ibm.ws.webcontainer.util.EventListeners"
      listeners = interface java.util.EventListener[0]
    _filterInvocationListeners = class com.ibm.ws.webcontainer.util.EventListeners@77e63086
      EMPTY_LISTENERS = interface java.util.EventListener[0]
      logger = class com.ibm.ws.logging.internal.WsLogger@566c1e03
      CLASS_NAME = "com.ibm.ws.webcontainer.util.EventListeners"
      listeners = interface java.util.EventListener[0]
    _filterListeners = class com.ibm.ws.webcontainer.util.EventListeners@3f1dfaa0
      EMPTY_LISTENERS = interface java.util.EventListener[0]
      logger = class com.ibm.ws.logging.internal.WsLogger@566c1e03
      CLASS_NAME = "com.ibm.ws.webcontainer.util.EventListeners"
      listeners = interface java.util.EventListener[0]
    _filterErrorListeners = class com.ibm.ws.webcontainer.util.EventListeners@5cfbe463
      EMPTY_LISTENERS = interface java.util.EventListener[0]
      logger = class com.ibm.ws.logging.internal.WsLogger@566c1e03
      CLASS_NAME = "com.ibm.ws.webcontainer.util.EventListeners"
      listeners = interface java.util.EventListener[0]
  event = class com.ibm.websphere.servlet.event.ServletEvent@20322b88
    serialVersionUID = 3906650803920713522
    _servletName = "ewms"
    _servletClassName = "org.springframework.web.servlet.DispatcherServlet"
    $$$tc$$$ = class com.ibm.websphere.ras.TraceComponent@68b278b3
      strings[0] = "TraceComponent[com.ibm.websphere.servlet.event.ServletEvent,class com.ibm.websphere.servlet.event.ServletEvent,[],null,null]"
    serialVersionUID = 3546927969739289392
    _context = class com.ibm.wsspi.webcontainer.facade.ServletContextFacade@2a932bae
    _servletNames = class com.ibm.ws.webcontainer.util.EmptyEnumeration@302e4383
      serialVersionUID = 3546642126931963953
      _instance = class com.ibm.ws.webcontainer.util.EmptyEnumeration@302e4383
    $$$tc$$$ = class com.ibm.websphere.ras.TraceComponent@33474511
      strings[0] = "TraceComponent[com.ibm.websphere.servlet.event.ApplicationEvent,class com.ibm.websphere.servlet.event.ApplicationEvent,[],null,null]"
    serialVersionUID = 5516075349620653480
    source = class com.ibm.ws.webcontainer.osgi.servlet.ServletWrapper@17e16cb4
  unavailableMessage = null
  unavailableUntil = -1
  isSTM = false
  internalServlet = false
  webAppInvocationCollaborators = null
  platformHelper = class com.ibm.ws.webcontainer.PlatformHelper@25cc7948
  webAppNameSpaceCollab = class com.ibm.ws.webcontainer.osgi.collaborator.WebAppNameSpaceCollaboratorImpl@3fdc5ed9
    cmdai = class com.ibm.ws.threadContext.ComponentMetaDataAccessorImpl@4a6d05a4
      tc = class com.ibm.websphere.ras.TraceComponent@289ed00a
      cmdai = class com.ibm.ws.threadContext.ComponentMetaDataAccessorImpl@4a6d05a4
      threadContext = class com.ibm.ws.threadContext.ThreadContextImpl@5bdb60c1
      defaultCMD = null
  txCollab = class com.ibm.ws.transaction.services.WebAppTransactionCollaboratorImpl@29cbf11d
    tc = class com.ibm.websphere.ras.TraceComponent@13f6e63c
      strings[0] = "TraceComponent[com.ibm.ws.transaction.services.WebAppTransactionCollaboratorImpl,class com.ibm.ws.transaction.services.WebAppTransactionCollaboratorImpl,[transaction],com.ibm.ws.transaction.services.TransactionMessages,null]"
    ltCurrentRef = class com.ibm.wsspi.kernel.service.utils.AtomicServiceReference@3947f935
      referenceName = "ltCurrent"
      tuple = class java.util.concurrent.atomic.AtomicReference@1a296417
      serialVersionUID = 2226592364007985000
      $$$tc$$$ = class com.ibm.websphere.ras.TraceComponent@20b93aa5
    tranMgrRef = class com.ibm.wsspi.kernel.service.utils.AtomicServiceReference@6752f392
      referenceName = "tranMgr"
      tuple = class java.util.concurrent.atomic.AtomicReference@13ecc925
      serialVersionUID = 2226592364007985000
      $$$tc$$$ = class com.ibm.websphere.ras.TraceComponent@20b93aa5
    userTranRef = class com.ibm.wsspi.kernel.service.utils.AtomicServiceReference@1acd468d
      referenceName = "userTran"
      tuple = class java.util.concurrent.atomic.AtomicReference@4f3a9d23
      serialVersionUID = 2226592364007985000
      $$$tc$$$ = class com.ibm.websphere.ras.TraceComponent@20b93aa5
    uowCallbackRef = class com.ibm.wsspi.kernel.service.utils.AtomicServiceReference@1f46e63
      referenceName = "uowCallback"
      tuple = class java.util.concurrent.atomic.AtomicReference@1279be07
      serialVersionUID = 2226592364007985000
      $$$tc$$$ = class com.ibm.websphere.ras.TraceComponent@20b93aa5
    serialVersionUID = -8319003162899973281
  connCollab = class com.ibm.ws.webcontainer.collaborator.ConnectionCollaborator@1894f1c7
  suppressServletExceptionLogging = false
  throwExceptionEnum = class java.util.RegularEnumSet@5ed4cda4
    serialVersionUID = 3411599620347842686
    elements = 256
    elementType = class java.lang.Class@4807f36a
      ANNOTATION = 8192
      ENUM = 16384
      SYNTHETIC = 4096
      cachedConstructor = null
      newInstanceCallerCache = null
      name = "com.ibm.wsspi.webcontainer.collaborator.CollaboratorInvocationEnum"
      allPermDomain = class java.security.ProtectionDomain@137a51e6
      useCaches = true
      reflectionData = class java.lang.ref.SoftReference@aeadc43
      classRedefinedCount = 0
      genericInfo = null
      serialVersionUID = 3206093459760846163
      serialPersistentFields = class java.io.ObjectStreamField[0]
      reflectionFactory = class sun.reflect.ReflectionFactory@51c845ed
      initted = true
      enumConstants = class com.ibm.wsspi.webcontainer.collaborator.CollaboratorInvocationEnum[9]
      enumConstantDirectory = null
      annotationData = null
      annotationType = null
      classValueMap = null
    universe = class com.ibm.wsspi.webcontainer.collaborator.CollaboratorInvocationEnum[9]
      universe[0] = class com.ibm.wsspi.webcontainer.collaborator.CollaboratorInvocationEnum@54d9017d
      universe[1] = class com.ibm.wsspi.webcontainer.collaborator.CollaboratorInvocationEnum@5bd74921
      universe[2] = class com.ibm.wsspi.webcontainer.collaborator.CollaboratorInvocationEnum@74acea99
      universe[3] = class com.ibm.wsspi.webcontainer.collaborator.CollaboratorInvocationEnum@3948a3bf
      universe[4] = class com.ibm.wsspi.webcontainer.collaborator.CollaboratorInvocationEnum@25068f02
      universe[5] = class com.ibm.wsspi.webcontainer.collaborator.CollaboratorInvocationEnum@447954c2
      universe[6] = class com.ibm.wsspi.webcontainer.collaborator.CollaboratorInvocationEnum@579296f6
      universe[7] = class com.ibm.wsspi.webcontainer.collaborator.CollaboratorInvocationEnum@2b3b82e0
      universe[8] = class com.ibm.wsspi.webcontainer.collaborator.CollaboratorInvocationEnum@3a54661a
    ZERO_LENGTH_ENUM_ARRAY = class java.lang.Enum[0]
    MAX_ARRAY_SIZE = 2147483639
  discernUnavailableServlet = false
  reInitServletonInitUnavailableException = true
  destroyServletonServiceUnavailableException = false
  servlet23 = true
  PARAMS_HEAD_TRACE = class java.lang.Class[2]
    PARAMS_HEAD_TRACE[0] = class java.lang.Class@5edf8991
      ANNOTATION = 8192
      ENUM = 16384
      SYNTHETIC = 4096
      cachedConstructor = null
      newInstanceCallerCache = null
      name = "javax.servlet.http.HttpServletRequest"
      allPermDomain = class java.security.ProtectionDomain@137a51e6
      useCaches = true
      reflectionData = class java.lang.ref.SoftReference@641d6384
      classRedefinedCount = 0
      genericInfo = class sun.reflect.generics.repository.ClassRepository@3c1c8ed
      serialVersionUID = 3206093459760846163
      serialPersistentFields = class java.io.ObjectStreamField[0]
      reflectionFactory = class sun.reflect.ReflectionFactory@51c845ed
      initted = true
      enumConstants = null
      enumConstantDirectory = null
      annotationData = null
      annotationType = null
      classValueMap = null
    PARAMS_HEAD_TRACE[1] = class java.lang.Class@4e2e103e
      ANNOTATION = 8192
      ENUM = 16384
      SYNTHETIC = 4096
      cachedConstructor = null
      newInstanceCallerCache = null
      name = "javax.servlet.http.HttpServletResponse"
      allPermDomain = class java.security.ProtectionDomain@137a51e6
      useCaches = true
      reflectionData = class java.lang.ref.SoftReference@6bc5b84d
      classRedefinedCount = 0
      genericInfo = class sun.reflect.generics.repository.ClassRepository@3c1c8ed
      serialVersionUID = 3206093459760846163
      serialPersistentFields = class java.io.ObjectStreamField[0]
      reflectionFactory = class sun.reflect.ReflectionFactory@51c845ed
      initted = true
      enumConstants = null
      enumConstantDirectory = null
      annotationData = null
      annotationType = null
      classValueMap = null
  defaultHeadMethodInUse = false
  defaultTraceMethodInUse = false
  checkedForDefaultMethods = null
  defaultTraceRequestBehavior = false
  defaultHeadRequestBehavior = false
  useOriginalRequestState = false
  warningStatusSet = false
  config = null

