------Start of DE processing------ = [9/6/17 11:45:22:943 EDT]
Exception = javax.servlet.ServletException
Source = com.ibm.ws.webcontainer.filter.FilterInstanceWrapper.doFilter
probeid = 144
Stack Dump = javax.servlet.ServletException: SRVE0207E: Uncaught initialization exception created by servlet
	at com.ibm.ws.webcontainer.servlet.ServletWrapper.init(ServletWrapper.java:401)
	at com.ibm.ws.webcontainer.servlet.ServletWrapper.handleRequest(ServletWrapper.java:633)
	at com.ibm.ws.webcontainer.servlet.ServletWrapper.handleRequest(ServletWrapper.java:475)
	at com.ibm.ws.webcontainer.filter.WebAppFilterChain.invokeTarget(WebAppFilterChain.java:152)
	at com.ibm.ws.webcontainer.filter.WebAppFilterChain.doFilter(WebAppFilterChain.java:94)
	at org.springframework.web.filter.ShallowEtagHeaderFilter.doFilterInternal(ShallowEtagHeaderFilter.java:110)
	at com.uscs.ewms.common.security.HttpCacheFilter.doFilterInternal(HttpCacheFilter.java:19)
	at org.springframework.web.filter.OncePerRequestFilter.doFilter(OncePerRequestFilter.java:107)
	at com.ibm.ws.webcontainer.filter.FilterInstanceWrapper.doFilter(FilterInstanceWrapper.java:207)
	at com.ibm.ws.webcontainer.filter.WebAppFilterChain.doFilter(WebAppFilterChain.java:91)
	at com.uscs.ewms.common.security.EWMSLog4jUsernameFilter.doFilterInternal(EWMSLog4jUsernameFilter.java:35)
	at org.springframework.web.filter.OncePerRequestFilter.doFilter(OncePerRequestFilter.java:107)
	at com.ibm.ws.webcontainer.filter.FilterInstanceWrapper.doFilter(FilterInstanceWrapper.java:207)
	at com.ibm.ws.webcontainer.filter.WebAppFilterChain.doFilter(WebAppFilterChain.java:91)
	at org.springframework.security.web.FilterChainProxy$VirtualFilterChain.doFilter(FilterChainProxy.java:317)
	at org.springframework.security.web.access.intercept.FilterSecurityInterceptor.invoke(FilterSecurityInterceptor.java:127)
	at org.springframework.security.web.access.intercept.FilterSecurityInterceptor.doFilter(FilterSecurityInterceptor.java:91)
	at org.springframework.security.web.FilterChainProxy$VirtualFilterChain.doFilter(FilterChainProxy.java:331)
	at org.springframework.security.web.access.ExceptionTranslationFilter.doFilter(ExceptionTranslationFilter.java:114)
	at org.springframework.security.web.FilterChainProxy$VirtualFilterChain.doFilter(FilterChainProxy.java:331)
	at org.springframework.security.web.session.SessionManagementFilter.doFilter(SessionManagementFilter.java:137)
	at org.springframework.security.web.FilterChainProxy$VirtualFilterChain.doFilter(FilterChainProxy.java:331)
	at org.springframework.security.web.authentication.AnonymousAuthenticationFilter.doFilter(AnonymousAuthenticationFilter.java:111)
	at org.springframework.security.web.FilterChainProxy$VirtualFilterChain.doFilter(FilterChainProxy.java:331)
	at org.springframework.security.web.servletapi.SecurityContextHolderAwareRequestFilter.doFilter(SecurityContextHolderAwareRequestFilter.java:170)
	at org.springframework.security.web.FilterChainProxy$VirtualFilterChain.doFilter(FilterChainProxy.java:331)
	at org.springframework.security.web.savedrequest.RequestCacheAwareFilter.doFilter(RequestCacheAwareFilter.java:63)
	at org.springframework.security.web.FilterChainProxy$VirtualFilterChain.doFilter(FilterChainProxy.java:331)
	at org.springframework.security.web.authentication.www.BasicAuthenticationFilter.doFilterInternal(BasicAuthenticationFilter.java:158)
	at org.springframework.web.filter.OncePerRequestFilter.doFilter(OncePerRequestFilter.java:107)
	at org.springframework.security.web.FilterChainProxy$VirtualFilterChain.doFilter(FilterChainProxy.java:331)
	at org.springframework.security.web.authentication.AbstractAuthenticationProcessingFilter.doFilter(AbstractAuthenticationProcessingFilter.java:200)
	at org.springframework.security.web.FilterChainProxy$VirtualFilterChain.doFilter(FilterChainProxy.java:331)
	at org.springframework.security.web.authentication.logout.LogoutFilter.doFilter(LogoutFilter.java:116)
	at org.springframework.security.web.FilterChainProxy$VirtualFilterChain.doFilter(FilterChainProxy.java:331)
	at org.springframework.security.web.header.HeaderWriterFilter.doFilterInternal(HeaderWriterFilter.java:64)
	at org.springframework.web.filter.OncePerRequestFilter.doFilter(OncePerRequestFilter.java:107)
	at org.springframework.security.web.FilterChainProxy$VirtualFilterChain.doFilter(FilterChainProxy.java:331)
	at org.springframework.security.web.context.request.async.WebAsyncManagerIntegrationFilter.doFilterInternal(WebAsyncManagerIntegrationFilter.java:56)
	at org.springframework.web.filter.OncePerRequestFilter.doFilter(OncePerRequestFilter.java:107)
	at org.springframework.security.web.FilterChainProxy$VirtualFilterChain.doFilter(FilterChainProxy.java:331)
	at org.springframework.security.web.session.ConcurrentSessionFilter.doFilter(ConcurrentSessionFilter.java:155)
	at org.springframework.security.web.FilterChainProxy$VirtualFilterChain.doFilter(FilterChainProxy.java:331)
	at org.springframework.security.web.context.SecurityContextPersistenceFilter.doFilter(SecurityContextPersistenceFilter.java:105)
	at org.springframework.security.web.FilterChainProxy$VirtualFilterChain.doFilter(FilterChainProxy.java:331)
	at org.springframework.security.web.FilterChainProxy.doFilterInternal(FilterChainProxy.java:214)
	at org.springframework.security.web.FilterChainProxy.doFilter(FilterChainProxy.java:177)
	at org.springframework.web.filter.DelegatingFilterProxy.invokeDelegate(DelegatingFilterProxy.java:346)
	at org.springframework.web.filter.DelegatingFilterProxy.doFilter(DelegatingFilterProxy.java:262)
	at com.ibm.ws.webcontainer.filter.FilterInstanceWrapper.doFilter(FilterInstanceWrapper.java:207)
	at com.ibm.ws.webcontainer.filter.WebAppFilterChain.doFilter(WebAppFilterChain.java:91)
	at com.ibm.ws.webcontainer.filter.WebAppFilterManager.doFilter(WebAppFilterManager.java:1021)
	at com.ibm.ws.webcontainer.filter.WebAppFilterManager.invokeFilters(WebAppFilterManager.java:1143)
	at com.ibm.ws.webcontainer.webapp.WebApp.handleRequest(WebApp.java:4983)
	at com.ibm.ws.webcontainer.osgi.DynamicVirtualHost$2.handleRequest(DynamicVirtualHost.java:315)
	at com.ibm.ws.webcontainer.WebContainer.handleRequest(WebContainer.java:1025)
	at com.ibm.ws.webcontainer.osgi.DynamicVirtualHost$2.run(DynamicVirtualHost.java:280)
	at com.ibm.ws.http.dispatcher.internal.channel.HttpDispatcherLink$TaskWrapper.run(HttpDispatcherLink.java:967)
	at com.ibm.ws.http.dispatcher.internal.channel.HttpDispatcherLink.wrapHandlerAndExecute(HttpDispatcherLink.java:359)
	at com.ibm.ws.http.dispatcher.internal.channel.HttpDispatcherLink.ready(HttpDispatcherLink.java:318)
	at com.ibm.ws.http.channel.internal.inbound.HttpInboundLink.handleDiscrimination(HttpInboundLink.java:471)
	at com.ibm.ws.http.channel.internal.inbound.HttpInboundLink.handleNewRequest(HttpInboundLink.java:405)
	at com.ibm.ws.http.channel.internal.inbound.HttpInboundLink.processRequest(HttpInboundLink.java:285)
	at com.ibm.ws.http.channel.internal.inbound.HttpInboundLink.ready(HttpInboundLink.java:256)
	at com.ibm.ws.tcpchannel.internal.NewConnectionInitialReadCallback.sendToDiscriminators(NewConnectionInitialReadCallback.java:174)
	at com.ibm.ws.tcpchannel.internal.NewConnectionInitialReadCallback.complete(NewConnectionInitialReadCallback.java:83)
	at com.ibm.ws.tcpchannel.internal.WorkQueueManager.requestComplete(WorkQueueManager.java:504)
	at com.ibm.ws.tcpchannel.internal.WorkQueueManager.attemptIO(WorkQueueManager.java:574)
	at com.ibm.ws.tcpchannel.internal.WorkQueueManager.workerRun(WorkQueueManager.java:929)
	at com.ibm.ws.tcpchannel.internal.WorkQueueManager$Worker.run(WorkQueueManager.java:1018)
	at java.util.concurrent.ThreadPoolExecutor.runWorker(Unknown Source)
	at java.util.concurrent.ThreadPoolExecutor$Worker.run(Unknown Source)
	at java.lang.Thread.run(Unknown Source)
Caused by: org.springframework.beans.factory.UnsatisfiedDependencyException: Error creating bean with name 'apptStatisticsReportControllerHelper': Unsatisfied dependency expressed through field 'customerService'; nested exception is org.springframework.beans.factory.UnsatisfiedDependencyException: Error creating bean with name 'customerServiceImpl': Unsatisfied dependency expressed through field 'interfaceService'; nested exception is org.springframework.beans.factory.UnsatisfiedDependencyException: Error creating bean with name 'interfaceServiceImpl': Unsatisfied dependency expressed through field 'errorManagementService'; nested exception is org.springframework.beans.factory.UnsatisfiedDependencyException: Error creating bean with name 'errorManagementServiceImpl': Unsatisfied dependency expressed through field 'emailSender'; nested exception is org.springframework.beans.factory.UnsatisfiedDependencyException: Error creating bean with name 'emailSender': Unsatisfied dependency expressed through field 'mailSender'; nested exception is org.springframework.beans.factory.BeanCreationException: Error creating bean with name 'mailSender': Failed to introspect bean class [org.springframework.mail.javamail.JavaMailSenderImpl] for lookup method metadata: could not find class that it depends on; nested exception is java.lang.NoClassDefFoundError: javax/mail/AuthenticationFailedException
	at org.springframework.beans.factory.annotation.AutowiredAnnotationBeanPostProcessor$AutowiredFieldElement.inject(AutowiredAnnotationBeanPostProcessor.java:588)
	at org.springframework.beans.factory.annotation.InjectionMetadata.inject(InjectionMetadata.java:88)
	at org.springframework.beans.factory.annotation.AutowiredAnnotationBeanPostProcessor.postProcessPropertyValues(AutowiredAnnotationBeanPostProcessor.java:366)
	at org.springframework.beans.factory.support.AbstractAutowireCapableBeanFactory.populateBean(AbstractAutowireCapableBeanFactory.java:1264)
	at org.springframework.beans.factory.support.AbstractAutowireCapableBeanFactory.doCreateBean(AbstractAutowireCapableBeanFactory.java:553)
	at org.springframework.beans.factory.support.AbstractAutowireCapableBeanFactory.createBean(AbstractAutowireCapableBeanFactory.java:483)
	at org.springframework.beans.factory.support.AbstractBeanFactory$1.getObject(AbstractBeanFactory.java:306)
	at org.springframework.beans.factory.support.DefaultSingletonBeanRegistry.getSingleton(DefaultSingletonBeanRegistry.java:230)
	at org.springframework.beans.factory.support.AbstractBeanFactory.doGetBean(AbstractBeanFactory.java:302)
	at org.springframework.beans.factory.support.AbstractBeanFactory.getBean(AbstractBeanFactory.java:197)
	at org.springframework.beans.factory.support.DefaultListableBeanFactory.preInstantiateSingletons(DefaultListableBeanFactory.java:761)
	at org.springframework.context.support.AbstractApplicationContext.finishBeanFactoryInitialization(AbstractApplicationContext.java:867)
	at org.springframework.context.support.AbstractApplicationContext.refresh(AbstractApplicationContext.java:543)
	at org.springframework.web.servlet.FrameworkServlet.configureAndRefreshWebApplicationContext(FrameworkServlet.java:668)
	at org.springframework.web.servlet.FrameworkServlet.createWebApplicationContext(FrameworkServlet.java:634)
	at org.springframework.web.servlet.FrameworkServlet.createWebApplicationContext(FrameworkServlet.java:682)
	at org.springframework.web.servlet.FrameworkServlet.initWebApplicationContext(FrameworkServlet.java:553)
	at org.springframework.web.servlet.FrameworkServlet.initServletBean(FrameworkServlet.java:494)
	at org.springframework.web.servlet.HttpServletBean.init(HttpServletBean.java:171)
	at javax.servlet.GenericServlet.init(GenericServlet.java:161)
	at com.ibm.ws.webcontainer.servlet.ServletWrapper.init(ServletWrapper.java:332)
	... 72 more
Caused by: org.springframework.beans.factory.UnsatisfiedDependencyException: Error creating bean with name 'customerServiceImpl': Unsatisfied dependency expressed through field 'interfaceService'; nested exception is org.springframework.beans.factory.UnsatisfiedDependencyException: Error creating bean with name 'interfaceServiceImpl': Unsatisfied dependency expressed through field 'errorManagementService'; nested exception is org.springframework.beans.factory.UnsatisfiedDependencyException: Error creating bean with name 'errorManagementServiceImpl': Unsatisfied dependency expressed through field 'emailSender'; nested exception is org.springframework.beans.factory.UnsatisfiedDependencyException: Error creating bean with name 'emailSender': Unsatisfied dependency expressed through field 'mailSender'; nested exception is org.springframework.beans.factory.BeanCreationException: Error creating bean with name 'mailSender': Failed to introspect bean class [org.springframework.mail.javamail.JavaMailSenderImpl] for lookup method metadata: could not find class that it depends on; nested exception is java.lang.NoClassDefFoundError: javax/mail/AuthenticationFailedException
	at org.springframework.beans.factory.annotation.AutowiredAnnotationBeanPostProcessor$AutowiredFieldElement.inject(AutowiredAnnotationBeanPostProcessor.java:588)
	at org.springframework.beans.factory.annotation.InjectionMetadata.inject(InjectionMetadata.java:88)
	at org.springframework.beans.factory.annotation.AutowiredAnnotationBeanPostProcessor.postProcessPropertyValues(AutowiredAnnotationBeanPostProcessor.java:366)
	at org.springframework.beans.factory.support.AbstractAutowireCapableBeanFactory.populateBean(AbstractAutowireCapableBeanFactory.java:1264)
	at org.springframework.beans.factory.support.AbstractAutowireCapableBeanFactory.doCreateBean(AbstractAutowireCapableBeanFactory.java:553)
	at org.springframework.beans.factory.support.AbstractAutowireCapableBeanFactory.createBean(AbstractAutowireCapableBeanFactory.java:483)
	at org.springframework.beans.factory.support.AbstractBeanFactory$1.getObject(AbstractBeanFactory.java:306)
	at org.springframework.beans.factory.support.DefaultSingletonBeanRegistry.getSingleton(DefaultSingletonBeanRegistry.java:230)
	at org.springframework.beans.factory.support.AbstractBeanFactory.doGetBean(AbstractBeanFactory.java:302)
	at org.springframework.beans.factory.support.AbstractBeanFactory.getBean(AbstractBeanFactory.java:202)
	at org.springframework.beans.factory.config.DependencyDescriptor.resolveCandidate(DependencyDescriptor.java:208)
	at org.springframework.beans.factory.support.DefaultListableBeanFactory.doResolveDependency(DefaultListableBeanFactory.java:1138)
	at org.springframework.beans.factory.support.DefaultListableBeanFactory.resolveDependency(DefaultListableBeanFactory.java:1066)
	at org.springframework.beans.factory.annotation.AutowiredAnnotationBeanPostProcessor$AutowiredFieldElement.inject(AutowiredAnnotationBeanPostProcessor.java:585)
	... 92 more
Caused by: org.springframework.beans.factory.UnsatisfiedDependencyException: Error creating bean with name 'interfaceServiceImpl': Unsatisfied dependency expressed through field 'errorManagementService'; nested exception is org.springframework.beans.factory.UnsatisfiedDependencyException: Error creating bean with name 'errorManagementServiceImpl': Unsatisfied dependency expressed through field 'emailSender'; nested exception is org.springframework.beans.factory.UnsatisfiedDependencyException: Error creating bean with name 'emailSender': Unsatisfied dependency expressed through field 'mailSender'; nested exception is org.springframework.beans.factory.BeanCreationException: Error creating bean with name 'mailSender': Failed to introspect bean class [org.springframework.mail.javamail.JavaMailSenderImpl] for lookup method metadata: could not find class that it depends on; nested exception is java.lang.NoClassDefFoundError: javax/mail/AuthenticationFailedException
	at org.springframework.beans.factory.annotation.AutowiredAnnotationBeanPostProcessor$AutowiredFieldElement.inject(AutowiredAnnotationBeanPostProcessor.java:588)
	at org.springframework.beans.factory.annotation.InjectionMetadata.inject(InjectionMetadata.java:88)
	at org.springframework.beans.factory.annotation.AutowiredAnnotationBeanPostProcessor.postProcessPropertyValues(AutowiredAnnotationBeanPostProcessor.java:366)
	at org.springframework.beans.factory.support.AbstractAutowireCapableBeanFactory.populateBean(AbstractAutowireCapableBeanFactory.java:1264)
	at org.springframework.beans.factory.support.AbstractAutowireCapableBeanFactory.doCreateBean(AbstractAutowireCapableBeanFactory.java:553)
	at org.springframework.beans.factory.support.AbstractAutowireCapableBeanFactory.createBean(AbstractAutowireCapableBeanFactory.java:483)
	at org.springframework.beans.factory.support.AbstractBeanFactory$1.getObject(AbstractBeanFactory.java:306)
	at org.springframework.beans.factory.support.DefaultSingletonBeanRegistry.getSingleton(DefaultSingletonBeanRegistry.java:230)
	at org.springframework.beans.factory.support.AbstractBeanFactory.doGetBean(AbstractBeanFactory.java:302)
	at org.springframework.beans.factory.support.AbstractBeanFactory.getBean(AbstractBeanFactory.java:202)
	at org.springframework.beans.factory.config.DependencyDescriptor.resolveCandidate(DependencyDescriptor.java:208)
	at org.springframework.beans.factory.support.DefaultListableBeanFactory.doResolveDependency(DefaultListableBeanFactory.java:1138)
	at org.springframework.beans.factory.support.DefaultListableBeanFactory.resolveDependency(DefaultListableBeanFactory.java:1066)
	at org.springframework.beans.factory.annotation.AutowiredAnnotationBeanPostProcessor$AutowiredFieldElement.inject(AutowiredAnnotationBeanPostProcessor.java:585)
	... 105 more
Caused by: org.springframework.beans.factory.UnsatisfiedDependencyException: Error creating bean with name 'errorManagementServiceImpl': Unsatisfied dependency expressed through field 'emailSender'; nested exception is org.springframework.beans.factory.UnsatisfiedDependencyException: Error creating bean with name 'emailSender': Unsatisfied dependency expressed through field 'mailSender'; nested exception is org.springframework.beans.factory.BeanCreationException: Error creating bean with name 'mailSender': Failed to introspect bean class [org.springframework.mail.javamail.JavaMailSenderImpl] for lookup method metadata: could not find class that it depends on; nested exception is java.lang.NoClassDefFoundError: javax/mail/AuthenticationFailedException
	at org.springframework.beans.factory.annotation.AutowiredAnnotationBeanPostProcessor$AutowiredFieldElement.inject(AutowiredAnnotationBeanPostProcessor.java:588)
	at org.springframework.beans.factory.annotation.InjectionMetadata.inject(InjectionMetadata.java:88)
	at org.springframework.beans.factory.annotation.AutowiredAnnotationBeanPostProcessor.postProcessPropertyValues(AutowiredAnnotationBeanPostProcessor.java:366)
	at org.springframework.beans.factory.support.AbstractAutowireCapableBeanFactory.populateBean(AbstractAutowireCapableBeanFactory.java:1264)
	at org.springframework.beans.factory.support.AbstractAutowireCapableBeanFactory.doCreateBean(AbstractAutowireCapableBeanFactory.java:553)
	at org.springframework.beans.factory.support.AbstractAutowireCapableBeanFactory.createBean(AbstractAutowireCapableBeanFactory.java:483)
	at org.springframework.beans.factory.support.AbstractBeanFactory$1.getObject(AbstractBeanFactory.java:306)
	at org.springframework.beans.factory.support.DefaultSingletonBeanRegistry.getSingleton(DefaultSingletonBeanRegistry.java:230)
	at org.springframework.beans.factory.support.AbstractBeanFactory.doGetBean(AbstractBeanFactory.java:302)
	at org.springframework.beans.factory.support.AbstractBeanFactory.getBean(AbstractBeanFactory.java:202)
	at org.springframework.beans.factory.config.DependencyDescriptor.resolveCandidate(DependencyDescriptor.java:208)
	at org.springframework.beans.factory.support.DefaultListableBeanFactory.doResolveDependency(DefaultListableBeanFactory.java:1138)
	at org.springframework.beans.factory.support.DefaultListableBeanFactory.resolveDependency(DefaultListableBeanFactory.java:1066)
	at org.springframework.beans.factory.annotation.AutowiredAnnotationBeanPostProcessor$AutowiredFieldElement.inject(AutowiredAnnotationBeanPostProcessor.java:585)
	... 118 more
Caused by: org.springframework.beans.factory.UnsatisfiedDependencyException: Error creating bean with name 'emailSender': Unsatisfied dependency expressed through field 'mailSender'; nested exception is org.springframework.beans.factory.BeanCreationException: Error creating bean with name 'mailSender': Failed to introspect bean class [org.springframework.mail.javamail.JavaMailSenderImpl] for lookup method metadata: could not find class that it depends on; nested exception is java.lang.NoClassDefFoundError: javax/mail/AuthenticationFailedException
	at org.springframework.beans.factory.annotation.AutowiredAnnotationBeanPostProcessor$AutowiredFieldElement.inject(AutowiredAnnotationBeanPostProcessor.java:588)
	at org.springframework.beans.factory.annotation.InjectionMetadata.inject(InjectionMetadata.java:88)
	at org.springframework.beans.factory.annotation.AutowiredAnnotationBeanPostProcessor.postProcessPropertyValues(AutowiredAnnotationBeanPostProcessor.java:366)
	at org.springframework.beans.factory.support.AbstractAutowireCapableBeanFactory.populateBean(AbstractAutowireCapableBeanFactory.java:1264)
	at org.springframework.beans.factory.support.AbstractAutowireCapableBeanFactory.doCreateBean(AbstractAutowireCapableBeanFactory.java:553)
	at org.springframework.beans.factory.support.AbstractAutowireCapableBeanFactory.createBean(AbstractAutowireCapableBeanFactory.java:483)
	at org.springframework.beans.factory.support.AbstractBeanFactory$1.getObject(AbstractBeanFactory.java:306)
	at org.springframework.beans.factory.support.DefaultSingletonBeanRegistry.getSingleton(DefaultSingletonBeanRegistry.java:230)
	at org.springframework.beans.factory.support.AbstractBeanFactory.doGetBean(AbstractBeanFactory.java:302)
	at org.springframework.beans.factory.support.AbstractBeanFactory.getBean(AbstractBeanFactory.java:202)
	at org.springframework.beans.factory.config.DependencyDescriptor.resolveCandidate(DependencyDescriptor.java:208)
	at org.springframework.beans.factory.support.DefaultListableBeanFactory.doResolveDependency(DefaultListableBeanFactory.java:1138)
	at org.springframework.beans.factory.support.DefaultListableBeanFactory.resolveDependency(DefaultListableBeanFactory.java:1066)
	at org.springframework.beans.factory.annotation.AutowiredAnnotationBeanPostProcessor$AutowiredFieldElement.inject(AutowiredAnnotationBeanPostProcessor.java:585)
	... 131 more
Caused by: org.springframework.beans.factory.BeanCreationException: Error creating bean with name 'mailSender': Failed to introspect bean class [org.springframework.mail.javamail.JavaMailSenderImpl] for lookup method metadata: could not find class that it depends on; nested exception is java.lang.NoClassDefFoundError: javax/mail/AuthenticationFailedException
	at org.springframework.beans.factory.annotation.AutowiredAnnotationBeanPostProcessor.determineCandidateConstructors(AutowiredAnnotationBeanPostProcessor.java:269)
	at org.springframework.beans.factory.support.AbstractAutowireCapableBeanFactory.determineConstructorsFromBeanPostProcessors(AbstractAutowireCapableBeanFactory.java:1118)
	at org.springframework.beans.factory.support.AbstractAutowireCapableBeanFactory.createBeanInstance(AbstractAutowireCapableBeanFactory.java:1091)
	at org.springframework.beans.factory.support.AbstractAutowireCapableBeanFactory.doCreateBean(AbstractAutowireCapableBeanFactory.java:513)
	at org.springframework.beans.factory.support.AbstractAutowireCapableBeanFactory.createBean(AbstractAutowireCapableBeanFactory.java:483)
	at org.springframework.beans.factory.support.AbstractBeanFactory.doGetBean(AbstractBeanFactory.java:325)
	at org.springframework.beans.factory.support.AbstractBeanFactory.getBean(AbstractBeanFactory.java:202)
	at org.springframework.beans.factory.config.DependencyDescriptor.resolveCandidate(DependencyDescriptor.java:208)
	at org.springframework.beans.factory.support.DefaultListableBeanFactory.doResolveDependency(DefaultListableBeanFactory.java:1138)
	at org.springframework.beans.factory.support.DefaultListableBeanFactory.resolveDependency(DefaultListableBeanFactory.java:1066)
	at org.springframework.beans.factory.annotation.AutowiredAnnotationBeanPostProcessor$AutowiredFieldElement.inject(AutowiredAnnotationBeanPostProcessor.java:585)
	... 144 more
Caused by: java.lang.NoClassDefFoundError: javax/mail/AuthenticationFailedException
	at java.lang.Class.getDeclaredMethods0(Native Method)
	at java.lang.Class.privateGetDeclaredMethods(Unknown Source)
	at java.lang.Class.getDeclaredMethods(Unknown Source)
	at org.springframework.util.ReflectionUtils.getDeclaredMethods(ReflectionUtils.java:613)
	at org.springframework.util.ReflectionUtils.doWithMethods(ReflectionUtils.java:524)
	at org.springframework.util.ReflectionUtils.doWithMethods(ReflectionUtils.java:510)
	at org.springframework.beans.factory.annotation.AutowiredAnnotationBeanPostProcessor.determineCandidateConstructors(AutowiredAnnotationBeanPostProcessor.java:247)
	... 154 more
Caused by: java.lang.ClassNotFoundException: javax.mail.AuthenticationFailedException
	at java.net.URLClassLoader.findClass(Unknown Source)
	at java.lang.ClassLoader.loadClass(Unknown Source)
	at sun.misc.Launcher$AppClassLoader.loadClass(Unknown Source)
	at java.lang.ClassLoader.loadClass(Unknown Source)
	at java.lang.ClassLoader.findSystemClass(Unknown Source)
	at com.ibm.ws.classloading.internal.GatewayClassLoader.loadClass(GatewayClassLoader.java:179)
	at java.lang.ClassLoader.loadClass(Unknown Source)
	at com.ibm.ws.classloading.internal.ParentLastClassLoader.findOrDelegateLoadClass(ParentLastClassLoader.java:87)
	at com.ibm.ws.classloading.internal.AppClassLoader.loadClass(AppClassLoader.java:449)
	at com.ibm.ws.classloading.internal.ParentLastClassLoader.loadClass(ParentLastClassLoader.java:51)
	... 161 more

Dump of callerThis
Object type = com.ibm.ws.webcontainer.filter.FilterInstanceWrapper
  FILTER_STATE_UNINITIALIZED = 0
  FILTER_STATE_INITIALIZING = 1
  FILTER_STATE_AVAILABLE = 2
  FILTER_STATE_DESTROYING = 3
  FILTER_STATE_DESTROYED = 4
  FILTER_STATE_UNAVAILABLE = 5
  _filterName = "etagFilter"
  _filterInstance = class com.uscs.ewms.common.security.HttpCacheFilter@200bc4b
    HEADER_ETAG = "ETag"
    HEADER_IF_NONE_MATCH = "If-None-Match"
    HEADER_CACHE_CONTROL = "Cache-Control"
    DIRECTIVE_NO_STORE = "no-store"
    STREAMING_ATTRIBUTE = "org.springframework.web.filter.ShallowEtagHeaderFilter.STREAMING"
    servlet3Present = true
    writeWeakETag = false
    ALREADY_FILTERED_SUFFIX = ".FILTERED"
    logger = class org.apache.commons.logging.impl.Log4JLogger@37914250
      serialVersionUID = 5160705895411730424
      FQCN = "org.apache.commons.logging.impl.Log4JLogger"
      logger = class org.apache.log4j.Logger@1a34168b
      name = "com.uscs.ewms.common.security.HttpCacheFilter"
      traceLevel = class org.apache.log4j.Level@68d8cbed
      class$org$apache$commons$logging$impl$Log4JLogger = class java.lang.Class@346f08ed
      class$org$apache$log4j$Level = class java.lang.Class@4653a40
      class$org$apache$log4j$Priority = class java.lang.Class@636e30ce
    beanName = null
    environment = null
    servletContext = null
    filterConfig = class com.ibm.ws.webcontainer.filter.FilterConfig@1deb67b1
    requiredProperties = class java.util.HashSet@1435916b
      serialVersionUID = -5024744406713321676
      map = class java.util.HashMap@467b3cce
      PRESENT = class java.lang.Object@13a31a6a
      MAX_ARRAY_SIZE = 2147483639
  _filterState = 2
  nServicing = class java.util.concurrent.atomic.AtomicInteger@40088092
    serialVersionUID = 6214790243416807050
    unsafe = class sun.misc.Unsafe@6bd57595
      theUnsafe = class sun.misc.Unsafe@6bd57595
      INVALID_FIELD_OFFSET = -1
      ARRAY_BOOLEAN_BASE_OFFSET = 16
      ARRAY_BYTE_BASE_OFFSET = 16
      ARRAY_SHORT_BASE_OFFSET = 16
      ARRAY_CHAR_BASE_OFFSET = 16
      ARRAY_INT_BASE_OFFSET = 16
      ARRAY_LONG_BASE_OFFSET = 16
      ARRAY_FLOAT_BASE_OFFSET = 16
      ARRAY_DOUBLE_BASE_OFFSET = 16
      ARRAY_OBJECT_BASE_OFFSET = 16
      ARRAY_BOOLEAN_INDEX_SCALE = 1
      ARRAY_BYTE_INDEX_SCALE = 1
      ARRAY_SHORT_INDEX_SCALE = 2
      ARRAY_CHAR_INDEX_SCALE = 2
      ARRAY_INT_INDEX_SCALE = 4
      ARRAY_LONG_INDEX_SCALE = 8
      ARRAY_FLOAT_INDEX_SCALE = 4
      ARRAY_DOUBLE_INDEX_SCALE = 8
      ARRAY_OBJECT_INDEX_SCALE = 4
      ADDRESS_SIZE = 8
    valueOffset = 12
    value = 0
    serialVersionUID = -8742448824652078965
  logger = class com.ibm.ws.logging.internal.WsLogger@6c78690
    tc = class com.ibm.websphere.ras.TraceComponent@1d7931d6
      strings[0] = "TraceComponent[com.ibm.ws.logging.internal.WsLogger,class com.ibm.ws.logging.internal.WsLogger,[logging],com.ibm.ws.logging.internal.resources.LoggingMessages,null]"
    ivCachedResourceBundleName = null
    ivCachedResourceBundle = null
    ivComponent = null
    ivOrganization = null
    ivProduct = null
    ivMinimumLocalizationLevelIntValue = 625
    ivTC = class com.ibm.websphere.ras.TraceComponent@5f91b7a5
      strings[0] = "TraceComponent[com.ibm.ws.webcontainer.filter,class com.ibm.wsspi.webcontainer.logging.LoggerFactory$1,[com.ibm.ws.webcontainer.filter],null,null]"
    loggerRegistrationComponent = class java.lang.ThreadLocal@489121ac
      threadLocalHashCode = 1675452296
      nextHashCode = class java.util.concurrent.atomic.AtomicInteger@380efeb9
      HASH_INCREMENT = 1640531527
    emptyHandlers = class java.util.logging.Handler[0]
    offValue = 2147483647
    SYSTEM_LOGGER_RB_NAME = "sun.util.logging.resources.logging"
    SYSTEM_BUNDLE = class java.util.logging.Logger$LoggerBundle@1c620a18
      resourceBundleName = "sun.util.logging.resources.logging"
      userBundle = null
    NO_RESOURCE_BUNDLE = class java.util.logging.Logger$LoggerBundle@12c51333
      resourceBundleName = null
      userBundle = null
    manager = class com.ibm.ws.kernel.boot.logging.WsLogManager@3f4754db
      CLASS_NAME = "com.ibm.ws.kernel.boot.logging.WsLogManager"
      CONFIGURE_BY_SERVER_PROPERTY_NAME = "java.util.logging.configureByServer"
      CONFIGURE_BY_LOGGING_PROPERTIES_FILE = "java.util.logging.configureByLoggingPropertiesFile"
      configureByServer = true
      configureByLoggingProperties = false
      wsLogger = class java.lang.reflect.Constructor@4c3f029
      resetEnabled = true
      manager = class com.ibm.ws.kernel.boot.logging.WsLogManager@3f4754db
      props = class java.util.Properties@185cef88
      defaultLevel = class java.util.logging.Level@6bc5c59a
      listenerMap = class java.util.HashMap@1d8cd277
      systemContext = class java.util.logging.LogManager$SystemLoggerContext@7248d9ac
      userContext = class java.util.logging.LogManager$LoggerContext@69913d74
      rootLogger = class java.util.logging.LogManager$RootLogger@64716b49
      readPrimordialConfiguration = true
      initializedGlobalHandlers = true
      deathImminent = false
      initializedCalled = true
      initializationDone = true
      contextsMap = null
      loggerRefQueue = class java.lang.ref.ReferenceQueue@16cebf61
      MAX_ITERATIONS = 400
      controlPermission = class java.util.logging.LoggingPermission@6daac8a5
      loggingMXBean = null
      LOGGING_MXBEAN_NAME = "java.util.logging:type=Logging"
      $assertionsDisabled = true
    name = "com.ibm.ws.webcontainer.filter"
    handlers = class java.util.concurrent.CopyOnWriteArrayList@7ba65c5f
      serialVersionUID = 8673264195747942595
      lock = class java.util.concurrent.locks.ReentrantLock@41edd057
      array = class java.lang.Object[0]
      UNSAFE = class sun.misc.Unsafe@6bd57595
      lockOffset = 12
    loggerBundle = class java.util.logging.Logger$LoggerBundle@48fb380b
      resourceBundleName = "com.ibm.ws.webcontainer.resources.Messages"
      userBundle = null
    useParentHandlers = true
    filter = null
    anonymous = false
    catalog = class com.ibm.ws.webcontainer.resources.Messages@7cc9f8a5
      resources = class [Ljava.lang.Object;[332]
      lookup = class java.util.HashMap@3fa121e3
      INITIAL_CACHE_SIZE = 32
      NONEXISTENT_BUNDLE = class java.util.ResourceBundle$1@3fdeed19
      cacheList = class java.util.concurrent.ConcurrentHashMap@a0d0739
      referenceQueue = class java.lang.ref.ReferenceQueue@7685f6f8
      parent = null
      locale = class java.util.Locale@636173f3
      name = "com.ibm.ws.webcontainer.resources.Messages"
      expired = false
      cacheKey = class java.util.ResourceBundle$CacheKey@70ddb60c
      keySet = null
      providers = null
      $assertionsDisabled = true
    catalogName = "com.ibm.ws.webcontainer.resources.Messages"
    catalogLocale = class java.util.Locale@4da6d46c
      LOCALECACHE = class java.util.Locale$Cache@f1459be
      ENGLISH = class java.util.Locale@518e540b
      FRENCH = class java.util.Locale@43b8a506
      GERMAN = class java.util.Locale@5225fc92
      ITALIAN = class java.util.Locale@7f5196c1
      JAPANESE = class java.util.Locale@5c5cbb2c
      KOREAN = class java.util.Locale@5acab534
      CHINESE = class java.util.Locale@27f61393
      SIMPLIFIED_CHINESE = class java.util.Locale@54e27e32
      TRADITIONAL_CHINESE = class java.util.Locale@6dde2a59
      FRANCE = class java.util.Locale@62b241c3
      GERMANY = class java.util.Locale@75cfbc8d
      ITALY = class java.util.Locale@329b5fe8
      JAPAN = class java.util.Locale@2e0b2700
      KOREA = class java.util.Locale@5ec7d75b
      CHINA = class java.util.Locale@54e27e32
      PRC = class java.util.Locale@54e27e32
      TAIWAN = class java.util.Locale@6dde2a59
      UK = class java.util.Locale@566433da
      US = class java.util.Locale@4da6d46c
      CANADA = class java.util.Locale@3e6842e1
      CANADA_FRENCH = class java.util.Locale@49ac510b
      ROOT = class java.util.Locale@636173f3
      PRIVATE_USE_EXTENSION = x
      UNICODE_LOCALE_EXTENSION = u
      serialVersionUID = 9149081749638150636
      DISPLAY_LANGUAGE = 0
      DISPLAY_COUNTRY = 1
      DISPLAY_VARIANT = 2
      DISPLAY_SCRIPT = 3
      baseLocale = class sun.util.locale.BaseLocale@5ebc2675
      localeExtensions = null
      hashCodeValue = 96636889
      defaultLocale = class java.util.Locale@4da6d46c
      defaultDisplayLocale = null
      defaultFormatLocale = class java.util.Locale@4da6d46c
      languageTag = "en-US"
      serialPersistentFields = class java.io.ObjectStreamField[6]
      isoLanguages = null
      isoCountries = null
      $assertionsDisabled = true
    treeLock = class java.lang.Object@67e0df78
    parent = class com.ibm.ws.logging.internal.WsLogger@365bb85a
      tc = class com.ibm.websphere.ras.TraceComponent@1d7931d6
      ivCachedResourceBundleName = "com.ibm.ws.webcontainer.resources.Messages"
      ivCachedResourceBundle = class com.ibm.ws.webcontainer.resources.Messages@4842a033
      ivComponent = null
      ivOrganization = null
      ivProduct = null
      ivMinimumLocalizationLevelIntValue = 625
      ivTC = class com.ibm.websphere.ras.TraceComponent@6d0f53f9
      loggerRegistrationComponent = class java.lang.ThreadLocal@489121ac
      emptyHandlers = class java.util.logging.Handler[0]
      offValue = 2147483647
      SYSTEM_LOGGER_RB_NAME = "sun.util.logging.resources.logging"
      SYSTEM_BUNDLE = class java.util.logging.Logger$LoggerBundle@1c620a18
      NO_RESOURCE_BUNDLE = class java.util.logging.Logger$LoggerBundle@12c51333
      manager = class com.ibm.ws.kernel.boot.logging.WsLogManager@3f4754db
      name = "com.ibm.ws.webcontainer"
      handlers = class java.util.concurrent.CopyOnWriteArrayList@70341c75
      loggerBundle = class java.util.logging.Logger$LoggerBundle@6b296
      useParentHandlers = true
      filter = null
      anonymous = false
      catalog = class com.ibm.ws.webcontainer.resources.Messages@4842a033
      catalogName = "com.ibm.ws.webcontainer.resources.Messages"
      catalogLocale = class java.util.Locale@4da6d46c
      treeLock = class java.lang.Object@67e0df78
      parent = class java.util.logging.Logger@674d4ec5
      kids = class java.util.ArrayList@28eb71d7
      levelObject = class java.util.logging.Level@6bc5c59a
      levelValue = 800
      callersClassLoaderRef = class java.lang.ref.WeakReference@78ec170b
      isSystemLogger = false
      GLOBAL_LOGGER_NAME = "global"
      global = class java.util.logging.Logger@71c16f5a
      $assertionsDisabled = true
    kids = null
    levelObject = class java.util.logging.Level@6bc5c59a
      defaultBundle = "sun.util.logging.resources.logging"
      name = "INFO"
      value = 800
      resourceBundleName = "sun.util.logging.resources.logging"
      localizedLevelName = "INFO"
      cachedLocale = class java.util.Locale@4da6d46c
      OFF = class java.util.logging.Level@b7d4a1b
      SEVERE = class java.util.logging.Level@741d4d5d
      WARNING = class java.util.logging.Level@66854001
      INFO = class java.util.logging.Level@6bc5c59a
      CONFIG = class java.util.logging.Level@7c3aa6c6
      FINE = class java.util.logging.Level@1d7616c8
      FINER = class java.util.logging.Level@39fc79e
      FINEST = class java.util.logging.Level@4fd61aa4
      ALL = class java.util.logging.Level@6673890e
      serialVersionUID = -8176160795706313070
    levelValue = 800
    callersClassLoaderRef = class java.lang.ref.WeakReference@72b2d482
      referent = class org.eclipse.osgi.internal.loader.EquinoxClassLoader@5d3882d7
      queue = class java.lang.ref.ReferenceQueue$Null@4d4b9882
      next = null
      discovered = null
      lock = class java.lang.ref.Reference$Lock@40fddc88
      pending = null
    isSystemLogger = false
    GLOBAL_LOGGER_NAME = "global"
    global = class java.util.logging.Logger@71c16f5a
      emptyHandlers = class java.util.logging.Handler[0]
      offValue = 2147483647
      SYSTEM_LOGGER_RB_NAME = "sun.util.logging.resources.logging"
      SYSTEM_BUNDLE = class java.util.logging.Logger$LoggerBundle@1c620a18
      NO_RESOURCE_BUNDLE = class java.util.logging.Logger$LoggerBundle@12c51333
      manager = class com.ibm.ws.kernel.boot.logging.WsLogManager@3f4754db
      name = "global"
      handlers = class java.util.concurrent.CopyOnWriteArrayList@4d49038f
      loggerBundle = class java.util.logging.Logger$LoggerBundle@12c51333
      useParentHandlers = true
      filter = null
      anonymous = false
      catalog = null
      catalogName = null
      catalogLocale = null
      treeLock = class java.lang.Object@67e0df78
      parent = class java.util.logging.LogManager$RootLogger@64716b49
      kids = null
      levelObject = null
      levelValue = 800
      callersClassLoaderRef = null
      isSystemLogger = true
      GLOBAL_LOGGER_NAME = "global"
      global = class java.util.logging.Logger@71c16f5a
      $assertionsDisabled = true
    $assertionsDisabled = true
  CLASS_NAME = "com.ibm.ws.webcontainer.filter.FilterInstanceWrapper"
  _filterEvent = null
  _filterConfig = class com.ibm.ws.webcontainer.filter.FilterConfig@1deb67b1
    tc = class com.ibm.websphere.ras.TraceComponent@69572e32
      strings[0] = "TraceComponent[com.ibm.ws.webcontainer.filter.FilterConfig,class com.ibm.ws.webcontainer.filter.FilterConfig,[webcontainer],com.ibm.ws.webcontainer.resources.LShimMessages,null]"
    dispatchMode = null
    filterClassLoader = null
    isInternal = false
    webAppConfig = class com.ibm.ws.webcontainer.osgi.webapp.WebAppConfiguration@4ac0a30d
      webModuleMetaData = class com.ibm.ws.webcontainer.osgi.metadata.WebModuleMetaDataImpl@20d14b05
      webComponentMetaData = class com.ibm.ws.webcontainer.osgi.metadata.WebComponentMetaDataImpl@2972a87a
      dVirtualHost = class com.ibm.ws.webcontainer.osgi.DynamicVirtualHost@77f2b59
      orderedLibPaths = class java.util.Collections$UnmodifiableRandomAccessList@6320281e
      bundleHeaders = null
      cdiEnabled = false
      CLASS_NAME = "com.ibm.ws.webcontainer.webapp.WebAppConfiguration"
      logger = class com.ibm.ws.logging.internal.WsLogger@6516bb3a
      tc = class com.ibm.websphere.ras.TraceComponent@675c2b27
      nls = class com.ibm.ejs.ras.TraceNLS@1642acaf
      version = 30
      contextRoot = "/web"
      sessionTimeout = 120
      moduleSessionTimeoutSet = true
      moduleSessionTrackingModeSet = false
      sessionCookieConfig = class com.ibm.ws.session.SessionCookieConfigImpl@4ce7913e
      hasProgrammaticCookieConfig = false
      sessionDefaultTrackingModeSet = class java.util.RegularEnumSet@4455f32f
      sessionManagerConfig = class com.ibm.ws.session.SessionManagerConfig@b20d5e1
      displayName = "USCS.eWMS"
      description = null
      reloadInterval = 0
      distributable = true
      denyUncoveredHttpMethods = false
      reloadingEnabled = false
      serveServletsByClassnameEnabled = false
      defaultErrorPage = null
      additionalClassPath = null
      fileServingEnabled = null
      directoryBrowsingEnabled = false
      autoRequestEncoding = false
      autoResponseEncoding = false
      autoLoadFilters = false
      requestListeners = null
      requestAttributeListeners = null
      sessionListeners = null
      localeMap = null
      moduleName = "web"
      j2eeModuleName = "web.war"
      moduleId = null
      isSyncToThreadEnabled = false
      encodeDispatchedRequestURI = false
      isSystemApp = false
      ardEnabled = false
      ardDispatchType = null
      listeners = class java.util.ArrayList@78d8b2a7
      welcomeFileList = class java.util.ArrayList@7b7c5ec7
      servletMappings = class java.util.HashMap@b625ef7
      lastIndexBeforeDeclaredFilters = 0
      filterMappings = class java.util.ArrayList@6045183f
      servletInfo = class java.util.HashMap@5d35c31a
      filterInfo = class java.util.HashMap@4426341d
      mimeMappings = class java.util.HashMap@5daa4f88
      mimeFilters = null
      isMimeFilteringEnabled = false
      theWebGroup = null
      jspAttributes = class java.util.HashMap@15e620e2
      fileServingAttributes = class java.util.HashMap@66b80c57
      invokerAttributes = class java.util.HashMap@134b4a41
      contextParams = class java.util.HashMap@1c9281af
      virtualHost = "default_host"
      exceptionErrorPages = class java.util.HashMap@38d743ef
      codeErrorPages = class java.util.HashMap@1e2b2a16
      tagLibList = null
      precompileJsps = false
      webApp = class com.ibm.ws.webcontainer.osgi.webapp.WebApp@6bce8d56
      virtualHostList = class java.util.Collections$EmptyList@57fb72d0
      appStartupWeight = 0
      moduleStartupWeight = 0
      metaDataComplete = false
      classesToScan = class java.util.ArrayList@5f6c0e79
      uriFilterMappingInfos = class java.util.ArrayList@32ffefea
      servletFilterMappingInfos = null
      dynamicServletRegistrationMap = null
      applicationName = "web"
      libBinPathList = null
      webXmlDefinedListeners = class java.util.HashSet@5d26e640
      allRefs = class java.util.EnumMap@1a1a0c68
      allRefBindings = class java.util.EnumMap@167b9009
      envEntryValues = class java.util.HashMap@29db4b79
      resourceRefConfigList = null
      disallowAllFileServingProp = "false"
      disallowServeServletsByClassnameProp = "true"
      disableStaticMappingCache = false
      jspCachedLocations = class java.util.HashMap@43a5ace4
      primedSTSHeader = "NoValue"
      enablemultireadofpostdata = false
      _id = "WebAppGeneratedId1"
      _attributes = null
      serialVersionUID = 7511545662945734886
      $$$tc$$$ = class com.ibm.websphere.ras.TraceComponent@4f8db51d
    filter = null
    filterClass = null
    urlPatternMappings = class java.util.ArrayList@6ddc6a6c
      serialVersionUID = 8683452581122892189
      DEFAULT_CAPACITY = 10
      EMPTY_ELEMENTDATA = class java.lang.Object[0]
      DEFAULTCAPACITY_EMPTY_ELEMENTDATA = class java.lang.Object[0]
      elementData = class java.lang.Object[10]
      size = 1
      MAX_ARRAY_SIZE = 2147483639
      modCount = 1
      MAX_ARRAY_SIZE = 2147483639
    servletNameMappings = null
    nls = class com.ibm.ejs.ras.TraceNLS@6b86e2a9
      resolver = class com.ibm.ws.logging.internal.TraceNLSResolver@5f9f7f89
      finder = class com.ibm.ws.logging.internal.StackFinder@1426aff9
      ivBundleName = "com.ibm.ws.webcontainer.resources.Messages"
      caller = class java.lang.Class@79df6aa3
    logger = class com.ibm.ws.logging.internal.WsLogger@68a30aeb
      tc = class com.ibm.websphere.ras.TraceComponent@1d7931d6
      ivCachedResourceBundleName = "com.ibm.ws.webcontainer.resources.Messages"
      ivCachedResourceBundle = class com.ibm.ws.webcontainer.resources.Messages@4842a033
      ivComponent = null
      ivOrganization = null
      ivProduct = null
      ivMinimumLocalizationLevelIntValue = 625
      ivTC = class com.ibm.websphere.ras.TraceComponent@70fc4aa
      loggerRegistrationComponent = class java.lang.ThreadLocal@489121ac
      emptyHandlers = class java.util.logging.Handler[0]
      offValue = 2147483647
      SYSTEM_LOGGER_RB_NAME = "sun.util.logging.resources.logging"
      SYSTEM_BUNDLE = class java.util.logging.Logger$LoggerBundle@1c620a18
      NO_RESOURCE_BUNDLE = class java.util.logging.Logger$LoggerBundle@12c51333
      manager = class com.ibm.ws.kernel.boot.logging.WsLogManager@3f4754db
      name = "com.ibm.ws.webcontainer.servlet"
      handlers = class java.util.concurrent.CopyOnWriteArrayList@7e1a8ede
      loggerBundle = class java.util.logging.Logger$LoggerBundle@722469cf
      useParentHandlers = true
      filter = null
      anonymous = false
      catalog = class com.ibm.ws.webcontainer.resources.Messages@4842a033
      catalogName = "com.ibm.ws.webcontainer.resources.Messages"
      catalogLocale = class java.util.Locale@4da6d46c
      treeLock = class java.lang.Object@67e0df78
      parent = class com.ibm.ws.logging.internal.WsLogger@365bb85a
      kids = null
      levelObject = class java.util.logging.Level@6bc5c59a
      levelValue = 800
      callersClassLoaderRef = class java.lang.ref.WeakReference@103b693a
      isSystemLogger = false
      GLOBAL_LOGGER_NAME = "global"
      global = class java.util.logging.Logger@71c16f5a
      $assertionsDisabled = true
    CLASS_NAME = "com.ibm.ws.webcontainer.servlet.TargetConfig"
    initParams = null
    fileName = null
    displayName = "FilterGeneratedId4"
    name = "etagFilter"
    description = null
    smallIcon = null
    largeIcon = null
    context = class com.ibm.wsspi.webcontainer.facade.ServletContextFacade@6e67a998
      context = class com.ibm.ws.webcontainer.osgi.webapp.WebApp@6bce8d56
    className = "com.uscs.ewms.common.security.HttpCacheFilter"
    asyncSupported = false
    _id = "FilterGeneratedId4"
    _attributes = null
    serialVersionUID = 7511545662945734886
    $$$tc$$$ = class com.ibm.websphere.ras.TraceComponent@4f8db51d
      strings[0] = "TraceComponent[com.ibm.ws.container.BaseConfiguration,class com.ibm.ws.container.BaseConfiguration,[],null,null]"
  _eventSource = class com.ibm.ws.webcontainer.webapp.WebAppEventSource@16cbc256
    _invocationListeners = class com.ibm.ws.webcontainer.util.EventListeners@5f6cc8fe
      EMPTY_LISTENERS = interface java.util.EventListener[0]
      logger = class com.ibm.ws.logging.internal.WsLogger@28a6d29d
      CLASS_NAME = "com.ibm.ws.webcontainer.util.EventListeners"
      listeners = interface java.util.EventListener[0]
    _servletListeners = class com.ibm.ws.webcontainer.util.EventListeners@5ec7bb45
      EMPTY_LISTENERS = interface java.util.EventListener[0]
      logger = class com.ibm.ws.logging.internal.WsLogger@28a6d29d
      CLASS_NAME = "com.ibm.ws.webcontainer.util.EventListeners"
      listeners = interface java.util.EventListener[0]
    _errorListeners = class com.ibm.ws.webcontainer.util.EventListeners@6349eea9
      EMPTY_LISTENERS = interface java.util.EventListener[0]
      logger = class com.ibm.ws.logging.internal.WsLogger@28a6d29d
      CLASS_NAME = "com.ibm.ws.webcontainer.util.EventListeners"
      listeners = interface java.util.EventListener[0]
    _applicationListeners = class com.ibm.ws.webcontainer.util.EventListeners@5f00c221
      EMPTY_LISTENERS = interface java.util.EventListener[0]
      logger = class com.ibm.ws.logging.internal.WsLogger@28a6d29d
      CLASS_NAME = "com.ibm.ws.webcontainer.util.EventListeners"
      listeners = interface java.util.EventListener[0]
    _filterInvocationListeners = class com.ibm.ws.webcontainer.util.EventListeners@6692da07
      EMPTY_LISTENERS = interface java.util.EventListener[0]
      logger = class com.ibm.ws.logging.internal.WsLogger@28a6d29d
      CLASS_NAME = "com.ibm.ws.webcontainer.util.EventListeners"
      listeners = interface java.util.EventListener[0]
    _filterListeners = class com.ibm.ws.webcontainer.util.EventListeners@5ec4803
      EMPTY_LISTENERS = interface java.util.EventListener[0]
      logger = class com.ibm.ws.logging.internal.WsLogger@28a6d29d
      CLASS_NAME = "com.ibm.ws.webcontainer.util.EventListeners"
      listeners = interface java.util.EventListener[0]
    _filterErrorListeners = class com.ibm.ws.webcontainer.util.EventListeners@297cc2b1
      EMPTY_LISTENERS = interface java.util.EventListener[0]
      logger = class com.ibm.ws.logging.internal.WsLogger@28a6d29d
      CLASS_NAME = "com.ibm.ws.webcontainer.util.EventListeners"
      listeners = interface java.util.EventListener[0]
  _managedObject = class com.ibm.ws.managedobject.internal.ManagedObjectImpl@322b7333
    object = "<sensitive com.uscs.ewms.common.security.HttpCacheFilter@200bc4b>"
    serialVersionUID = -5603642874755101089
    $$$tc$$$ = class com.ibm.websphere.ras.TraceComponent@177c1923
      strings[0] = "TraceComponent[com.ibm.ws.managedobject.internal.ManagedObjectImpl,class com.ibm.ws.managedobject.internal.ManagedObjectImpl,[],null,null]"

